loading data
# classes: 2
# maximum node tag: 19
# data: 344
loss training: 4.148581
accuracy train: 0.564935 test: 0.527778

Parameter containing:
tensor([0., 0., 0., 0.], device='cuda:0', requires_grad=True)
loss training: 2.072426
accuracy train: 0.519481 test: 0.583333

Parameter containing:
tensor([0., 0., 0., 0.], device='cuda:0', requires_grad=True)
loss training: 1.611600
accuracy train: 0.555195 test: 0.638889

Parameter containing:
tensor([0., 0., 0., 0.], device='cuda:0', requires_grad=True)
loss training: 1.490630
accuracy train: 0.646104 test: 0.638889

Parameter containing:
tensor([0., 0., 0., 0.], device='cuda:0', requires_grad=True)
loss training: 1.042874
accuracy train: 0.633117 test: 0.694444

Parameter containing:
tensor([0., 0., 0., 0.], device='cuda:0', requires_grad=True)
loss training: 0.819552
accuracy train: 0.607143 test: 0.555556

Parameter containing:
tensor([0., 0., 0., 0.], device='cuda:0', requires_grad=True)
loss training: 0.872704
accuracy train: 0.587662 test: 0.527778

Parameter containing:
tensor([0., 0., 0., 0.], device='cuda:0', requires_grad=True)
loss training: 0.868246
accuracy train: 0.642857 test: 0.750000

Parameter containing:
tensor([0., 0., 0., 0.], device='cuda:0', requires_grad=True)
loss training: 0.977185
accuracy train: 0.603896 test: 0.555556

Parameter containing:
tensor([0., 0., 0., 0.], device='cuda:0', requires_grad=True)
loss training: 0.816775
accuracy train: 0.691558 test: 0.583333

Parameter containing:
tensor([0., 0., 0., 0.], device='cuda:0', requires_grad=True)
loss training: 0.709357
accuracy train: 0.655844 test: 0.500000

Parameter containing:
tensor([0., 0., 0., 0.], device='cuda:0', requires_grad=True)
loss training: 0.734960
accuracy train: 0.652597 test: 0.527778

Parameter containing:
tensor([0., 0., 0., 0.], device='cuda:0', requires_grad=True)
loss training: 0.794582
accuracy train: 0.642857 test: 0.611111

Parameter containing:
tensor([0., 0., 0., 0.], device='cuda:0', requires_grad=True)
loss training: 0.727550
accuracy train: 0.662338 test: 0.500000

Parameter containing:
tensor([0., 0., 0., 0.], device='cuda:0', requires_grad=True)
loss training: 0.669872
accuracy train: 0.629870 test: 0.527778

Parameter containing:
tensor([0., 0., 0., 0.], device='cuda:0', requires_grad=True)
loss training: 0.731889
accuracy train: 0.633117 test: 0.527778

Parameter containing:
tensor([0., 0., 0., 0.], device='cuda:0', requires_grad=True)
loss training: 0.719201
accuracy train: 0.623377 test: 0.583333

Parameter containing:
tensor([0., 0., 0., 0.], device='cuda:0', requires_grad=True)
loss training: 0.695281
accuracy train: 0.646104 test: 0.666667

Parameter containing:
tensor([0., 0., 0., 0.], device='cuda:0', requires_grad=True)
loss training: 0.667841
accuracy train: 0.646104 test: 0.583333

Parameter containing:
tensor([0., 0., 0., 0.], device='cuda:0', requires_grad=True)
loss training: 0.675306
accuracy train: 0.629870 test: 0.416667

Parameter containing:
tensor([0., 0., 0., 0.], device='cuda:0', requires_grad=True)
loss training: 0.653482
accuracy train: 0.691558 test: 0.555556

Parameter containing:
tensor([0., 0., 0., 0.], device='cuda:0', requires_grad=True)
loss training: 0.658374
accuracy train: 0.668831 test: 0.527778

Parameter containing:
tensor([0., 0., 0., 0.], device='cuda:0', requires_grad=True)
loss training: 0.613058
accuracy train: 0.707792 test: 0.527778

Parameter containing:
tensor([0., 0., 0., 0.], device='cuda:0', requires_grad=True)
loss training: 0.633935
accuracy train: 0.655844 test: 0.583333

Parameter containing:
tensor([0., 0., 0., 0.], device='cuda:0', requires_grad=True)
loss training: 0.627554
accuracy train: 0.646104 test: 0.444444

Parameter containing:
tensor([0., 0., 0., 0.], device='cuda:0', requires_grad=True)
loss training: 0.608166
accuracy train: 0.701299 test: 0.583333

Parameter containing:
tensor([0., 0., 0., 0.], device='cuda:0', requires_grad=True)
loss training: 0.616440
accuracy train: 0.675325 test: 0.555556

Parameter containing:
tensor([0., 0., 0., 0.], device='cuda:0', requires_grad=True)
loss training: 0.611914
accuracy train: 0.649351 test: 0.500000

Parameter containing:
tensor([0., 0., 0., 0.], device='cuda:0', requires_grad=True)
loss training: 0.629655
accuracy train: 0.629870 test: 0.555556

Parameter containing:
tensor([0., 0., 0., 0.], device='cuda:0', requires_grad=True)
loss training: 0.628117
accuracy train: 0.691558 test: 0.527778

Parameter containing:
tensor([0., 0., 0., 0.], device='cuda:0', requires_grad=True)
loss training: 0.601375
accuracy train: 0.672078 test: 0.527778

Parameter containing:
tensor([0., 0., 0., 0.], device='cuda:0', requires_grad=True)
loss training: 0.608022
accuracy train: 0.668831 test: 0.611111

Parameter containing:
tensor([0., 0., 0., 0.], device='cuda:0', requires_grad=True)
loss training: 0.587846
accuracy train: 0.694805 test: 0.583333

Parameter containing:
tensor([0., 0., 0., 0.], device='cuda:0', requires_grad=True)
loss training: 0.610926
accuracy train: 0.642857 test: 0.555556

Parameter containing:
tensor([0., 0., 0., 0.], device='cuda:0', requires_grad=True)
loss training: 0.626352
accuracy train: 0.652597 test: 0.555556

Parameter containing:
tensor([0., 0., 0., 0.], device='cuda:0', requires_grad=True)
loss training: 0.573808
accuracy train: 0.691558 test: 0.555556

Parameter containing:
tensor([0., 0., 0., 0.], device='cuda:0', requires_grad=True)
loss training: 0.587435
accuracy train: 0.646104 test: 0.583333

Parameter containing:
tensor([0., 0., 0., 0.], device='cuda:0', requires_grad=True)
loss training: 0.592602
accuracy train: 0.665584 test: 0.638889

Parameter containing:
tensor([0., 0., 0., 0.], device='cuda:0', requires_grad=True)
loss training: 0.579473
accuracy train: 0.681818 test: 0.583333

Parameter containing:
tensor([0., 0., 0., 0.], device='cuda:0', requires_grad=True)
loss training: 0.575078
accuracy train: 0.678571 test: 0.555556

Parameter containing:
tensor([0., 0., 0., 0.], device='cuda:0', requires_grad=True)
loss training: 0.557749
accuracy train: 0.691558 test: 0.583333

Parameter containing:
tensor([0., 0., 0., 0.], device='cuda:0', requires_grad=True)
loss training: 0.567744
accuracy train: 0.672078 test: 0.638889

Parameter containing:
tensor([0., 0., 0., 0.], device='cuda:0', requires_grad=True)
loss training: 0.583431
accuracy train: 0.698052 test: 0.527778

Parameter containing:
tensor([0., 0., 0., 0.], device='cuda:0', requires_grad=True)
loss training: 0.576602
accuracy train: 0.688312 test: 0.472222

Parameter containing:
tensor([0., 0., 0., 0.], device='cuda:0', requires_grad=True)
loss training: 0.573490
accuracy train: 0.691558 test: 0.527778

Parameter containing:
tensor([0., 0., 0., 0.], device='cuda:0', requires_grad=True)
loss training: 0.577800
accuracy train: 0.672078 test: 0.555556

Parameter containing:
tensor([0., 0., 0., 0.], device='cuda:0', requires_grad=True)
loss training: 0.575691
accuracy train: 0.620130 test: 0.527778

Parameter containing:
tensor([0., 0., 0., 0.], device='cuda:0', requires_grad=True)
loss training: 0.565255
accuracy train: 0.704545 test: 0.583333

Parameter containing:
tensor([0., 0., 0., 0.], device='cuda:0', requires_grad=True)
loss training: 0.597365
accuracy train: 0.672078 test: 0.583333

Parameter containing:
tensor([0., 0., 0., 0.], device='cuda:0', requires_grad=True)
loss training: 0.556322
accuracy train: 0.707792 test: 0.555556

Parameter containing:
tensor([0., 0., 0., 0.], device='cuda:0', requires_grad=True)
loss training: 0.533759
accuracy train: 0.711039 test: 0.583333

Parameter containing:
tensor([0., 0., 0., 0.], device='cuda:0', requires_grad=True)
loss training: 0.528536
accuracy train: 0.740260 test: 0.666667

Parameter containing:
tensor([0., 0., 0., 0.], device='cuda:0', requires_grad=True)
loss training: 0.531791
accuracy train: 0.740260 test: 0.555556

Parameter containing:
tensor([0., 0., 0., 0.], device='cuda:0', requires_grad=True)
loss training: 0.526103
accuracy train: 0.737013 test: 0.638889

Parameter containing:
tensor([0., 0., 0., 0.], device='cuda:0', requires_grad=True)
loss training: 0.504541
accuracy train: 0.675325 test: 0.611111

Parameter containing:
tensor([0., 0., 0., 0.], device='cuda:0', requires_grad=True)
loss training: 0.545897
accuracy train: 0.711039 test: 0.527778

Parameter containing:
tensor([0., 0., 0., 0.], device='cuda:0', requires_grad=True)
loss training: 0.530434
accuracy train: 0.743506 test: 0.611111

Parameter containing:
tensor([0., 0., 0., 0.], device='cuda:0', requires_grad=True)
loss training: 0.512177
accuracy train: 0.711039 test: 0.527778

Parameter containing:
tensor([0., 0., 0., 0.], device='cuda:0', requires_grad=True)
loss training: 0.522479
accuracy train: 0.743506 test: 0.611111

Parameter containing:
tensor([0., 0., 0., 0.], device='cuda:0', requires_grad=True)
loss training: 0.536989
accuracy train: 0.727273 test: 0.583333

Parameter containing:
tensor([0., 0., 0., 0.], device='cuda:0', requires_grad=True)
loss training: 0.529319
accuracy train: 0.701299 test: 0.611111

Parameter containing:
tensor([0., 0., 0., 0.], device='cuda:0', requires_grad=True)
loss training: 0.544808
accuracy train: 0.724026 test: 0.666667

Parameter containing:
tensor([0., 0., 0., 0.], device='cuda:0', requires_grad=True)
loss training: 0.511307
accuracy train: 0.740260 test: 0.666667

Parameter containing:
tensor([0., 0., 0., 0.], device='cuda:0', requires_grad=True)
loss training: 0.509212
accuracy train: 0.724026 test: 0.638889

Parameter containing:
tensor([0., 0., 0., 0.], device='cuda:0', requires_grad=True)
loss training: 0.516783
accuracy train: 0.707792 test: 0.500000

Parameter containing:
tensor([0., 0., 0., 0.], device='cuda:0', requires_grad=True)
loss training: 0.532782
accuracy train: 0.694805 test: 0.638889

Parameter containing:
tensor([0., 0., 0., 0.], device='cuda:0', requires_grad=True)
loss training: 0.505975
accuracy train: 0.720779 test: 0.611111

Parameter containing:
tensor([0., 0., 0., 0.], device='cuda:0', requires_grad=True)
loss training: 0.500662
accuracy train: 0.733766 test: 0.555556

Parameter containing:
tensor([0., 0., 0., 0.], device='cuda:0', requires_grad=True)
loss training: 0.474558
accuracy train: 0.762987 test: 0.638889

Parameter containing:
tensor([0., 0., 0., 0.], device='cuda:0', requires_grad=True)
loss training: 0.500709
accuracy train: 0.750000 test: 0.666667

Parameter containing:
tensor([0., 0., 0., 0.], device='cuda:0', requires_grad=True)
loss training: 0.480263
accuracy train: 0.779221 test: 0.638889

Parameter containing:
tensor([0., 0., 0., 0.], device='cuda:0', requires_grad=True)
loss training: 0.472410
accuracy train: 0.788961 test: 0.638889

Parameter containing:
tensor([0., 0., 0., 0.], device='cuda:0', requires_grad=True)
loss training: 0.477841
accuracy train: 0.772727 test: 0.611111

Parameter containing:
tensor([0., 0., 0., 0.], device='cuda:0', requires_grad=True)
loss training: 0.507110
accuracy train: 0.717532 test: 0.527778

Parameter containing:
tensor([0., 0., 0., 0.], device='cuda:0', requires_grad=True)
loss training: 0.502746
accuracy train: 0.724026 test: 0.555556

Parameter containing:
tensor([0., 0., 0., 0.], device='cuda:0', requires_grad=True)
loss training: 0.478232
accuracy train: 0.733766 test: 0.527778

Parameter containing:
tensor([0., 0., 0., 0.], device='cuda:0', requires_grad=True)
loss training: 0.451946
accuracy train: 0.704545 test: 0.555556

Parameter containing:
tensor([0., 0., 0., 0.], device='cuda:0', requires_grad=True)
loss training: 0.465655
accuracy train: 0.772727 test: 0.666667

Parameter containing:
tensor([0., 0., 0., 0.], device='cuda:0', requires_grad=True)
loss training: 0.437676
accuracy train: 0.775974 test: 0.555556

Parameter containing:
tensor([0., 0., 0., 0.], device='cuda:0', requires_grad=True)
loss training: 0.442266
accuracy train: 0.782468 test: 0.527778

Parameter containing:
tensor([0., 0., 0., 0.], device='cuda:0', requires_grad=True)
loss training: 0.421495
accuracy train: 0.801948 test: 0.638889

Parameter containing:
tensor([0., 0., 0., 0.], device='cuda:0', requires_grad=True)
loss training: 0.452461
accuracy train: 0.753247 test: 0.666667

Parameter containing:
tensor([0., 0., 0., 0.], device='cuda:0', requires_grad=True)
loss training: 0.410148
accuracy train: 0.821429 test: 0.555556

Parameter containing:
tensor([0., 0., 0., 0.], device='cuda:0', requires_grad=True)
loss training: 0.399250
accuracy train: 0.827922 test: 0.472222

Parameter containing:
tensor([0., 0., 0., 0.], device='cuda:0', requires_grad=True)
loss training: 0.411211
accuracy train: 0.831169 test: 0.500000

Parameter containing:
tensor([0., 0., 0., 0.], device='cuda:0', requires_grad=True)
loss training: 0.419329
accuracy train: 0.831169 test: 0.500000

Parameter containing:
tensor([0., 0., 0., 0.], device='cuda:0', requires_grad=True)
loss training: 0.408444
accuracy train: 0.801948 test: 0.583333

Parameter containing:
tensor([0., 0., 0., 0.], device='cuda:0', requires_grad=True)
loss training: 0.456233
accuracy train: 0.818182 test: 0.611111

Parameter containing:
tensor([0., 0., 0., 0.], device='cuda:0', requires_grad=True)
loss training: 0.430786
accuracy train: 0.827922 test: 0.722222

Parameter containing:
tensor([0., 0., 0., 0.], device='cuda:0', requires_grad=True)
loss training: 0.386845
accuracy train: 0.840909 test: 0.555556

Parameter containing:
tensor([0., 0., 0., 0.], device='cuda:0', requires_grad=True)
loss training: 0.404077
accuracy train: 0.827922 test: 0.666667

Parameter containing:
tensor([0., 0., 0., 0.], device='cuda:0', requires_grad=True)
loss training: 0.397557
accuracy train: 0.834416 test: 0.611111

Parameter containing:
tensor([0., 0., 0., 0.], device='cuda:0', requires_grad=True)
loss training: 0.340408
accuracy train: 0.840909 test: 0.555556

Parameter containing:
tensor([0., 0., 0., 0.], device='cuda:0', requires_grad=True)
loss training: 0.351209
accuracy train: 0.824675 test: 0.638889

Parameter containing:
tensor([0., 0., 0., 0.], device='cuda:0', requires_grad=True)
loss training: 0.381157
accuracy train: 0.857143 test: 0.611111

Parameter containing:
tensor([0., 0., 0., 0.], device='cuda:0', requires_grad=True)
loss training: 0.340396
accuracy train: 0.853896 test: 0.583333

Parameter containing:
tensor([0., 0., 0., 0.], device='cuda:0', requires_grad=True)
loss training: 0.372812
accuracy train: 0.876623 test: 0.666667

Parameter containing:
tensor([0., 0., 0., 0.], device='cuda:0', requires_grad=True)
loss training: 0.348810
accuracy train: 0.866883 test: 0.500000

Parameter containing:
tensor([0., 0., 0., 0.], device='cuda:0', requires_grad=True)
loss training: 0.388427
accuracy train: 0.827922 test: 0.500000

Parameter containing:
tensor([0., 0., 0., 0.], device='cuda:0', requires_grad=True)
loss training: 0.351352
accuracy train: 0.876623 test: 0.666667

Parameter containing:
tensor([0., 0., 0., 0.], device='cuda:0', requires_grad=True)
loss training: 0.301767
accuracy train: 0.886364 test: 0.638889

Parameter containing:
tensor([0., 0., 0., 0.], device='cuda:0', requires_grad=True)
loss training: 0.250852
accuracy train: 0.902597 test: 0.638889

Parameter containing:
tensor([0., 0., 0., 0.], device='cuda:0', requires_grad=True)
loss training: 0.271980
accuracy train: 0.909091 test: 0.666667

Parameter containing:
tensor([0., 0., 0., 0.], device='cuda:0', requires_grad=True)
loss training: 0.268568
accuracy train: 0.905844 test: 0.611111

Parameter containing:
tensor([0., 0., 0., 0.], device='cuda:0', requires_grad=True)
loss training: 0.270295
accuracy train: 0.896104 test: 0.638889

Parameter containing:
tensor([0., 0., 0., 0.], device='cuda:0', requires_grad=True)
loss training: 0.269366
accuracy train: 0.909091 test: 0.555556

Parameter containing:
tensor([0., 0., 0., 0.], device='cuda:0', requires_grad=True)
loss training: 0.282193
accuracy train: 0.899351 test: 0.555556

Parameter containing:
tensor([0., 0., 0., 0.], device='cuda:0', requires_grad=True)
loss training: 0.285371
accuracy train: 0.899351 test: 0.611111

Parameter containing:
tensor([0., 0., 0., 0.], device='cuda:0', requires_grad=True)
loss training: 0.249518
accuracy train: 0.905844 test: 0.555556

Parameter containing:
tensor([0., 0., 0., 0.], device='cuda:0', requires_grad=True)
loss training: 0.299037
accuracy train: 0.886364 test: 0.611111

Parameter containing:
tensor([0., 0., 0., 0.], device='cuda:0', requires_grad=True)
loss training: 0.276832
accuracy train: 0.892857 test: 0.638889

Parameter containing:
tensor([0., 0., 0., 0.], device='cuda:0', requires_grad=True)
loss training: 0.253115
accuracy train: 0.925325 test: 0.638889

Parameter containing:
tensor([0., 0., 0., 0.], device='cuda:0', requires_grad=True)
loss training: 0.246676
accuracy train: 0.909091 test: 0.583333

Parameter containing:
tensor([0., 0., 0., 0.], device='cuda:0', requires_grad=True)
loss training: 0.246585
accuracy train: 0.915584 test: 0.555556

Parameter containing:
tensor([0., 0., 0., 0.], device='cuda:0', requires_grad=True)
loss training: 0.227564
accuracy train: 0.922078 test: 0.472222

Parameter containing:
tensor([0., 0., 0., 0.], device='cuda:0', requires_grad=True)
loss training: 0.244286
accuracy train: 0.909091 test: 0.638889

Parameter containing:
tensor([0., 0., 0., 0.], device='cuda:0', requires_grad=True)
loss training: 0.258097
accuracy train: 0.896104 test: 0.555556

Parameter containing:
tensor([0., 0., 0., 0.], device='cuda:0', requires_grad=True)
loss training: 0.287771
accuracy train: 0.915584 test: 0.583333

Parameter containing:
tensor([0., 0., 0., 0.], device='cuda:0', requires_grad=True)
loss training: 0.276018
accuracy train: 0.902597 test: 0.583333

Parameter containing:
tensor([0., 0., 0., 0.], device='cuda:0', requires_grad=True)
loss training: 0.250419
accuracy train: 0.918831 test: 0.555556

Parameter containing:
tensor([0., 0., 0., 0.], device='cuda:0', requires_grad=True)
loss training: 0.223842
accuracy train: 0.905844 test: 0.527778

Parameter containing:
tensor([0., 0., 0., 0.], device='cuda:0', requires_grad=True)
loss training: 0.237248
accuracy train: 0.915584 test: 0.583333

Parameter containing:
tensor([0., 0., 0., 0.], device='cuda:0', requires_grad=True)
loss training: 0.237107
accuracy train: 0.928571 test: 0.500000

Parameter containing:
tensor([0., 0., 0., 0.], device='cuda:0', requires_grad=True)
loss training: 0.252808
accuracy train: 0.925325 test: 0.555556

Parameter containing:
tensor([0., 0., 0., 0.], device='cuda:0', requires_grad=True)
loss training: 0.213564
accuracy train: 0.922078 test: 0.555556

Parameter containing:
tensor([0., 0., 0., 0.], device='cuda:0', requires_grad=True)
loss training: 0.227330
accuracy train: 0.909091 test: 0.583333

Parameter containing:
tensor([0., 0., 0., 0.], device='cuda:0', requires_grad=True)
loss training: 0.196453
accuracy train: 0.928571 test: 0.611111

Parameter containing:
tensor([0., 0., 0., 0.], device='cuda:0', requires_grad=True)
loss training: 0.219374
accuracy train: 0.922078 test: 0.611111

Parameter containing:
tensor([0., 0., 0., 0.], device='cuda:0', requires_grad=True)
loss training: 0.214867
accuracy train: 0.889610 test: 0.527778

Parameter containing:
tensor([0., 0., 0., 0.], device='cuda:0', requires_grad=True)
loss training: 0.239376
accuracy train: 0.938312 test: 0.583333

Parameter containing:
tensor([0., 0., 0., 0.], device='cuda:0', requires_grad=True)
loss training: 0.213798
accuracy train: 0.935065 test: 0.611111

Parameter containing:
tensor([0., 0., 0., 0.], device='cuda:0', requires_grad=True)
loss training: 0.225735
accuracy train: 0.935065 test: 0.527778

Parameter containing:
tensor([0., 0., 0., 0.], device='cuda:0', requires_grad=True)
loss training: 0.213172
accuracy train: 0.935065 test: 0.555556

Parameter containing:
tensor([0., 0., 0., 0.], device='cuda:0', requires_grad=True)
loss training: 0.192811
accuracy train: 0.938312 test: 0.611111

Parameter containing:
tensor([0., 0., 0., 0.], device='cuda:0', requires_grad=True)
loss training: 0.259257
accuracy train: 0.912338 test: 0.555556

Parameter containing:
tensor([0., 0., 0., 0.], device='cuda:0', requires_grad=True)
loss training: 0.248953
accuracy train: 0.918831 test: 0.555556

Parameter containing:
tensor([0., 0., 0., 0.], device='cuda:0', requires_grad=True)
loss training: 0.221316
accuracy train: 0.931818 test: 0.555556

Parameter containing:
tensor([0., 0., 0., 0.], device='cuda:0', requires_grad=True)
loss training: 0.227179
accuracy train: 0.938312 test: 0.555556

Parameter containing:
tensor([0., 0., 0., 0.], device='cuda:0', requires_grad=True)
loss training: 0.204019
accuracy train: 0.944805 test: 0.583333

Parameter containing:
tensor([0., 0., 0., 0.], device='cuda:0', requires_grad=True)
loss training: 0.192814
accuracy train: 0.938312 test: 0.583333

Parameter containing:
tensor([0., 0., 0., 0.], device='cuda:0', requires_grad=True)
loss training: 0.173224
accuracy train: 0.941558 test: 0.527778

Parameter containing:
tensor([0., 0., 0., 0.], device='cuda:0', requires_grad=True)
loss training: 0.197970
accuracy train: 0.951299 test: 0.555556

Parameter containing:
tensor([0., 0., 0., 0.], device='cuda:0', requires_grad=True)
loss training: 0.190305
accuracy train: 0.925325 test: 0.527778

Parameter containing:
tensor([0., 0., 0., 0.], device='cuda:0', requires_grad=True)
loss training: 0.197014
accuracy train: 0.951299 test: 0.555556

Parameter containing:
tensor([0., 0., 0., 0.], device='cuda:0', requires_grad=True)
loss training: 0.207834
accuracy train: 0.957792 test: 0.583333

Parameter containing:
tensor([0., 0., 0., 0.], device='cuda:0', requires_grad=True)
loss training: 0.174818
accuracy train: 0.928571 test: 0.555556

Parameter containing:
tensor([0., 0., 0., 0.], device='cuda:0', requires_grad=True)
loss training: 0.190864
accuracy train: 0.951299 test: 0.583333

Parameter containing:
tensor([0., 0., 0., 0.], device='cuda:0', requires_grad=True)
loss training: 0.190041
accuracy train: 0.944805 test: 0.638889

Parameter containing:
tensor([0., 0., 0., 0.], device='cuda:0', requires_grad=True)
loss training: 0.242812
accuracy train: 0.931818 test: 0.527778

Parameter containing:
tensor([0., 0., 0., 0.], device='cuda:0', requires_grad=True)
loss training: 0.277701
accuracy train: 0.922078 test: 0.611111

Parameter containing:
tensor([0., 0., 0., 0.], device='cuda:0', requires_grad=True)
loss training: 0.189390
accuracy train: 0.957792 test: 0.583333

Parameter containing:
tensor([0., 0., 0., 0.], device='cuda:0', requires_grad=True)
loss training: 0.181189
accuracy train: 0.951299 test: 0.611111

Parameter containing:
tensor([0., 0., 0., 0.], device='cuda:0', requires_grad=True)
loss training: 0.172198
accuracy train: 0.957792 test: 0.583333

Parameter containing:
tensor([0., 0., 0., 0.], device='cuda:0', requires_grad=True)
loss training: 0.168368
accuracy train: 0.954545 test: 0.638889

Parameter containing:
tensor([0., 0., 0., 0.], device='cuda:0', requires_grad=True)
loss training: 0.166471
accuracy train: 0.951299 test: 0.527778

Parameter containing:
tensor([0., 0., 0., 0.], device='cuda:0', requires_grad=True)
loss training: 0.175524
accuracy train: 0.954545 test: 0.583333

Parameter containing:
tensor([0., 0., 0., 0.], device='cuda:0', requires_grad=True)
loss training: 0.161258
accuracy train: 0.961039 test: 0.583333

Parameter containing:
tensor([0., 0., 0., 0.], device='cuda:0', requires_grad=True)
loss training: 0.161921
accuracy train: 0.941558 test: 0.583333

Parameter containing:
tensor([0., 0., 0., 0.], device='cuda:0', requires_grad=True)
loss training: 0.167483
accuracy train: 0.964286 test: 0.611111

Parameter containing:
tensor([0., 0., 0., 0.], device='cuda:0', requires_grad=True)
loss training: 0.168872
accuracy train: 0.967532 test: 0.583333

Parameter containing:
tensor([0., 0., 0., 0.], device='cuda:0', requires_grad=True)
loss training: 0.158268
accuracy train: 0.964286 test: 0.611111

Parameter containing:
tensor([0., 0., 0., 0.], device='cuda:0', requires_grad=True)
loss training: 0.181436
accuracy train: 0.951299 test: 0.611111

Parameter containing:
tensor([0., 0., 0., 0.], device='cuda:0', requires_grad=True)
loss training: 0.181906
accuracy train: 0.964286 test: 0.583333

Parameter containing:
tensor([0., 0., 0., 0.], device='cuda:0', requires_grad=True)
loss training: 0.146821
accuracy train: 0.964286 test: 0.583333

Parameter containing:
tensor([0., 0., 0., 0.], device='cuda:0', requires_grad=True)
loss training: 0.179562
accuracy train: 0.957792 test: 0.611111

Parameter containing:
tensor([0., 0., 0., 0.], device='cuda:0', requires_grad=True)
loss training: 0.162362
accuracy train: 0.964286 test: 0.583333

Parameter containing:
tensor([0., 0., 0., 0.], device='cuda:0', requires_grad=True)
loss training: 0.145124
accuracy train: 0.957792 test: 0.555556

Parameter containing:
tensor([0., 0., 0., 0.], device='cuda:0', requires_grad=True)
loss training: 0.155561
accuracy train: 0.951299 test: 0.611111

Parameter containing:
tensor([0., 0., 0., 0.], device='cuda:0', requires_grad=True)
loss training: 0.149673
accuracy train: 0.964286 test: 0.583333

Parameter containing:
tensor([0., 0., 0., 0.], device='cuda:0', requires_grad=True)
loss training: 0.172408
accuracy train: 0.964286 test: 0.583333

Parameter containing:
tensor([0., 0., 0., 0.], device='cuda:0', requires_grad=True)
loss training: 0.165478
accuracy train: 0.964286 test: 0.555556

Parameter containing:
tensor([0., 0., 0., 0.], device='cuda:0', requires_grad=True)
loss training: 0.147847
accuracy train: 0.964286 test: 0.555556

Parameter containing:
tensor([0., 0., 0., 0.], device='cuda:0', requires_grad=True)
loss training: 0.167365
accuracy train: 0.957792 test: 0.611111

Parameter containing:
tensor([0., 0., 0., 0.], device='cuda:0', requires_grad=True)
loss training: 0.152986
accuracy train: 0.938312 test: 0.500000

Parameter containing:
tensor([0., 0., 0., 0.], device='cuda:0', requires_grad=True)
loss training: 0.160486
accuracy train: 0.967532 test: 0.527778

Parameter containing:
tensor([0., 0., 0., 0.], device='cuda:0', requires_grad=True)
loss training: 0.157991
accuracy train: 0.964286 test: 0.555556

Parameter containing:
tensor([0., 0., 0., 0.], device='cuda:0', requires_grad=True)
loss training: 0.175899
accuracy train: 0.967532 test: 0.611111

Parameter containing:
tensor([0., 0., 0., 0.], device='cuda:0', requires_grad=True)
loss training: 0.165715
accuracy train: 0.961039 test: 0.666667

Parameter containing:
tensor([0., 0., 0., 0.], device='cuda:0', requires_grad=True)
loss training: 0.158426
accuracy train: 0.957792 test: 0.583333

Parameter containing:
tensor([0., 0., 0., 0.], device='cuda:0', requires_grad=True)
loss training: 0.161090
accuracy train: 0.964286 test: 0.555556

Parameter containing:
tensor([0., 0., 0., 0.], device='cuda:0', requires_grad=True)
loss training: 0.136947
accuracy train: 0.964286 test: 0.583333

Parameter containing:
tensor([0., 0., 0., 0.], device='cuda:0', requires_grad=True)
loss training: 0.148481
accuracy train: 0.970779 test: 0.527778

Parameter containing:
tensor([0., 0., 0., 0.], device='cuda:0', requires_grad=True)
loss training: 0.150430
accuracy train: 0.964286 test: 0.583333

Parameter containing:
tensor([0., 0., 0., 0.], device='cuda:0', requires_grad=True)
loss training: 0.154744
accuracy train: 0.957792 test: 0.583333

Parameter containing:
tensor([0., 0., 0., 0.], device='cuda:0', requires_grad=True)
loss training: 0.157897
accuracy train: 0.948052 test: 0.583333

Parameter containing:
tensor([0., 0., 0., 0.], device='cuda:0', requires_grad=True)
loss training: 0.146115
accuracy train: 0.964286 test: 0.583333

Parameter containing:
tensor([0., 0., 0., 0.], device='cuda:0', requires_grad=True)
loss training: 0.144101
accuracy train: 0.957792 test: 0.555556

Parameter containing:
tensor([0., 0., 0., 0.], device='cuda:0', requires_grad=True)
loss training: 0.152274
accuracy train: 0.964286 test: 0.555556

Parameter containing:
tensor([0., 0., 0., 0.], device='cuda:0', requires_grad=True)
loss training: 0.140122
accuracy train: 0.954545 test: 0.583333

Parameter containing:
tensor([0., 0., 0., 0.], device='cuda:0', requires_grad=True)
loss training: 0.144690
accuracy train: 0.964286 test: 0.555556

Parameter containing:
tensor([0., 0., 0., 0.], device='cuda:0', requires_grad=True)
loss training: 0.136290
accuracy train: 0.961039 test: 0.611111

Parameter containing:
tensor([0., 0., 0., 0.], device='cuda:0', requires_grad=True)
loss training: 0.151444
accuracy train: 0.961039 test: 0.611111

Parameter containing:
tensor([0., 0., 0., 0.], device='cuda:0', requires_grad=True)
loss training: 0.136590
accuracy train: 0.967532 test: 0.555556

Parameter containing:
tensor([0., 0., 0., 0.], device='cuda:0', requires_grad=True)
loss training: 0.125329
accuracy train: 0.970779 test: 0.666667

Parameter containing:
tensor([0., 0., 0., 0.], device='cuda:0', requires_grad=True)
loss training: 0.150718
accuracy train: 0.961039 test: 0.638889

Parameter containing:
tensor([0., 0., 0., 0.], device='cuda:0', requires_grad=True)
loss training: 0.169059
accuracy train: 0.967532 test: 0.666667

Parameter containing:
tensor([0., 0., 0., 0.], device='cuda:0', requires_grad=True)
loss training: 0.180249
accuracy train: 0.964286 test: 0.583333

Parameter containing:
tensor([0., 0., 0., 0.], device='cuda:0', requires_grad=True)
loss training: 0.159891
accuracy train: 0.961039 test: 0.638889

Parameter containing:
tensor([0., 0., 0., 0.], device='cuda:0', requires_grad=True)
loss training: 0.147319
accuracy train: 0.957792 test: 0.583333

Parameter containing:
tensor([0., 0., 0., 0.], device='cuda:0', requires_grad=True)
loss training: 0.144360
accuracy train: 0.967532 test: 0.638889

Parameter containing:
tensor([0., 0., 0., 0.], device='cuda:0', requires_grad=True)
loss training: 0.126003
accuracy train: 0.964286 test: 0.583333

Parameter containing:
tensor([0., 0., 0., 0.], device='cuda:0', requires_grad=True)
loss training: 0.124469
accuracy train: 0.967532 test: 0.611111

Parameter containing:
tensor([0., 0., 0., 0.], device='cuda:0', requires_grad=True)
loss training: 0.123823
accuracy train: 0.964286 test: 0.527778

Parameter containing:
tensor([0., 0., 0., 0.], device='cuda:0', requires_grad=True)
loss training: 0.133359
accuracy train: 0.967532 test: 0.611111

Parameter containing:
tensor([0., 0., 0., 0.], device='cuda:0', requires_grad=True)
loss training: 0.124456
accuracy train: 0.967532 test: 0.611111

Parameter containing:
tensor([0., 0., 0., 0.], device='cuda:0', requires_grad=True)
loss training: 0.121552
accuracy train: 0.970779 test: 0.611111

Parameter containing:
tensor([0., 0., 0., 0.], device='cuda:0', requires_grad=True)
loss training: 0.109266
accuracy train: 0.957792 test: 0.555556

Parameter containing:
tensor([0., 0., 0., 0.], device='cuda:0', requires_grad=True)
loss training: 0.118938
accuracy train: 0.967532 test: 0.611111

Parameter containing:
tensor([0., 0., 0., 0.], device='cuda:0', requires_grad=True)
loss training: 0.121634
accuracy train: 0.974026 test: 0.611111

Parameter containing:
tensor([0., 0., 0., 0.], device='cuda:0', requires_grad=True)
loss training: 0.133545
accuracy train: 0.964286 test: 0.611111

Parameter containing:
tensor([0., 0., 0., 0.], device='cuda:0', requires_grad=True)
loss training: 0.114864
accuracy train: 0.970779 test: 0.583333

Parameter containing:
tensor([0., 0., 0., 0.], device='cuda:0', requires_grad=True)
loss training: 0.117284
accuracy train: 0.977273 test: 0.583333

Parameter containing:
tensor([0., 0., 0., 0.], device='cuda:0', requires_grad=True)
loss training: 0.162944
accuracy train: 0.970779 test: 0.611111

Parameter containing:
tensor([0., 0., 0., 0.], device='cuda:0', requires_grad=True)
loss training: 0.128439
accuracy train: 0.974026 test: 0.638889

Parameter containing:
tensor([0., 0., 0., 0.], device='cuda:0', requires_grad=True)
loss training: 0.120455
accuracy train: 0.967532 test: 0.611111

Parameter containing:
tensor([0., 0., 0., 0.], device='cuda:0', requires_grad=True)
loss training: 0.104408
accuracy train: 0.970779 test: 0.583333

Parameter containing:
tensor([0., 0., 0., 0.], device='cuda:0', requires_grad=True)
loss training: 0.117928
accuracy train: 0.970779 test: 0.583333

Parameter containing:
tensor([0., 0., 0., 0.], device='cuda:0', requires_grad=True)
loss training: 0.123837
accuracy train: 0.964286 test: 0.583333

Parameter containing:
tensor([0., 0., 0., 0.], device='cuda:0', requires_grad=True)
loss training: 0.125293
accuracy train: 0.970779 test: 0.583333

Parameter containing:
tensor([0., 0., 0., 0.], device='cuda:0', requires_grad=True)
loss training: 0.110189
accuracy train: 0.980519 test: 0.583333

Parameter containing:
tensor([0., 0., 0., 0.], device='cuda:0', requires_grad=True)
loss training: 0.119896
accuracy train: 0.974026 test: 0.583333

Parameter containing:
tensor([0., 0., 0., 0.], device='cuda:0', requires_grad=True)
loss training: 0.123518
accuracy train: 0.974026 test: 0.555556

Parameter containing:
tensor([0., 0., 0., 0.], device='cuda:0', requires_grad=True)
loss training: 0.127881
accuracy train: 0.967532 test: 0.583333

Parameter containing:
tensor([0., 0., 0., 0.], device='cuda:0', requires_grad=True)
loss training: 0.133997
accuracy train: 0.967532 test: 0.611111

Parameter containing:
tensor([0., 0., 0., 0.], device='cuda:0', requires_grad=True)
loss training: 0.114221
accuracy train: 0.974026 test: 0.583333

Parameter containing:
tensor([0., 0., 0., 0.], device='cuda:0', requires_grad=True)
loss training: 0.111182
accuracy train: 0.967532 test: 0.583333

Parameter containing:
tensor([0., 0., 0., 0.], device='cuda:0', requires_grad=True)
loss training: 0.107761
accuracy train: 0.974026 test: 0.611111

Parameter containing:
tensor([0., 0., 0., 0.], device='cuda:0', requires_grad=True)
loss training: 0.108536
accuracy train: 0.977273 test: 0.611111

Parameter containing:
tensor([0., 0., 0., 0.], device='cuda:0', requires_grad=True)
loss training: 0.129765
accuracy train: 0.970779 test: 0.583333

Parameter containing:
tensor([0., 0., 0., 0.], device='cuda:0', requires_grad=True)
loss training: 0.108884
accuracy train: 0.974026 test: 0.611111

Parameter containing:
tensor([0., 0., 0., 0.], device='cuda:0', requires_grad=True)
loss training: 0.090216
accuracy train: 0.970779 test: 0.583333

Parameter containing:
tensor([0., 0., 0., 0.], device='cuda:0', requires_grad=True)
loss training: 0.116462
accuracy train: 0.964286 test: 0.583333

Parameter containing:
tensor([0., 0., 0., 0.], device='cuda:0', requires_grad=True)
loss training: 0.103228
accuracy train: 0.977273 test: 0.583333

Parameter containing:
tensor([0., 0., 0., 0.], device='cuda:0', requires_grad=True)
loss training: 0.114949
accuracy train: 0.980519 test: 0.611111

Parameter containing:
tensor([0., 0., 0., 0.], device='cuda:0', requires_grad=True)
loss training: 0.095263
accuracy train: 0.977273 test: 0.611111

Parameter containing:
tensor([0., 0., 0., 0.], device='cuda:0', requires_grad=True)
loss training: 0.096640
accuracy train: 0.974026 test: 0.611111

Parameter containing:
tensor([0., 0., 0., 0.], device='cuda:0', requires_grad=True)
loss training: 0.123066
accuracy train: 0.961039 test: 0.583333

Parameter containing:
tensor([0., 0., 0., 0.], device='cuda:0', requires_grad=True)
loss training: 0.107282
accuracy train: 0.980519 test: 0.555556

Parameter containing:
tensor([0., 0., 0., 0.], device='cuda:0', requires_grad=True)
loss training: 0.103498
accuracy train: 0.983766 test: 0.666667

Parameter containing:
tensor([0., 0., 0., 0.], device='cuda:0', requires_grad=True)
loss training: 0.093623
accuracy train: 0.974026 test: 0.555556

Parameter containing:
tensor([0., 0., 0., 0.], device='cuda:0', requires_grad=True)
loss training: 0.100076
accuracy train: 0.970779 test: 0.611111

Parameter containing:
tensor([0., 0., 0., 0.], device='cuda:0', requires_grad=True)
loss training: 0.105876
accuracy train: 0.974026 test: 0.611111

Parameter containing:
tensor([0., 0., 0., 0.], device='cuda:0', requires_grad=True)
loss training: 0.089842
accuracy train: 0.970779 test: 0.611111

Parameter containing:
tensor([0., 0., 0., 0.], device='cuda:0', requires_grad=True)
loss training: 0.105131
accuracy train: 0.974026 test: 0.611111

Parameter containing:
tensor([0., 0., 0., 0.], device='cuda:0', requires_grad=True)
loss training: 0.090305
accuracy train: 0.974026 test: 0.611111

Parameter containing:
tensor([0., 0., 0., 0.], device='cuda:0', requires_grad=True)
loss training: 0.098874
accuracy train: 0.977273 test: 0.583333

Parameter containing:
tensor([0., 0., 0., 0.], device='cuda:0', requires_grad=True)
loss training: 0.107437
accuracy train: 0.980519 test: 0.583333

Parameter containing:
tensor([0., 0., 0., 0.], device='cuda:0', requires_grad=True)
loss training: 0.097767
accuracy train: 0.974026 test: 0.583333

Parameter containing:
tensor([0., 0., 0., 0.], device='cuda:0', requires_grad=True)
loss training: 0.103510
accuracy train: 0.977273 test: 0.583333

Parameter containing:
tensor([0., 0., 0., 0.], device='cuda:0', requires_grad=True)
loss training: 0.101636
accuracy train: 0.974026 test: 0.611111

Parameter containing:
tensor([0., 0., 0., 0.], device='cuda:0', requires_grad=True)
loss training: 0.110661
accuracy train: 0.977273 test: 0.527778

Parameter containing:
tensor([0., 0., 0., 0.], device='cuda:0', requires_grad=True)
loss training: 0.094905
accuracy train: 0.977273 test: 0.611111

Parameter containing:
tensor([0., 0., 0., 0.], device='cuda:0', requires_grad=True)
loss training: 0.083460
accuracy train: 0.974026 test: 0.555556

Parameter containing:
tensor([0., 0., 0., 0.], device='cuda:0', requires_grad=True)
loss training: 0.080886
accuracy train: 0.977273 test: 0.638889

Parameter containing:
tensor([0., 0., 0., 0.], device='cuda:0', requires_grad=True)
loss training: 0.097046
accuracy train: 0.977273 test: 0.638889

Parameter containing:
tensor([0., 0., 0., 0.], device='cuda:0', requires_grad=True)
loss training: 0.089952
accuracy train: 0.980519 test: 0.638889

Parameter containing:
tensor([0., 0., 0., 0.], device='cuda:0', requires_grad=True)
loss training: 0.075062
accuracy train: 0.977273 test: 0.611111

Parameter containing:
tensor([0., 0., 0., 0.], device='cuda:0', requires_grad=True)
loss training: 0.086179
accuracy train: 0.977273 test: 0.638889

Parameter containing:
tensor([0., 0., 0., 0.], device='cuda:0', requires_grad=True)
loss training: 0.092313
accuracy train: 0.977273 test: 0.583333

Parameter containing:
tensor([0., 0., 0., 0.], device='cuda:0', requires_grad=True)
loss training: 0.090514
accuracy train: 0.977273 test: 0.638889

Parameter containing:
tensor([0., 0., 0., 0.], device='cuda:0', requires_grad=True)
loss training: 0.099109
accuracy train: 0.980519 test: 0.638889

Parameter containing:
tensor([0., 0., 0., 0.], device='cuda:0', requires_grad=True)
loss training: 0.085473
accuracy train: 0.977273 test: 0.638889

Parameter containing:
tensor([0., 0., 0., 0.], device='cuda:0', requires_grad=True)
loss training: 0.077991
accuracy train: 0.974026 test: 0.638889

Parameter containing:
tensor([0., 0., 0., 0.], device='cuda:0', requires_grad=True)
loss training: 0.081784
accuracy train: 0.977273 test: 0.611111

Parameter containing:
tensor([0., 0., 0., 0.], device='cuda:0', requires_grad=True)
loss training: 0.085932
accuracy train: 0.977273 test: 0.611111

Parameter containing:
tensor([0., 0., 0., 0.], device='cuda:0', requires_grad=True)
loss training: 0.081218
accuracy train: 0.983766 test: 0.638889

Parameter containing:
tensor([0., 0., 0., 0.], device='cuda:0', requires_grad=True)
loss training: 0.093272
accuracy train: 0.977273 test: 0.638889

Parameter containing:
tensor([0., 0., 0., 0.], device='cuda:0', requires_grad=True)
loss training: 0.089909
accuracy train: 0.980519 test: 0.638889

Parameter containing:
tensor([0., 0., 0., 0.], device='cuda:0', requires_grad=True)
loss training: 0.089999
accuracy train: 0.977273 test: 0.583333

Parameter containing:
tensor([0., 0., 0., 0.], device='cuda:0', requires_grad=True)
loss training: 0.085600
accuracy train: 0.977273 test: 0.611111

Parameter containing:
tensor([0., 0., 0., 0.], device='cuda:0', requires_grad=True)
loss training: 0.087981
accuracy train: 0.974026 test: 0.638889

Parameter containing:
tensor([0., 0., 0., 0.], device='cuda:0', requires_grad=True)
loss training: 0.085870
accuracy train: 0.977273 test: 0.611111

Parameter containing:
tensor([0., 0., 0., 0.], device='cuda:0', requires_grad=True)
loss training: 0.079771
accuracy train: 0.980519 test: 0.694444

Parameter containing:
tensor([0., 0., 0., 0.], device='cuda:0', requires_grad=True)
loss training: 0.086355
accuracy train: 0.977273 test: 0.611111

Parameter containing:
tensor([0., 0., 0., 0.], device='cuda:0', requires_grad=True)
loss training: 0.094392
accuracy train: 0.980519 test: 0.555556

Parameter containing:
tensor([0., 0., 0., 0.], device='cuda:0', requires_grad=True)
loss training: 0.077093
accuracy train: 0.974026 test: 0.611111

Parameter containing:
tensor([0., 0., 0., 0.], device='cuda:0', requires_grad=True)
loss training: 0.086115
accuracy train: 0.980519 test: 0.611111

Parameter containing:
tensor([0., 0., 0., 0.], device='cuda:0', requires_grad=True)
loss training: 0.088292
accuracy train: 0.980519 test: 0.666667

Parameter containing:
tensor([0., 0., 0., 0.], device='cuda:0', requires_grad=True)
loss training: 0.091504
accuracy train: 0.977273 test: 0.638889

Parameter containing:
tensor([0., 0., 0., 0.], device='cuda:0', requires_grad=True)
loss training: 0.091242
accuracy train: 0.977273 test: 0.638889

Parameter containing:
tensor([0., 0., 0., 0.], device='cuda:0', requires_grad=True)
loss training: 0.070278
accuracy train: 0.970779 test: 0.638889

Parameter containing:
tensor([0., 0., 0., 0.], device='cuda:0', requires_grad=True)
loss training: 0.091150
accuracy train: 0.977273 test: 0.611111

Parameter containing:
tensor([0., 0., 0., 0.], device='cuda:0', requires_grad=True)
loss training: 0.092770
accuracy train: 0.980519 test: 0.638889

Parameter containing:
tensor([0., 0., 0., 0.], device='cuda:0', requires_grad=True)
loss training: 0.087367
accuracy train: 0.977273 test: 0.638889

Parameter containing:
tensor([0., 0., 0., 0.], device='cuda:0', requires_grad=True)
loss training: 0.084208
accuracy train: 0.983766 test: 0.638889

Parameter containing:
tensor([0., 0., 0., 0.], device='cuda:0', requires_grad=True)
loss training: 0.093475
accuracy train: 0.974026 test: 0.555556

Parameter containing:
tensor([0., 0., 0., 0.], device='cuda:0', requires_grad=True)
loss training: 0.096066
accuracy train: 0.977273 test: 0.638889

Parameter containing:
tensor([0., 0., 0., 0.], device='cuda:0', requires_grad=True)
loss training: 0.080501
accuracy train: 0.977273 test: 0.611111

Parameter containing:
tensor([0., 0., 0., 0.], device='cuda:0', requires_grad=True)
loss training: 0.103003
accuracy train: 0.980519 test: 0.611111

Parameter containing:
tensor([0., 0., 0., 0.], device='cuda:0', requires_grad=True)
loss training: 0.077912
accuracy train: 0.977273 test: 0.638889

Parameter containing:
tensor([0., 0., 0., 0.], device='cuda:0', requires_grad=True)
loss training: 0.074795
accuracy train: 0.980519 test: 0.638889

Parameter containing:
tensor([0., 0., 0., 0.], device='cuda:0', requires_grad=True)
loss training: 0.090793
accuracy train: 0.977273 test: 0.555556

Parameter containing:
tensor([0., 0., 0., 0.], device='cuda:0', requires_grad=True)
loss training: 0.080165
accuracy train: 0.977273 test: 0.638889

Parameter containing:
tensor([0., 0., 0., 0.], device='cuda:0', requires_grad=True)
loss training: 0.075953
accuracy train: 0.977273 test: 0.666667

Parameter containing:
tensor([0., 0., 0., 0.], device='cuda:0', requires_grad=True)
loss training: 0.071246
accuracy train: 0.974026 test: 0.638889

Parameter containing:
tensor([0., 0., 0., 0.], device='cuda:0', requires_grad=True)
loss training: 0.083057
accuracy train: 0.980519 test: 0.638889

Parameter containing:
tensor([0., 0., 0., 0.], device='cuda:0', requires_grad=True)
loss training: 0.077867
accuracy train: 0.974026 test: 0.611111

Parameter containing:
tensor([0., 0., 0., 0.], device='cuda:0', requires_grad=True)
loss training: 0.080854
accuracy train: 0.974026 test: 0.666667

Parameter containing:
tensor([0., 0., 0., 0.], device='cuda:0', requires_grad=True)
loss training: 0.069068
accuracy train: 0.980519 test: 0.638889

Parameter containing:
tensor([0., 0., 0., 0.], device='cuda:0', requires_grad=True)
loss training: 0.069242
accuracy train: 0.980519 test: 0.666667

Parameter containing:
tensor([0., 0., 0., 0.], device='cuda:0', requires_grad=True)
loss training: 0.084711
accuracy train: 0.974026 test: 0.638889

Parameter containing:
tensor([0., 0., 0., 0.], device='cuda:0', requires_grad=True)
loss training: 0.083364
accuracy train: 0.977273 test: 0.638889

Parameter containing:
tensor([0., 0., 0., 0.], device='cuda:0', requires_grad=True)
loss training: 0.085339
accuracy train: 0.977273 test: 0.666667

Parameter containing:
tensor([0., 0., 0., 0.], device='cuda:0', requires_grad=True)
loss training: 0.082136
accuracy train: 0.980519 test: 0.638889

Parameter containing:
tensor([0., 0., 0., 0.], device='cuda:0', requires_grad=True)
loss training: 0.084844
accuracy train: 0.977273 test: 0.611111

Parameter containing:
tensor([0., 0., 0., 0.], device='cuda:0', requires_grad=True)
loss training: 0.072026
accuracy train: 0.980519 test: 0.611111

Parameter containing:
tensor([0., 0., 0., 0.], device='cuda:0', requires_grad=True)
loss training: 0.082288
accuracy train: 0.980519 test: 0.611111

Parameter containing:
tensor([0., 0., 0., 0.], device='cuda:0', requires_grad=True)
loss training: 0.080895
accuracy train: 0.974026 test: 0.638889

Parameter containing:
tensor([0., 0., 0., 0.], device='cuda:0', requires_grad=True)
loss training: 0.074238
accuracy train: 0.977273 test: 0.611111

Parameter containing:
tensor([0., 0., 0., 0.], device='cuda:0', requires_grad=True)
loss training: 0.065112
accuracy train: 0.980519 test: 0.611111

Parameter containing:
tensor([0., 0., 0., 0.], device='cuda:0', requires_grad=True)
loss training: 0.078605
accuracy train: 0.977273 test: 0.638889

Parameter containing:
tensor([0., 0., 0., 0.], device='cuda:0', requires_grad=True)
loss training: 0.082221
accuracy train: 0.977273 test: 0.666667

Parameter containing:
tensor([0., 0., 0., 0.], device='cuda:0', requires_grad=True)
loss training: 0.072627
accuracy train: 0.977273 test: 0.611111

Parameter containing:
tensor([0., 0., 0., 0.], device='cuda:0', requires_grad=True)
loss training: 0.064744
accuracy train: 0.980519 test: 0.638889

Parameter containing:
tensor([0., 0., 0., 0.], device='cuda:0', requires_grad=True)
loss training: 0.077929
accuracy train: 0.977273 test: 0.611111

Parameter containing:
tensor([0., 0., 0., 0.], device='cuda:0', requires_grad=True)
loss training: 0.073139
accuracy train: 0.980519 test: 0.638889

Parameter containing:
tensor([0., 0., 0., 0.], device='cuda:0', requires_grad=True)
loss training: 0.071930
accuracy train: 0.977273 test: 0.638889

Parameter containing:
tensor([0., 0., 0., 0.], device='cuda:0', requires_grad=True)
loss training: 0.085219
accuracy train: 0.980519 test: 0.666667

Parameter containing:
tensor([0., 0., 0., 0.], device='cuda:0', requires_grad=True)
loss training: 0.069643
accuracy train: 0.980519 test: 0.666667

Parameter containing:
tensor([0., 0., 0., 0.], device='cuda:0', requires_grad=True)
loss training: 0.071272
accuracy train: 0.980519 test: 0.638889

Parameter containing:
tensor([0., 0., 0., 0.], device='cuda:0', requires_grad=True)
loss training: 0.074187
accuracy train: 0.983766 test: 0.666667

Parameter containing:
tensor([0., 0., 0., 0.], device='cuda:0', requires_grad=True)
loss training: 0.064436
accuracy train: 0.983766 test: 0.666667

Parameter containing:
tensor([0., 0., 0., 0.], device='cuda:0', requires_grad=True)
loss training: 0.061810
accuracy train: 0.977273 test: 0.638889

Parameter containing:
tensor([0., 0., 0., 0.], device='cuda:0', requires_grad=True)
loss training: 0.071522
accuracy train: 0.977273 test: 0.666667

Parameter containing:
tensor([0., 0., 0., 0.], device='cuda:0', requires_grad=True)
loss training: 0.082356
accuracy train: 0.974026 test: 0.666667

Parameter containing:
tensor([0., 0., 0., 0.], device='cuda:0', requires_grad=True)
loss training: 0.071044
accuracy train: 0.977273 test: 0.611111

Parameter containing:
tensor([0., 0., 0., 0.], device='cuda:0', requires_grad=True)
loss training: 0.079495
accuracy train: 0.977273 test: 0.666667

Parameter containing:
tensor([0., 0., 0., 0.], device='cuda:0', requires_grad=True)
loss training: 0.077558
accuracy train: 0.977273 test: 0.666667

Parameter containing:
tensor([0., 0., 0., 0.], device='cuda:0', requires_grad=True)
loss training: 0.079540
accuracy train: 0.977273 test: 0.638889

Parameter containing:
tensor([0., 0., 0., 0.], device='cuda:0', requires_grad=True)
loss training: 0.074701
accuracy train: 0.977273 test: 0.666667

Parameter containing:
tensor([0., 0., 0., 0.], device='cuda:0', requires_grad=True)
loss training: 0.070595
accuracy train: 0.980519 test: 0.638889

Parameter containing:
tensor([0., 0., 0., 0.], device='cuda:0', requires_grad=True)
loss training: 0.076123
accuracy train: 0.980519 test: 0.666667

Parameter containing:
tensor([0., 0., 0., 0.], device='cuda:0', requires_grad=True)
loss training: 0.071200
accuracy train: 0.977273 test: 0.666667

Parameter containing:
tensor([0., 0., 0., 0.], device='cuda:0', requires_grad=True)
loss training: 0.074794
accuracy train: 0.983766 test: 0.666667

Parameter containing:
tensor([0., 0., 0., 0.], device='cuda:0', requires_grad=True)
loss training: 0.073827
accuracy train: 0.977273 test: 0.638889

Parameter containing:
tensor([0., 0., 0., 0.], device='cuda:0', requires_grad=True)
loss training: 0.071403
accuracy train: 0.980519 test: 0.666667

Parameter containing:
tensor([0., 0., 0., 0.], device='cuda:0', requires_grad=True)
loss training: 0.073732
accuracy train: 0.977273 test: 0.666667

Parameter containing:
tensor([0., 0., 0., 0.], device='cuda:0', requires_grad=True)
loss training: 0.072968
accuracy train: 0.980519 test: 0.638889

Parameter containing:
tensor([0., 0., 0., 0.], device='cuda:0', requires_grad=True)
loss training: 0.080271
accuracy train: 0.977273 test: 0.666667

Parameter containing:
tensor([0., 0., 0., 0.], device='cuda:0', requires_grad=True)
loss training: 0.068178
accuracy train: 0.980519 test: 0.694444

Parameter containing:
tensor([0., 0., 0., 0.], device='cuda:0', requires_grad=True)
loss training: 0.075205
accuracy train: 0.980519 test: 0.638889

Parameter containing:
tensor([0., 0., 0., 0.], device='cuda:0', requires_grad=True)
loss training: 0.063132
accuracy train: 0.980519 test: 0.638889

Parameter containing:
tensor([0., 0., 0., 0.], device='cuda:0', requires_grad=True)
loss training: 0.076432
accuracy train: 0.977273 test: 0.611111

Parameter containing:
tensor([0., 0., 0., 0.], device='cuda:0', requires_grad=True)
loss training: 0.078957
accuracy train: 0.980519 test: 0.611111

Parameter containing:
tensor([0., 0., 0., 0.], device='cuda:0', requires_grad=True)
loss training: 0.081610
accuracy train: 0.980519 test: 0.611111

Parameter containing:
tensor([0., 0., 0., 0.], device='cuda:0', requires_grad=True)
loss training: 0.061922
accuracy train: 0.980519 test: 0.638889

Parameter containing:
tensor([0., 0., 0., 0.], device='cuda:0', requires_grad=True)
loss training: 0.068358
accuracy train: 0.977273 test: 0.611111

Parameter containing:
tensor([0., 0., 0., 0.], device='cuda:0', requires_grad=True)
loss training: 0.071427
accuracy train: 0.977273 test: 0.611111

Parameter containing:
tensor([0., 0., 0., 0.], device='cuda:0', requires_grad=True)
loss training: 0.066227
accuracy train: 0.980519 test: 0.666667

Parameter containing:
tensor([0., 0., 0., 0.], device='cuda:0', requires_grad=True)
loss training: 0.074947
accuracy train: 0.983766 test: 0.638889

Parameter containing:
tensor([0., 0., 0., 0.], device='cuda:0', requires_grad=True)
