loading data
# classes: 2
# maximum node tag: 7
# data: 188
loss training: 1.338784
accuracy train: 0.714286 test: 0.600000

Parameter containing:
tensor([], device='cuda:0', requires_grad=True)
loss training: 0.625852
accuracy train: 0.726190 test: 0.600000

Parameter containing:
tensor([], device='cuda:0', requires_grad=True)
loss training: 0.560659
accuracy train: 0.750000 test: 0.700000

Parameter containing:
tensor([], device='cuda:0', requires_grad=True)
loss training: 0.534041
accuracy train: 0.779762 test: 0.700000

Parameter containing:
tensor([], device='cuda:0', requires_grad=True)
loss training: 0.516220
accuracy train: 0.773810 test: 0.700000

Parameter containing:
tensor([], device='cuda:0', requires_grad=True)
loss training: 0.511283
accuracy train: 0.809524 test: 0.700000

Parameter containing:
tensor([], device='cuda:0', requires_grad=True)
loss training: 0.501753
accuracy train: 0.785714 test: 0.700000

Parameter containing:
tensor([], device='cuda:0', requires_grad=True)
loss training: 0.490609
accuracy train: 0.809524 test: 0.700000

Parameter containing:
tensor([], device='cuda:0', requires_grad=True)
loss training: 0.490789
accuracy train: 0.845238 test: 0.800000

Parameter containing:
tensor([], device='cuda:0', requires_grad=True)
loss training: 0.484572
accuracy train: 0.839286 test: 0.800000

Parameter containing:
tensor([], device='cuda:0', requires_grad=True)
loss training: 0.473209
accuracy train: 0.833333 test: 0.750000

Parameter containing:
tensor([], device='cuda:0', requires_grad=True)
loss training: 0.475223
accuracy train: 0.833333 test: 0.750000

Parameter containing:
tensor([], device='cuda:0', requires_grad=True)
loss training: 0.473877
accuracy train: 0.845238 test: 0.750000

Parameter containing:
tensor([], device='cuda:0', requires_grad=True)
loss training: 0.469568
accuracy train: 0.845238 test: 0.750000

Parameter containing:
tensor([], device='cuda:0', requires_grad=True)
loss training: 0.471218
accuracy train: 0.845238 test: 0.800000

Parameter containing:
tensor([], device='cuda:0', requires_grad=True)
loss training: 0.463047
accuracy train: 0.857143 test: 0.800000

Parameter containing:
tensor([], device='cuda:0', requires_grad=True)
loss training: 0.458748
accuracy train: 0.845238 test: 0.800000

Parameter containing:
tensor([], device='cuda:0', requires_grad=True)
loss training: 0.458803
accuracy train: 0.845238 test: 0.800000

Parameter containing:
tensor([], device='cuda:0', requires_grad=True)
loss training: 0.468720
accuracy train: 0.857143 test: 0.800000

Parameter containing:
tensor([], device='cuda:0', requires_grad=True)
loss training: 0.459572
accuracy train: 0.845238 test: 0.800000

Parameter containing:
tensor([], device='cuda:0', requires_grad=True)
loss training: 0.464742
accuracy train: 0.857143 test: 0.800000

Parameter containing:
tensor([], device='cuda:0', requires_grad=True)
loss training: 0.467131
accuracy train: 0.857143 test: 0.800000

Parameter containing:
tensor([], device='cuda:0', requires_grad=True)
loss training: 0.455400
accuracy train: 0.857143 test: 0.800000

Parameter containing:
tensor([], device='cuda:0', requires_grad=True)
loss training: 0.459127
accuracy train: 0.851190 test: 0.850000

Parameter containing:
tensor([], device='cuda:0', requires_grad=True)
loss training: 0.453293
accuracy train: 0.857143 test: 0.800000

Parameter containing:
tensor([], device='cuda:0', requires_grad=True)
loss training: 0.460361
accuracy train: 0.857143 test: 0.850000

Parameter containing:
tensor([], device='cuda:0', requires_grad=True)
loss training: 0.460917
accuracy train: 0.857143 test: 0.800000

Parameter containing:
tensor([], device='cuda:0', requires_grad=True)
loss training: 0.463800
accuracy train: 0.863095 test: 0.850000

Parameter containing:
tensor([], device='cuda:0', requires_grad=True)
loss training: 0.465222
accuracy train: 0.857143 test: 0.800000

Parameter containing:
tensor([], device='cuda:0', requires_grad=True)
loss training: 0.460268
accuracy train: 0.863095 test: 0.850000

Parameter containing:
tensor([], device='cuda:0', requires_grad=True)
loss training: 0.454990
accuracy train: 0.857143 test: 0.800000

Parameter containing:
tensor([], device='cuda:0', requires_grad=True)
loss training: 0.454253
accuracy train: 0.857143 test: 0.800000

Parameter containing:
tensor([], device='cuda:0', requires_grad=True)
loss training: 0.465426
accuracy train: 0.857143 test: 0.850000

Parameter containing:
tensor([], device='cuda:0', requires_grad=True)
loss training: 0.458523
accuracy train: 0.857143 test: 0.800000

Parameter containing:
tensor([], device='cuda:0', requires_grad=True)
loss training: 0.466697
accuracy train: 0.857143 test: 0.850000

Parameter containing:
tensor([], device='cuda:0', requires_grad=True)
loss training: 0.457138
accuracy train: 0.857143 test: 0.800000

Parameter containing:
tensor([], device='cuda:0', requires_grad=True)
loss training: 0.449748
accuracy train: 0.857143 test: 0.800000

Parameter containing:
tensor([], device='cuda:0', requires_grad=True)
loss training: 0.456000
accuracy train: 0.857143 test: 0.800000

Parameter containing:
tensor([], device='cuda:0', requires_grad=True)
loss training: 0.456292
accuracy train: 0.857143 test: 0.800000

Parameter containing:
tensor([], device='cuda:0', requires_grad=True)
loss training: 0.463894
accuracy train: 0.857143 test: 0.800000

Parameter containing:
tensor([], device='cuda:0', requires_grad=True)
loss training: 0.458745
accuracy train: 0.857143 test: 0.800000

Parameter containing:
tensor([], device='cuda:0', requires_grad=True)
loss training: 0.450908
accuracy train: 0.857143 test: 0.800000

Parameter containing:
tensor([], device='cuda:0', requires_grad=True)
loss training: 0.457125
accuracy train: 0.863095 test: 0.850000

Parameter containing:
tensor([], device='cuda:0', requires_grad=True)
loss training: 0.458787
accuracy train: 0.869048 test: 0.850000

Parameter containing:
tensor([], device='cuda:0', requires_grad=True)
loss training: 0.445790
accuracy train: 0.863095 test: 0.850000

Parameter containing:
tensor([], device='cuda:0', requires_grad=True)
loss training: 0.460788
accuracy train: 0.869048 test: 0.850000

Parameter containing:
tensor([], device='cuda:0', requires_grad=True)
loss training: 0.453754
accuracy train: 0.857143 test: 0.800000

Parameter containing:
tensor([], device='cuda:0', requires_grad=True)
loss training: 0.459254
accuracy train: 0.857143 test: 0.800000

Parameter containing:
tensor([], device='cuda:0', requires_grad=True)
loss training: 0.454784
accuracy train: 0.863095 test: 0.850000

Parameter containing:
tensor([], device='cuda:0', requires_grad=True)
loss training: 0.454362
accuracy train: 0.857143 test: 0.800000

Parameter containing:
tensor([], device='cuda:0', requires_grad=True)
loss training: 0.455028
accuracy train: 0.863095 test: 0.850000

Parameter containing:
tensor([], device='cuda:0', requires_grad=True)
loss training: 0.463433
accuracy train: 0.857143 test: 0.800000

Parameter containing:
tensor([], device='cuda:0', requires_grad=True)
loss training: 0.458200
accuracy train: 0.857143 test: 0.800000

Parameter containing:
tensor([], device='cuda:0', requires_grad=True)
loss training: 0.458946
accuracy train: 0.869048 test: 0.850000

Parameter containing:
tensor([], device='cuda:0', requires_grad=True)
loss training: 0.461537
accuracy train: 0.857143 test: 0.800000

Parameter containing:
tensor([], device='cuda:0', requires_grad=True)
loss training: 0.451434
accuracy train: 0.857143 test: 0.800000

Parameter containing:
tensor([], device='cuda:0', requires_grad=True)
loss training: 0.450249
accuracy train: 0.857143 test: 0.850000

Parameter containing:
tensor([], device='cuda:0', requires_grad=True)
loss training: 0.463981
accuracy train: 0.857143 test: 0.800000

Parameter containing:
tensor([], device='cuda:0', requires_grad=True)
loss training: 0.446424
accuracy train: 0.869048 test: 0.850000

Parameter containing:
tensor([], device='cuda:0', requires_grad=True)
loss training: 0.461838
accuracy train: 0.869048 test: 0.850000

Parameter containing:
tensor([], device='cuda:0', requires_grad=True)
loss training: 0.452520
accuracy train: 0.869048 test: 0.850000

Parameter containing:
tensor([], device='cuda:0', requires_grad=True)
loss training: 0.467930
accuracy train: 0.869048 test: 0.850000

Parameter containing:
tensor([], device='cuda:0', requires_grad=True)
loss training: 0.454330
accuracy train: 0.863095 test: 0.850000

Parameter containing:
tensor([], device='cuda:0', requires_grad=True)
loss training: 0.455690
accuracy train: 0.863095 test: 0.850000

Parameter containing:
tensor([], device='cuda:0', requires_grad=True)
loss training: 0.455617
accuracy train: 0.869048 test: 0.850000

Parameter containing:
tensor([], device='cuda:0', requires_grad=True)
loss training: 0.466165
accuracy train: 0.857143 test: 0.800000

Parameter containing:
tensor([], device='cuda:0', requires_grad=True)
loss training: 0.458294
accuracy train: 0.857143 test: 0.850000

Parameter containing:
tensor([], device='cuda:0', requires_grad=True)
loss training: 0.455324
accuracy train: 0.857143 test: 0.800000

Parameter containing:
tensor([], device='cuda:0', requires_grad=True)
loss training: 0.456863
accuracy train: 0.869048 test: 0.850000

Parameter containing:
tensor([], device='cuda:0', requires_grad=True)
loss training: 0.457905
accuracy train: 0.869048 test: 0.850000

Parameter containing:
tensor([], device='cuda:0', requires_grad=True)
loss training: 0.453772
accuracy train: 0.869048 test: 0.850000

Parameter containing:
tensor([], device='cuda:0', requires_grad=True)
loss training: 0.464268
accuracy train: 0.869048 test: 0.850000

Parameter containing:
tensor([], device='cuda:0', requires_grad=True)
loss training: 0.457325
accuracy train: 0.857143 test: 0.800000

Parameter containing:
tensor([], device='cuda:0', requires_grad=True)
loss training: 0.453737
accuracy train: 0.869048 test: 0.850000

Parameter containing:
tensor([], device='cuda:0', requires_grad=True)
loss training: 0.453978
accuracy train: 0.869048 test: 0.850000

Parameter containing:
tensor([], device='cuda:0', requires_grad=True)
loss training: 0.450763
accuracy train: 0.869048 test: 0.850000

Parameter containing:
tensor([], device='cuda:0', requires_grad=True)
loss training: 0.455103
accuracy train: 0.857143 test: 0.800000

Parameter containing:
tensor([], device='cuda:0', requires_grad=True)
loss training: 0.452171
accuracy train: 0.857143 test: 0.800000

Parameter containing:
tensor([], device='cuda:0', requires_grad=True)
loss training: 0.455189
accuracy train: 0.857143 test: 0.800000

Parameter containing:
tensor([], device='cuda:0', requires_grad=True)
loss training: 0.456566
accuracy train: 0.869048 test: 0.850000

Parameter containing:
tensor([], device='cuda:0', requires_grad=True)
loss training: 0.453681
accuracy train: 0.863095 test: 0.850000

Parameter containing:
tensor([], device='cuda:0', requires_grad=True)
loss training: 0.472738
accuracy train: 0.869048 test: 0.850000

Parameter containing:
tensor([], device='cuda:0', requires_grad=True)
loss training: 0.450897
accuracy train: 0.869048 test: 0.850000

Parameter containing:
tensor([], device='cuda:0', requires_grad=True)
loss training: 0.446964
accuracy train: 0.869048 test: 0.850000

Parameter containing:
tensor([], device='cuda:0', requires_grad=True)
loss training: 0.451700
accuracy train: 0.857143 test: 0.800000

Parameter containing:
tensor([], device='cuda:0', requires_grad=True)
loss training: 0.455991
accuracy train: 0.869048 test: 0.850000

Parameter containing:
tensor([], device='cuda:0', requires_grad=True)
loss training: 0.455536
accuracy train: 0.869048 test: 0.850000

Parameter containing:
tensor([], device='cuda:0', requires_grad=True)
loss training: 0.454947
accuracy train: 0.863095 test: 0.850000

Parameter containing:
tensor([], device='cuda:0', requires_grad=True)
loss training: 0.462789
accuracy train: 0.869048 test: 0.850000

Parameter containing:
tensor([], device='cuda:0', requires_grad=True)
loss training: 0.452131
accuracy train: 0.863095 test: 0.850000

Parameter containing:
tensor([], device='cuda:0', requires_grad=True)
loss training: 0.461434
accuracy train: 0.857143 test: 0.800000

Parameter containing:
tensor([], device='cuda:0', requires_grad=True)
loss training: 0.453366
accuracy train: 0.869048 test: 0.850000

Parameter containing:
tensor([], device='cuda:0', requires_grad=True)
loss training: 0.459054
accuracy train: 0.857143 test: 0.800000

Parameter containing:
tensor([], device='cuda:0', requires_grad=True)
loss training: 0.457725
accuracy train: 0.857143 test: 0.850000

Parameter containing:
tensor([], device='cuda:0', requires_grad=True)
loss training: 0.468261
accuracy train: 0.863095 test: 0.850000

Parameter containing:
tensor([], device='cuda:0', requires_grad=True)
loss training: 0.461741
accuracy train: 0.869048 test: 0.850000

Parameter containing:
tensor([], device='cuda:0', requires_grad=True)
loss training: 0.455505
accuracy train: 0.869048 test: 0.850000

Parameter containing:
tensor([], device='cuda:0', requires_grad=True)
loss training: 0.460212
accuracy train: 0.857143 test: 0.800000

Parameter containing:
tensor([], device='cuda:0', requires_grad=True)
loss training: 0.456370
accuracy train: 0.857143 test: 0.800000

Parameter containing:
tensor([], device='cuda:0', requires_grad=True)
loss training: 0.451461
accuracy train: 0.857143 test: 0.800000

Parameter containing:
tensor([], device='cuda:0', requires_grad=True)
loss training: 0.456576
accuracy train: 0.869048 test: 0.800000

Parameter containing:
tensor([], device='cuda:0', requires_grad=True)
loss training: 0.452999
accuracy train: 0.857143 test: 0.800000

Parameter containing:
tensor([], device='cuda:0', requires_grad=True)
loss training: 0.461072
accuracy train: 0.869048 test: 0.850000

Parameter containing:
tensor([], device='cuda:0', requires_grad=True)
loss training: 0.456720
accuracy train: 0.857143 test: 0.800000

Parameter containing:
tensor([], device='cuda:0', requires_grad=True)
loss training: 0.462659
accuracy train: 0.857143 test: 0.800000

Parameter containing:
tensor([], device='cuda:0', requires_grad=True)
loss training: 0.453350
accuracy train: 0.869048 test: 0.850000

Parameter containing:
tensor([], device='cuda:0', requires_grad=True)
loss training: 0.458492
accuracy train: 0.857143 test: 0.800000

Parameter containing:
tensor([], device='cuda:0', requires_grad=True)
loss training: 0.462026
accuracy train: 0.869048 test: 0.850000

Parameter containing:
tensor([], device='cuda:0', requires_grad=True)
loss training: 0.456443
accuracy train: 0.869048 test: 0.850000

Parameter containing:
tensor([], device='cuda:0', requires_grad=True)
loss training: 0.459124
accuracy train: 0.869048 test: 0.850000

Parameter containing:
tensor([], device='cuda:0', requires_grad=True)
loss training: 0.454288
accuracy train: 0.857143 test: 0.800000

Parameter containing:
tensor([], device='cuda:0', requires_grad=True)
loss training: 0.453603
accuracy train: 0.869048 test: 0.850000

Parameter containing:
tensor([], device='cuda:0', requires_grad=True)
loss training: 0.446032
accuracy train: 0.869048 test: 0.850000

Parameter containing:
tensor([], device='cuda:0', requires_grad=True)
loss training: 0.456809
accuracy train: 0.857143 test: 0.800000

Parameter containing:
tensor([], device='cuda:0', requires_grad=True)
loss training: 0.455741
accuracy train: 0.857143 test: 0.800000

Parameter containing:
tensor([], device='cuda:0', requires_grad=True)
loss training: 0.457777
accuracy train: 0.857143 test: 0.850000

Parameter containing:
tensor([], device='cuda:0', requires_grad=True)
loss training: 0.456963
accuracy train: 0.869048 test: 0.850000

Parameter containing:
tensor([], device='cuda:0', requires_grad=True)
loss training: 0.464639
accuracy train: 0.869048 test: 0.850000

Parameter containing:
tensor([], device='cuda:0', requires_grad=True)
loss training: 0.459159
accuracy train: 0.869048 test: 0.850000

Parameter containing:
tensor([], device='cuda:0', requires_grad=True)
loss training: 0.456328
accuracy train: 0.857143 test: 0.850000

Parameter containing:
tensor([], device='cuda:0', requires_grad=True)
loss training: 0.448675
accuracy train: 0.857143 test: 0.800000

Parameter containing:
tensor([], device='cuda:0', requires_grad=True)
loss training: 0.456336
accuracy train: 0.869048 test: 0.850000

Parameter containing:
tensor([], device='cuda:0', requires_grad=True)
loss training: 0.453965
accuracy train: 0.869048 test: 0.850000

Parameter containing:
tensor([], device='cuda:0', requires_grad=True)
loss training: 0.447835
accuracy train: 0.869048 test: 0.850000

Parameter containing:
tensor([], device='cuda:0', requires_grad=True)
loss training: 0.455818
accuracy train: 0.869048 test: 0.850000

Parameter containing:
tensor([], device='cuda:0', requires_grad=True)
loss training: 0.451129
accuracy train: 0.863095 test: 0.850000

Parameter containing:
tensor([], device='cuda:0', requires_grad=True)
loss training: 0.454030
accuracy train: 0.869048 test: 0.850000

Parameter containing:
tensor([], device='cuda:0', requires_grad=True)
loss training: 0.455671
accuracy train: 0.863095 test: 0.850000

Parameter containing:
tensor([], device='cuda:0', requires_grad=True)
loss training: 0.459754
accuracy train: 0.869048 test: 0.850000

Parameter containing:
tensor([], device='cuda:0', requires_grad=True)
loss training: 0.458214
accuracy train: 0.869048 test: 0.850000

Parameter containing:
tensor([], device='cuda:0', requires_grad=True)
loss training: 0.462093
accuracy train: 0.869048 test: 0.850000

Parameter containing:
tensor([], device='cuda:0', requires_grad=True)
loss training: 0.455670
accuracy train: 0.869048 test: 0.850000

Parameter containing:
tensor([], device='cuda:0', requires_grad=True)
loss training: 0.456839
accuracy train: 0.863095 test: 0.850000

Parameter containing:
tensor([], device='cuda:0', requires_grad=True)
loss training: 0.450342
accuracy train: 0.857143 test: 0.800000

Parameter containing:
tensor([], device='cuda:0', requires_grad=True)
loss training: 0.461822
accuracy train: 0.857143 test: 0.850000

Parameter containing:
tensor([], device='cuda:0', requires_grad=True)
loss training: 0.450914
accuracy train: 0.857143 test: 0.800000

Parameter containing:
tensor([], device='cuda:0', requires_grad=True)
loss training: 0.448167
accuracy train: 0.857143 test: 0.800000

Parameter containing:
tensor([], device='cuda:0', requires_grad=True)
loss training: 0.462594
accuracy train: 0.863095 test: 0.850000

Parameter containing:
tensor([], device='cuda:0', requires_grad=True)
loss training: 0.442740
accuracy train: 0.869048 test: 0.850000

Parameter containing:
tensor([], device='cuda:0', requires_grad=True)
loss training: 0.452090
accuracy train: 0.869048 test: 0.850000

Parameter containing:
tensor([], device='cuda:0', requires_grad=True)
loss training: 0.455340
accuracy train: 0.869048 test: 0.800000

Parameter containing:
tensor([], device='cuda:0', requires_grad=True)
loss training: 0.460171
accuracy train: 0.869048 test: 0.850000

Parameter containing:
tensor([], device='cuda:0', requires_grad=True)
loss training: 0.443220
accuracy train: 0.869048 test: 0.850000

Parameter containing:
tensor([], device='cuda:0', requires_grad=True)
loss training: 0.450282
accuracy train: 0.869048 test: 0.850000

Parameter containing:
tensor([], device='cuda:0', requires_grad=True)
loss training: 0.452405
accuracy train: 0.863095 test: 0.850000

Parameter containing:
tensor([], device='cuda:0', requires_grad=True)
loss training: 0.456049
accuracy train: 0.869048 test: 0.850000

Parameter containing:
tensor([], device='cuda:0', requires_grad=True)
loss training: 0.460281
accuracy train: 0.857143 test: 0.800000

Parameter containing:
tensor([], device='cuda:0', requires_grad=True)
loss training: 0.461241
accuracy train: 0.857143 test: 0.800000

Parameter containing:
tensor([], device='cuda:0', requires_grad=True)
loss training: 0.458205
accuracy train: 0.869048 test: 0.850000

Parameter containing:
tensor([], device='cuda:0', requires_grad=True)
loss training: 0.463522
accuracy train: 0.857143 test: 0.800000

Parameter containing:
tensor([], device='cuda:0', requires_grad=True)
loss training: 0.459622
accuracy train: 0.863095 test: 0.850000

Parameter containing:
tensor([], device='cuda:0', requires_grad=True)
loss training: 0.444257
accuracy train: 0.857143 test: 0.800000

Parameter containing:
tensor([], device='cuda:0', requires_grad=True)
loss training: 0.461348
accuracy train: 0.869048 test: 0.850000

Parameter containing:
tensor([], device='cuda:0', requires_grad=True)
loss training: 0.460530
accuracy train: 0.869048 test: 0.850000

Parameter containing:
tensor([], device='cuda:0', requires_grad=True)
loss training: 0.455771
accuracy train: 0.869048 test: 0.850000

Parameter containing:
tensor([], device='cuda:0', requires_grad=True)
loss training: 0.462510
accuracy train: 0.869048 test: 0.850000

Parameter containing:
tensor([], device='cuda:0', requires_grad=True)
loss training: 0.458306
accuracy train: 0.869048 test: 0.850000

Parameter containing:
tensor([], device='cuda:0', requires_grad=True)
loss training: 0.457713
accuracy train: 0.869048 test: 0.850000

Parameter containing:
tensor([], device='cuda:0', requires_grad=True)
loss training: 0.449039
accuracy train: 0.869048 test: 0.850000

Parameter containing:
tensor([], device='cuda:0', requires_grad=True)
loss training: 0.450561
accuracy train: 0.857143 test: 0.800000

Parameter containing:
tensor([], device='cuda:0', requires_grad=True)
loss training: 0.448866
accuracy train: 0.869048 test: 0.850000

Parameter containing:
tensor([], device='cuda:0', requires_grad=True)
loss training: 0.455733
accuracy train: 0.869048 test: 0.850000

Parameter containing:
tensor([], device='cuda:0', requires_grad=True)
loss training: 0.450160
accuracy train: 0.869048 test: 0.850000

Parameter containing:
tensor([], device='cuda:0', requires_grad=True)
loss training: 0.459770
accuracy train: 0.869048 test: 0.850000

Parameter containing:
tensor([], device='cuda:0', requires_grad=True)
loss training: 0.453958
accuracy train: 0.857143 test: 0.800000

Parameter containing:
tensor([], device='cuda:0', requires_grad=True)
loss training: 0.448576
accuracy train: 0.857143 test: 0.800000

Parameter containing:
tensor([], device='cuda:0', requires_grad=True)
loss training: 0.461972
accuracy train: 0.857143 test: 0.800000

Parameter containing:
tensor([], device='cuda:0', requires_grad=True)
loss training: 0.455838
accuracy train: 0.869048 test: 0.850000

Parameter containing:
tensor([], device='cuda:0', requires_grad=True)
loss training: 0.469101
accuracy train: 0.869048 test: 0.850000

Parameter containing:
tensor([], device='cuda:0', requires_grad=True)
loss training: 0.456280
accuracy train: 0.869048 test: 0.850000

Parameter containing:
tensor([], device='cuda:0', requires_grad=True)
loss training: 0.462031
accuracy train: 0.869048 test: 0.850000

Parameter containing:
tensor([], device='cuda:0', requires_grad=True)
loss training: 0.456259
accuracy train: 0.857143 test: 0.850000

Parameter containing:
tensor([], device='cuda:0', requires_grad=True)
loss training: 0.462320
accuracy train: 0.869048 test: 0.850000

Parameter containing:
tensor([], device='cuda:0', requires_grad=True)
loss training: 0.456067
accuracy train: 0.857143 test: 0.850000

Parameter containing:
tensor([], device='cuda:0', requires_grad=True)
loss training: 0.452239
accuracy train: 0.869048 test: 0.850000

Parameter containing:
tensor([], device='cuda:0', requires_grad=True)
loss training: 0.459896
accuracy train: 0.869048 test: 0.850000

Parameter containing:
tensor([], device='cuda:0', requires_grad=True)
loss training: 0.449562
accuracy train: 0.869048 test: 0.850000

Parameter containing:
tensor([], device='cuda:0', requires_grad=True)
loss training: 0.450889
accuracy train: 0.857143 test: 0.800000

Parameter containing:
tensor([], device='cuda:0', requires_grad=True)
loss training: 0.454645
accuracy train: 0.869048 test: 0.850000

Parameter containing:
tensor([], device='cuda:0', requires_grad=True)
loss training: 0.461441
accuracy train: 0.869048 test: 0.850000

Parameter containing:
tensor([], device='cuda:0', requires_grad=True)
loss training: 0.452960
accuracy train: 0.869048 test: 0.850000

Parameter containing:
tensor([], device='cuda:0', requires_grad=True)
loss training: 0.456175
accuracy train: 0.869048 test: 0.850000

Parameter containing:
tensor([], device='cuda:0', requires_grad=True)
loss training: 0.457445
accuracy train: 0.869048 test: 0.850000

Parameter containing:
tensor([], device='cuda:0', requires_grad=True)
loss training: 0.461390
accuracy train: 0.869048 test: 0.850000

Parameter containing:
tensor([], device='cuda:0', requires_grad=True)
loss training: 0.448027
accuracy train: 0.857143 test: 0.800000

Parameter containing:
tensor([], device='cuda:0', requires_grad=True)
loss training: 0.453759
accuracy train: 0.869048 test: 0.850000

Parameter containing:
tensor([], device='cuda:0', requires_grad=True)
loss training: 0.458489
accuracy train: 0.869048 test: 0.850000

Parameter containing:
tensor([], device='cuda:0', requires_grad=True)
loss training: 0.449592
accuracy train: 0.857143 test: 0.850000

Parameter containing:
tensor([], device='cuda:0', requires_grad=True)
loss training: 0.459625
accuracy train: 0.857143 test: 0.800000

Parameter containing:
tensor([], device='cuda:0', requires_grad=True)
loss training: 0.459074
accuracy train: 0.869048 test: 0.850000

Parameter containing:
tensor([], device='cuda:0', requires_grad=True)
loss training: 0.459657
accuracy train: 0.869048 test: 0.850000

Parameter containing:
tensor([], device='cuda:0', requires_grad=True)
loss training: 0.456624
accuracy train: 0.869048 test: 0.850000

Parameter containing:
tensor([], device='cuda:0', requires_grad=True)
loss training: 0.455483
accuracy train: 0.863095 test: 0.850000

Parameter containing:
tensor([], device='cuda:0', requires_grad=True)
loss training: 0.463794
accuracy train: 0.869048 test: 0.850000

Parameter containing:
tensor([], device='cuda:0', requires_grad=True)
loss training: 0.449210
accuracy train: 0.869048 test: 0.850000

Parameter containing:
tensor([], device='cuda:0', requires_grad=True)
loss training: 0.456301
accuracy train: 0.869048 test: 0.850000

Parameter containing:
tensor([], device='cuda:0', requires_grad=True)
loss training: 0.458825
accuracy train: 0.857143 test: 0.850000

Parameter containing:
tensor([], device='cuda:0', requires_grad=True)
loss training: 0.454802
accuracy train: 0.869048 test: 0.850000

Parameter containing:
tensor([], device='cuda:0', requires_grad=True)
loss training: 0.466722
accuracy train: 0.869048 test: 0.850000

Parameter containing:
tensor([], device='cuda:0', requires_grad=True)
loss training: 0.460686
accuracy train: 0.869048 test: 0.850000

Parameter containing:
tensor([], device='cuda:0', requires_grad=True)
loss training: 0.451453
accuracy train: 0.869048 test: 0.850000

Parameter containing:
tensor([], device='cuda:0', requires_grad=True)
loss training: 0.452322
accuracy train: 0.857143 test: 0.800000

Parameter containing:
tensor([], device='cuda:0', requires_grad=True)
loss training: 0.446294
accuracy train: 0.869048 test: 0.850000

Parameter containing:
tensor([], device='cuda:0', requires_grad=True)
loss training: 0.458294
accuracy train: 0.869048 test: 0.850000

Parameter containing:
tensor([], device='cuda:0', requires_grad=True)
loss training: 0.455485
accuracy train: 0.869048 test: 0.850000

Parameter containing:
tensor([], device='cuda:0', requires_grad=True)
loss training: 0.458323
accuracy train: 0.869048 test: 0.850000

Parameter containing:
tensor([], device='cuda:0', requires_grad=True)
loss training: 0.453644
accuracy train: 0.869048 test: 0.850000

Parameter containing:
tensor([], device='cuda:0', requires_grad=True)
loss training: 0.453396
accuracy train: 0.869048 test: 0.850000

Parameter containing:
tensor([], device='cuda:0', requires_grad=True)
loss training: 0.458837
accuracy train: 0.869048 test: 0.850000

Parameter containing:
tensor([], device='cuda:0', requires_grad=True)
loss training: 0.449308
accuracy train: 0.857143 test: 0.800000

Parameter containing:
tensor([], device='cuda:0', requires_grad=True)
loss training: 0.451896
accuracy train: 0.869048 test: 0.850000

Parameter containing:
tensor([], device='cuda:0', requires_grad=True)
loss training: 0.456667
accuracy train: 0.869048 test: 0.850000

Parameter containing:
tensor([], device='cuda:0', requires_grad=True)
loss training: 0.460507
accuracy train: 0.857143 test: 0.850000

Parameter containing:
tensor([], device='cuda:0', requires_grad=True)
loss training: 0.463790
accuracy train: 0.869048 test: 0.850000

Parameter containing:
tensor([], device='cuda:0', requires_grad=True)
loss training: 0.457254
accuracy train: 0.869048 test: 0.850000

Parameter containing:
tensor([], device='cuda:0', requires_grad=True)
loss training: 0.462247
accuracy train: 0.869048 test: 0.850000

Parameter containing:
tensor([], device='cuda:0', requires_grad=True)
loss training: 0.451081
accuracy train: 0.869048 test: 0.850000

Parameter containing:
tensor([], device='cuda:0', requires_grad=True)
loss training: 0.455188
accuracy train: 0.869048 test: 0.850000

Parameter containing:
tensor([], device='cuda:0', requires_grad=True)
loss training: 0.453088
accuracy train: 0.869048 test: 0.850000

Parameter containing:
tensor([], device='cuda:0', requires_grad=True)
loss training: 0.458965
accuracy train: 0.857143 test: 0.800000

Parameter containing:
tensor([], device='cuda:0', requires_grad=True)
loss training: 0.454298
accuracy train: 0.869048 test: 0.850000

Parameter containing:
tensor([], device='cuda:0', requires_grad=True)
loss training: 0.452181
accuracy train: 0.869048 test: 0.850000

Parameter containing:
tensor([], device='cuda:0', requires_grad=True)
loss training: 0.458286
accuracy train: 0.869048 test: 0.850000

Parameter containing:
tensor([], device='cuda:0', requires_grad=True)
loss training: 0.456120
accuracy train: 0.857143 test: 0.800000

Parameter containing:
tensor([], device='cuda:0', requires_grad=True)
loss training: 0.452546
accuracy train: 0.869048 test: 0.850000

Parameter containing:
tensor([], device='cuda:0', requires_grad=True)
loss training: 0.451599
accuracy train: 0.869048 test: 0.850000

Parameter containing:
tensor([], device='cuda:0', requires_grad=True)
loss training: 0.447455
accuracy train: 0.857143 test: 0.800000

Parameter containing:
tensor([], device='cuda:0', requires_grad=True)
loss training: 0.448615
accuracy train: 0.869048 test: 0.850000

Parameter containing:
tensor([], device='cuda:0', requires_grad=True)
loss training: 0.454122
accuracy train: 0.869048 test: 0.850000

Parameter containing:
tensor([], device='cuda:0', requires_grad=True)
loss training: 0.449831
accuracy train: 0.869048 test: 0.850000

Parameter containing:
tensor([], device='cuda:0', requires_grad=True)
loss training: 0.454168
accuracy train: 0.869048 test: 0.850000

Parameter containing:
tensor([], device='cuda:0', requires_grad=True)
loss training: 0.448606
accuracy train: 0.869048 test: 0.850000

Parameter containing:
tensor([], device='cuda:0', requires_grad=True)
loss training: 0.456161
accuracy train: 0.869048 test: 0.850000

Parameter containing:
tensor([], device='cuda:0', requires_grad=True)
loss training: 0.459731
accuracy train: 0.857143 test: 0.850000

Parameter containing:
tensor([], device='cuda:0', requires_grad=True)
loss training: 0.444842
accuracy train: 0.869048 test: 0.850000

Parameter containing:
tensor([], device='cuda:0', requires_grad=True)
loss training: 0.449102
accuracy train: 0.869048 test: 0.850000

Parameter containing:
tensor([], device='cuda:0', requires_grad=True)
loss training: 0.456925
accuracy train: 0.869048 test: 0.850000

Parameter containing:
tensor([], device='cuda:0', requires_grad=True)
loss training: 0.462881
accuracy train: 0.869048 test: 0.850000

Parameter containing:
tensor([], device='cuda:0', requires_grad=True)
loss training: 0.454191
accuracy train: 0.869048 test: 0.850000

Parameter containing:
tensor([], device='cuda:0', requires_grad=True)
loss training: 0.451922
accuracy train: 0.869048 test: 0.850000

Parameter containing:
tensor([], device='cuda:0', requires_grad=True)
loss training: 0.463734
accuracy train: 0.857143 test: 0.800000

Parameter containing:
tensor([], device='cuda:0', requires_grad=True)
loss training: 0.457373
accuracy train: 0.869048 test: 0.850000

Parameter containing:
tensor([], device='cuda:0', requires_grad=True)
loss training: 0.452411
accuracy train: 0.857143 test: 0.800000

Parameter containing:
tensor([], device='cuda:0', requires_grad=True)
loss training: 0.451929
accuracy train: 0.857143 test: 0.850000

Parameter containing:
tensor([], device='cuda:0', requires_grad=True)
loss training: 0.455844
accuracy train: 0.869048 test: 0.850000

Parameter containing:
tensor([], device='cuda:0', requires_grad=True)
loss training: 0.461127
accuracy train: 0.869048 test: 0.850000

Parameter containing:
tensor([], device='cuda:0', requires_grad=True)
loss training: 0.457608
accuracy train: 0.869048 test: 0.850000

Parameter containing:
tensor([], device='cuda:0', requires_grad=True)
loss training: 0.451758
accuracy train: 0.869048 test: 0.850000

Parameter containing:
tensor([], device='cuda:0', requires_grad=True)
loss training: 0.464936
accuracy train: 0.869048 test: 0.850000

Parameter containing:
tensor([], device='cuda:0', requires_grad=True)
loss training: 0.460528
accuracy train: 0.869048 test: 0.850000

Parameter containing:
tensor([], device='cuda:0', requires_grad=True)
loss training: 0.461452
accuracy train: 0.869048 test: 0.850000

Parameter containing:
tensor([], device='cuda:0', requires_grad=True)
loss training: 0.452469
accuracy train: 0.869048 test: 0.850000

Parameter containing:
tensor([], device='cuda:0', requires_grad=True)
loss training: 0.457550
accuracy train: 0.869048 test: 0.850000

Parameter containing:
tensor([], device='cuda:0', requires_grad=True)
loss training: 0.451153
accuracy train: 0.869048 test: 0.850000

Parameter containing:
tensor([], device='cuda:0', requires_grad=True)
loss training: 0.456786
accuracy train: 0.869048 test: 0.850000

Parameter containing:
tensor([], device='cuda:0', requires_grad=True)
loss training: 0.454999
accuracy train: 0.869048 test: 0.850000

Parameter containing:
tensor([], device='cuda:0', requires_grad=True)
loss training: 0.455069
accuracy train: 0.857143 test: 0.850000

Parameter containing:
tensor([], device='cuda:0', requires_grad=True)
loss training: 0.460511
accuracy train: 0.869048 test: 0.850000

Parameter containing:
tensor([], device='cuda:0', requires_grad=True)
loss training: 0.458013
accuracy train: 0.869048 test: 0.850000

Parameter containing:
tensor([], device='cuda:0', requires_grad=True)
loss training: 0.459126
accuracy train: 0.869048 test: 0.850000

Parameter containing:
tensor([], device='cuda:0', requires_grad=True)
loss training: 0.457268
accuracy train: 0.869048 test: 0.850000

Parameter containing:
tensor([], device='cuda:0', requires_grad=True)
loss training: 0.462729
accuracy train: 0.869048 test: 0.850000

Parameter containing:
tensor([], device='cuda:0', requires_grad=True)
loss training: 0.455159
accuracy train: 0.869048 test: 0.850000

Parameter containing:
tensor([], device='cuda:0', requires_grad=True)
loss training: 0.456830
accuracy train: 0.869048 test: 0.850000

Parameter containing:
tensor([], device='cuda:0', requires_grad=True)
loss training: 0.454772
accuracy train: 0.869048 test: 0.850000

Parameter containing:
tensor([], device='cuda:0', requires_grad=True)
loss training: 0.464888
accuracy train: 0.869048 test: 0.850000

Parameter containing:
tensor([], device='cuda:0', requires_grad=True)
loss training: 0.472752
accuracy train: 0.869048 test: 0.850000

Parameter containing:
tensor([], device='cuda:0', requires_grad=True)
loss training: 0.459056
accuracy train: 0.869048 test: 0.850000

Parameter containing:
tensor([], device='cuda:0', requires_grad=True)
loss training: 0.464178
accuracy train: 0.869048 test: 0.850000

Parameter containing:
tensor([], device='cuda:0', requires_grad=True)
loss training: 0.455056
accuracy train: 0.869048 test: 0.850000

Parameter containing:
tensor([], device='cuda:0', requires_grad=True)
loss training: 0.457062
accuracy train: 0.869048 test: 0.850000

Parameter containing:
tensor([], device='cuda:0', requires_grad=True)
loss training: 0.457327
accuracy train: 0.869048 test: 0.850000

Parameter containing:
tensor([], device='cuda:0', requires_grad=True)
loss training: 0.454273
accuracy train: 0.869048 test: 0.850000

Parameter containing:
tensor([], device='cuda:0', requires_grad=True)
loss training: 0.451284
accuracy train: 0.869048 test: 0.850000

Parameter containing:
tensor([], device='cuda:0', requires_grad=True)
loss training: 0.450253
accuracy train: 0.869048 test: 0.850000

Parameter containing:
tensor([], device='cuda:0', requires_grad=True)
loss training: 0.446203
accuracy train: 0.869048 test: 0.850000

Parameter containing:
tensor([], device='cuda:0', requires_grad=True)
loss training: 0.458703
accuracy train: 0.869048 test: 0.850000

Parameter containing:
tensor([], device='cuda:0', requires_grad=True)
loss training: 0.454525
accuracy train: 0.869048 test: 0.850000

Parameter containing:
tensor([], device='cuda:0', requires_grad=True)
loss training: 0.450007
accuracy train: 0.869048 test: 0.850000

Parameter containing:
tensor([], device='cuda:0', requires_grad=True)
loss training: 0.456043
accuracy train: 0.869048 test: 0.850000

Parameter containing:
tensor([], device='cuda:0', requires_grad=True)
loss training: 0.464307
accuracy train: 0.869048 test: 0.850000

Parameter containing:
tensor([], device='cuda:0', requires_grad=True)
loss training: 0.453048
accuracy train: 0.869048 test: 0.850000

Parameter containing:
tensor([], device='cuda:0', requires_grad=True)
loss training: 0.448094
accuracy train: 0.857143 test: 0.850000

Parameter containing:
tensor([], device='cuda:0', requires_grad=True)
loss training: 0.459916
accuracy train: 0.869048 test: 0.850000

Parameter containing:
tensor([], device='cuda:0', requires_grad=True)
loss training: 0.454493
accuracy train: 0.869048 test: 0.850000

Parameter containing:
tensor([], device='cuda:0', requires_grad=True)
loss training: 0.457875
accuracy train: 0.869048 test: 0.850000

Parameter containing:
tensor([], device='cuda:0', requires_grad=True)
loss training: 0.459752
accuracy train: 0.857143 test: 0.850000

Parameter containing:
tensor([], device='cuda:0', requires_grad=True)
loss training: 0.451600
accuracy train: 0.869048 test: 0.850000

Parameter containing:
tensor([], device='cuda:0', requires_grad=True)
loss training: 0.450905
accuracy train: 0.869048 test: 0.850000

Parameter containing:
tensor([], device='cuda:0', requires_grad=True)
loss training: 0.450993
accuracy train: 0.857143 test: 0.800000

Parameter containing:
tensor([], device='cuda:0', requires_grad=True)
loss training: 0.454576
accuracy train: 0.869048 test: 0.850000

Parameter containing:
tensor([], device='cuda:0', requires_grad=True)
loss training: 0.456165
accuracy train: 0.869048 test: 0.850000

Parameter containing:
tensor([], device='cuda:0', requires_grad=True)
loss training: 0.459423
accuracy train: 0.869048 test: 0.850000

Parameter containing:
tensor([], device='cuda:0', requires_grad=True)
loss training: 0.448302
accuracy train: 0.857143 test: 0.800000

Parameter containing:
tensor([], device='cuda:0', requires_grad=True)
loss training: 0.463568
accuracy train: 0.869048 test: 0.850000

Parameter containing:
tensor([], device='cuda:0', requires_grad=True)
loss training: 0.464978
accuracy train: 0.869048 test: 0.850000

Parameter containing:
tensor([], device='cuda:0', requires_grad=True)
loss training: 0.458578
accuracy train: 0.869048 test: 0.850000

Parameter containing:
tensor([], device='cuda:0', requires_grad=True)
loss training: 0.450939
accuracy train: 0.857143 test: 0.800000

Parameter containing:
tensor([], device='cuda:0', requires_grad=True)
loss training: 0.462360
accuracy train: 0.869048 test: 0.850000

Parameter containing:
tensor([], device='cuda:0', requires_grad=True)
loss training: 0.457034
accuracy train: 0.869048 test: 0.850000

Parameter containing:
tensor([], device='cuda:0', requires_grad=True)
loss training: 0.456497
accuracy train: 0.869048 test: 0.850000

Parameter containing:
tensor([], device='cuda:0', requires_grad=True)
loss training: 0.459443
accuracy train: 0.869048 test: 0.850000

Parameter containing:
tensor([], device='cuda:0', requires_grad=True)
loss training: 0.461124
accuracy train: 0.869048 test: 0.850000

Parameter containing:
tensor([], device='cuda:0', requires_grad=True)
loss training: 0.457113
accuracy train: 0.869048 test: 0.850000

Parameter containing:
tensor([], device='cuda:0', requires_grad=True)
loss training: 0.450635
accuracy train: 0.869048 test: 0.850000

Parameter containing:
tensor([], device='cuda:0', requires_grad=True)
loss training: 0.452010
accuracy train: 0.869048 test: 0.850000

Parameter containing:
tensor([], device='cuda:0', requires_grad=True)
loss training: 0.453617
accuracy train: 0.869048 test: 0.850000

Parameter containing:
tensor([], device='cuda:0', requires_grad=True)
loss training: 0.458055
accuracy train: 0.869048 test: 0.850000

Parameter containing:
tensor([], device='cuda:0', requires_grad=True)
loss training: 0.451577
accuracy train: 0.869048 test: 0.850000

Parameter containing:
tensor([], device='cuda:0', requires_grad=True)
loss training: 0.452251
accuracy train: 0.869048 test: 0.850000

Parameter containing:
tensor([], device='cuda:0', requires_grad=True)
loss training: 0.454756
accuracy train: 0.869048 test: 0.850000

Parameter containing:
tensor([], device='cuda:0', requires_grad=True)
loss training: 0.448290
accuracy train: 0.869048 test: 0.850000

Parameter containing:
tensor([], device='cuda:0', requires_grad=True)
loss training: 0.451913
accuracy train: 0.869048 test: 0.850000

Parameter containing:
tensor([], device='cuda:0', requires_grad=True)
loss training: 0.452206
accuracy train: 0.869048 test: 0.850000

Parameter containing:
tensor([], device='cuda:0', requires_grad=True)
loss training: 0.461454
accuracy train: 0.869048 test: 0.850000

Parameter containing:
tensor([], device='cuda:0', requires_grad=True)
loss training: 0.456333
accuracy train: 0.869048 test: 0.850000

Parameter containing:
tensor([], device='cuda:0', requires_grad=True)
loss training: 0.448983
accuracy train: 0.869048 test: 0.850000

Parameter containing:
tensor([], device='cuda:0', requires_grad=True)
loss training: 0.455793
accuracy train: 0.869048 test: 0.850000

Parameter containing:
tensor([], device='cuda:0', requires_grad=True)
loss training: 0.451892
accuracy train: 0.857143 test: 0.850000

Parameter containing:
tensor([], device='cuda:0', requires_grad=True)
loss training: 0.447432
accuracy train: 0.869048 test: 0.850000

Parameter containing:
tensor([], device='cuda:0', requires_grad=True)
loss training: 0.464493
accuracy train: 0.869048 test: 0.850000

Parameter containing:
tensor([], device='cuda:0', requires_grad=True)
loss training: 0.451042
accuracy train: 0.869048 test: 0.850000

Parameter containing:
tensor([], device='cuda:0', requires_grad=True)
loss training: 0.453026
accuracy train: 0.869048 test: 0.850000

Parameter containing:
tensor([], device='cuda:0', requires_grad=True)
loss training: 0.460245
accuracy train: 0.869048 test: 0.850000

Parameter containing:
tensor([], device='cuda:0', requires_grad=True)
loss training: 0.466098
accuracy train: 0.869048 test: 0.850000

Parameter containing:
tensor([], device='cuda:0', requires_grad=True)
loss training: 0.455190
accuracy train: 0.869048 test: 0.850000

Parameter containing:
tensor([], device='cuda:0', requires_grad=True)
loss training: 0.453831
accuracy train: 0.869048 test: 0.850000

Parameter containing:
tensor([], device='cuda:0', requires_grad=True)
loss training: 0.460552
accuracy train: 0.869048 test: 0.850000

Parameter containing:
tensor([], device='cuda:0', requires_grad=True)
loss training: 0.453586
accuracy train: 0.869048 test: 0.850000

Parameter containing:
tensor([], device='cuda:0', requires_grad=True)
loss training: 0.454966
accuracy train: 0.869048 test: 0.850000

Parameter containing:
tensor([], device='cuda:0', requires_grad=True)
loss training: 0.456004
accuracy train: 0.869048 test: 0.850000

Parameter containing:
tensor([], device='cuda:0', requires_grad=True)
loss training: 0.462388
accuracy train: 0.869048 test: 0.850000

Parameter containing:
tensor([], device='cuda:0', requires_grad=True)
loss training: 0.453105
accuracy train: 0.869048 test: 0.850000

Parameter containing:
tensor([], device='cuda:0', requires_grad=True)
loss training: 0.453205
accuracy train: 0.869048 test: 0.850000

Parameter containing:
tensor([], device='cuda:0', requires_grad=True)
loss training: 0.456772
accuracy train: 0.869048 test: 0.850000

Parameter containing:
tensor([], device='cuda:0', requires_grad=True)
loss training: 0.461280
accuracy train: 0.869048 test: 0.850000

Parameter containing:
tensor([], device='cuda:0', requires_grad=True)
loss training: 0.459007
accuracy train: 0.869048 test: 0.850000

Parameter containing:
tensor([], device='cuda:0', requires_grad=True)
loss training: 0.449321
accuracy train: 0.869048 test: 0.850000

Parameter containing:
tensor([], device='cuda:0', requires_grad=True)
loss training: 0.450824
accuracy train: 0.869048 test: 0.850000

Parameter containing:
tensor([], device='cuda:0', requires_grad=True)
loss training: 0.457563
accuracy train: 0.869048 test: 0.850000

Parameter containing:
tensor([], device='cuda:0', requires_grad=True)
loss training: 0.445372
accuracy train: 0.869048 test: 0.850000

Parameter containing:
tensor([], device='cuda:0', requires_grad=True)
loss training: 0.458224
accuracy train: 0.869048 test: 0.850000

Parameter containing:
tensor([], device='cuda:0', requires_grad=True)
loss training: 0.465237
accuracy train: 0.869048 test: 0.850000

Parameter containing:
tensor([], device='cuda:0', requires_grad=True)
loss training: 0.453611
accuracy train: 0.869048 test: 0.850000

Parameter containing:
tensor([], device='cuda:0', requires_grad=True)
loss training: 0.462338
accuracy train: 0.869048 test: 0.850000

Parameter containing:
tensor([], device='cuda:0', requires_grad=True)
loss training: 0.457177
accuracy train: 0.869048 test: 0.850000

Parameter containing:
tensor([], device='cuda:0', requires_grad=True)
loss training: 0.452583
accuracy train: 0.869048 test: 0.850000

Parameter containing:
tensor([], device='cuda:0', requires_grad=True)
loss training: 0.449038
accuracy train: 0.869048 test: 0.850000

Parameter containing:
tensor([], device='cuda:0', requires_grad=True)
loss training: 0.454202
accuracy train: 0.869048 test: 0.850000

Parameter containing:
tensor([], device='cuda:0', requires_grad=True)
loss training: 0.459935
accuracy train: 0.869048 test: 0.850000

Parameter containing:
tensor([], device='cuda:0', requires_grad=True)
