loading data
# classes: 2
# maximum node tag: 7
# data: 188
loss training: 0.767669
accuracy train: 0.857143 test: 0.850000

Parameter containing:
tensor([0.], device='cuda:0', requires_grad=True)
loss training: 0.400457
accuracy train: 0.886905 test: 0.850000

Parameter containing:
tensor([0.], device='cuda:0', requires_grad=True)
loss training: 0.363692
accuracy train: 0.767857 test: 0.700000

Parameter containing:
tensor([0.], device='cuda:0', requires_grad=True)
loss training: 0.342497
accuracy train: 0.904762 test: 0.800000

Parameter containing:
tensor([0.], device='cuda:0', requires_grad=True)
loss training: 0.326768
accuracy train: 0.910714 test: 0.800000

Parameter containing:
tensor([0.], device='cuda:0', requires_grad=True)
loss training: 0.328095
accuracy train: 0.839286 test: 0.750000

Parameter containing:
tensor([0.], device='cuda:0', requires_grad=True)
loss training: 0.326823
accuracy train: 0.880952 test: 0.800000

Parameter containing:
tensor([0.], device='cuda:0', requires_grad=True)
loss training: 0.306561
accuracy train: 0.827381 test: 0.750000

Parameter containing:
tensor([0.], device='cuda:0', requires_grad=True)
loss training: 0.321102
accuracy train: 0.910714 test: 0.750000

Parameter containing:
tensor([0.], device='cuda:0', requires_grad=True)
loss training: 0.302005
accuracy train: 0.910714 test: 0.850000

Parameter containing:
tensor([0.], device='cuda:0', requires_grad=True)
loss training: 0.313767
accuracy train: 0.910714 test: 0.800000

Parameter containing:
tensor([0.], device='cuda:0', requires_grad=True)
loss training: 0.307688
accuracy train: 0.922619 test: 0.850000

Parameter containing:
tensor([0.], device='cuda:0', requires_grad=True)
loss training: 0.327035
accuracy train: 0.916667 test: 0.850000

Parameter containing:
tensor([0.], device='cuda:0', requires_grad=True)
loss training: 0.315099
accuracy train: 0.916667 test: 0.800000

Parameter containing:
tensor([0.], device='cuda:0', requires_grad=True)
loss training: 0.295228
accuracy train: 0.910714 test: 0.750000

Parameter containing:
tensor([0.], device='cuda:0', requires_grad=True)
loss training: 0.301826
accuracy train: 0.892857 test: 0.800000

Parameter containing:
tensor([0.], device='cuda:0', requires_grad=True)
loss training: 0.299673
accuracy train: 0.875000 test: 0.800000

Parameter containing:
tensor([0.], device='cuda:0', requires_grad=True)
loss training: 0.304651
accuracy train: 0.904762 test: 0.800000

Parameter containing:
tensor([0.], device='cuda:0', requires_grad=True)
loss training: 0.293724
accuracy train: 0.904762 test: 0.800000

Parameter containing:
tensor([0.], device='cuda:0', requires_grad=True)
loss training: 0.302269
accuracy train: 0.845238 test: 0.800000

Parameter containing:
tensor([0.], device='cuda:0', requires_grad=True)
loss training: 0.302637
accuracy train: 0.916667 test: 0.800000

Parameter containing:
tensor([0.], device='cuda:0', requires_grad=True)
loss training: 0.298832
accuracy train: 0.880952 test: 0.850000

Parameter containing:
tensor([0.], device='cuda:0', requires_grad=True)
loss training: 0.290783
accuracy train: 0.910714 test: 0.800000

Parameter containing:
tensor([0.], device='cuda:0', requires_grad=True)
loss training: 0.283502
accuracy train: 0.922619 test: 0.800000

Parameter containing:
tensor([0.], device='cuda:0', requires_grad=True)
loss training: 0.306930
accuracy train: 0.845238 test: 0.800000

Parameter containing:
tensor([0.], device='cuda:0', requires_grad=True)
loss training: 0.302762
accuracy train: 0.898810 test: 0.850000

Parameter containing:
tensor([0.], device='cuda:0', requires_grad=True)
loss training: 0.290409
accuracy train: 0.916667 test: 0.800000

Parameter containing:
tensor([0.], device='cuda:0', requires_grad=True)
loss training: 0.291969
accuracy train: 0.922619 test: 0.800000

Parameter containing:
tensor([0.], device='cuda:0', requires_grad=True)
loss training: 0.295788
accuracy train: 0.922619 test: 0.800000

Parameter containing:
tensor([0.], device='cuda:0', requires_grad=True)
loss training: 0.310763
accuracy train: 0.910714 test: 0.800000

Parameter containing:
tensor([0.], device='cuda:0', requires_grad=True)
loss training: 0.286387
accuracy train: 0.934524 test: 0.800000

Parameter containing:
tensor([0.], device='cuda:0', requires_grad=True)
loss training: 0.297625
accuracy train: 0.904762 test: 0.750000

Parameter containing:
tensor([0.], device='cuda:0', requires_grad=True)
loss training: 0.293825
accuracy train: 0.916667 test: 0.800000

Parameter containing:
tensor([0.], device='cuda:0', requires_grad=True)
loss training: 0.292215
accuracy train: 0.922619 test: 0.800000

Parameter containing:
tensor([0.], device='cuda:0', requires_grad=True)
loss training: 0.302516
accuracy train: 0.910714 test: 0.800000

Parameter containing:
tensor([0.], device='cuda:0', requires_grad=True)
loss training: 0.294404
accuracy train: 0.916667 test: 0.800000

Parameter containing:
tensor([0.], device='cuda:0', requires_grad=True)
loss training: 0.295919
accuracy train: 0.916667 test: 0.800000

Parameter containing:
tensor([0.], device='cuda:0', requires_grad=True)
loss training: 0.290201
accuracy train: 0.904762 test: 0.750000

Parameter containing:
tensor([0.], device='cuda:0', requires_grad=True)
loss training: 0.300307
accuracy train: 0.916667 test: 0.800000

Parameter containing:
tensor([0.], device='cuda:0', requires_grad=True)
loss training: 0.299090
accuracy train: 0.916667 test: 0.800000

Parameter containing:
tensor([0.], device='cuda:0', requires_grad=True)
loss training: 0.291470
accuracy train: 0.922619 test: 0.800000

Parameter containing:
tensor([0.], device='cuda:0', requires_grad=True)
loss training: 0.288737
accuracy train: 0.916667 test: 0.800000

Parameter containing:
tensor([0.], device='cuda:0', requires_grad=True)
loss training: 0.293333
accuracy train: 0.916667 test: 0.800000

Parameter containing:
tensor([0.], device='cuda:0', requires_grad=True)
loss training: 0.290268
accuracy train: 0.904762 test: 0.800000

Parameter containing:
tensor([0.], device='cuda:0', requires_grad=True)
loss training: 0.294493
accuracy train: 0.916667 test: 0.800000

Parameter containing:
tensor([0.], device='cuda:0', requires_grad=True)
loss training: 0.289856
accuracy train: 0.898810 test: 0.800000

Parameter containing:
tensor([0.], device='cuda:0', requires_grad=True)
loss training: 0.300551
accuracy train: 0.922619 test: 0.800000

Parameter containing:
tensor([0.], device='cuda:0', requires_grad=True)
loss training: 0.290738
accuracy train: 0.910714 test: 0.800000

Parameter containing:
tensor([0.], device='cuda:0', requires_grad=True)
loss training: 0.288338
accuracy train: 0.916667 test: 0.800000

Parameter containing:
tensor([0.], device='cuda:0', requires_grad=True)
loss training: 0.296029
accuracy train: 0.922619 test: 0.800000

Parameter containing:
tensor([0.], device='cuda:0', requires_grad=True)
loss training: 0.291671
accuracy train: 0.916667 test: 0.800000

Parameter containing:
tensor([0.], device='cuda:0', requires_grad=True)
loss training: 0.285433
accuracy train: 0.922619 test: 0.800000

Parameter containing:
tensor([0.], device='cuda:0', requires_grad=True)
loss training: 0.292946
accuracy train: 0.922619 test: 0.800000

Parameter containing:
tensor([0.], device='cuda:0', requires_grad=True)
loss training: 0.287160
accuracy train: 0.922619 test: 0.800000

Parameter containing:
tensor([0.], device='cuda:0', requires_grad=True)
loss training: 0.288519
accuracy train: 0.922619 test: 0.800000

Parameter containing:
tensor([0.], device='cuda:0', requires_grad=True)
loss training: 0.285311
accuracy train: 0.916667 test: 0.800000

Parameter containing:
tensor([0.], device='cuda:0', requires_grad=True)
loss training: 0.286367
accuracy train: 0.922619 test: 0.800000

Parameter containing:
tensor([0.], device='cuda:0', requires_grad=True)
loss training: 0.287891
accuracy train: 0.922619 test: 0.800000

Parameter containing:
tensor([0.], device='cuda:0', requires_grad=True)
loss training: 0.284025
accuracy train: 0.910714 test: 0.800000

Parameter containing:
tensor([0.], device='cuda:0', requires_grad=True)
loss training: 0.286358
accuracy train: 0.910714 test: 0.800000

Parameter containing:
tensor([0.], device='cuda:0', requires_grad=True)
loss training: 0.269723
accuracy train: 0.922619 test: 0.800000

Parameter containing:
tensor([0.], device='cuda:0', requires_grad=True)
loss training: 0.284610
accuracy train: 0.916667 test: 0.800000

Parameter containing:
tensor([0.], device='cuda:0', requires_grad=True)
loss training: 0.278792
accuracy train: 0.910714 test: 0.800000

Parameter containing:
tensor([0.], device='cuda:0', requires_grad=True)
loss training: 0.285068
accuracy train: 0.928571 test: 0.800000

Parameter containing:
tensor([0.], device='cuda:0', requires_grad=True)
loss training: 0.292557
accuracy train: 0.916667 test: 0.800000

Parameter containing:
tensor([0.], device='cuda:0', requires_grad=True)
loss training: 0.291287
accuracy train: 0.922619 test: 0.800000

Parameter containing:
tensor([0.], device='cuda:0', requires_grad=True)
loss training: 0.280750
accuracy train: 0.922619 test: 0.800000

Parameter containing:
tensor([0.], device='cuda:0', requires_grad=True)
loss training: 0.282289
accuracy train: 0.916667 test: 0.800000

Parameter containing:
tensor([0.], device='cuda:0', requires_grad=True)
loss training: 0.286351
accuracy train: 0.922619 test: 0.800000

Parameter containing:
tensor([0.], device='cuda:0', requires_grad=True)
loss training: 0.291655
accuracy train: 0.916667 test: 0.800000

Parameter containing:
tensor([0.], device='cuda:0', requires_grad=True)
loss training: 0.294577
accuracy train: 0.916667 test: 0.800000

Parameter containing:
tensor([0.], device='cuda:0', requires_grad=True)
loss training: 0.289541
accuracy train: 0.916667 test: 0.800000

Parameter containing:
tensor([0.], device='cuda:0', requires_grad=True)
loss training: 0.288510
accuracy train: 0.922619 test: 0.800000

Parameter containing:
tensor([0.], device='cuda:0', requires_grad=True)
loss training: 0.284485
accuracy train: 0.922619 test: 0.800000

Parameter containing:
tensor([0.], device='cuda:0', requires_grad=True)
loss training: 0.294567
accuracy train: 0.916667 test: 0.800000

Parameter containing:
tensor([0.], device='cuda:0', requires_grad=True)
loss training: 0.293556
accuracy train: 0.910714 test: 0.800000

Parameter containing:
tensor([0.], device='cuda:0', requires_grad=True)
loss training: 0.285396
accuracy train: 0.916667 test: 0.800000

Parameter containing:
tensor([0.], device='cuda:0', requires_grad=True)
loss training: 0.286363
accuracy train: 0.916667 test: 0.800000

Parameter containing:
tensor([0.], device='cuda:0', requires_grad=True)
loss training: 0.285536
accuracy train: 0.916667 test: 0.800000

Parameter containing:
tensor([0.], device='cuda:0', requires_grad=True)
loss training: 0.292768
accuracy train: 0.922619 test: 0.800000

Parameter containing:
tensor([0.], device='cuda:0', requires_grad=True)
loss training: 0.286719
accuracy train: 0.910714 test: 0.800000

Parameter containing:
tensor([0.], device='cuda:0', requires_grad=True)
loss training: 0.286959
accuracy train: 0.916667 test: 0.800000

Parameter containing:
tensor([0.], device='cuda:0', requires_grad=True)
loss training: 0.277617
accuracy train: 0.916667 test: 0.800000

Parameter containing:
tensor([0.], device='cuda:0', requires_grad=True)
loss training: 0.282920
accuracy train: 0.916667 test: 0.800000

Parameter containing:
tensor([0.], device='cuda:0', requires_grad=True)
loss training: 0.281786
accuracy train: 0.922619 test: 0.800000

Parameter containing:
tensor([0.], device='cuda:0', requires_grad=True)
loss training: 0.282365
accuracy train: 0.928571 test: 0.800000

Parameter containing:
tensor([0.], device='cuda:0', requires_grad=True)
loss training: 0.280464
accuracy train: 0.916667 test: 0.800000

Parameter containing:
tensor([0.], device='cuda:0', requires_grad=True)
loss training: 0.277170
accuracy train: 0.910714 test: 0.800000

Parameter containing:
tensor([0.], device='cuda:0', requires_grad=True)
loss training: 0.289641
accuracy train: 0.916667 test: 0.800000

Parameter containing:
tensor([0.], device='cuda:0', requires_grad=True)
loss training: 0.291952
accuracy train: 0.922619 test: 0.800000

Parameter containing:
tensor([0.], device='cuda:0', requires_grad=True)
loss training: 0.290156
accuracy train: 0.910714 test: 0.800000

Parameter containing:
tensor([0.], device='cuda:0', requires_grad=True)
loss training: 0.276610
accuracy train: 0.916667 test: 0.800000

Parameter containing:
tensor([0.], device='cuda:0', requires_grad=True)
loss training: 0.286842
accuracy train: 0.922619 test: 0.800000

Parameter containing:
tensor([0.], device='cuda:0', requires_grad=True)
loss training: 0.282354
accuracy train: 0.916667 test: 0.800000

Parameter containing:
tensor([0.], device='cuda:0', requires_grad=True)
loss training: 0.289671
accuracy train: 0.916667 test: 0.800000

Parameter containing:
tensor([0.], device='cuda:0', requires_grad=True)
loss training: 0.287629
accuracy train: 0.916667 test: 0.800000

Parameter containing:
tensor([0.], device='cuda:0', requires_grad=True)
loss training: 0.294551
accuracy train: 0.922619 test: 0.800000

Parameter containing:
tensor([0.], device='cuda:0', requires_grad=True)
loss training: 0.280506
accuracy train: 0.910714 test: 0.800000

Parameter containing:
tensor([0.], device='cuda:0', requires_grad=True)
loss training: 0.285103
accuracy train: 0.910714 test: 0.800000

Parameter containing:
tensor([0.], device='cuda:0', requires_grad=True)
loss training: 0.287406
accuracy train: 0.922619 test: 0.800000

Parameter containing:
tensor([0.], device='cuda:0', requires_grad=True)
loss training: 0.282509
accuracy train: 0.910714 test: 0.800000

Parameter containing:
tensor([0.], device='cuda:0', requires_grad=True)
loss training: 0.287817
accuracy train: 0.916667 test: 0.800000

Parameter containing:
tensor([0.], device='cuda:0', requires_grad=True)
loss training: 0.287691
accuracy train: 0.916667 test: 0.800000

Parameter containing:
tensor([0.], device='cuda:0', requires_grad=True)
loss training: 0.283715
accuracy train: 0.916667 test: 0.800000

Parameter containing:
tensor([0.], device='cuda:0', requires_grad=True)
loss training: 0.286995
accuracy train: 0.916667 test: 0.800000

Parameter containing:
tensor([0.], device='cuda:0', requires_grad=True)
loss training: 0.277872
accuracy train: 0.910714 test: 0.800000

Parameter containing:
tensor([0.], device='cuda:0', requires_grad=True)
loss training: 0.280142
accuracy train: 0.916667 test: 0.800000

Parameter containing:
tensor([0.], device='cuda:0', requires_grad=True)
loss training: 0.290103
accuracy train: 0.916667 test: 0.800000

Parameter containing:
tensor([0.], device='cuda:0', requires_grad=True)
loss training: 0.278501
accuracy train: 0.916667 test: 0.800000

Parameter containing:
tensor([0.], device='cuda:0', requires_grad=True)
loss training: 0.285455
accuracy train: 0.922619 test: 0.800000

Parameter containing:
tensor([0.], device='cuda:0', requires_grad=True)
loss training: 0.281087
accuracy train: 0.916667 test: 0.800000

Parameter containing:
tensor([0.], device='cuda:0', requires_grad=True)
loss training: 0.273046
accuracy train: 0.910714 test: 0.800000

Parameter containing:
tensor([0.], device='cuda:0', requires_grad=True)
loss training: 0.284586
accuracy train: 0.922619 test: 0.800000

Parameter containing:
tensor([0.], device='cuda:0', requires_grad=True)
loss training: 0.275778
accuracy train: 0.916667 test: 0.800000

Parameter containing:
tensor([0.], device='cuda:0', requires_grad=True)
loss training: 0.278093
accuracy train: 0.910714 test: 0.800000

Parameter containing:
tensor([0.], device='cuda:0', requires_grad=True)
loss training: 0.282157
accuracy train: 0.910714 test: 0.800000

Parameter containing:
tensor([0.], device='cuda:0', requires_grad=True)
loss training: 0.282292
accuracy train: 0.916667 test: 0.800000

Parameter containing:
tensor([0.], device='cuda:0', requires_grad=True)
loss training: 0.273862
accuracy train: 0.916667 test: 0.800000

Parameter containing:
tensor([0.], device='cuda:0', requires_grad=True)
loss training: 0.282930
accuracy train: 0.910714 test: 0.800000

Parameter containing:
tensor([0.], device='cuda:0', requires_grad=True)
loss training: 0.285225
accuracy train: 0.916667 test: 0.800000

Parameter containing:
tensor([0.], device='cuda:0', requires_grad=True)
loss training: 0.279879
accuracy train: 0.916667 test: 0.800000

Parameter containing:
tensor([0.], device='cuda:0', requires_grad=True)
loss training: 0.282273
accuracy train: 0.916667 test: 0.800000

Parameter containing:
tensor([0.], device='cuda:0', requires_grad=True)
loss training: 0.282377
accuracy train: 0.910714 test: 0.800000

Parameter containing:
tensor([0.], device='cuda:0', requires_grad=True)
loss training: 0.277693
accuracy train: 0.910714 test: 0.800000

Parameter containing:
tensor([0.], device='cuda:0', requires_grad=True)
loss training: 0.288957
accuracy train: 0.922619 test: 0.800000

Parameter containing:
tensor([0.], device='cuda:0', requires_grad=True)
loss training: 0.283880
accuracy train: 0.916667 test: 0.800000

Parameter containing:
tensor([0.], device='cuda:0', requires_grad=True)
loss training: 0.287065
accuracy train: 0.922619 test: 0.800000

Parameter containing:
tensor([0.], device='cuda:0', requires_grad=True)
loss training: 0.286563
accuracy train: 0.916667 test: 0.800000

Parameter containing:
tensor([0.], device='cuda:0', requires_grad=True)
loss training: 0.284470
accuracy train: 0.916667 test: 0.800000

Parameter containing:
tensor([0.], device='cuda:0', requires_grad=True)
loss training: 0.273481
accuracy train: 0.910714 test: 0.800000

Parameter containing:
tensor([0.], device='cuda:0', requires_grad=True)
loss training: 0.288796
accuracy train: 0.916667 test: 0.800000

Parameter containing:
tensor([0.], device='cuda:0', requires_grad=True)
loss training: 0.287352
accuracy train: 0.916667 test: 0.800000

Parameter containing:
tensor([0.], device='cuda:0', requires_grad=True)
loss training: 0.284813
accuracy train: 0.916667 test: 0.800000

Parameter containing:
tensor([0.], device='cuda:0', requires_grad=True)
loss training: 0.286202
accuracy train: 0.916667 test: 0.800000

Parameter containing:
tensor([0.], device='cuda:0', requires_grad=True)
loss training: 0.290195
accuracy train: 0.910714 test: 0.800000

Parameter containing:
tensor([0.], device='cuda:0', requires_grad=True)
loss training: 0.281143
accuracy train: 0.916667 test: 0.800000

Parameter containing:
tensor([0.], device='cuda:0', requires_grad=True)
loss training: 0.283090
accuracy train: 0.916667 test: 0.800000

Parameter containing:
tensor([0.], device='cuda:0', requires_grad=True)
loss training: 0.281630
accuracy train: 0.910714 test: 0.800000

Parameter containing:
tensor([0.], device='cuda:0', requires_grad=True)
loss training: 0.281670
accuracy train: 0.910714 test: 0.800000

Parameter containing:
tensor([0.], device='cuda:0', requires_grad=True)
loss training: 0.289165
accuracy train: 0.904762 test: 0.750000

Parameter containing:
tensor([0.], device='cuda:0', requires_grad=True)
loss training: 0.283867
accuracy train: 0.916667 test: 0.800000

Parameter containing:
tensor([0.], device='cuda:0', requires_grad=True)
loss training: 0.284403
accuracy train: 0.916667 test: 0.800000

Parameter containing:
tensor([0.], device='cuda:0', requires_grad=True)
loss training: 0.292598
accuracy train: 0.916667 test: 0.800000

Parameter containing:
tensor([0.], device='cuda:0', requires_grad=True)
loss training: 0.283535
accuracy train: 0.910714 test: 0.800000

Parameter containing:
tensor([0.], device='cuda:0', requires_grad=True)
loss training: 0.280645
accuracy train: 0.916667 test: 0.800000

Parameter containing:
tensor([0.], device='cuda:0', requires_grad=True)
loss training: 0.282630
accuracy train: 0.910714 test: 0.800000

Parameter containing:
tensor([0.], device='cuda:0', requires_grad=True)
loss training: 0.286609
accuracy train: 0.916667 test: 0.800000

Parameter containing:
tensor([0.], device='cuda:0', requires_grad=True)
loss training: 0.287924
accuracy train: 0.910714 test: 0.800000

Parameter containing:
tensor([0.], device='cuda:0', requires_grad=True)
loss training: 0.281393
accuracy train: 0.916667 test: 0.800000

Parameter containing:
tensor([0.], device='cuda:0', requires_grad=True)
loss training: 0.284271
accuracy train: 0.916667 test: 0.800000

Parameter containing:
tensor([0.], device='cuda:0', requires_grad=True)
loss training: 0.276878
accuracy train: 0.916667 test: 0.800000

Parameter containing:
tensor([0.], device='cuda:0', requires_grad=True)
loss training: 0.279808
accuracy train: 0.916667 test: 0.800000

Parameter containing:
tensor([0.], device='cuda:0', requires_grad=True)
loss training: 0.280624
accuracy train: 0.910714 test: 0.800000

Parameter containing:
tensor([0.], device='cuda:0', requires_grad=True)
loss training: 0.285777
accuracy train: 0.916667 test: 0.800000

Parameter containing:
tensor([0.], device='cuda:0', requires_grad=True)
loss training: 0.281954
accuracy train: 0.916667 test: 0.800000

Parameter containing:
tensor([0.], device='cuda:0', requires_grad=True)
loss training: 0.273399
accuracy train: 0.916667 test: 0.800000

Parameter containing:
tensor([0.], device='cuda:0', requires_grad=True)
loss training: 0.283250
accuracy train: 0.910714 test: 0.800000

Parameter containing:
tensor([0.], device='cuda:0', requires_grad=True)
loss training: 0.292802
accuracy train: 0.910714 test: 0.800000

Parameter containing:
tensor([0.], device='cuda:0', requires_grad=True)
loss training: 0.278622
accuracy train: 0.922619 test: 0.800000

Parameter containing:
tensor([0.], device='cuda:0', requires_grad=True)
loss training: 0.273075
accuracy train: 0.916667 test: 0.800000

Parameter containing:
tensor([0.], device='cuda:0', requires_grad=True)
loss training: 0.285649
accuracy train: 0.916667 test: 0.800000

Parameter containing:
tensor([0.], device='cuda:0', requires_grad=True)
loss training: 0.285789
accuracy train: 0.916667 test: 0.800000

Parameter containing:
tensor([0.], device='cuda:0', requires_grad=True)
loss training: 0.282244
accuracy train: 0.910714 test: 0.800000

Parameter containing:
tensor([0.], device='cuda:0', requires_grad=True)
loss training: 0.286201
accuracy train: 0.922619 test: 0.800000

Parameter containing:
tensor([0.], device='cuda:0', requires_grad=True)
loss training: 0.283470
accuracy train: 0.916667 test: 0.800000

Parameter containing:
tensor([0.], device='cuda:0', requires_grad=True)
loss training: 0.287471
accuracy train: 0.910714 test: 0.800000

Parameter containing:
tensor([0.], device='cuda:0', requires_grad=True)
loss training: 0.291696
accuracy train: 0.916667 test: 0.800000

Parameter containing:
tensor([0.], device='cuda:0', requires_grad=True)
loss training: 0.287100
accuracy train: 0.916667 test: 0.800000

Parameter containing:
tensor([0.], device='cuda:0', requires_grad=True)
loss training: 0.279537
accuracy train: 0.916667 test: 0.800000

Parameter containing:
tensor([0.], device='cuda:0', requires_grad=True)
loss training: 0.284893
accuracy train: 0.916667 test: 0.800000

Parameter containing:
tensor([0.], device='cuda:0', requires_grad=True)
loss training: 0.282100
accuracy train: 0.916667 test: 0.800000

Parameter containing:
tensor([0.], device='cuda:0', requires_grad=True)
loss training: 0.286255
accuracy train: 0.916667 test: 0.800000

Parameter containing:
tensor([0.], device='cuda:0', requires_grad=True)
loss training: 0.283506
accuracy train: 0.916667 test: 0.800000

Parameter containing:
tensor([0.], device='cuda:0', requires_grad=True)
loss training: 0.283068
accuracy train: 0.910714 test: 0.800000

Parameter containing:
tensor([0.], device='cuda:0', requires_grad=True)
loss training: 0.284062
accuracy train: 0.916667 test: 0.800000

Parameter containing:
tensor([0.], device='cuda:0', requires_grad=True)
loss training: 0.280469
accuracy train: 0.916667 test: 0.800000

Parameter containing:
tensor([0.], device='cuda:0', requires_grad=True)
loss training: 0.282721
accuracy train: 0.916667 test: 0.800000

Parameter containing:
tensor([0.], device='cuda:0', requires_grad=True)
loss training: 0.275721
accuracy train: 0.916667 test: 0.800000

Parameter containing:
tensor([0.], device='cuda:0', requires_grad=True)
loss training: 0.277704
accuracy train: 0.910714 test: 0.800000

Parameter containing:
tensor([0.], device='cuda:0', requires_grad=True)
loss training: 0.281660
accuracy train: 0.916667 test: 0.800000

Parameter containing:
tensor([0.], device='cuda:0', requires_grad=True)
loss training: 0.279971
accuracy train: 0.916667 test: 0.800000

Parameter containing:
tensor([0.], device='cuda:0', requires_grad=True)
loss training: 0.280900
accuracy train: 0.916667 test: 0.800000

Parameter containing:
tensor([0.], device='cuda:0', requires_grad=True)
loss training: 0.288781
accuracy train: 0.916667 test: 0.800000

Parameter containing:
tensor([0.], device='cuda:0', requires_grad=True)
loss training: 0.284034
accuracy train: 0.916667 test: 0.800000

Parameter containing:
tensor([0.], device='cuda:0', requires_grad=True)
loss training: 0.278736
accuracy train: 0.916667 test: 0.800000

Parameter containing:
tensor([0.], device='cuda:0', requires_grad=True)
loss training: 0.278178
accuracy train: 0.916667 test: 0.800000

Parameter containing:
tensor([0.], device='cuda:0', requires_grad=True)
loss training: 0.287867
accuracy train: 0.916667 test: 0.800000

Parameter containing:
tensor([0.], device='cuda:0', requires_grad=True)
loss training: 0.280055
accuracy train: 0.916667 test: 0.800000

Parameter containing:
tensor([0.], device='cuda:0', requires_grad=True)
loss training: 0.288791
accuracy train: 0.916667 test: 0.800000

Parameter containing:
tensor([0.], device='cuda:0', requires_grad=True)
loss training: 0.284855
accuracy train: 0.910714 test: 0.800000

Parameter containing:
tensor([0.], device='cuda:0', requires_grad=True)
loss training: 0.280131
accuracy train: 0.916667 test: 0.800000

Parameter containing:
tensor([0.], device='cuda:0', requires_grad=True)
loss training: 0.274347
accuracy train: 0.910714 test: 0.800000

Parameter containing:
tensor([0.], device='cuda:0', requires_grad=True)
loss training: 0.276439
accuracy train: 0.910714 test: 0.800000

Parameter containing:
tensor([0.], device='cuda:0', requires_grad=True)
loss training: 0.278781
accuracy train: 0.910714 test: 0.800000

Parameter containing:
tensor([0.], device='cuda:0', requires_grad=True)
loss training: 0.279974
accuracy train: 0.916667 test: 0.800000

Parameter containing:
tensor([0.], device='cuda:0', requires_grad=True)
loss training: 0.291832
accuracy train: 0.916667 test: 0.800000

Parameter containing:
tensor([0.], device='cuda:0', requires_grad=True)
loss training: 0.288560
accuracy train: 0.910714 test: 0.800000

Parameter containing:
tensor([0.], device='cuda:0', requires_grad=True)
loss training: 0.276903
accuracy train: 0.916667 test: 0.800000

Parameter containing:
tensor([0.], device='cuda:0', requires_grad=True)
loss training: 0.287175
accuracy train: 0.910714 test: 0.800000

Parameter containing:
tensor([0.], device='cuda:0', requires_grad=True)
loss training: 0.292439
accuracy train: 0.916667 test: 0.800000

Parameter containing:
tensor([0.], device='cuda:0', requires_grad=True)
loss training: 0.276713
accuracy train: 0.910714 test: 0.800000

Parameter containing:
tensor([0.], device='cuda:0', requires_grad=True)
loss training: 0.282028
accuracy train: 0.910714 test: 0.800000

Parameter containing:
tensor([0.], device='cuda:0', requires_grad=True)
loss training: 0.277478
accuracy train: 0.910714 test: 0.800000

Parameter containing:
tensor([0.], device='cuda:0', requires_grad=True)
loss training: 0.285117
accuracy train: 0.916667 test: 0.800000

Parameter containing:
tensor([0.], device='cuda:0', requires_grad=True)
loss training: 0.277813
accuracy train: 0.916667 test: 0.800000

Parameter containing:
tensor([0.], device='cuda:0', requires_grad=True)
loss training: 0.281105
accuracy train: 0.910714 test: 0.800000

Parameter containing:
tensor([0.], device='cuda:0', requires_grad=True)
loss training: 0.280878
accuracy train: 0.916667 test: 0.800000

Parameter containing:
tensor([0.], device='cuda:0', requires_grad=True)
loss training: 0.283743
accuracy train: 0.910714 test: 0.800000

Parameter containing:
tensor([0.], device='cuda:0', requires_grad=True)
loss training: 0.285820
accuracy train: 0.916667 test: 0.800000

Parameter containing:
tensor([0.], device='cuda:0', requires_grad=True)
loss training: 0.278141
accuracy train: 0.910714 test: 0.800000

Parameter containing:
tensor([0.], device='cuda:0', requires_grad=True)
loss training: 0.280973
accuracy train: 0.916667 test: 0.800000

Parameter containing:
tensor([0.], device='cuda:0', requires_grad=True)
loss training: 0.282503
accuracy train: 0.916667 test: 0.800000

Parameter containing:
tensor([0.], device='cuda:0', requires_grad=True)
loss training: 0.286010
accuracy train: 0.916667 test: 0.800000

Parameter containing:
tensor([0.], device='cuda:0', requires_grad=True)
loss training: 0.276700
accuracy train: 0.910714 test: 0.800000

Parameter containing:
tensor([0.], device='cuda:0', requires_grad=True)
loss training: 0.278147
accuracy train: 0.916667 test: 0.800000

Parameter containing:
tensor([0.], device='cuda:0', requires_grad=True)
loss training: 0.291204
accuracy train: 0.916667 test: 0.800000

Parameter containing:
tensor([0.], device='cuda:0', requires_grad=True)
loss training: 0.276890
accuracy train: 0.916667 test: 0.800000

Parameter containing:
tensor([0.], device='cuda:0', requires_grad=True)
loss training: 0.277315
accuracy train: 0.910714 test: 0.800000

Parameter containing:
tensor([0.], device='cuda:0', requires_grad=True)
loss training: 0.286324
accuracy train: 0.916667 test: 0.800000

Parameter containing:
tensor([0.], device='cuda:0', requires_grad=True)
loss training: 0.275344
accuracy train: 0.910714 test: 0.800000

Parameter containing:
tensor([0.], device='cuda:0', requires_grad=True)
loss training: 0.288419
accuracy train: 0.916667 test: 0.800000

Parameter containing:
tensor([0.], device='cuda:0', requires_grad=True)
loss training: 0.272648
accuracy train: 0.910714 test: 0.800000

Parameter containing:
tensor([0.], device='cuda:0', requires_grad=True)
loss training: 0.282102
accuracy train: 0.910714 test: 0.800000

Parameter containing:
tensor([0.], device='cuda:0', requires_grad=True)
loss training: 0.277196
accuracy train: 0.910714 test: 0.800000

Parameter containing:
tensor([0.], device='cuda:0', requires_grad=True)
loss training: 0.282231
accuracy train: 0.910714 test: 0.800000

Parameter containing:
tensor([0.], device='cuda:0', requires_grad=True)
loss training: 0.287399
accuracy train: 0.916667 test: 0.800000

Parameter containing:
tensor([0.], device='cuda:0', requires_grad=True)
loss training: 0.284643
accuracy train: 0.916667 test: 0.800000

Parameter containing:
tensor([0.], device='cuda:0', requires_grad=True)
loss training: 0.282509
accuracy train: 0.910714 test: 0.800000

Parameter containing:
tensor([0.], device='cuda:0', requires_grad=True)
loss training: 0.283872
accuracy train: 0.910714 test: 0.800000

Parameter containing:
tensor([0.], device='cuda:0', requires_grad=True)
loss training: 0.280018
accuracy train: 0.910714 test: 0.800000

Parameter containing:
tensor([0.], device='cuda:0', requires_grad=True)
loss training: 0.281742
accuracy train: 0.916667 test: 0.800000

Parameter containing:
tensor([0.], device='cuda:0', requires_grad=True)
loss training: 0.282469
accuracy train: 0.916667 test: 0.800000

Parameter containing:
tensor([0.], device='cuda:0', requires_grad=True)
loss training: 0.283203
accuracy train: 0.916667 test: 0.800000

Parameter containing:
tensor([0.], device='cuda:0', requires_grad=True)
loss training: 0.282313
accuracy train: 0.910714 test: 0.800000

Parameter containing:
tensor([0.], device='cuda:0', requires_grad=True)
loss training: 0.275345
accuracy train: 0.910714 test: 0.800000

Parameter containing:
tensor([0.], device='cuda:0', requires_grad=True)
loss training: 0.277270
accuracy train: 0.916667 test: 0.800000

Parameter containing:
tensor([0.], device='cuda:0', requires_grad=True)
loss training: 0.270278
accuracy train: 0.910714 test: 0.800000

Parameter containing:
tensor([0.], device='cuda:0', requires_grad=True)
loss training: 0.291602
accuracy train: 0.910714 test: 0.800000

Parameter containing:
tensor([0.], device='cuda:0', requires_grad=True)
loss training: 0.271641
accuracy train: 0.916667 test: 0.800000

Parameter containing:
tensor([0.], device='cuda:0', requires_grad=True)
loss training: 0.268068
accuracy train: 0.910714 test: 0.800000

Parameter containing:
tensor([0.], device='cuda:0', requires_grad=True)
loss training: 0.290846
accuracy train: 0.910714 test: 0.800000

Parameter containing:
tensor([0.], device='cuda:0', requires_grad=True)
loss training: 0.275034
accuracy train: 0.910714 test: 0.800000

Parameter containing:
tensor([0.], device='cuda:0', requires_grad=True)
loss training: 0.269230
accuracy train: 0.910714 test: 0.800000

Parameter containing:
tensor([0.], device='cuda:0', requires_grad=True)
loss training: 0.280944
accuracy train: 0.910714 test: 0.800000

Parameter containing:
tensor([0.], device='cuda:0', requires_grad=True)
loss training: 0.275612
accuracy train: 0.910714 test: 0.800000

Parameter containing:
tensor([0.], device='cuda:0', requires_grad=True)
loss training: 0.288739
accuracy train: 0.916667 test: 0.800000

Parameter containing:
tensor([0.], device='cuda:0', requires_grad=True)
loss training: 0.286627
accuracy train: 0.916667 test: 0.800000

Parameter containing:
tensor([0.], device='cuda:0', requires_grad=True)
loss training: 0.279772
accuracy train: 0.910714 test: 0.800000

Parameter containing:
tensor([0.], device='cuda:0', requires_grad=True)
loss training: 0.283618
accuracy train: 0.916667 test: 0.800000

Parameter containing:
tensor([0.], device='cuda:0', requires_grad=True)
loss training: 0.278457
accuracy train: 0.916667 test: 0.800000

Parameter containing:
tensor([0.], device='cuda:0', requires_grad=True)
loss training: 0.274408
accuracy train: 0.910714 test: 0.800000

Parameter containing:
tensor([0.], device='cuda:0', requires_grad=True)
loss training: 0.282032
accuracy train: 0.910714 test: 0.800000

Parameter containing:
tensor([0.], device='cuda:0', requires_grad=True)
loss training: 0.282119
accuracy train: 0.910714 test: 0.800000

Parameter containing:
tensor([0.], device='cuda:0', requires_grad=True)
loss training: 0.284345
accuracy train: 0.910714 test: 0.800000

Parameter containing:
tensor([0.], device='cuda:0', requires_grad=True)
loss training: 0.280102
accuracy train: 0.910714 test: 0.800000

Parameter containing:
tensor([0.], device='cuda:0', requires_grad=True)
loss training: 0.275763
accuracy train: 0.916667 test: 0.800000

Parameter containing:
tensor([0.], device='cuda:0', requires_grad=True)
loss training: 0.284546
accuracy train: 0.910714 test: 0.800000

Parameter containing:
tensor([0.], device='cuda:0', requires_grad=True)
loss training: 0.283907
accuracy train: 0.916667 test: 0.800000

Parameter containing:
tensor([0.], device='cuda:0', requires_grad=True)
loss training: 0.284682
accuracy train: 0.910714 test: 0.800000

Parameter containing:
tensor([0.], device='cuda:0', requires_grad=True)
loss training: 0.280220
accuracy train: 0.910714 test: 0.800000

Parameter containing:
tensor([0.], device='cuda:0', requires_grad=True)
loss training: 0.272624
accuracy train: 0.916667 test: 0.800000

Parameter containing:
tensor([0.], device='cuda:0', requires_grad=True)
loss training: 0.276009
accuracy train: 0.910714 test: 0.800000

Parameter containing:
tensor([0.], device='cuda:0', requires_grad=True)
loss training: 0.275648
accuracy train: 0.910714 test: 0.800000

Parameter containing:
tensor([0.], device='cuda:0', requires_grad=True)
loss training: 0.273620
accuracy train: 0.910714 test: 0.800000

Parameter containing:
tensor([0.], device='cuda:0', requires_grad=True)
loss training: 0.287890
accuracy train: 0.910714 test: 0.800000

Parameter containing:
tensor([0.], device='cuda:0', requires_grad=True)
loss training: 0.279704
accuracy train: 0.910714 test: 0.800000

Parameter containing:
tensor([0.], device='cuda:0', requires_grad=True)
loss training: 0.281521
accuracy train: 0.916667 test: 0.800000

Parameter containing:
tensor([0.], device='cuda:0', requires_grad=True)
loss training: 0.283638
accuracy train: 0.910714 test: 0.800000

Parameter containing:
tensor([0.], device='cuda:0', requires_grad=True)
loss training: 0.281068
accuracy train: 0.910714 test: 0.800000

Parameter containing:
tensor([0.], device='cuda:0', requires_grad=True)
loss training: 0.280846
accuracy train: 0.910714 test: 0.800000

Parameter containing:
tensor([0.], device='cuda:0', requires_grad=True)
loss training: 0.283327
accuracy train: 0.910714 test: 0.800000

Parameter containing:
tensor([0.], device='cuda:0', requires_grad=True)
loss training: 0.270811
accuracy train: 0.910714 test: 0.800000

Parameter containing:
tensor([0.], device='cuda:0', requires_grad=True)
loss training: 0.276380
accuracy train: 0.916667 test: 0.800000

Parameter containing:
tensor([0.], device='cuda:0', requires_grad=True)
loss training: 0.287006
accuracy train: 0.916667 test: 0.800000

Parameter containing:
tensor([0.], device='cuda:0', requires_grad=True)
loss training: 0.277507
accuracy train: 0.910714 test: 0.800000

Parameter containing:
tensor([0.], device='cuda:0', requires_grad=True)
loss training: 0.278289
accuracy train: 0.910714 test: 0.800000

Parameter containing:
tensor([0.], device='cuda:0', requires_grad=True)
loss training: 0.282131
accuracy train: 0.910714 test: 0.800000

Parameter containing:
tensor([0.], device='cuda:0', requires_grad=True)
loss training: 0.281044
accuracy train: 0.910714 test: 0.800000

Parameter containing:
tensor([0.], device='cuda:0', requires_grad=True)
loss training: 0.276983
accuracy train: 0.910714 test: 0.800000

Parameter containing:
tensor([0.], device='cuda:0', requires_grad=True)
loss training: 0.275336
accuracy train: 0.910714 test: 0.800000

Parameter containing:
tensor([0.], device='cuda:0', requires_grad=True)
loss training: 0.278931
accuracy train: 0.910714 test: 0.800000

Parameter containing:
tensor([0.], device='cuda:0', requires_grad=True)
loss training: 0.282143
accuracy train: 0.910714 test: 0.800000

Parameter containing:
tensor([0.], device='cuda:0', requires_grad=True)
loss training: 0.280810
accuracy train: 0.910714 test: 0.800000

Parameter containing:
tensor([0.], device='cuda:0', requires_grad=True)
loss training: 0.283417
accuracy train: 0.910714 test: 0.800000

Parameter containing:
tensor([0.], device='cuda:0', requires_grad=True)
loss training: 0.282955
accuracy train: 0.910714 test: 0.800000

Parameter containing:
tensor([0.], device='cuda:0', requires_grad=True)
loss training: 0.279476
accuracy train: 0.916667 test: 0.800000

Parameter containing:
tensor([0.], device='cuda:0', requires_grad=True)
loss training: 0.283988
accuracy train: 0.916667 test: 0.800000

Parameter containing:
tensor([0.], device='cuda:0', requires_grad=True)
loss training: 0.277057
accuracy train: 0.910714 test: 0.800000

Parameter containing:
tensor([0.], device='cuda:0', requires_grad=True)
loss training: 0.277029
accuracy train: 0.910714 test: 0.800000

Parameter containing:
tensor([0.], device='cuda:0', requires_grad=True)
loss training: 0.277185
accuracy train: 0.910714 test: 0.800000

Parameter containing:
tensor([0.], device='cuda:0', requires_grad=True)
loss training: 0.281189
accuracy train: 0.910714 test: 0.800000

Parameter containing:
tensor([0.], device='cuda:0', requires_grad=True)
loss training: 0.276954
accuracy train: 0.916667 test: 0.800000

Parameter containing:
tensor([0.], device='cuda:0', requires_grad=True)
loss training: 0.275741
accuracy train: 0.916667 test: 0.800000

Parameter containing:
tensor([0.], device='cuda:0', requires_grad=True)
loss training: 0.275132
accuracy train: 0.910714 test: 0.800000

Parameter containing:
tensor([0.], device='cuda:0', requires_grad=True)
loss training: 0.284005
accuracy train: 0.916667 test: 0.800000

Parameter containing:
tensor([0.], device='cuda:0', requires_grad=True)
loss training: 0.277390
accuracy train: 0.910714 test: 0.800000

Parameter containing:
tensor([0.], device='cuda:0', requires_grad=True)
loss training: 0.279668
accuracy train: 0.910714 test: 0.800000

Parameter containing:
tensor([0.], device='cuda:0', requires_grad=True)
loss training: 0.278190
accuracy train: 0.910714 test: 0.800000

Parameter containing:
tensor([0.], device='cuda:0', requires_grad=True)
loss training: 0.284305
accuracy train: 0.910714 test: 0.800000

Parameter containing:
tensor([0.], device='cuda:0', requires_grad=True)
loss training: 0.287666
accuracy train: 0.916667 test: 0.800000

Parameter containing:
tensor([0.], device='cuda:0', requires_grad=True)
loss training: 0.276327
accuracy train: 0.916667 test: 0.800000

Parameter containing:
tensor([0.], device='cuda:0', requires_grad=True)
loss training: 0.283404
accuracy train: 0.910714 test: 0.800000

Parameter containing:
tensor([0.], device='cuda:0', requires_grad=True)
loss training: 0.283742
accuracy train: 0.910714 test: 0.800000

Parameter containing:
tensor([0.], device='cuda:0', requires_grad=True)
loss training: 0.285001
accuracy train: 0.910714 test: 0.800000

Parameter containing:
tensor([0.], device='cuda:0', requires_grad=True)
loss training: 0.281422
accuracy train: 0.916667 test: 0.800000

Parameter containing:
tensor([0.], device='cuda:0', requires_grad=True)
loss training: 0.282380
accuracy train: 0.910714 test: 0.800000

Parameter containing:
tensor([0.], device='cuda:0', requires_grad=True)
loss training: 0.279336
accuracy train: 0.910714 test: 0.800000

Parameter containing:
tensor([0.], device='cuda:0', requires_grad=True)
loss training: 0.277139
accuracy train: 0.916667 test: 0.800000

Parameter containing:
tensor([0.], device='cuda:0', requires_grad=True)
loss training: 0.278084
accuracy train: 0.910714 test: 0.800000

Parameter containing:
tensor([0.], device='cuda:0', requires_grad=True)
loss training: 0.275218
accuracy train: 0.910714 test: 0.800000

Parameter containing:
tensor([0.], device='cuda:0', requires_grad=True)
loss training: 0.277604
accuracy train: 0.910714 test: 0.800000

Parameter containing:
tensor([0.], device='cuda:0', requires_grad=True)
loss training: 0.286186
accuracy train: 0.916667 test: 0.800000

Parameter containing:
tensor([0.], device='cuda:0', requires_grad=True)
loss training: 0.283973
accuracy train: 0.910714 test: 0.800000

Parameter containing:
tensor([0.], device='cuda:0', requires_grad=True)
loss training: 0.279304
accuracy train: 0.910714 test: 0.800000

Parameter containing:
tensor([0.], device='cuda:0', requires_grad=True)
loss training: 0.282759
accuracy train: 0.910714 test: 0.800000

Parameter containing:
tensor([0.], device='cuda:0', requires_grad=True)
loss training: 0.281494
accuracy train: 0.910714 test: 0.800000

Parameter containing:
tensor([0.], device='cuda:0', requires_grad=True)
loss training: 0.277368
accuracy train: 0.910714 test: 0.800000

Parameter containing:
tensor([0.], device='cuda:0', requires_grad=True)
loss training: 0.281472
accuracy train: 0.910714 test: 0.800000

Parameter containing:
tensor([0.], device='cuda:0', requires_grad=True)
loss training: 0.271239
accuracy train: 0.910714 test: 0.800000

Parameter containing:
tensor([0.], device='cuda:0', requires_grad=True)
loss training: 0.274182
accuracy train: 0.910714 test: 0.800000

Parameter containing:
tensor([0.], device='cuda:0', requires_grad=True)
loss training: 0.281516
accuracy train: 0.910714 test: 0.800000

Parameter containing:
tensor([0.], device='cuda:0', requires_grad=True)
loss training: 0.285906
accuracy train: 0.910714 test: 0.800000

Parameter containing:
tensor([0.], device='cuda:0', requires_grad=True)
loss training: 0.279043
accuracy train: 0.910714 test: 0.800000

Parameter containing:
tensor([0.], device='cuda:0', requires_grad=True)
loss training: 0.280595
accuracy train: 0.910714 test: 0.800000

Parameter containing:
tensor([0.], device='cuda:0', requires_grad=True)
loss training: 0.290886
accuracy train: 0.916667 test: 0.800000

Parameter containing:
tensor([0.], device='cuda:0', requires_grad=True)
loss training: 0.282876
accuracy train: 0.910714 test: 0.800000

Parameter containing:
tensor([0.], device='cuda:0', requires_grad=True)
loss training: 0.274088
accuracy train: 0.916667 test: 0.800000

Parameter containing:
tensor([0.], device='cuda:0', requires_grad=True)
loss training: 0.289096
accuracy train: 0.916667 test: 0.800000

Parameter containing:
tensor([0.], device='cuda:0', requires_grad=True)
loss training: 0.279652
accuracy train: 0.910714 test: 0.800000

Parameter containing:
tensor([0.], device='cuda:0', requires_grad=True)
loss training: 0.275202
accuracy train: 0.910714 test: 0.800000

Parameter containing:
tensor([0.], device='cuda:0', requires_grad=True)
loss training: 0.269958
accuracy train: 0.910714 test: 0.800000

Parameter containing:
tensor([0.], device='cuda:0', requires_grad=True)
loss training: 0.282430
accuracy train: 0.910714 test: 0.800000

Parameter containing:
tensor([0.], device='cuda:0', requires_grad=True)
loss training: 0.284010
accuracy train: 0.916667 test: 0.800000

Parameter containing:
tensor([0.], device='cuda:0', requires_grad=True)
loss training: 0.282049
accuracy train: 0.916667 test: 0.800000

Parameter containing:
tensor([0.], device='cuda:0', requires_grad=True)
loss training: 0.281548
accuracy train: 0.910714 test: 0.800000

Parameter containing:
tensor([0.], device='cuda:0', requires_grad=True)
loss training: 0.275358
accuracy train: 0.910714 test: 0.800000

Parameter containing:
tensor([0.], device='cuda:0', requires_grad=True)
loss training: 0.286569
accuracy train: 0.910714 test: 0.800000

Parameter containing:
tensor([0.], device='cuda:0', requires_grad=True)
loss training: 0.283711
accuracy train: 0.910714 test: 0.800000

Parameter containing:
tensor([0.], device='cuda:0', requires_grad=True)
loss training: 0.280002
accuracy train: 0.916667 test: 0.800000

Parameter containing:
tensor([0.], device='cuda:0', requires_grad=True)
loss training: 0.279946
accuracy train: 0.910714 test: 0.800000

Parameter containing:
tensor([0.], device='cuda:0', requires_grad=True)
loss training: 0.270055
accuracy train: 0.910714 test: 0.800000

Parameter containing:
tensor([0.], device='cuda:0', requires_grad=True)
loss training: 0.277061
accuracy train: 0.910714 test: 0.800000

Parameter containing:
tensor([0.], device='cuda:0', requires_grad=True)
loss training: 0.283211
accuracy train: 0.910714 test: 0.800000

Parameter containing:
tensor([0.], device='cuda:0', requires_grad=True)
loss training: 0.285223
accuracy train: 0.910714 test: 0.800000

Parameter containing:
tensor([0.], device='cuda:0', requires_grad=True)
loss training: 0.287558
accuracy train: 0.910714 test: 0.800000

Parameter containing:
tensor([0.], device='cuda:0', requires_grad=True)
loss training: 0.281834
accuracy train: 0.910714 test: 0.800000

Parameter containing:
tensor([0.], device='cuda:0', requires_grad=True)
loss training: 0.277957
accuracy train: 0.910714 test: 0.800000

Parameter containing:
tensor([0.], device='cuda:0', requires_grad=True)
loss training: 0.283078
accuracy train: 0.910714 test: 0.800000

Parameter containing:
tensor([0.], device='cuda:0', requires_grad=True)
loss training: 0.289385
accuracy train: 0.916667 test: 0.800000

Parameter containing:
tensor([0.], device='cuda:0', requires_grad=True)
loss training: 0.272456
accuracy train: 0.910714 test: 0.800000

Parameter containing:
tensor([0.], device='cuda:0', requires_grad=True)
