loading data
# classes: 2
# maximum node tag: 7
# data: 188
loss training: 0.747594
accuracy train: 0.797619 test: 0.750000

Parameter containing:
tensor([0.], device='cuda:0', requires_grad=True)
loss training: 0.363258
accuracy train: 0.839286 test: 0.750000

Parameter containing:
tensor([0.], device='cuda:0', requires_grad=True)
loss training: 0.340788
accuracy train: 0.857143 test: 0.750000

Parameter containing:
tensor([0.], device='cuda:0', requires_grad=True)
loss training: 0.345284
accuracy train: 0.892857 test: 0.800000

Parameter containing:
tensor([0.], device='cuda:0', requires_grad=True)
loss training: 0.336160
accuracy train: 0.857143 test: 0.700000

Parameter containing:
tensor([0.], device='cuda:0', requires_grad=True)
loss training: 0.338601
accuracy train: 0.863095 test: 0.750000

Parameter containing:
tensor([0.], device='cuda:0', requires_grad=True)
loss training: 0.330856
accuracy train: 0.904762 test: 0.850000

Parameter containing:
tensor([0.], device='cuda:0', requires_grad=True)
loss training: 0.315416
accuracy train: 0.916667 test: 0.800000

Parameter containing:
tensor([0.], device='cuda:0', requires_grad=True)
loss training: 0.342648
accuracy train: 0.845238 test: 0.800000

Parameter containing:
tensor([0.], device='cuda:0', requires_grad=True)
loss training: 0.322653
accuracy train: 0.875000 test: 0.800000

Parameter containing:
tensor([0.], device='cuda:0', requires_grad=True)
loss training: 0.328544
accuracy train: 0.898810 test: 0.800000

Parameter containing:
tensor([0.], device='cuda:0', requires_grad=True)
loss training: 0.318422
accuracy train: 0.928571 test: 0.800000

Parameter containing:
tensor([0.], device='cuda:0', requires_grad=True)
loss training: 0.334296
accuracy train: 0.922619 test: 0.800000

Parameter containing:
tensor([0.], device='cuda:0', requires_grad=True)
loss training: 0.327250
accuracy train: 0.910714 test: 0.800000

Parameter containing:
tensor([0.], device='cuda:0', requires_grad=True)
loss training: 0.305304
accuracy train: 0.851190 test: 0.800000

Parameter containing:
tensor([0.], device='cuda:0', requires_grad=True)
loss training: 0.307678
accuracy train: 0.875000 test: 0.800000

Parameter containing:
tensor([0.], device='cuda:0', requires_grad=True)
loss training: 0.308939
accuracy train: 0.898810 test: 0.800000

Parameter containing:
tensor([0.], device='cuda:0', requires_grad=True)
loss training: 0.318760
accuracy train: 0.910714 test: 0.800000

Parameter containing:
tensor([0.], device='cuda:0', requires_grad=True)
loss training: 0.307022
accuracy train: 0.827381 test: 0.750000

Parameter containing:
tensor([0.], device='cuda:0', requires_grad=True)
loss training: 0.317401
accuracy train: 0.833333 test: 0.750000

Parameter containing:
tensor([0.], device='cuda:0', requires_grad=True)
loss training: 0.312778
accuracy train: 0.904762 test: 0.850000

Parameter containing:
tensor([0.], device='cuda:0', requires_grad=True)
loss training: 0.313261
accuracy train: 0.875000 test: 0.750000

Parameter containing:
tensor([0.], device='cuda:0', requires_grad=True)
loss training: 0.299181
accuracy train: 0.910714 test: 0.900000 -- Note best here

Parameter containing:
tensor([0.], device='cuda:0', requires_grad=True)
loss training: 0.293799
accuracy train: 0.880952 test: 0.750000

Parameter containing:
tensor([0.], device='cuda:0', requires_grad=True)
loss training: 0.308491
accuracy train: 0.916667 test: 0.800000

Parameter containing:
tensor([0.], device='cuda:0', requires_grad=True)
loss training: 0.311529
accuracy train: 0.904762 test: 0.750000

Parameter containing:
tensor([0.], device='cuda:0', requires_grad=True)
loss training: 0.304686
accuracy train: 0.910714 test: 0.850000

Parameter containing:
tensor([0.], device='cuda:0', requires_grad=True)
loss training: 0.306389
accuracy train: 0.916667 test: 0.850000

Parameter containing:
tensor([0.], device='cuda:0', requires_grad=True)
loss training: 0.308901
accuracy train: 0.875000 test: 0.750000

Parameter containing:
tensor([0.], device='cuda:0', requires_grad=True)
loss training: 0.324264
accuracy train: 0.928571 test: 0.850000

Parameter containing:
tensor([0.], device='cuda:0', requires_grad=True)
loss training: 0.297566
accuracy train: 0.922619 test: 0.850000

Parameter containing:
tensor([0.], device='cuda:0', requires_grad=True)
loss training: 0.310611
accuracy train: 0.916667 test: 0.850000

Parameter containing:
tensor([0.], device='cuda:0', requires_grad=True)
loss training: 0.302290
accuracy train: 0.922619 test: 0.850000

Parameter containing:
tensor([0.], device='cuda:0', requires_grad=True)
loss training: 0.298992
accuracy train: 0.922619 test: 0.850000

Parameter containing:
tensor([0.], device='cuda:0', requires_grad=True)
loss training: 0.304412
accuracy train: 0.910714 test: 0.850000

Parameter containing:
tensor([0.], device='cuda:0', requires_grad=True)
loss training: 0.303428
accuracy train: 0.910714 test: 0.850000

Parameter containing:
tensor([0.], device='cuda:0', requires_grad=True)
loss training: 0.304170
accuracy train: 0.916667 test: 0.850000

Parameter containing:
tensor([0.], device='cuda:0', requires_grad=True)
loss training: 0.305695
accuracy train: 0.910714 test: 0.850000

Parameter containing:
tensor([0.], device='cuda:0', requires_grad=True)
loss training: 0.312727
accuracy train: 0.875000 test: 0.800000

Parameter containing:
tensor([0.], device='cuda:0', requires_grad=True)
loss training: 0.308270
accuracy train: 0.880952 test: 0.850000

Parameter containing:
tensor([0.], device='cuda:0', requires_grad=True)
loss training: 0.294333
accuracy train: 0.922619 test: 0.850000

Parameter containing:
tensor([0.], device='cuda:0', requires_grad=True)
loss training: 0.305044
accuracy train: 0.916667 test: 0.800000

Parameter containing:
tensor([0.], device='cuda:0', requires_grad=True)
loss training: 0.304261
accuracy train: 0.904762 test: 0.800000

Parameter containing:
tensor([0.], device='cuda:0', requires_grad=True)
loss training: 0.297060
accuracy train: 0.916667 test: 0.850000

Parameter containing:
tensor([0.], device='cuda:0', requires_grad=True)
loss training: 0.303205
accuracy train: 0.904762 test: 0.800000

Parameter containing:
tensor([0.], device='cuda:0', requires_grad=True)
loss training: 0.298158
accuracy train: 0.886905 test: 0.850000

Parameter containing:
tensor([0.], device='cuda:0', requires_grad=True)
loss training: 0.304145
accuracy train: 0.922619 test: 0.800000

Parameter containing:
tensor([0.], device='cuda:0', requires_grad=True)
loss training: 0.298827
accuracy train: 0.916667 test: 0.850000

Parameter containing:
tensor([0.], device='cuda:0', requires_grad=True)
loss training: 0.291773
accuracy train: 0.910714 test: 0.850000

Parameter containing:
tensor([0.], device='cuda:0', requires_grad=True)
loss training: 0.302355
accuracy train: 0.928571 test: 0.850000

Parameter containing:
tensor([0.], device='cuda:0', requires_grad=True)
loss training: 0.295236
accuracy train: 0.916667 test: 0.800000

Parameter containing:
tensor([0.], device='cuda:0', requires_grad=True)
loss training: 0.288344
accuracy train: 0.922619 test: 0.850000

Parameter containing:
tensor([0.], device='cuda:0', requires_grad=True)
loss training: 0.296360
accuracy train: 0.916667 test: 0.800000

Parameter containing:
tensor([0.], device='cuda:0', requires_grad=True)
loss training: 0.294601
accuracy train: 0.934524 test: 0.800000

Parameter containing:
tensor([0.], device='cuda:0', requires_grad=True)
loss training: 0.298119
accuracy train: 0.904762 test: 0.800000

Parameter containing:
tensor([0.], device='cuda:0', requires_grad=True)
loss training: 0.290744
accuracy train: 0.910714 test: 0.850000

Parameter containing:
tensor([0.], device='cuda:0', requires_grad=True)
loss training: 0.290728
accuracy train: 0.928571 test: 0.800000

Parameter containing:
tensor([0.], device='cuda:0', requires_grad=True)
loss training: 0.292111
accuracy train: 0.916667 test: 0.800000

Parameter containing:
tensor([0.], device='cuda:0', requires_grad=True)
loss training: 0.291992
accuracy train: 0.922619 test: 0.800000

Parameter containing:
tensor([0.], device='cuda:0', requires_grad=True)
loss training: 0.290321
accuracy train: 0.916667 test: 0.800000

Parameter containing:
tensor([0.], device='cuda:0', requires_grad=True)
loss training: 0.274537
accuracy train: 0.916667 test: 0.800000

Parameter containing:
tensor([0.], device='cuda:0', requires_grad=True)
loss training: 0.292015
accuracy train: 0.916667 test: 0.800000

Parameter containing:
tensor([0.], device='cuda:0', requires_grad=True)
loss training: 0.282572
accuracy train: 0.928571 test: 0.800000

Parameter containing:
tensor([0.], device='cuda:0', requires_grad=True)
loss training: 0.289900
accuracy train: 0.928571 test: 0.850000

Parameter containing:
tensor([0.], device='cuda:0', requires_grad=True)
loss training: 0.300252
accuracy train: 0.922619 test: 0.800000

Parameter containing:
tensor([0.], device='cuda:0', requires_grad=True)
loss training: 0.297819
accuracy train: 0.916667 test: 0.800000

Parameter containing:
tensor([0.], device='cuda:0', requires_grad=True)
loss training: 0.285638
accuracy train: 0.922619 test: 0.800000

Parameter containing:
tensor([0.], device='cuda:0', requires_grad=True)
loss training: 0.286302
accuracy train: 0.916667 test: 0.800000

Parameter containing:
tensor([0.], device='cuda:0', requires_grad=True)
loss training: 0.288678
accuracy train: 0.910714 test: 0.750000

Parameter containing:
tensor([0.], device='cuda:0', requires_grad=True)
loss training: 0.295787
accuracy train: 0.910714 test: 0.800000

Parameter containing:
tensor([0.], device='cuda:0', requires_grad=True)
loss training: 0.298768
accuracy train: 0.916667 test: 0.800000

Parameter containing:
tensor([0.], device='cuda:0', requires_grad=True)
loss training: 0.291584
accuracy train: 0.922619 test: 0.800000

Parameter containing:
tensor([0.], device='cuda:0', requires_grad=True)
loss training: 0.292372
accuracy train: 0.916667 test: 0.800000

Parameter containing:
tensor([0.], device='cuda:0', requires_grad=True)
loss training: 0.287619
accuracy train: 0.922619 test: 0.800000

Parameter containing:
tensor([0.], device='cuda:0', requires_grad=True)
loss training: 0.297444
accuracy train: 0.910714 test: 0.750000

Parameter containing:
tensor([0.], device='cuda:0', requires_grad=True)
loss training: 0.297309
accuracy train: 0.910714 test: 0.800000

Parameter containing:
tensor([0.], device='cuda:0', requires_grad=True)
loss training: 0.290602
accuracy train: 0.916667 test: 0.800000

Parameter containing:
tensor([0.], device='cuda:0', requires_grad=True)
loss training: 0.292628
accuracy train: 0.916667 test: 0.800000

Parameter containing:
tensor([0.], device='cuda:0', requires_grad=True)
loss training: 0.288046
accuracy train: 0.916667 test: 0.800000

Parameter containing:
tensor([0.], device='cuda:0', requires_grad=True)
loss training: 0.294365
accuracy train: 0.898810 test: 0.800000

Parameter containing:
tensor([0.], device='cuda:0', requires_grad=True)
loss training: 0.294124
accuracy train: 0.910714 test: 0.750000

Parameter containing:
tensor([0.], device='cuda:0', requires_grad=True)
loss training: 0.289466
accuracy train: 0.916667 test: 0.850000

Parameter containing:
tensor([0.], device='cuda:0', requires_grad=True)
loss training: 0.280647
accuracy train: 0.916667 test: 0.800000

Parameter containing:
tensor([0.], device='cuda:0', requires_grad=True)
loss training: 0.286980
accuracy train: 0.922619 test: 0.800000

Parameter containing:
tensor([0.], device='cuda:0', requires_grad=True)
loss training: 0.286219
accuracy train: 0.910714 test: 0.750000

Parameter containing:
tensor([0.], device='cuda:0', requires_grad=True)
loss training: 0.285954
accuracy train: 0.904762 test: 0.800000

Parameter containing:
tensor([0.], device='cuda:0', requires_grad=True)
loss training: 0.283547
accuracy train: 0.910714 test: 0.800000

Parameter containing:
tensor([0.], device='cuda:0', requires_grad=True)
loss training: 0.279110
accuracy train: 0.916667 test: 0.800000

Parameter containing:
tensor([0.], device='cuda:0', requires_grad=True)
loss training: 0.293343
accuracy train: 0.904762 test: 0.800000

Parameter containing:
tensor([0.], device='cuda:0', requires_grad=True)
loss training: 0.294806
accuracy train: 0.922619 test: 0.800000

Parameter containing:
tensor([0.], device='cuda:0', requires_grad=True)
loss training: 0.293827
accuracy train: 0.922619 test: 0.800000

Parameter containing:
tensor([0.], device='cuda:0', requires_grad=True)
loss training: 0.278708
accuracy train: 0.910714 test: 0.800000

Parameter containing:
tensor([0.], device='cuda:0', requires_grad=True)
loss training: 0.291228
accuracy train: 0.922619 test: 0.800000

Parameter containing:
tensor([0.], device='cuda:0', requires_grad=True)
loss training: 0.289777
accuracy train: 0.916667 test: 0.800000

Parameter containing:
tensor([0.], device='cuda:0', requires_grad=True)
loss training: 0.295133
accuracy train: 0.898810 test: 0.850000

Parameter containing:
tensor([0.], device='cuda:0', requires_grad=True)
loss training: 0.296678
accuracy train: 0.910714 test: 0.800000

Parameter containing:
tensor([0.], device='cuda:0', requires_grad=True)
loss training: 0.296765
accuracy train: 0.928571 test: 0.800000

Parameter containing:
tensor([0.], device='cuda:0', requires_grad=True)
loss training: 0.284305
accuracy train: 0.922619 test: 0.800000

Parameter containing:
tensor([0.], device='cuda:0', requires_grad=True)
loss training: 0.287608
accuracy train: 0.922619 test: 0.800000

Parameter containing:
tensor([0.], device='cuda:0', requires_grad=True)
loss training: 0.291674
accuracy train: 0.916667 test: 0.800000

Parameter containing:
tensor([0.], device='cuda:0', requires_grad=True)
loss training: 0.288078
accuracy train: 0.916667 test: 0.800000

Parameter containing:
tensor([0.], device='cuda:0', requires_grad=True)
loss training: 0.289687
accuracy train: 0.916667 test: 0.800000

Parameter containing:
tensor([0.], device='cuda:0', requires_grad=True)
loss training: 0.289072
accuracy train: 0.916667 test: 0.800000

Parameter containing:
tensor([0.], device='cuda:0', requires_grad=True)
loss training: 0.285679
accuracy train: 0.916667 test: 0.800000

Parameter containing:
tensor([0.], device='cuda:0', requires_grad=True)
loss training: 0.288725
accuracy train: 0.916667 test: 0.800000

Parameter containing:
tensor([0.], device='cuda:0', requires_grad=True)
loss training: 0.280354
accuracy train: 0.910714 test: 0.800000

Parameter containing:
tensor([0.], device='cuda:0', requires_grad=True)
loss training: 0.281039
accuracy train: 0.916667 test: 0.800000

Parameter containing:
tensor([0.], device='cuda:0', requires_grad=True)
loss training: 0.291733
accuracy train: 0.916667 test: 0.800000

Parameter containing:
tensor([0.], device='cuda:0', requires_grad=True)
loss training: 0.280564
accuracy train: 0.916667 test: 0.800000

Parameter containing:
tensor([0.], device='cuda:0', requires_grad=True)
loss training: 0.287174
accuracy train: 0.922619 test: 0.800000

Parameter containing:
tensor([0.], device='cuda:0', requires_grad=True)
loss training: 0.282894
accuracy train: 0.916667 test: 0.800000

Parameter containing:
tensor([0.], device='cuda:0', requires_grad=True)
loss training: 0.274506
accuracy train: 0.910714 test: 0.800000

Parameter containing:
tensor([0.], device='cuda:0', requires_grad=True)
loss training: 0.287216
accuracy train: 0.922619 test: 0.800000

Parameter containing:
tensor([0.], device='cuda:0', requires_grad=True)
loss training: 0.279408
accuracy train: 0.916667 test: 0.800000

Parameter containing:
tensor([0.], device='cuda:0', requires_grad=True)
loss training: 0.279852
accuracy train: 0.910714 test: 0.800000

Parameter containing:
tensor([0.], device='cuda:0', requires_grad=True)
loss training: 0.284609
accuracy train: 0.916667 test: 0.800000

Parameter containing:
tensor([0.], device='cuda:0', requires_grad=True)
loss training: 0.283447
accuracy train: 0.916667 test: 0.800000

Parameter containing:
tensor([0.], device='cuda:0', requires_grad=True)
loss training: 0.274795
accuracy train: 0.922619 test: 0.800000

Parameter containing:
tensor([0.], device='cuda:0', requires_grad=True)
loss training: 0.285128
accuracy train: 0.910714 test: 0.800000

Parameter containing:
tensor([0.], device='cuda:0', requires_grad=True)
loss training: 0.286347
accuracy train: 0.916667 test: 0.800000

Parameter containing:
tensor([0.], device='cuda:0', requires_grad=True)
loss training: 0.281727
accuracy train: 0.916667 test: 0.800000

Parameter containing:
tensor([0.], device='cuda:0', requires_grad=True)
loss training: 0.283376
accuracy train: 0.916667 test: 0.800000

Parameter containing:
tensor([0.], device='cuda:0', requires_grad=True)
loss training: 0.287351
accuracy train: 0.910714 test: 0.800000

Parameter containing:
tensor([0.], device='cuda:0', requires_grad=True)
loss training: 0.278774
accuracy train: 0.910714 test: 0.800000

Parameter containing:
tensor([0.], device='cuda:0', requires_grad=True)
loss training: 0.292417
accuracy train: 0.910714 test: 0.800000

Parameter containing:
tensor([0.], device='cuda:0', requires_grad=True)
loss training: 0.286094
accuracy train: 0.916667 test: 0.800000

Parameter containing:
tensor([0.], device='cuda:0', requires_grad=True)
loss training: 0.288074
accuracy train: 0.916667 test: 0.800000

Parameter containing:
tensor([0.], device='cuda:0', requires_grad=True)
loss training: 0.288314
accuracy train: 0.916667 test: 0.800000

Parameter containing:
tensor([0.], device='cuda:0', requires_grad=True)
loss training: 0.286639
accuracy train: 0.916667 test: 0.800000

Parameter containing:
tensor([0.], device='cuda:0', requires_grad=True)
loss training: 0.276527
accuracy train: 0.910714 test: 0.800000

Parameter containing:
tensor([0.], device='cuda:0', requires_grad=True)
loss training: 0.291613
accuracy train: 0.916667 test: 0.800000

Parameter containing:
tensor([0.], device='cuda:0', requires_grad=True)
loss training: 0.290036
accuracy train: 0.922619 test: 0.800000

Parameter containing:
tensor([0.], device='cuda:0', requires_grad=True)
loss training: 0.286334
accuracy train: 0.916667 test: 0.800000

Parameter containing:
tensor([0.], device='cuda:0', requires_grad=True)
loss training: 0.288571
accuracy train: 0.916667 test: 0.800000

Parameter containing:
tensor([0.], device='cuda:0', requires_grad=True)
loss training: 0.291413
accuracy train: 0.916667 test: 0.800000

Parameter containing:
tensor([0.], device='cuda:0', requires_grad=True)
loss training: 0.282806
accuracy train: 0.922619 test: 0.800000

Parameter containing:
tensor([0.], device='cuda:0', requires_grad=True)
loss training: 0.287124
accuracy train: 0.916667 test: 0.800000

Parameter containing:
tensor([0.], device='cuda:0', requires_grad=True)
loss training: 0.283559
accuracy train: 0.910714 test: 0.800000

Parameter containing:
tensor([0.], device='cuda:0', requires_grad=True)
loss training: 0.284348
accuracy train: 0.916667 test: 0.800000

Parameter containing:
tensor([0.], device='cuda:0', requires_grad=True)
loss training: 0.290533
accuracy train: 0.922619 test: 0.800000

Parameter containing:
tensor([0.], device='cuda:0', requires_grad=True)
loss training: 0.289019
accuracy train: 0.916667 test: 0.800000

Parameter containing:
tensor([0.], device='cuda:0', requires_grad=True)
loss training: 0.285913
accuracy train: 0.916667 test: 0.800000

Parameter containing:
tensor([0.], device='cuda:0', requires_grad=True)
loss training: 0.293849
accuracy train: 0.922619 test: 0.800000

Parameter containing:
tensor([0.], device='cuda:0', requires_grad=True)
loss training: 0.285341
accuracy train: 0.916667 test: 0.800000

Parameter containing:
tensor([0.], device='cuda:0', requires_grad=True)
loss training: 0.283608
accuracy train: 0.916667 test: 0.800000

Parameter containing:
tensor([0.], device='cuda:0', requires_grad=True)
loss training: 0.284933
accuracy train: 0.916667 test: 0.800000

Parameter containing:
tensor([0.], device='cuda:0', requires_grad=True)
loss training: 0.288296
accuracy train: 0.910714 test: 0.750000

Parameter containing:
tensor([0.], device='cuda:0', requires_grad=True)
loss training: 0.287999
accuracy train: 0.910714 test: 0.800000

Parameter containing:
tensor([0.], device='cuda:0', requires_grad=True)
loss training: 0.282578
accuracy train: 0.916667 test: 0.800000

Parameter containing:
tensor([0.], device='cuda:0', requires_grad=True)
loss training: 0.285887
accuracy train: 0.916667 test: 0.800000

Parameter containing:
tensor([0.], device='cuda:0', requires_grad=True)
loss training: 0.278013
accuracy train: 0.916667 test: 0.800000

Parameter containing:
tensor([0.], device='cuda:0', requires_grad=True)
loss training: 0.281120
accuracy train: 0.922619 test: 0.800000

Parameter containing:
tensor([0.], device='cuda:0', requires_grad=True)
loss training: 0.281484
accuracy train: 0.910714 test: 0.800000

Parameter containing:
tensor([0.], device='cuda:0', requires_grad=True)
loss training: 0.286318
accuracy train: 0.916667 test: 0.800000

Parameter containing:
tensor([0.], device='cuda:0', requires_grad=True)
loss training: 0.282896
accuracy train: 0.910714 test: 0.800000

Parameter containing:
tensor([0.], device='cuda:0', requires_grad=True)
loss training: 0.274001
accuracy train: 0.916667 test: 0.800000

Parameter containing:
tensor([0.], device='cuda:0', requires_grad=True)
loss training: 0.284066
accuracy train: 0.910714 test: 0.800000

Parameter containing:
tensor([0.], device='cuda:0', requires_grad=True)
loss training: 0.293863
accuracy train: 0.910714 test: 0.800000

Parameter containing:
tensor([0.], device='cuda:0', requires_grad=True)
loss training: 0.279663
accuracy train: 0.916667 test: 0.800000

Parameter containing:
tensor([0.], device='cuda:0', requires_grad=True)
loss training: 0.274127
accuracy train: 0.916667 test: 0.800000

Parameter containing:
tensor([0.], device='cuda:0', requires_grad=True)
loss training: 0.286493
accuracy train: 0.916667 test: 0.800000

Parameter containing:
tensor([0.], device='cuda:0', requires_grad=True)
loss training: 0.287290
accuracy train: 0.916667 test: 0.800000

Parameter containing:
tensor([0.], device='cuda:0', requires_grad=True)
loss training: 0.284702
accuracy train: 0.916667 test: 0.800000

Parameter containing:
tensor([0.], device='cuda:0', requires_grad=True)
loss training: 0.287586
accuracy train: 0.910714 test: 0.800000

Parameter containing:
tensor([0.], device='cuda:0', requires_grad=True)
loss training: 0.284025
accuracy train: 0.916667 test: 0.800000

Parameter containing:
tensor([0.], device='cuda:0', requires_grad=True)
loss training: 0.288494
accuracy train: 0.916667 test: 0.800000

Parameter containing:
tensor([0.], device='cuda:0', requires_grad=True)
loss training: 0.292598
accuracy train: 0.916667 test: 0.800000

Parameter containing:
tensor([0.], device='cuda:0', requires_grad=True)
loss training: 0.288140
accuracy train: 0.910714 test: 0.800000

Parameter containing:
tensor([0.], device='cuda:0', requires_grad=True)
loss training: 0.281945
accuracy train: 0.916667 test: 0.800000

Parameter containing:
tensor([0.], device='cuda:0', requires_grad=True)
loss training: 0.286253
accuracy train: 0.910714 test: 0.800000

Parameter containing:
tensor([0.], device='cuda:0', requires_grad=True)
loss training: 0.282677
accuracy train: 0.910714 test: 0.800000

Parameter containing:
tensor([0.], device='cuda:0', requires_grad=True)
loss training: 0.285665
accuracy train: 0.916667 test: 0.800000

Parameter containing:
tensor([0.], device='cuda:0', requires_grad=True)
loss training: 0.283984
accuracy train: 0.916667 test: 0.800000

Parameter containing:
tensor([0.], device='cuda:0', requires_grad=True)
loss training: 0.283473
accuracy train: 0.910714 test: 0.800000

Parameter containing:
tensor([0.], device='cuda:0', requires_grad=True)
loss training: 0.284499
accuracy train: 0.916667 test: 0.800000

Parameter containing:
tensor([0.], device='cuda:0', requires_grad=True)
loss training: 0.281934
accuracy train: 0.916667 test: 0.800000

Parameter containing:
tensor([0.], device='cuda:0', requires_grad=True)
loss training: 0.283938
accuracy train: 0.916667 test: 0.800000

Parameter containing:
tensor([0.], device='cuda:0', requires_grad=True)
loss training: 0.276153
accuracy train: 0.916667 test: 0.800000

Parameter containing:
tensor([0.], device='cuda:0', requires_grad=True)
loss training: 0.278627
accuracy train: 0.916667 test: 0.800000

Parameter containing:
tensor([0.], device='cuda:0', requires_grad=True)
loss training: 0.282851
accuracy train: 0.916667 test: 0.800000

Parameter containing:
tensor([0.], device='cuda:0', requires_grad=True)
loss training: 0.280811
accuracy train: 0.916667 test: 0.800000

Parameter containing:
tensor([0.], device='cuda:0', requires_grad=True)
loss training: 0.282414
accuracy train: 0.910714 test: 0.800000

Parameter containing:
tensor([0.], device='cuda:0', requires_grad=True)
loss training: 0.289345
accuracy train: 0.916667 test: 0.800000

Parameter containing:
tensor([0.], device='cuda:0', requires_grad=True)
loss training: 0.285020
accuracy train: 0.910714 test: 0.800000

Parameter containing:
tensor([0.], device='cuda:0', requires_grad=True)
loss training: 0.279057
accuracy train: 0.916667 test: 0.800000

Parameter containing:
tensor([0.], device='cuda:0', requires_grad=True)
loss training: 0.279374
accuracy train: 0.922619 test: 0.800000

Parameter containing:
tensor([0.], device='cuda:0', requires_grad=True)
loss training: 0.288860
accuracy train: 0.916667 test: 0.800000

Parameter containing:
tensor([0.], device='cuda:0', requires_grad=True)
loss training: 0.281628
accuracy train: 0.916667 test: 0.800000

Parameter containing:
tensor([0.], device='cuda:0', requires_grad=True)
loss training: 0.289367
accuracy train: 0.916667 test: 0.800000

Parameter containing:
tensor([0.], device='cuda:0', requires_grad=True)
loss training: 0.285580
accuracy train: 0.910714 test: 0.800000

Parameter containing:
tensor([0.], device='cuda:0', requires_grad=True)
loss training: 0.281205
accuracy train: 0.910714 test: 0.800000

Parameter containing:
tensor([0.], device='cuda:0', requires_grad=True)
loss training: 0.274852
accuracy train: 0.910714 test: 0.800000

Parameter containing:
tensor([0.], device='cuda:0', requires_grad=True)
loss training: 0.277766
accuracy train: 0.910714 test: 0.800000

Parameter containing:
tensor([0.], device='cuda:0', requires_grad=True)
loss training: 0.279870
accuracy train: 0.910714 test: 0.800000

Parameter containing:
tensor([0.], device='cuda:0', requires_grad=True)
loss training: 0.280361
accuracy train: 0.910714 test: 0.800000

Parameter containing:
tensor([0.], device='cuda:0', requires_grad=True)
loss training: 0.292651
accuracy train: 0.916667 test: 0.800000

Parameter containing:
tensor([0.], device='cuda:0', requires_grad=True)
loss training: 0.289840
accuracy train: 0.910714 test: 0.800000

Parameter containing:
tensor([0.], device='cuda:0', requires_grad=True)
loss training: 0.277847
accuracy train: 0.916667 test: 0.800000

Parameter containing:
tensor([0.], device='cuda:0', requires_grad=True)
loss training: 0.288310
accuracy train: 0.916667 test: 0.800000

Parameter containing:
tensor([0.], device='cuda:0', requires_grad=True)
loss training: 0.293353
accuracy train: 0.910714 test: 0.800000

Parameter containing:
tensor([0.], device='cuda:0', requires_grad=True)
loss training: 0.276729
accuracy train: 0.910714 test: 0.800000

Parameter containing:
tensor([0.], device='cuda:0', requires_grad=True)
loss training: 0.282416
accuracy train: 0.910714 test: 0.800000

Parameter containing:
tensor([0.], device='cuda:0', requires_grad=True)
loss training: 0.278036
accuracy train: 0.910714 test: 0.800000

Parameter containing:
tensor([0.], device='cuda:0', requires_grad=True)
loss training: 0.286113
accuracy train: 0.916667 test: 0.800000

Parameter containing:
tensor([0.], device='cuda:0', requires_grad=True)
loss training: 0.277995
accuracy train: 0.916667 test: 0.800000

Parameter containing:
tensor([0.], device='cuda:0', requires_grad=True)
loss training: 0.282452
accuracy train: 0.910714 test: 0.800000

Parameter containing:
tensor([0.], device='cuda:0', requires_grad=True)
loss training: 0.281241
accuracy train: 0.916667 test: 0.800000

Parameter containing:
tensor([0.], device='cuda:0', requires_grad=True)
loss training: 0.283704
accuracy train: 0.916667 test: 0.800000

Parameter containing:
tensor([0.], device='cuda:0', requires_grad=True)
loss training: 0.286003
accuracy train: 0.916667 test: 0.800000

Parameter containing:
tensor([0.], device='cuda:0', requires_grad=True)
loss training: 0.278711
accuracy train: 0.910714 test: 0.800000

Parameter containing:
tensor([0.], device='cuda:0', requires_grad=True)
loss training: 0.281359
accuracy train: 0.910714 test: 0.800000

Parameter containing:
tensor([0.], device='cuda:0', requires_grad=True)
loss training: 0.282415
accuracy train: 0.916667 test: 0.800000

Parameter containing:
tensor([0.], device='cuda:0', requires_grad=True)
loss training: 0.287069
accuracy train: 0.916667 test: 0.800000

Parameter containing:
tensor([0.], device='cuda:0', requires_grad=True)
loss training: 0.277325
accuracy train: 0.910714 test: 0.800000

Parameter containing:
tensor([0.], device='cuda:0', requires_grad=True)
loss training: 0.278230
accuracy train: 0.916667 test: 0.800000

Parameter containing:
tensor([0.], device='cuda:0', requires_grad=True)
loss training: 0.291316
accuracy train: 0.910714 test: 0.800000

Parameter containing:
tensor([0.], device='cuda:0', requires_grad=True)
loss training: 0.277157
accuracy train: 0.916667 test: 0.800000

Parameter containing:
tensor([0.], device='cuda:0', requires_grad=True)
loss training: 0.277759
accuracy train: 0.910714 test: 0.800000

Parameter containing:
tensor([0.], device='cuda:0', requires_grad=True)
loss training: 0.286676
accuracy train: 0.910714 test: 0.800000

Parameter containing:
tensor([0.], device='cuda:0', requires_grad=True)
loss training: 0.275579
accuracy train: 0.916667 test: 0.800000

Parameter containing:
tensor([0.], device='cuda:0', requires_grad=True)
loss training: 0.288864
accuracy train: 0.916667 test: 0.800000

Parameter containing:
tensor([0.], device='cuda:0', requires_grad=True)
loss training: 0.273021
accuracy train: 0.910714 test: 0.800000

Parameter containing:
tensor([0.], device='cuda:0', requires_grad=True)
loss training: 0.281979
accuracy train: 0.910714 test: 0.800000

Parameter containing:
tensor([0.], device='cuda:0', requires_grad=True)
loss training: 0.277217
accuracy train: 0.910714 test: 0.800000

Parameter containing:
tensor([0.], device='cuda:0', requires_grad=True)
loss training: 0.282936
accuracy train: 0.916667 test: 0.800000

Parameter containing:
tensor([0.], device='cuda:0', requires_grad=True)
loss training: 0.287981
accuracy train: 0.910714 test: 0.800000

Parameter containing:
tensor([0.], device='cuda:0', requires_grad=True)
loss training: 0.284907
accuracy train: 0.910714 test: 0.800000

Parameter containing:
tensor([0.], device='cuda:0', requires_grad=True)
loss training: 0.282846
accuracy train: 0.910714 test: 0.800000

Parameter containing:
tensor([0.], device='cuda:0', requires_grad=True)
loss training: 0.284276
accuracy train: 0.910714 test: 0.800000

Parameter containing:
tensor([0.], device='cuda:0', requires_grad=True)
loss training: 0.280300
accuracy train: 0.910714 test: 0.800000

Parameter containing:
tensor([0.], device='cuda:0', requires_grad=True)
loss training: 0.282021
accuracy train: 0.910714 test: 0.800000

Parameter containing:
tensor([0.], device='cuda:0', requires_grad=True)
loss training: 0.283373
accuracy train: 0.916667 test: 0.800000

Parameter containing:
tensor([0.], device='cuda:0', requires_grad=True)
loss training: 0.283900
accuracy train: 0.916667 test: 0.800000

Parameter containing:
tensor([0.], device='cuda:0', requires_grad=True)
loss training: 0.282524
accuracy train: 0.910714 test: 0.800000

Parameter containing:
tensor([0.], device='cuda:0', requires_grad=True)
loss training: 0.275780
accuracy train: 0.916667 test: 0.800000

Parameter containing:
tensor([0.], device='cuda:0', requires_grad=True)
loss training: 0.277375
accuracy train: 0.910714 test: 0.800000

Parameter containing:
tensor([0.], device='cuda:0', requires_grad=True)
loss training: 0.272215
accuracy train: 0.916667 test: 0.800000

Parameter containing:
tensor([0.], device='cuda:0', requires_grad=True)
loss training: 0.291861
accuracy train: 0.910714 test: 0.800000

Parameter containing:
tensor([0.], device='cuda:0', requires_grad=True)
loss training: 0.271955
accuracy train: 0.916667 test: 0.800000

Parameter containing:
tensor([0.], device='cuda:0', requires_grad=True)
loss training: 0.268121
accuracy train: 0.916667 test: 0.800000

Parameter containing:
tensor([0.], device='cuda:0', requires_grad=True)
loss training: 0.291175
accuracy train: 0.910714 test: 0.800000

Parameter containing:
tensor([0.], device='cuda:0', requires_grad=True)
loss training: 0.276094
accuracy train: 0.910714 test: 0.800000

Parameter containing:
tensor([0.], device='cuda:0', requires_grad=True)
loss training: 0.269703
accuracy train: 0.910714 test: 0.800000

Parameter containing:
tensor([0.], device='cuda:0', requires_grad=True)
loss training: 0.281668
accuracy train: 0.916667 test: 0.800000

Parameter containing:
tensor([0.], device='cuda:0', requires_grad=True)
loss training: 0.275916
accuracy train: 0.910714 test: 0.800000

Parameter containing:
tensor([0.], device='cuda:0', requires_grad=True)
loss training: 0.289794
accuracy train: 0.916667 test: 0.800000

Parameter containing:
tensor([0.], device='cuda:0', requires_grad=True)
loss training: 0.286748
accuracy train: 0.916667 test: 0.800000

Parameter containing:
tensor([0.], device='cuda:0', requires_grad=True)
loss training: 0.280682
accuracy train: 0.910714 test: 0.800000

Parameter containing:
tensor([0.], device='cuda:0', requires_grad=True)
loss training: 0.284649
accuracy train: 0.916667 test: 0.800000

Parameter containing:
tensor([0.], device='cuda:0', requires_grad=True)
loss training: 0.278985
accuracy train: 0.916667 test: 0.800000

Parameter containing:
tensor([0.], device='cuda:0', requires_grad=True)
loss training: 0.274663
accuracy train: 0.910714 test: 0.800000

Parameter containing:
tensor([0.], device='cuda:0', requires_grad=True)
loss training: 0.282535
accuracy train: 0.910714 test: 0.800000

Parameter containing:
tensor([0.], device='cuda:0', requires_grad=True)
loss training: 0.282273
accuracy train: 0.910714 test: 0.800000

Parameter containing:
tensor([0.], device='cuda:0', requires_grad=True)
loss training: 0.284113
accuracy train: 0.910714 test: 0.800000

Parameter containing:
tensor([0.], device='cuda:0', requires_grad=True)
loss training: 0.280594
accuracy train: 0.910714 test: 0.800000

Parameter containing:
tensor([0.], device='cuda:0', requires_grad=True)
loss training: 0.275747
accuracy train: 0.910714 test: 0.800000

Parameter containing:
tensor([0.], device='cuda:0', requires_grad=True)
loss training: 0.284734
accuracy train: 0.910714 test: 0.800000

Parameter containing:
tensor([0.], device='cuda:0', requires_grad=True)
loss training: 0.284297
accuracy train: 0.916667 test: 0.800000

Parameter containing:
tensor([0.], device='cuda:0', requires_grad=True)
loss training: 0.284991
accuracy train: 0.910714 test: 0.800000

Parameter containing:
tensor([0.], device='cuda:0', requires_grad=True)
loss training: 0.280195
accuracy train: 0.910714 test: 0.800000

Parameter containing:
tensor([0.], device='cuda:0', requires_grad=True)
loss training: 0.272937
accuracy train: 0.910714 test: 0.800000

Parameter containing:
tensor([0.], device='cuda:0', requires_grad=True)
loss training: 0.276398
accuracy train: 0.910714 test: 0.800000

Parameter containing:
tensor([0.], device='cuda:0', requires_grad=True)
loss training: 0.275506
accuracy train: 0.910714 test: 0.800000

Parameter containing:
tensor([0.], device='cuda:0', requires_grad=True)
loss training: 0.274214
accuracy train: 0.910714 test: 0.800000

Parameter containing:
tensor([0.], device='cuda:0', requires_grad=True)
loss training: 0.288166
accuracy train: 0.916667 test: 0.800000

Parameter containing:
tensor([0.], device='cuda:0', requires_grad=True)
loss training: 0.279651
accuracy train: 0.910714 test: 0.800000

Parameter containing:
tensor([0.], device='cuda:0', requires_grad=True)
loss training: 0.282260
accuracy train: 0.916667 test: 0.800000

Parameter containing:
tensor([0.], device='cuda:0', requires_grad=True)
loss training: 0.284059
accuracy train: 0.916667 test: 0.800000

Parameter containing:
tensor([0.], device='cuda:0', requires_grad=True)
loss training: 0.281140
accuracy train: 0.910714 test: 0.800000

Parameter containing:
tensor([0.], device='cuda:0', requires_grad=True)
loss training: 0.281122
accuracy train: 0.910714 test: 0.800000

Parameter containing:
tensor([0.], device='cuda:0', requires_grad=True)
loss training: 0.283872
accuracy train: 0.910714 test: 0.800000

Parameter containing:
tensor([0.], device='cuda:0', requires_grad=True)
loss training: 0.270978
accuracy train: 0.910714 test: 0.800000

Parameter containing:
tensor([0.], device='cuda:0', requires_grad=True)
loss training: 0.276794
accuracy train: 0.916667 test: 0.800000

Parameter containing:
tensor([0.], device='cuda:0', requires_grad=True)
loss training: 0.287659
accuracy train: 0.916667 test: 0.800000

Parameter containing:
tensor([0.], device='cuda:0', requires_grad=True)
loss training: 0.277858
accuracy train: 0.910714 test: 0.800000

Parameter containing:
tensor([0.], device='cuda:0', requires_grad=True)
loss training: 0.278518
accuracy train: 0.910714 test: 0.800000

Parameter containing:
tensor([0.], device='cuda:0', requires_grad=True)
loss training: 0.282374
accuracy train: 0.916667 test: 0.800000

Parameter containing:
tensor([0.], device='cuda:0', requires_grad=True)
loss training: 0.281300
accuracy train: 0.910714 test: 0.800000

Parameter containing:
tensor([0.], device='cuda:0', requires_grad=True)
loss training: 0.277423
accuracy train: 0.910714 test: 0.800000

Parameter containing:
tensor([0.], device='cuda:0', requires_grad=True)
loss training: 0.275515
accuracy train: 0.910714 test: 0.800000

Parameter containing:
tensor([0.], device='cuda:0', requires_grad=True)
loss training: 0.279391
accuracy train: 0.916667 test: 0.800000

Parameter containing:
tensor([0.], device='cuda:0', requires_grad=True)
loss training: 0.282562
accuracy train: 0.910714 test: 0.800000

Parameter containing:
tensor([0.], device='cuda:0', requires_grad=True)
loss training: 0.280831
accuracy train: 0.910714 test: 0.800000

Parameter containing:
tensor([0.], device='cuda:0', requires_grad=True)
loss training: 0.283649
accuracy train: 0.910714 test: 0.800000

Parameter containing:
tensor([0.], device='cuda:0', requires_grad=True)
loss training: 0.282999
accuracy train: 0.910714 test: 0.800000

Parameter containing:
tensor([0.], device='cuda:0', requires_grad=True)
loss training: 0.279452
accuracy train: 0.916667 test: 0.800000

Parameter containing:
tensor([0.], device='cuda:0', requires_grad=True)
loss training: 0.284173
accuracy train: 0.916667 test: 0.800000

Parameter containing:
tensor([0.], device='cuda:0', requires_grad=True)
loss training: 0.276626
accuracy train: 0.916667 test: 0.800000

Parameter containing:
tensor([0.], device='cuda:0', requires_grad=True)
loss training: 0.276992
accuracy train: 0.910714 test: 0.800000

Parameter containing:
tensor([0.], device='cuda:0', requires_grad=True)
loss training: 0.277347
accuracy train: 0.910714 test: 0.800000

Parameter containing:
tensor([0.], device='cuda:0', requires_grad=True)
loss training: 0.281747
accuracy train: 0.910714 test: 0.800000

Parameter containing:
tensor([0.], device='cuda:0', requires_grad=True)
loss training: 0.277219
accuracy train: 0.910714 test: 0.800000

Parameter containing:
tensor([0.], device='cuda:0', requires_grad=True)
loss training: 0.275960
accuracy train: 0.916667 test: 0.800000

Parameter containing:
tensor([0.], device='cuda:0', requires_grad=True)
loss training: 0.275252
accuracy train: 0.916667 test: 0.800000

Parameter containing:
tensor([0.], device='cuda:0', requires_grad=True)
loss training: 0.284143
accuracy train: 0.916667 test: 0.800000

Parameter containing:
tensor([0.], device='cuda:0', requires_grad=True)
loss training: 0.277708
accuracy train: 0.916667 test: 0.800000

Parameter containing:
tensor([0.], device='cuda:0', requires_grad=True)
loss training: 0.279966
accuracy train: 0.910714 test: 0.800000

Parameter containing:
tensor([0.], device='cuda:0', requires_grad=True)
loss training: 0.278301
accuracy train: 0.916667 test: 0.800000

Parameter containing:
tensor([0.], device='cuda:0', requires_grad=True)
loss training: 0.284710
accuracy train: 0.910714 test: 0.800000

Parameter containing:
tensor([0.], device='cuda:0', requires_grad=True)
loss training: 0.287482
accuracy train: 0.910714 test: 0.800000

Parameter containing:
tensor([0.], device='cuda:0', requires_grad=True)
loss training: 0.276607
accuracy train: 0.916667 test: 0.800000

Parameter containing:
tensor([0.], device='cuda:0', requires_grad=True)
loss training: 0.283384
accuracy train: 0.910714 test: 0.800000

Parameter containing:
tensor([0.], device='cuda:0', requires_grad=True)
loss training: 0.283631
accuracy train: 0.910714 test: 0.800000

Parameter containing:
tensor([0.], device='cuda:0', requires_grad=True)
loss training: 0.285276
accuracy train: 0.916667 test: 0.800000

Parameter containing:
tensor([0.], device='cuda:0', requires_grad=True)
loss training: 0.281393
accuracy train: 0.916667 test: 0.800000

Parameter containing:
tensor([0.], device='cuda:0', requires_grad=True)
loss training: 0.282245
accuracy train: 0.910714 test: 0.800000

Parameter containing:
tensor([0.], device='cuda:0', requires_grad=True)
loss training: 0.279327
accuracy train: 0.910714 test: 0.800000

Parameter containing:
tensor([0.], device='cuda:0', requires_grad=True)
loss training: 0.277277
accuracy train: 0.916667 test: 0.800000

Parameter containing:
tensor([0.], device='cuda:0', requires_grad=True)
loss training: 0.278547
accuracy train: 0.910714 test: 0.800000

Parameter containing:
tensor([0.], device='cuda:0', requires_grad=True)
loss training: 0.275076
accuracy train: 0.910714 test: 0.800000

Parameter containing:
tensor([0.], device='cuda:0', requires_grad=True)
loss training: 0.277697
accuracy train: 0.910714 test: 0.800000

Parameter containing:
tensor([0.], device='cuda:0', requires_grad=True)
loss training: 0.286233
accuracy train: 0.910714 test: 0.800000

Parameter containing:
tensor([0.], device='cuda:0', requires_grad=True)
loss training: 0.284050
accuracy train: 0.910714 test: 0.800000

Parameter containing:
tensor([0.], device='cuda:0', requires_grad=True)
loss training: 0.279579
accuracy train: 0.910714 test: 0.800000

Parameter containing:
tensor([0.], device='cuda:0', requires_grad=True)
loss training: 0.283026
accuracy train: 0.910714 test: 0.800000

Parameter containing:
tensor([0.], device='cuda:0', requires_grad=True)
loss training: 0.281520
accuracy train: 0.910714 test: 0.800000

Parameter containing:
tensor([0.], device='cuda:0', requires_grad=True)
loss training: 0.277447
accuracy train: 0.910714 test: 0.800000

Parameter containing:
tensor([0.], device='cuda:0', requires_grad=True)
loss training: 0.281582
accuracy train: 0.910714 test: 0.800000

Parameter containing:
tensor([0.], device='cuda:0', requires_grad=True)
loss training: 0.271011
accuracy train: 0.910714 test: 0.800000

Parameter containing:
tensor([0.], device='cuda:0', requires_grad=True)
loss training: 0.274484
accuracy train: 0.910714 test: 0.800000

Parameter containing:
tensor([0.], device='cuda:0', requires_grad=True)
loss training: 0.281689
accuracy train: 0.910714 test: 0.800000

Parameter containing:
tensor([0.], device='cuda:0', requires_grad=True)
loss training: 0.286123
accuracy train: 0.910714 test: 0.800000

Parameter containing:
tensor([0.], device='cuda:0', requires_grad=True)
loss training: 0.279054
accuracy train: 0.916667 test: 0.800000

Parameter containing:
tensor([0.], device='cuda:0', requires_grad=True)
loss training: 0.280685
accuracy train: 0.916667 test: 0.800000

Parameter containing:
tensor([0.], device='cuda:0', requires_grad=True)
loss training: 0.290691
accuracy train: 0.916667 test: 0.800000

Parameter containing:
tensor([0.], device='cuda:0', requires_grad=True)
loss training: 0.283058
accuracy train: 0.910714 test: 0.800000

Parameter containing:
tensor([0.], device='cuda:0', requires_grad=True)
loss training: 0.274281
accuracy train: 0.916667 test: 0.800000

Parameter containing:
tensor([0.], device='cuda:0', requires_grad=True)
loss training: 0.289029
accuracy train: 0.916667 test: 0.800000

Parameter containing:
tensor([0.], device='cuda:0', requires_grad=True)
loss training: 0.279730
accuracy train: 0.910714 test: 0.800000

Parameter containing:
tensor([0.], device='cuda:0', requires_grad=True)
loss training: 0.275191
accuracy train: 0.910714 test: 0.800000

Parameter containing:
tensor([0.], device='cuda:0', requires_grad=True)
loss training: 0.269898
accuracy train: 0.910714 test: 0.800000

Parameter containing:
tensor([0.], device='cuda:0', requires_grad=True)
loss training: 0.282558
accuracy train: 0.910714 test: 0.800000

Parameter containing:
tensor([0.], device='cuda:0', requires_grad=True)
loss training: 0.284338
accuracy train: 0.916667 test: 0.800000

Parameter containing:
tensor([0.], device='cuda:0', requires_grad=True)
loss training: 0.282107
accuracy train: 0.910714 test: 0.800000

Parameter containing:
tensor([0.], device='cuda:0', requires_grad=True)
loss training: 0.281621
accuracy train: 0.910714 test: 0.800000

Parameter containing:
tensor([0.], device='cuda:0', requires_grad=True)
loss training: 0.275258
accuracy train: 0.910714 test: 0.800000

Parameter containing:
tensor([0.], device='cuda:0', requires_grad=True)
loss training: 0.286839
accuracy train: 0.910714 test: 0.800000

Parameter containing:
tensor([0.], device='cuda:0', requires_grad=True)
loss training: 0.283861
accuracy train: 0.910714 test: 0.800000

Parameter containing:
tensor([0.], device='cuda:0', requires_grad=True)
loss training: 0.280109
accuracy train: 0.910714 test: 0.800000

Parameter containing:
tensor([0.], device='cuda:0', requires_grad=True)
loss training: 0.280355
accuracy train: 0.910714 test: 0.800000

Parameter containing:
tensor([0.], device='cuda:0', requires_grad=True)
loss training: 0.270065
accuracy train: 0.916667 test: 0.800000

Parameter containing:
tensor([0.], device='cuda:0', requires_grad=True)
loss training: 0.277160
accuracy train: 0.910714 test: 0.800000

Parameter containing:
tensor([0.], device='cuda:0', requires_grad=True)
loss training: 0.283194
accuracy train: 0.910714 test: 0.800000

Parameter containing:
tensor([0.], device='cuda:0', requires_grad=True)
loss training: 0.285261
accuracy train: 0.910714 test: 0.800000

Parameter containing:
tensor([0.], device='cuda:0', requires_grad=True)
loss training: 0.287584
accuracy train: 0.910714 test: 0.800000

Parameter containing:
tensor([0.], device='cuda:0', requires_grad=True)
loss training: 0.281953
accuracy train: 0.910714 test: 0.800000

Parameter containing:
tensor([0.], device='cuda:0', requires_grad=True)
loss training: 0.278099
accuracy train: 0.910714 test: 0.800000

Parameter containing:
tensor([0.], device='cuda:0', requires_grad=True)
loss training: 0.283101
accuracy train: 0.910714 test: 0.800000

Parameter containing:
tensor([0.], device='cuda:0', requires_grad=True)
loss training: 0.289646
accuracy train: 0.916667 test: 0.800000

Parameter containing:
tensor([0.], device='cuda:0', requires_grad=True)
loss training: 0.272454
accuracy train: 0.910714 test: 0.800000

Parameter containing:
tensor([0.], device='cuda:0', requires_grad=True)
