loading data
# classes: 2
# maximum node tag: 7
# data: 188
loss training: 1.904356
accuracy train: 0.803571 test: 0.650000

Parameter containing:
tensor([0.], device='cuda:0', requires_grad=True)
loss training: 0.509718
accuracy train: 0.821429 test: 0.700000

Parameter containing:
tensor([0.], device='cuda:0', requires_grad=True)
loss training: 0.392735
accuracy train: 0.857143 test: 0.750000

Parameter containing:
tensor([0.], device='cuda:0', requires_grad=True)
loss training: 0.362734
accuracy train: 0.833333 test: 0.750000

Parameter containing:
tensor([0.], device='cuda:0', requires_grad=True)
loss training: 0.390710
accuracy train: 0.845238 test: 0.850000

Parameter containing:
tensor([0.], device='cuda:0', requires_grad=True)
loss training: 0.353666
accuracy train: 0.910714 test: 0.800000

Parameter containing:
tensor([0.], device='cuda:0', requires_grad=True)
loss training: 0.394728
accuracy train: 0.863095 test: 0.750000

Parameter containing:
tensor([0.], device='cuda:0', requires_grad=True)
loss training: 0.357269
accuracy train: 0.880952 test: 0.800000

Parameter containing:
tensor([0.], device='cuda:0', requires_grad=True)
loss training: 0.407289
accuracy train: 0.821429 test: 0.750000

Parameter containing:
tensor([0.], device='cuda:0', requires_grad=True)
loss training: 0.343279
accuracy train: 0.857143 test: 0.800000

Parameter containing:
tensor([0.], device='cuda:0', requires_grad=True)
loss training: 0.330125
accuracy train: 0.904762 test: 0.800000

Parameter containing:
tensor([0.], device='cuda:0', requires_grad=True)
loss training: 0.335618
accuracy train: 0.839286 test: 0.800000

Parameter containing:
tensor([0.], device='cuda:0', requires_grad=True)
loss training: 0.362686
accuracy train: 0.880952 test: 0.850000

Parameter containing:
tensor([0.], device='cuda:0', requires_grad=True)
loss training: 0.340909
accuracy train: 0.904762 test: 0.900000

Parameter containing:
tensor([0.], device='cuda:0', requires_grad=True)
loss training: 0.342390
accuracy train: 0.910714 test: 0.850000

Parameter containing:
tensor([0.], device='cuda:0', requires_grad=True)
loss training: 0.319181
accuracy train: 0.851190 test: 0.750000

Parameter containing:
tensor([0.], device='cuda:0', requires_grad=True)
loss training: 0.340379
accuracy train: 0.910714 test: 0.800000

Parameter containing:
tensor([0.], device='cuda:0', requires_grad=True)
loss training: 0.364580
accuracy train: 0.851190 test: 0.750000

Parameter containing:
tensor([0.], device='cuda:0', requires_grad=True)
loss training: 0.331258
accuracy train: 0.845238 test: 0.850000

Parameter containing:
tensor([0.], device='cuda:0', requires_grad=True)
loss training: 0.331239
accuracy train: 0.904762 test: 0.800000

Parameter containing:
tensor([0.], device='cuda:0', requires_grad=True)
loss training: 0.325234
accuracy train: 0.910714 test: 0.800000

Parameter containing:
tensor([0.], device='cuda:0', requires_grad=True)
loss training: 0.335814
accuracy train: 0.839286 test: 0.800000

Parameter containing:
tensor([0.], device='cuda:0', requires_grad=True)
loss training: 0.312995
accuracy train: 0.904762 test: 0.800000

Parameter containing:
tensor([0.], device='cuda:0', requires_grad=True)
loss training: 0.316586
accuracy train: 0.845238 test: 0.800000

Parameter containing:
tensor([0.], device='cuda:0', requires_grad=True)
loss training: 0.337063
accuracy train: 0.898810 test: 0.850000

Parameter containing:
tensor([0.], device='cuda:0', requires_grad=True)
loss training: 0.329635
accuracy train: 0.857143 test: 0.850000

Parameter containing:
tensor([0.], device='cuda:0', requires_grad=True)
loss training: 0.333630
accuracy train: 0.904762 test: 0.850000

Parameter containing:
tensor([0.], device='cuda:0', requires_grad=True)
loss training: 0.328879
accuracy train: 0.910714 test: 0.800000

Parameter containing:
tensor([0.], device='cuda:0', requires_grad=True)
loss training: 0.320906
accuracy train: 0.875000 test: 0.750000

Parameter containing:
tensor([0.], device='cuda:0', requires_grad=True)
loss training: 0.331381
accuracy train: 0.916667 test: 0.800000

Parameter containing:
tensor([0.], device='cuda:0', requires_grad=True)
loss training: 0.328950
accuracy train: 0.922619 test: 0.800000

Parameter containing:
tensor([0.], device='cuda:0', requires_grad=True)
loss training: 0.325892
accuracy train: 0.904762 test: 0.800000

Parameter containing:
tensor([0.], device='cuda:0', requires_grad=True)
loss training: 0.325553
accuracy train: 0.898810 test: 0.750000

Parameter containing:
tensor([0.], device='cuda:0', requires_grad=True)
loss training: 0.308223
accuracy train: 0.922619 test: 0.850000

Parameter containing:
tensor([0.], device='cuda:0', requires_grad=True)
loss training: 0.317854
accuracy train: 0.904762 test: 0.850000

Parameter containing:
tensor([0.], device='cuda:0', requires_grad=True)
loss training: 0.317852
accuracy train: 0.910714 test: 0.800000

Parameter containing:
tensor([0.], device='cuda:0', requires_grad=True)
loss training: 0.319349
accuracy train: 0.898810 test: 0.850000

Parameter containing:
tensor([0.], device='cuda:0', requires_grad=True)
loss training: 0.326490
accuracy train: 0.910714 test: 0.800000

Parameter containing:
tensor([0.], device='cuda:0', requires_grad=True)
loss training: 0.327520
accuracy train: 0.904762 test: 0.800000

Parameter containing:
tensor([0.], device='cuda:0', requires_grad=True)
loss training: 0.323148
accuracy train: 0.898810 test: 0.800000

Parameter containing:
tensor([0.], device='cuda:0', requires_grad=True)
loss training: 0.305358
accuracy train: 0.922619 test: 0.800000

Parameter containing:
tensor([0.], device='cuda:0', requires_grad=True)
loss training: 0.319479
accuracy train: 0.904762 test: 0.800000

Parameter containing:
tensor([0.], device='cuda:0', requires_grad=True)
loss training: 0.320582
accuracy train: 0.904762 test: 0.800000

Parameter containing:
tensor([0.], device='cuda:0', requires_grad=True)
loss training: 0.314939
accuracy train: 0.916667 test: 0.850000

Parameter containing:
tensor([0.], device='cuda:0', requires_grad=True)
loss training: 0.328214
accuracy train: 0.875000 test: 0.850000

Parameter containing:
tensor([0.], device='cuda:0', requires_grad=True)
loss training: 0.312655
accuracy train: 0.916667 test: 0.850000

Parameter containing:
tensor([0.], device='cuda:0', requires_grad=True)
loss training: 0.324069
accuracy train: 0.916667 test: 0.850000

Parameter containing:
tensor([0.], device='cuda:0', requires_grad=True)
loss training: 0.313862
accuracy train: 0.934524 test: 0.850000

Parameter containing:
tensor([0.], device='cuda:0', requires_grad=True)
loss training: 0.308457
accuracy train: 0.910714 test: 0.850000

Parameter containing:
tensor([0.], device='cuda:0', requires_grad=True)
loss training: 0.314974
accuracy train: 0.898810 test: 0.800000

Parameter containing:
tensor([0.], device='cuda:0', requires_grad=True)
loss training: 0.313945
accuracy train: 0.934524 test: 0.850000

Parameter containing:
tensor([0.], device='cuda:0', requires_grad=True)
loss training: 0.303185
accuracy train: 0.910714 test: 0.850000

Parameter containing:
tensor([0.], device='cuda:0', requires_grad=True)
loss training: 0.310539
accuracy train: 0.910714 test: 0.800000

Parameter containing:
tensor([0.], device='cuda:0', requires_grad=True)
loss training: 0.302830
accuracy train: 0.922619 test: 0.850000

Parameter containing:
tensor([0.], device='cuda:0', requires_grad=True)
loss training: 0.311072
accuracy train: 0.916667 test: 0.850000

Parameter containing:
tensor([0.], device='cuda:0', requires_grad=True)
loss training: 0.299193
accuracy train: 0.904762 test: 0.800000

Parameter containing:
tensor([0.], device='cuda:0', requires_grad=True)
loss training: 0.304816
accuracy train: 0.922619 test: 0.800000

Parameter containing:
tensor([0.], device='cuda:0', requires_grad=True)
loss training: 0.302467
accuracy train: 0.922619 test: 0.850000

Parameter containing:
tensor([0.], device='cuda:0', requires_grad=True)
loss training: 0.308563
accuracy train: 0.916667 test: 0.800000

Parameter containing:
tensor([0.], device='cuda:0', requires_grad=True)
loss training: 0.305177
accuracy train: 0.922619 test: 0.850000

Parameter containing:
tensor([0.], device='cuda:0', requires_grad=True)
loss training: 0.288127
accuracy train: 0.922619 test: 0.850000

Parameter containing:
tensor([0.], device='cuda:0', requires_grad=True)
loss training: 0.305107
accuracy train: 0.916667 test: 0.850000

Parameter containing:
tensor([0.], device='cuda:0', requires_grad=True)
loss training: 0.295438
accuracy train: 0.898810 test: 0.800000

Parameter containing:
tensor([0.], device='cuda:0', requires_grad=True)
loss training: 0.303263
accuracy train: 0.916667 test: 0.850000

Parameter containing:
tensor([0.], device='cuda:0', requires_grad=True)
loss training: 0.311407
accuracy train: 0.916667 test: 0.850000

Parameter containing:
tensor([0.], device='cuda:0', requires_grad=True)
loss training: 0.306895
accuracy train: 0.922619 test: 0.850000

Parameter containing:
tensor([0.], device='cuda:0', requires_grad=True)
loss training: 0.296202
accuracy train: 0.916667 test: 0.850000

Parameter containing:
tensor([0.], device='cuda:0', requires_grad=True)
loss training: 0.299825
accuracy train: 0.916667 test: 0.850000

Parameter containing:
tensor([0.], device='cuda:0', requires_grad=True)
loss training: 0.299465
accuracy train: 0.875000 test: 0.850000

Parameter containing:
tensor([0.], device='cuda:0', requires_grad=True)
loss training: 0.305084
accuracy train: 0.916667 test: 0.850000

Parameter containing:
tensor([0.], device='cuda:0', requires_grad=True)
loss training: 0.313455
accuracy train: 0.916667 test: 0.850000

Parameter containing:
tensor([0.], device='cuda:0', requires_grad=True)
loss training: 0.300650
accuracy train: 0.904762 test: 0.750000

Parameter containing:
tensor([0.], device='cuda:0', requires_grad=True)
loss training: 0.302858
accuracy train: 0.916667 test: 0.850000

Parameter containing:
tensor([0.], device='cuda:0', requires_grad=True)
loss training: 0.299112
accuracy train: 0.916667 test: 0.800000

Parameter containing:
tensor([0.], device='cuda:0', requires_grad=True)
loss training: 0.309995
accuracy train: 0.922619 test: 0.850000

Parameter containing:
tensor([0.], device='cuda:0', requires_grad=True)
loss training: 0.307903
accuracy train: 0.898810 test: 0.850000

Parameter containing:
tensor([0.], device='cuda:0', requires_grad=True)
loss training: 0.302462
accuracy train: 0.922619 test: 0.850000

Parameter containing:
tensor([0.], device='cuda:0', requires_grad=True)
loss training: 0.307423
accuracy train: 0.916667 test: 0.850000

Parameter containing:
tensor([0.], device='cuda:0', requires_grad=True)
loss training: 0.301464
accuracy train: 0.922619 test: 0.850000

Parameter containing:
tensor([0.], device='cuda:0', requires_grad=True)
loss training: 0.304021
accuracy train: 0.922619 test: 0.850000

Parameter containing:
tensor([0.], device='cuda:0', requires_grad=True)
loss training: 0.299146
accuracy train: 0.916667 test: 0.850000

Parameter containing:
tensor([0.], device='cuda:0', requires_grad=True)
loss training: 0.298968
accuracy train: 0.910714 test: 0.850000

Parameter containing:
tensor([0.], device='cuda:0', requires_grad=True)
loss training: 0.288903
accuracy train: 0.916667 test: 0.850000

Parameter containing:
tensor([0.], device='cuda:0', requires_grad=True)
loss training: 0.295555
accuracy train: 0.928571 test: 0.850000

Parameter containing:
tensor([0.], device='cuda:0', requires_grad=True)
loss training: 0.293614
accuracy train: 0.904762 test: 0.800000

Parameter containing:
tensor([0.], device='cuda:0', requires_grad=True)
loss training: 0.302223
accuracy train: 0.934524 test: 0.850000

Parameter containing:
tensor([0.], device='cuda:0', requires_grad=True)
loss training: 0.299805
accuracy train: 0.922619 test: 0.850000

Parameter containing:
tensor([0.], device='cuda:0', requires_grad=True)
loss training: 0.289341
accuracy train: 0.916667 test: 0.850000

Parameter containing:
tensor([0.], device='cuda:0', requires_grad=True)
loss training: 0.300018
accuracy train: 0.922619 test: 0.850000

Parameter containing:
tensor([0.], device='cuda:0', requires_grad=True)
loss training: 0.303872
accuracy train: 0.916667 test: 0.850000

Parameter containing:
tensor([0.], device='cuda:0', requires_grad=True)
loss training: 0.305538
accuracy train: 0.916667 test: 0.850000

Parameter containing:
tensor([0.], device='cuda:0', requires_grad=True)
loss training: 0.289934
accuracy train: 0.922619 test: 0.800000

Parameter containing:
tensor([0.], device='cuda:0', requires_grad=True)
loss training: 0.299085
accuracy train: 0.904762 test: 0.800000

Parameter containing:
tensor([0.], device='cuda:0', requires_grad=True)
loss training: 0.306289
accuracy train: 0.922619 test: 0.800000

Parameter containing:
tensor([0.], device='cuda:0', requires_grad=True)
loss training: 0.313968
accuracy train: 0.934524 test: 0.850000

Parameter containing:
tensor([0.], device='cuda:0', requires_grad=True)
loss training: 0.301600
accuracy train: 0.922619 test: 0.850000

Parameter containing:
tensor([0.], device='cuda:0', requires_grad=True)
loss training: 0.302382
accuracy train: 0.922619 test: 0.850000

Parameter containing:
tensor([0.], device='cuda:0', requires_grad=True)
loss training: 0.291929
accuracy train: 0.922619 test: 0.800000

Parameter containing:
tensor([0.], device='cuda:0', requires_grad=True)
loss training: 0.296819
accuracy train: 0.916667 test: 0.850000

Parameter containing:
tensor([0.], device='cuda:0', requires_grad=True)
loss training: 0.297906
accuracy train: 0.916667 test: 0.850000

Parameter containing:
tensor([0.], device='cuda:0', requires_grad=True)
loss training: 0.294481
accuracy train: 0.928571 test: 0.850000

Parameter containing:
tensor([0.], device='cuda:0', requires_grad=True)
loss training: 0.297155
accuracy train: 0.922619 test: 0.800000

Parameter containing:
tensor([0.], device='cuda:0', requires_grad=True)
loss training: 0.297781
accuracy train: 0.922619 test: 0.850000

Parameter containing:
tensor([0.], device='cuda:0', requires_grad=True)
loss training: 0.292070
accuracy train: 0.922619 test: 0.850000

Parameter containing:
tensor([0.], device='cuda:0', requires_grad=True)
loss training: 0.295743
accuracy train: 0.922619 test: 0.800000

Parameter containing:
tensor([0.], device='cuda:0', requires_grad=True)
loss training: 0.290522
accuracy train: 0.922619 test: 0.800000

Parameter containing:
tensor([0.], device='cuda:0', requires_grad=True)
loss training: 0.288967
accuracy train: 0.922619 test: 0.850000

Parameter containing:
tensor([0.], device='cuda:0', requires_grad=True)
loss training: 0.300245
accuracy train: 0.934524 test: 0.850000

Parameter containing:
tensor([0.], device='cuda:0', requires_grad=True)
loss training: 0.286345
accuracy train: 0.922619 test: 0.850000

Parameter containing:
tensor([0.], device='cuda:0', requires_grad=True)
loss training: 0.294033
accuracy train: 0.922619 test: 0.850000

Parameter containing:
tensor([0.], device='cuda:0', requires_grad=True)
loss training: 0.292928
accuracy train: 0.916667 test: 0.850000

Parameter containing:
tensor([0.], device='cuda:0', requires_grad=True)
loss training: 0.284591
accuracy train: 0.916667 test: 0.850000

Parameter containing:
tensor([0.], device='cuda:0', requires_grad=True)
loss training: 0.297742
accuracy train: 0.910714 test: 0.850000

Parameter containing:
tensor([0.], device='cuda:0', requires_grad=True)
loss training: 0.286957
accuracy train: 0.922619 test: 0.850000

Parameter containing:
tensor([0.], device='cuda:0', requires_grad=True)
loss training: 0.288370
accuracy train: 0.922619 test: 0.850000

Parameter containing:
tensor([0.], device='cuda:0', requires_grad=True)
loss training: 0.289711
accuracy train: 0.916667 test: 0.850000

Parameter containing:
tensor([0.], device='cuda:0', requires_grad=True)
loss training: 0.290404
accuracy train: 0.922619 test: 0.850000

Parameter containing:
tensor([0.], device='cuda:0', requires_grad=True)
loss training: 0.281938
accuracy train: 0.916667 test: 0.800000

Parameter containing:
tensor([0.], device='cuda:0', requires_grad=True)
loss training: 0.291539
accuracy train: 0.922619 test: 0.850000

Parameter containing:
tensor([0.], device='cuda:0', requires_grad=True)
loss training: 0.293903
accuracy train: 0.922619 test: 0.850000

Parameter containing:
tensor([0.], device='cuda:0', requires_grad=True)
loss training: 0.291082
accuracy train: 0.922619 test: 0.800000

Parameter containing:
tensor([0.], device='cuda:0', requires_grad=True)
loss training: 0.291387
accuracy train: 0.916667 test: 0.800000

Parameter containing:
tensor([0.], device='cuda:0', requires_grad=True)
loss training: 0.292421
accuracy train: 0.916667 test: 0.850000

Parameter containing:
tensor([0.], device='cuda:0', requires_grad=True)
loss training: 0.285686
accuracy train: 0.922619 test: 0.900000

Parameter containing:
tensor([0.], device='cuda:0', requires_grad=True)
loss training: 0.298962
accuracy train: 0.916667 test: 0.850000

Parameter containing:
tensor([0.], device='cuda:0', requires_grad=True)
loss training: 0.296913
accuracy train: 0.916667 test: 0.850000

Parameter containing:
tensor([0.], device='cuda:0', requires_grad=True)
loss training: 0.299008
accuracy train: 0.922619 test: 0.850000

Parameter containing:
tensor([0.], device='cuda:0', requires_grad=True)
loss training: 0.295134
accuracy train: 0.916667 test: 0.850000

Parameter containing:
tensor([0.], device='cuda:0', requires_grad=True)
loss training: 0.293183
accuracy train: 0.922619 test: 0.850000

Parameter containing:
tensor([0.], device='cuda:0', requires_grad=True)
loss training: 0.280558
accuracy train: 0.916667 test: 0.800000

Parameter containing:
tensor([0.], device='cuda:0', requires_grad=True)
loss training: 0.295564
accuracy train: 0.916667 test: 0.850000

Parameter containing:
tensor([0.], device='cuda:0', requires_grad=True)
loss training: 0.295609
accuracy train: 0.916667 test: 0.850000

Parameter containing:
tensor([0.], device='cuda:0', requires_grad=True)
loss training: 0.295028
accuracy train: 0.916667 test: 0.850000

Parameter containing:
tensor([0.], device='cuda:0', requires_grad=True)
loss training: 0.298645
accuracy train: 0.916667 test: 0.850000

Parameter containing:
tensor([0.], device='cuda:0', requires_grad=True)
loss training: 0.298665
accuracy train: 0.904762 test: 0.850000

Parameter containing:
tensor([0.], device='cuda:0', requires_grad=True)
loss training: 0.289757
accuracy train: 0.922619 test: 0.800000

Parameter containing:
tensor([0.], device='cuda:0', requires_grad=True)
loss training: 0.300811
accuracy train: 0.916667 test: 0.800000

Parameter containing:
tensor([0.], device='cuda:0', requires_grad=True)
loss training: 0.293837
accuracy train: 0.922619 test: 0.800000

Parameter containing:
tensor([0.], device='cuda:0', requires_grad=True)
loss training: 0.288711
accuracy train: 0.916667 test: 0.800000

Parameter containing:
tensor([0.], device='cuda:0', requires_grad=True)
loss training: 0.299962
accuracy train: 0.898810 test: 0.800000

Parameter containing:
tensor([0.], device='cuda:0', requires_grad=True)
loss training: 0.295563
accuracy train: 0.922619 test: 0.800000

Parameter containing:
tensor([0.], device='cuda:0', requires_grad=True)
loss training: 0.290155
accuracy train: 0.916667 test: 0.850000

Parameter containing:
tensor([0.], device='cuda:0', requires_grad=True)
loss training: 0.298619
accuracy train: 0.922619 test: 0.850000

Parameter containing:
tensor([0.], device='cuda:0', requires_grad=True)
loss training: 0.294790
accuracy train: 0.916667 test: 0.800000

Parameter containing:
tensor([0.], device='cuda:0', requires_grad=True)
loss training: 0.291336
accuracy train: 0.922619 test: 0.850000

Parameter containing:
tensor([0.], device='cuda:0', requires_grad=True)
loss training: 0.294173
accuracy train: 0.916667 test: 0.850000

Parameter containing:
tensor([0.], device='cuda:0', requires_grad=True)
loss training: 0.292850
accuracy train: 0.916667 test: 0.800000

Parameter containing:
tensor([0.], device='cuda:0', requires_grad=True)
loss training: 0.294132
accuracy train: 0.916667 test: 0.850000

Parameter containing:
tensor([0.], device='cuda:0', requires_grad=True)
loss training: 0.288467
accuracy train: 0.928571 test: 0.850000

Parameter containing:
tensor([0.], device='cuda:0', requires_grad=True)
loss training: 0.290967
accuracy train: 0.916667 test: 0.800000

Parameter containing:
tensor([0.], device='cuda:0', requires_grad=True)
loss training: 0.283316
accuracy train: 0.916667 test: 0.800000

Parameter containing:
tensor([0.], device='cuda:0', requires_grad=True)
loss training: 0.286056
accuracy train: 0.916667 test: 0.850000

Parameter containing:
tensor([0.], device='cuda:0', requires_grad=True)
loss training: 0.286423
accuracy train: 0.916667 test: 0.850000

Parameter containing:
tensor([0.], device='cuda:0', requires_grad=True)
loss training: 0.290927
accuracy train: 0.922619 test: 0.800000

Parameter containing:
tensor([0.], device='cuda:0', requires_grad=True)
loss training: 0.287024
accuracy train: 0.916667 test: 0.800000

Parameter containing:
tensor([0.], device='cuda:0', requires_grad=True)
loss training: 0.279490
accuracy train: 0.916667 test: 0.850000

Parameter containing:
tensor([0.], device='cuda:0', requires_grad=True)
loss training: 0.287726
accuracy train: 0.922619 test: 0.800000

Parameter containing:
tensor([0.], device='cuda:0', requires_grad=True)
loss training: 0.299637
accuracy train: 0.916667 test: 0.800000

Parameter containing:
tensor([0.], device='cuda:0', requires_grad=True)
loss training: 0.285103
accuracy train: 0.922619 test: 0.800000

Parameter containing:
tensor([0.], device='cuda:0', requires_grad=True)
loss training: 0.280129
accuracy train: 0.916667 test: 0.800000

Parameter containing:
tensor([0.], device='cuda:0', requires_grad=True)
loss training: 0.291979
accuracy train: 0.916667 test: 0.850000

Parameter containing:
tensor([0.], device='cuda:0', requires_grad=True)
loss training: 0.290632
accuracy train: 0.916667 test: 0.800000

Parameter containing:
tensor([0.], device='cuda:0', requires_grad=True)
loss training: 0.290007
accuracy train: 0.916667 test: 0.800000

Parameter containing:
tensor([0.], device='cuda:0', requires_grad=True)
loss training: 0.295137
accuracy train: 0.922619 test: 0.800000

Parameter containing:
tensor([0.], device='cuda:0', requires_grad=True)
loss training: 0.290193
accuracy train: 0.916667 test: 0.800000

Parameter containing:
tensor([0.], device='cuda:0', requires_grad=True)
loss training: 0.293691
accuracy train: 0.916667 test: 0.850000

Parameter containing:
tensor([0.], device='cuda:0', requires_grad=True)
loss training: 0.299839
accuracy train: 0.916667 test: 0.850000

Parameter containing:
tensor([0.], device='cuda:0', requires_grad=True)
loss training: 0.293137
accuracy train: 0.916667 test: 0.850000

Parameter containing:
tensor([0.], device='cuda:0', requires_grad=True)
loss training: 0.287889
accuracy train: 0.922619 test: 0.800000

Parameter containing:
tensor([0.], device='cuda:0', requires_grad=True)
loss training: 0.289876
accuracy train: 0.916667 test: 0.850000

Parameter containing:
tensor([0.], device='cuda:0', requires_grad=True)
loss training: 0.290086
accuracy train: 0.922619 test: 0.850000

Parameter containing:
tensor([0.], device='cuda:0', requires_grad=True)
loss training: 0.291020
accuracy train: 0.916667 test: 0.800000

Parameter containing:
tensor([0.], device='cuda:0', requires_grad=True)
loss training: 0.288909
accuracy train: 0.916667 test: 0.800000

Parameter containing:
tensor([0.], device='cuda:0', requires_grad=True)
loss training: 0.286635
accuracy train: 0.916667 test: 0.850000

Parameter containing:
tensor([0.], device='cuda:0', requires_grad=True)
loss training: 0.289138
accuracy train: 0.916667 test: 0.850000

Parameter containing:
tensor([0.], device='cuda:0', requires_grad=True)
loss training: 0.287891
accuracy train: 0.916667 test: 0.850000

Parameter containing:
tensor([0.], device='cuda:0', requires_grad=True)
loss training: 0.286695
accuracy train: 0.916667 test: 0.800000

Parameter containing:
tensor([0.], device='cuda:0', requires_grad=True)
loss training: 0.280199
accuracy train: 0.922619 test: 0.800000

Parameter containing:
tensor([0.], device='cuda:0', requires_grad=True)
loss training: 0.282436
accuracy train: 0.922619 test: 0.800000

Parameter containing:
tensor([0.], device='cuda:0', requires_grad=True)
loss training: 0.287278
accuracy train: 0.916667 test: 0.800000

Parameter containing:
tensor([0.], device='cuda:0', requires_grad=True)
loss training: 0.285585
accuracy train: 0.916667 test: 0.800000

Parameter containing:
tensor([0.], device='cuda:0', requires_grad=True)
loss training: 0.287581
accuracy train: 0.916667 test: 0.800000

Parameter containing:
tensor([0.], device='cuda:0', requires_grad=True)
loss training: 0.293582
accuracy train: 0.910714 test: 0.850000

Parameter containing:
tensor([0.], device='cuda:0', requires_grad=True)
loss training: 0.290965
accuracy train: 0.916667 test: 0.850000

Parameter containing:
tensor([0.], device='cuda:0', requires_grad=True)
loss training: 0.282842
accuracy train: 0.916667 test: 0.800000

Parameter containing:
tensor([0.], device='cuda:0', requires_grad=True)
loss training: 0.282856
accuracy train: 0.916667 test: 0.800000

Parameter containing:
tensor([0.], device='cuda:0', requires_grad=True)
loss training: 0.292456
accuracy train: 0.916667 test: 0.850000

Parameter containing:
tensor([0.], device='cuda:0', requires_grad=True)
loss training: 0.289093
accuracy train: 0.916667 test: 0.850000

Parameter containing:
tensor([0.], device='cuda:0', requires_grad=True)
loss training: 0.292996
accuracy train: 0.916667 test: 0.800000

Parameter containing:
tensor([0.], device='cuda:0', requires_grad=True)
loss training: 0.288676
accuracy train: 0.916667 test: 0.850000

Parameter containing:
tensor([0.], device='cuda:0', requires_grad=True)
loss training: 0.285271
accuracy train: 0.910714 test: 0.800000

Parameter containing:
tensor([0.], device='cuda:0', requires_grad=True)
loss training: 0.278709
accuracy train: 0.916667 test: 0.800000

Parameter containing:
tensor([0.], device='cuda:0', requires_grad=True)
loss training: 0.283506
accuracy train: 0.916667 test: 0.800000

Parameter containing:
tensor([0.], device='cuda:0', requires_grad=True)
loss training: 0.286470
accuracy train: 0.916667 test: 0.800000

Parameter containing:
tensor([0.], device='cuda:0', requires_grad=True)
loss training: 0.287247
accuracy train: 0.922619 test: 0.800000

Parameter containing:
tensor([0.], device='cuda:0', requires_grad=True)
loss training: 0.297025
accuracy train: 0.916667 test: 0.800000

Parameter containing:
tensor([0.], device='cuda:0', requires_grad=True)
loss training: 0.295220
accuracy train: 0.916667 test: 0.850000

Parameter containing:
tensor([0.], device='cuda:0', requires_grad=True)
loss training: 0.282617
accuracy train: 0.916667 test: 0.800000

Parameter containing:
tensor([0.], device='cuda:0', requires_grad=True)
loss training: 0.293058
accuracy train: 0.916667 test: 0.800000

Parameter containing:
tensor([0.], device='cuda:0', requires_grad=True)
loss training: 0.300414
accuracy train: 0.916667 test: 0.800000

Parameter containing:
tensor([0.], device='cuda:0', requires_grad=True)
loss training: 0.280109
accuracy train: 0.916667 test: 0.800000

Parameter containing:
tensor([0.], device='cuda:0', requires_grad=True)
loss training: 0.286178
accuracy train: 0.916667 test: 0.800000

Parameter containing:
tensor([0.], device='cuda:0', requires_grad=True)
loss training: 0.280760
accuracy train: 0.916667 test: 0.800000

Parameter containing:
tensor([0.], device='cuda:0', requires_grad=True)
loss training: 0.289998
accuracy train: 0.916667 test: 0.800000

Parameter containing:
tensor([0.], device='cuda:0', requires_grad=True)
loss training: 0.280686
accuracy train: 0.922619 test: 0.800000

Parameter containing:
tensor([0.], device='cuda:0', requires_grad=True)
loss training: 0.285309
accuracy train: 0.916667 test: 0.800000

Parameter containing:
tensor([0.], device='cuda:0', requires_grad=True)
loss training: 0.284713
accuracy train: 0.916667 test: 0.800000

Parameter containing:
tensor([0.], device='cuda:0', requires_grad=True)
loss training: 0.286222
accuracy train: 0.916667 test: 0.800000

Parameter containing:
tensor([0.], device='cuda:0', requires_grad=True)
loss training: 0.289042
accuracy train: 0.916667 test: 0.800000

Parameter containing:
tensor([0.], device='cuda:0', requires_grad=True)
loss training: 0.281894
accuracy train: 0.916667 test: 0.800000

Parameter containing:
tensor([0.], device='cuda:0', requires_grad=True)
loss training: 0.284278
accuracy train: 0.916667 test: 0.800000

Parameter containing:
tensor([0.], device='cuda:0', requires_grad=True)
loss training: 0.285035
accuracy train: 0.922619 test: 0.800000

Parameter containing:
tensor([0.], device='cuda:0', requires_grad=True)
loss training: 0.292314
accuracy train: 0.916667 test: 0.800000

Parameter containing:
tensor([0.], device='cuda:0', requires_grad=True)
loss training: 0.280917
accuracy train: 0.916667 test: 0.850000

Parameter containing:
tensor([0.], device='cuda:0', requires_grad=True)
loss training: 0.280917
accuracy train: 0.916667 test: 0.800000

Parameter containing:
tensor([0.], device='cuda:0', requires_grad=True)
loss training: 0.294494
accuracy train: 0.916667 test: 0.800000

Parameter containing:
tensor([0.], device='cuda:0', requires_grad=True)
loss training: 0.280939
accuracy train: 0.916667 test: 0.800000

Parameter containing:
tensor([0.], device='cuda:0', requires_grad=True)
loss training: 0.281079
accuracy train: 0.916667 test: 0.800000

Parameter containing:
tensor([0.], device='cuda:0', requires_grad=True)
loss training: 0.289156
accuracy train: 0.916667 test: 0.800000

Parameter containing:
tensor([0.], device='cuda:0', requires_grad=True)
loss training: 0.278514
accuracy train: 0.916667 test: 0.850000

Parameter containing:
tensor([0.], device='cuda:0', requires_grad=True)
loss training: 0.291048
accuracy train: 0.916667 test: 0.800000

Parameter containing:
tensor([0.], device='cuda:0', requires_grad=True)
loss training: 0.275969
accuracy train: 0.916667 test: 0.800000

Parameter containing:
tensor([0.], device='cuda:0', requires_grad=True)
loss training: 0.285578
accuracy train: 0.916667 test: 0.800000

Parameter containing:
tensor([0.], device='cuda:0', requires_grad=True)
loss training: 0.279321
accuracy train: 0.916667 test: 0.800000

Parameter containing:
tensor([0.], device='cuda:0', requires_grad=True)
loss training: 0.286214
accuracy train: 0.916667 test: 0.800000

Parameter containing:
tensor([0.], device='cuda:0', requires_grad=True)
loss training: 0.291433
accuracy train: 0.916667 test: 0.800000

Parameter containing:
tensor([0.], device='cuda:0', requires_grad=True)
loss training: 0.287665
accuracy train: 0.916667 test: 0.800000

Parameter containing:
tensor([0.], device='cuda:0', requires_grad=True)
loss training: 0.285162
accuracy train: 0.916667 test: 0.800000

Parameter containing:
tensor([0.], device='cuda:0', requires_grad=True)
loss training: 0.287398
accuracy train: 0.916667 test: 0.800000

Parameter containing:
tensor([0.], device='cuda:0', requires_grad=True)
loss training: 0.283072
accuracy train: 0.916667 test: 0.800000

Parameter containing:
tensor([0.], device='cuda:0', requires_grad=True)
loss training: 0.284566
accuracy train: 0.922619 test: 0.800000

Parameter containing:
tensor([0.], device='cuda:0', requires_grad=True)
loss training: 0.287459
accuracy train: 0.916667 test: 0.800000

Parameter containing:
tensor([0.], device='cuda:0', requires_grad=True)
loss training: 0.286171
accuracy train: 0.916667 test: 0.800000

Parameter containing:
tensor([0.], device='cuda:0', requires_grad=True)
loss training: 0.284500
accuracy train: 0.910714 test: 0.800000

Parameter containing:
tensor([0.], device='cuda:0', requires_grad=True)
loss training: 0.278152
accuracy train: 0.916667 test: 0.800000

Parameter containing:
tensor([0.], device='cuda:0', requires_grad=True)
loss training: 0.278850
accuracy train: 0.916667 test: 0.800000

Parameter containing:
tensor([0.], device='cuda:0', requires_grad=True)
loss training: 0.275794
accuracy train: 0.916667 test: 0.800000

Parameter containing:
tensor([0.], device='cuda:0', requires_grad=True)
loss training: 0.293982
accuracy train: 0.916667 test: 0.800000

Parameter containing:
tensor([0.], device='cuda:0', requires_grad=True)
loss training: 0.274728
accuracy train: 0.916667 test: 0.800000

Parameter containing:
tensor([0.], device='cuda:0', requires_grad=True)
loss training: 0.270907
accuracy train: 0.916667 test: 0.800000

Parameter containing:
tensor([0.], device='cuda:0', requires_grad=True)
loss training: 0.294214
accuracy train: 0.916667 test: 0.800000

Parameter containing:
tensor([0.], device='cuda:0', requires_grad=True)
loss training: 0.276936
accuracy train: 0.916667 test: 0.800000

Parameter containing:
tensor([0.], device='cuda:0', requires_grad=True)
loss training: 0.273333
accuracy train: 0.916667 test: 0.800000

Parameter containing:
tensor([0.], device='cuda:0', requires_grad=True)
loss training: 0.287007
accuracy train: 0.916667 test: 0.800000

Parameter containing:
tensor([0.], device='cuda:0', requires_grad=True)
loss training: 0.277750
accuracy train: 0.916667 test: 0.800000

Parameter containing:
tensor([0.], device='cuda:0', requires_grad=True)
loss training: 0.292907
accuracy train: 0.916667 test: 0.800000

Parameter containing:
tensor([0.], device='cuda:0', requires_grad=True)
loss training: 0.289560
accuracy train: 0.916667 test: 0.800000

Parameter containing:
tensor([0.], device='cuda:0', requires_grad=True)
loss training: 0.283135
accuracy train: 0.916667 test: 0.800000

Parameter containing:
tensor([0.], device='cuda:0', requires_grad=True)
loss training: 0.287071
accuracy train: 0.916667 test: 0.800000

Parameter containing:
tensor([0.], device='cuda:0', requires_grad=True)
loss training: 0.282189
accuracy train: 0.910714 test: 0.800000

Parameter containing:
tensor([0.], device='cuda:0', requires_grad=True)
loss training: 0.276940
accuracy train: 0.916667 test: 0.800000

Parameter containing:
tensor([0.], device='cuda:0', requires_grad=True)
loss training: 0.284755
accuracy train: 0.910714 test: 0.800000

Parameter containing:
tensor([0.], device='cuda:0', requires_grad=True)
loss training: 0.284800
accuracy train: 0.916667 test: 0.800000

Parameter containing:
tensor([0.], device='cuda:0', requires_grad=True)
loss training: 0.286172
accuracy train: 0.910714 test: 0.800000

Parameter containing:
tensor([0.], device='cuda:0', requires_grad=True)
loss training: 0.283801
accuracy train: 0.910714 test: 0.800000

Parameter containing:
tensor([0.], device='cuda:0', requires_grad=True)
loss training: 0.277655
accuracy train: 0.916667 test: 0.800000

Parameter containing:
tensor([0.], device='cuda:0', requires_grad=True)
loss training: 0.286257
accuracy train: 0.916667 test: 0.800000

Parameter containing:
tensor([0.], device='cuda:0', requires_grad=True)
loss training: 0.285758
accuracy train: 0.916667 test: 0.800000

Parameter containing:
tensor([0.], device='cuda:0', requires_grad=True)
loss training: 0.286957
accuracy train: 0.916667 test: 0.800000

Parameter containing:
tensor([0.], device='cuda:0', requires_grad=True)
loss training: 0.281578
accuracy train: 0.916667 test: 0.800000

Parameter containing:
tensor([0.], device='cuda:0', requires_grad=True)
loss training: 0.275339
accuracy train: 0.910714 test: 0.800000

Parameter containing:
tensor([0.], device='cuda:0', requires_grad=True)
loss training: 0.278102
accuracy train: 0.916667 test: 0.800000

Parameter containing:
tensor([0.], device='cuda:0', requires_grad=True)
loss training: 0.277346
accuracy train: 0.916667 test: 0.800000

Parameter containing:
tensor([0.], device='cuda:0', requires_grad=True)
loss training: 0.277658
accuracy train: 0.916667 test: 0.800000

Parameter containing:
tensor([0.], device='cuda:0', requires_grad=True)
loss training: 0.289738
accuracy train: 0.916667 test: 0.800000

Parameter containing:
tensor([0.], device='cuda:0', requires_grad=True)
loss training: 0.281648
accuracy train: 0.916667 test: 0.800000

Parameter containing:
tensor([0.], device='cuda:0', requires_grad=True)
loss training: 0.285076
accuracy train: 0.916667 test: 0.800000

Parameter containing:
tensor([0.], device='cuda:0', requires_grad=True)
loss training: 0.286077
accuracy train: 0.916667 test: 0.800000

Parameter containing:
tensor([0.], device='cuda:0', requires_grad=True)
loss training: 0.283007
accuracy train: 0.910714 test: 0.800000

Parameter containing:
tensor([0.], device='cuda:0', requires_grad=True)
loss training: 0.282687
accuracy train: 0.910714 test: 0.800000

Parameter containing:
tensor([0.], device='cuda:0', requires_grad=True)
loss training: 0.285719
accuracy train: 0.910714 test: 0.800000

Parameter containing:
tensor([0.], device='cuda:0', requires_grad=True)
loss training: 0.272759
accuracy train: 0.910714 test: 0.800000

Parameter containing:
tensor([0.], device='cuda:0', requires_grad=True)
loss training: 0.278734
accuracy train: 0.916667 test: 0.800000

Parameter containing:
tensor([0.], device='cuda:0', requires_grad=True)
loss training: 0.289464
accuracy train: 0.916667 test: 0.800000

Parameter containing:
tensor([0.], device='cuda:0', requires_grad=True)
loss training: 0.280540
accuracy train: 0.916667 test: 0.800000

Parameter containing:
tensor([0.], device='cuda:0', requires_grad=True)
loss training: 0.280547
accuracy train: 0.910714 test: 0.800000

Parameter containing:
tensor([0.], device='cuda:0', requires_grad=True)
loss training: 0.283759
accuracy train: 0.916667 test: 0.800000

Parameter containing:
tensor([0.], device='cuda:0', requires_grad=True)
loss training: 0.283311
accuracy train: 0.916667 test: 0.800000

Parameter containing:
tensor([0.], device='cuda:0', requires_grad=True)
loss training: 0.278800
accuracy train: 0.910714 test: 0.800000

Parameter containing:
tensor([0.], device='cuda:0', requires_grad=True)
loss training: 0.277224
accuracy train: 0.916667 test: 0.800000

Parameter containing:
tensor([0.], device='cuda:0', requires_grad=True)
loss training: 0.281176
accuracy train: 0.916667 test: 0.800000

Parameter containing:
tensor([0.], device='cuda:0', requires_grad=True)
loss training: 0.283865
accuracy train: 0.916667 test: 0.800000

Parameter containing:
tensor([0.], device='cuda:0', requires_grad=True)
loss training: 0.282705
accuracy train: 0.916667 test: 0.800000

Parameter containing:
tensor([0.], device='cuda:0', requires_grad=True)
loss training: 0.285366
accuracy train: 0.916667 test: 0.800000

Parameter containing:
tensor([0.], device='cuda:0', requires_grad=True)
loss training: 0.284702
accuracy train: 0.910714 test: 0.800000

Parameter containing:
tensor([0.], device='cuda:0', requires_grad=True)
loss training: 0.280618
accuracy train: 0.922619 test: 0.800000

Parameter containing:
tensor([0.], device='cuda:0', requires_grad=True)
loss training: 0.286097
accuracy train: 0.916667 test: 0.800000

Parameter containing:
tensor([0.], device='cuda:0', requires_grad=True)
loss training: 0.277312
accuracy train: 0.916667 test: 0.800000

Parameter containing:
tensor([0.], device='cuda:0', requires_grad=True)
loss training: 0.278647
accuracy train: 0.916667 test: 0.800000

Parameter containing:
tensor([0.], device='cuda:0', requires_grad=True)
loss training: 0.279012
accuracy train: 0.910714 test: 0.800000

Parameter containing:
tensor([0.], device='cuda:0', requires_grad=True)
loss training: 0.283246
accuracy train: 0.916667 test: 0.800000

Parameter containing:
tensor([0.], device='cuda:0', requires_grad=True)
loss training: 0.279162
accuracy train: 0.910714 test: 0.800000

Parameter containing:
tensor([0.], device='cuda:0', requires_grad=True)
loss training: 0.277558
accuracy train: 0.916667 test: 0.800000

Parameter containing:
tensor([0.], device='cuda:0', requires_grad=True)
loss training: 0.276739
accuracy train: 0.916667 test: 0.800000

Parameter containing:
tensor([0.], device='cuda:0', requires_grad=True)
loss training: 0.285973
accuracy train: 0.916667 test: 0.800000

Parameter containing:
tensor([0.], device='cuda:0', requires_grad=True)
loss training: 0.279220
accuracy train: 0.922619 test: 0.800000

Parameter containing:
tensor([0.], device='cuda:0', requires_grad=True)
loss training: 0.281352
accuracy train: 0.916667 test: 0.800000

Parameter containing:
tensor([0.], device='cuda:0', requires_grad=True)
loss training: 0.279818
accuracy train: 0.916667 test: 0.800000

Parameter containing:
tensor([0.], device='cuda:0', requires_grad=True)
loss training: 0.285996
accuracy train: 0.916667 test: 0.800000

Parameter containing:
tensor([0.], device='cuda:0', requires_grad=True)
loss training: 0.289196
accuracy train: 0.916667 test: 0.800000

Parameter containing:
tensor([0.], device='cuda:0', requires_grad=True)
loss training: 0.277904
accuracy train: 0.910714 test: 0.800000

Parameter containing:
tensor([0.], device='cuda:0', requires_grad=True)
loss training: 0.284706
accuracy train: 0.910714 test: 0.800000

Parameter containing:
tensor([0.], device='cuda:0', requires_grad=True)
loss training: 0.285204
accuracy train: 0.910714 test: 0.800000

Parameter containing:
tensor([0.], device='cuda:0', requires_grad=True)
loss training: 0.286520
accuracy train: 0.910714 test: 0.800000

Parameter containing:
tensor([0.], device='cuda:0', requires_grad=True)
loss training: 0.283396
accuracy train: 0.916667 test: 0.800000

Parameter containing:
tensor([0.], device='cuda:0', requires_grad=True)
loss training: 0.283643
accuracy train: 0.916667 test: 0.800000

Parameter containing:
tensor([0.], device='cuda:0', requires_grad=True)
loss training: 0.280753
accuracy train: 0.910714 test: 0.800000

Parameter containing:
tensor([0.], device='cuda:0', requires_grad=True)
loss training: 0.278987
accuracy train: 0.916667 test: 0.800000

Parameter containing:
tensor([0.], device='cuda:0', requires_grad=True)
loss training: 0.279752
accuracy train: 0.910714 test: 0.800000

Parameter containing:
tensor([0.], device='cuda:0', requires_grad=True)
loss training: 0.275692
accuracy train: 0.910714 test: 0.800000

Parameter containing:
tensor([0.], device='cuda:0', requires_grad=True)
loss training: 0.279200
accuracy train: 0.910714 test: 0.800000

Parameter containing:
tensor([0.], device='cuda:0', requires_grad=True)
loss training: 0.287441
accuracy train: 0.916667 test: 0.800000

Parameter containing:
tensor([0.], device='cuda:0', requires_grad=True)
loss training: 0.285394
accuracy train: 0.916667 test: 0.800000

Parameter containing:
tensor([0.], device='cuda:0', requires_grad=True)
loss training: 0.280966
accuracy train: 0.916667 test: 0.800000

Parameter containing:
tensor([0.], device='cuda:0', requires_grad=True)
loss training: 0.284671
accuracy train: 0.916667 test: 0.800000

Parameter containing:
tensor([0.], device='cuda:0', requires_grad=True)
loss training: 0.282575
accuracy train: 0.910714 test: 0.800000

Parameter containing:
tensor([0.], device='cuda:0', requires_grad=True)
loss training: 0.278414
accuracy train: 0.910714 test: 0.800000

Parameter containing:
tensor([0.], device='cuda:0', requires_grad=True)
loss training: 0.283135
accuracy train: 0.910714 test: 0.800000

Parameter containing:
tensor([0.], device='cuda:0', requires_grad=True)
loss training: 0.271937
accuracy train: 0.910714 test: 0.800000

Parameter containing:
tensor([0.], device='cuda:0', requires_grad=True)
loss training: 0.275701
accuracy train: 0.910714 test: 0.800000

Parameter containing:
tensor([0.], device='cuda:0', requires_grad=True)
loss training: 0.282633
accuracy train: 0.910714 test: 0.800000

Parameter containing:
tensor([0.], device='cuda:0', requires_grad=True)
loss training: 0.287605
accuracy train: 0.910714 test: 0.800000

Parameter containing:
tensor([0.], device='cuda:0', requires_grad=True)
loss training: 0.279844
accuracy train: 0.916667 test: 0.800000

Parameter containing:
tensor([0.], device='cuda:0', requires_grad=True)
loss training: 0.281672
accuracy train: 0.910714 test: 0.800000

Parameter containing:
tensor([0.], device='cuda:0', requires_grad=True)
loss training: 0.291257
accuracy train: 0.916667 test: 0.800000

Parameter containing:
tensor([0.], device='cuda:0', requires_grad=True)
loss training: 0.284010
accuracy train: 0.910714 test: 0.800000

Parameter containing:
tensor([0.], device='cuda:0', requires_grad=True)
loss training: 0.275809
accuracy train: 0.916667 test: 0.800000

Parameter containing:
tensor([0.], device='cuda:0', requires_grad=True)
loss training: 0.290167
accuracy train: 0.916667 test: 0.800000

Parameter containing:
tensor([0.], device='cuda:0', requires_grad=True)
loss training: 0.280843
accuracy train: 0.910714 test: 0.800000

Parameter containing:
tensor([0.], device='cuda:0', requires_grad=True)
loss training: 0.276330
accuracy train: 0.910714 test: 0.800000

Parameter containing:
tensor([0.], device='cuda:0', requires_grad=True)
loss training: 0.271307
accuracy train: 0.910714 test: 0.800000

Parameter containing:
tensor([0.], device='cuda:0', requires_grad=True)
loss training: 0.283958
accuracy train: 0.910714 test: 0.800000

Parameter containing:
tensor([0.], device='cuda:0', requires_grad=True)
loss training: 0.285568
accuracy train: 0.916667 test: 0.800000

Parameter containing:
tensor([0.], device='cuda:0', requires_grad=True)
loss training: 0.283203
accuracy train: 0.910714 test: 0.800000

Parameter containing:
tensor([0.], device='cuda:0', requires_grad=True)
loss training: 0.282677
accuracy train: 0.910714 test: 0.800000

Parameter containing:
tensor([0.], device='cuda:0', requires_grad=True)
loss training: 0.276604
accuracy train: 0.916667 test: 0.800000

Parameter containing:
tensor([0.], device='cuda:0', requires_grad=True)
loss training: 0.287499
accuracy train: 0.916667 test: 0.800000

Parameter containing:
tensor([0.], device='cuda:0', requires_grad=True)
loss training: 0.285108
accuracy train: 0.916667 test: 0.800000

Parameter containing:
tensor([0.], device='cuda:0', requires_grad=True)
loss training: 0.281378
accuracy train: 0.910714 test: 0.800000

Parameter containing:
tensor([0.], device='cuda:0', requires_grad=True)
loss training: 0.281604
accuracy train: 0.910714 test: 0.800000

Parameter containing:
tensor([0.], device='cuda:0', requires_grad=True)
loss training: 0.271000
accuracy train: 0.916667 test: 0.800000

Parameter containing:
tensor([0.], device='cuda:0', requires_grad=True)
loss training: 0.279274
accuracy train: 0.910714 test: 0.800000

Parameter containing:
tensor([0.], device='cuda:0', requires_grad=True)
loss training: 0.284453
accuracy train: 0.916667 test: 0.800000

Parameter containing:
tensor([0.], device='cuda:0', requires_grad=True)
loss training: 0.286395
accuracy train: 0.916667 test: 0.800000

Parameter containing:
tensor([0.], device='cuda:0', requires_grad=True)
loss training: 0.289619
accuracy train: 0.910714 test: 0.800000

Parameter containing:
tensor([0.], device='cuda:0', requires_grad=True)
loss training: 0.282996
accuracy train: 0.910714 test: 0.800000

Parameter containing:
tensor([0.], device='cuda:0', requires_grad=True)
loss training: 0.279397
accuracy train: 0.910714 test: 0.800000

Parameter containing:
tensor([0.], device='cuda:0', requires_grad=True)
loss training: 0.284708
accuracy train: 0.910714 test: 0.800000

Parameter containing:
tensor([0.], device='cuda:0', requires_grad=True)
loss training: 0.290809
accuracy train: 0.916667 test: 0.800000

Parameter containing:
tensor([0.], device='cuda:0', requires_grad=True)
loss training: 0.273708
accuracy train: 0.910714 test: 0.800000

Parameter containing:
tensor([0.], device='cuda:0', requires_grad=True)
