loading data
# classes: 2
# maximum node tag: 7
# data: 188
loss training: 0.552071
accuracy train: 0.898810 test: 0.750000

Parameter containing:
tensor([0., 0., 0.], device='cuda:0', requires_grad=True)
loss training: 0.194356
accuracy train: 0.630952 test: 0.450000

Parameter containing:
tensor([0., 0., 0.], device='cuda:0', requires_grad=True)
loss training: 0.155132
accuracy train: 0.910714 test: 0.750000

Parameter containing:
tensor([0., 0., 0.], device='cuda:0', requires_grad=True)
loss training: 0.130113
accuracy train: 0.952381 test: 0.750000

Parameter containing:
tensor([0., 0., 0.], device='cuda:0', requires_grad=True)
loss training: 0.090149
accuracy train: 0.952381 test: 0.750000

Parameter containing:
tensor([0., 0., 0.], device='cuda:0', requires_grad=True)
loss training: 0.077661
accuracy train: 1.000000 test: 0.700000

Parameter containing:
tensor([0., 0., 0.], device='cuda:0', requires_grad=True)
loss training: 0.093900
accuracy train: 0.845238 test: 0.650000

Parameter containing:
tensor([0., 0., 0.], device='cuda:0', requires_grad=True)
loss training: 0.071848
accuracy train: 0.952381 test: 0.750000

Parameter containing:
tensor([0., 0., 0.], device='cuda:0', requires_grad=True)
loss training: 0.058303
accuracy train: 0.994048 test: 0.750000

Parameter containing:
tensor([0., 0., 0.], device='cuda:0', requires_grad=True)
loss training: 0.080970
accuracy train: 0.982143 test: 0.750000

Parameter containing:
tensor([0., 0., 0.], device='cuda:0', requires_grad=True)
loss training: 0.068047
accuracy train: 0.988095 test: 0.700000

Parameter containing:
tensor([0., 0., 0.], device='cuda:0', requires_grad=True)
loss training: 0.141564
accuracy train: 0.345238 test: 0.350000

Parameter containing:
tensor([0., 0., 0.], device='cuda:0', requires_grad=True)
loss training: 0.114884
accuracy train: 0.958333 test: 0.700000

Parameter containing:
tensor([0., 0., 0.], device='cuda:0', requires_grad=True)
loss training: 0.062020
accuracy train: 0.988095 test: 0.750000

Parameter containing:
tensor([0., 0., 0.], device='cuda:0', requires_grad=True)
loss training: 0.064136
accuracy train: 1.000000 test: 0.700000

Parameter containing:
tensor([0., 0., 0.], device='cuda:0', requires_grad=True)
loss training: 0.060315
accuracy train: 0.952381 test: 0.700000

Parameter containing:
tensor([0., 0., 0.], device='cuda:0', requires_grad=True)
loss training: 0.047169
accuracy train: 1.000000 test: 0.750000

Parameter containing:
tensor([0., 0., 0.], device='cuda:0', requires_grad=True)
loss training: 0.045017
accuracy train: 1.000000 test: 0.700000

Parameter containing:
tensor([0., 0., 0.], device='cuda:0', requires_grad=True)
loss training: 0.045946
accuracy train: 1.000000 test: 0.750000

Parameter containing:
tensor([0., 0., 0.], device='cuda:0', requires_grad=True)
loss training: 0.042046
accuracy train: 1.000000 test: 0.700000

Parameter containing:
tensor([0., 0., 0.], device='cuda:0', requires_grad=True)
loss training: 0.049195
accuracy train: 0.982143 test: 0.700000

Parameter containing:
tensor([0., 0., 0.], device='cuda:0', requires_grad=True)
loss training: 0.072098
accuracy train: 0.994048 test: 0.750000

Parameter containing:
tensor([0., 0., 0.], device='cuda:0', requires_grad=True)
loss training: 0.061013
accuracy train: 0.964286 test: 0.750000

Parameter containing:
tensor([0., 0., 0.], device='cuda:0', requires_grad=True)
loss training: 0.051906
accuracy train: 0.988095 test: 0.750000

Parameter containing:
tensor([0., 0., 0.], device='cuda:0', requires_grad=True)
loss training: 0.059370
accuracy train: 1.000000 test: 0.750000

Parameter containing:
tensor([0., 0., 0.], device='cuda:0', requires_grad=True)
loss training: 0.047192
accuracy train: 1.000000 test: 0.750000

Parameter containing:
tensor([0., 0., 0.], device='cuda:0', requires_grad=True)
loss training: 0.041078
accuracy train: 1.000000 test: 0.700000

Parameter containing:
tensor([0., 0., 0.], device='cuda:0', requires_grad=True)
loss training: 0.040274
accuracy train: 1.000000 test: 0.700000

Parameter containing:
tensor([0., 0., 0.], device='cuda:0', requires_grad=True)
loss training: 0.035202
accuracy train: 1.000000 test: 0.750000

Parameter containing:
tensor([0., 0., 0.], device='cuda:0', requires_grad=True)
loss training: 0.041211
accuracy train: 1.000000 test: 0.800000

Parameter containing:
tensor([0., 0., 0.], device='cuda:0', requires_grad=True)
loss training: 0.034853
accuracy train: 1.000000 test: 0.750000

Parameter containing:
tensor([0., 0., 0.], device='cuda:0', requires_grad=True)
loss training: 0.043489
accuracy train: 1.000000 test: 0.750000

Parameter containing:
tensor([0., 0., 0.], device='cuda:0', requires_grad=True)
loss training: 0.042120
accuracy train: 1.000000 test: 0.750000

Parameter containing:
tensor([0., 0., 0.], device='cuda:0', requires_grad=True)
loss training: 0.035875
accuracy train: 1.000000 test: 0.750000

Parameter containing:
tensor([0., 0., 0.], device='cuda:0', requires_grad=True)
loss training: 0.035432
accuracy train: 1.000000 test: 0.750000

Parameter containing:
tensor([0., 0., 0.], device='cuda:0', requires_grad=True)
loss training: 0.067349
accuracy train: 0.380952 test: 0.350000

Parameter containing:
tensor([0., 0., 0.], device='cuda:0', requires_grad=True)
loss training: 0.142017
accuracy train: 1.000000 test: 0.750000

Parameter containing:
tensor([0., 0., 0.], device='cuda:0', requires_grad=True)
loss training: 0.048065
accuracy train: 0.970238 test: 0.650000

Parameter containing:
tensor([0., 0., 0.], device='cuda:0', requires_grad=True)
loss training: 0.048798
accuracy train: 1.000000 test: 0.700000

Parameter containing:
tensor([0., 0., 0.], device='cuda:0', requires_grad=True)
loss training: 0.043910
accuracy train: 1.000000 test: 0.700000

Parameter containing:
tensor([0., 0., 0.], device='cuda:0', requires_grad=True)
loss training: 0.037901
accuracy train: 1.000000 test: 0.700000

Parameter containing:
tensor([0., 0., 0.], device='cuda:0', requires_grad=True)
loss training: 0.045147
accuracy train: 1.000000 test: 0.700000

Parameter containing:
tensor([0., 0., 0.], device='cuda:0', requires_grad=True)
loss training: 0.065121
accuracy train: 1.000000 test: 0.700000

Parameter containing:
tensor([0., 0., 0.], device='cuda:0', requires_grad=True)
loss training: 0.059796
accuracy train: 1.000000 test: 0.750000

Parameter containing:
tensor([0., 0., 0.], device='cuda:0', requires_grad=True)
loss training: 0.040866
accuracy train: 1.000000 test: 0.750000

Parameter containing:
tensor([0., 0., 0.], device='cuda:0', requires_grad=True)
loss training: 0.034876
accuracy train: 1.000000 test: 0.700000

Parameter containing:
tensor([0., 0., 0.], device='cuda:0', requires_grad=True)
loss training: 0.033814
accuracy train: 1.000000 test: 0.700000

Parameter containing:
tensor([0., 0., 0.], device='cuda:0', requires_grad=True)
loss training: 0.042917
accuracy train: 1.000000 test: 0.700000

Parameter containing:
tensor([0., 0., 0.], device='cuda:0', requires_grad=True)
loss training: 0.039043
accuracy train: 1.000000 test: 0.700000

Parameter containing:
tensor([0., 0., 0.], device='cuda:0', requires_grad=True)
loss training: 0.038792
accuracy train: 1.000000 test: 0.700000

Parameter containing:
tensor([0., 0., 0.], device='cuda:0', requires_grad=True)
loss training: 0.036170
accuracy train: 1.000000 test: 0.700000

Parameter containing:
tensor([0., 0., 0.], device='cuda:0', requires_grad=True)
loss training: 0.032939
accuracy train: 1.000000 test: 0.700000

Parameter containing:
tensor([0., 0., 0.], device='cuda:0', requires_grad=True)
loss training: 0.037004
accuracy train: 1.000000 test: 0.700000

Parameter containing:
tensor([0., 0., 0.], device='cuda:0', requires_grad=True)
loss training: 0.035548
accuracy train: 1.000000 test: 0.700000

Parameter containing:
tensor([0., 0., 0.], device='cuda:0', requires_grad=True)
loss training: 0.034431
accuracy train: 1.000000 test: 0.700000

Parameter containing:
tensor([0., 0., 0.], device='cuda:0', requires_grad=True)
loss training: 0.029747
accuracy train: 1.000000 test: 0.700000

Parameter containing:
tensor([0., 0., 0.], device='cuda:0', requires_grad=True)
loss training: 0.030178
accuracy train: 1.000000 test: 0.700000

Parameter containing:
tensor([0., 0., 0.], device='cuda:0', requires_grad=True)
loss training: 0.036329
accuracy train: 1.000000 test: 0.700000

Parameter containing:
tensor([0., 0., 0.], device='cuda:0', requires_grad=True)
loss training: 0.036039
accuracy train: 1.000000 test: 0.700000

Parameter containing:
tensor([0., 0., 0.], device='cuda:0', requires_grad=True)
loss training: 0.033859
accuracy train: 1.000000 test: 0.700000

Parameter containing:
tensor([0., 0., 0.], device='cuda:0', requires_grad=True)
loss training: 0.032684
accuracy train: 1.000000 test: 0.700000

Parameter containing:
tensor([0., 0., 0.], device='cuda:0', requires_grad=True)
loss training: 0.034641
accuracy train: 1.000000 test: 0.700000

Parameter containing:
tensor([0., 0., 0.], device='cuda:0', requires_grad=True)
loss training: 0.039718
accuracy train: 1.000000 test: 0.700000

Parameter containing:
tensor([0., 0., 0.], device='cuda:0', requires_grad=True)
loss training: 0.032348
accuracy train: 1.000000 test: 0.700000

Parameter containing:
tensor([0., 0., 0.], device='cuda:0', requires_grad=True)
loss training: 0.033169
accuracy train: 1.000000 test: 0.750000

Parameter containing:
tensor([0., 0., 0.], device='cuda:0', requires_grad=True)
loss training: 0.040903
accuracy train: 1.000000 test: 0.700000

Parameter containing:
tensor([0., 0., 0.], device='cuda:0', requires_grad=True)
loss training: 0.036888
accuracy train: 1.000000 test: 0.700000

Parameter containing:
tensor([0., 0., 0.], device='cuda:0', requires_grad=True)
loss training: 0.030396
accuracy train: 0.994048 test: 0.700000

Parameter containing:
tensor([0., 0., 0.], device='cuda:0', requires_grad=True)
loss training: 0.037801
accuracy train: 1.000000 test: 0.700000

Parameter containing:
tensor([0., 0., 0.], device='cuda:0', requires_grad=True)
loss training: 0.032111
accuracy train: 1.000000 test: 0.700000

Parameter containing:
tensor([0., 0., 0.], device='cuda:0', requires_grad=True)
loss training: 0.032275
accuracy train: 1.000000 test: 0.700000

Parameter containing:
tensor([0., 0., 0.], device='cuda:0', requires_grad=True)
loss training: 0.035487
accuracy train: 1.000000 test: 0.700000

Parameter containing:
tensor([0., 0., 0.], device='cuda:0', requires_grad=True)
loss training: 0.034508
accuracy train: 1.000000 test: 0.750000

Parameter containing:
tensor([0., 0., 0.], device='cuda:0', requires_grad=True)
loss training: 0.029657
accuracy train: 1.000000 test: 0.700000

Parameter containing:
tensor([0., 0., 0.], device='cuda:0', requires_grad=True)
loss training: 0.034791
accuracy train: 1.000000 test: 0.700000

Parameter containing:
tensor([0., 0., 0.], device='cuda:0', requires_grad=True)
loss training: 0.038427
accuracy train: 1.000000 test: 0.700000

Parameter containing:
tensor([0., 0., 0.], device='cuda:0', requires_grad=True)
loss training: 0.033002
accuracy train: 1.000000 test: 0.700000

Parameter containing:
tensor([0., 0., 0.], device='cuda:0', requires_grad=True)
loss training: 0.031674
accuracy train: 1.000000 test: 0.700000

Parameter containing:
tensor([0., 0., 0.], device='cuda:0', requires_grad=True)
loss training: 0.034634
accuracy train: 1.000000 test: 0.700000

Parameter containing:
tensor([0., 0., 0.], device='cuda:0', requires_grad=True)
loss training: 0.041589
accuracy train: 0.982143 test: 0.700000

Parameter containing:
tensor([0., 0., 0.], device='cuda:0', requires_grad=True)
loss training: 0.040354
accuracy train: 1.000000 test: 0.700000

Parameter containing:
tensor([0., 0., 0.], device='cuda:0', requires_grad=True)
loss training: 0.034989
accuracy train: 1.000000 test: 0.700000

Parameter containing:
tensor([0., 0., 0.], device='cuda:0', requires_grad=True)
loss training: 0.033308
accuracy train: 1.000000 test: 0.700000

Parameter containing:
tensor([0., 0., 0.], device='cuda:0', requires_grad=True)
loss training: 0.030641
accuracy train: 1.000000 test: 0.700000

Parameter containing:
tensor([0., 0., 0.], device='cuda:0', requires_grad=True)
loss training: 0.030158
accuracy train: 1.000000 test: 0.700000

Parameter containing:
tensor([0., 0., 0.], device='cuda:0', requires_grad=True)
loss training: 0.035870
accuracy train: 1.000000 test: 0.700000

Parameter containing:
tensor([0., 0., 0.], device='cuda:0', requires_grad=True)
loss training: 0.033898
accuracy train: 1.000000 test: 0.700000

Parameter containing:
tensor([0., 0., 0.], device='cuda:0', requires_grad=True)
loss training: 0.037455
accuracy train: 1.000000 test: 0.700000

Parameter containing:
tensor([0., 0., 0.], device='cuda:0', requires_grad=True)
loss training: 0.033705
accuracy train: 1.000000 test: 0.700000

Parameter containing:
tensor([0., 0., 0.], device='cuda:0', requires_grad=True)
loss training: 0.032532
accuracy train: 1.000000 test: 0.700000

Parameter containing:
tensor([0., 0., 0.], device='cuda:0', requires_grad=True)
loss training: 0.032131
accuracy train: 1.000000 test: 0.700000

Parameter containing:
tensor([0., 0., 0.], device='cuda:0', requires_grad=True)
loss training: 0.027947
accuracy train: 1.000000 test: 0.700000

Parameter containing:
tensor([0., 0., 0.], device='cuda:0', requires_grad=True)
loss training: 0.031459
accuracy train: 1.000000 test: 0.700000

Parameter containing:
tensor([0., 0., 0.], device='cuda:0', requires_grad=True)
loss training: 0.035780
accuracy train: 1.000000 test: 0.700000

Parameter containing:
tensor([0., 0., 0.], device='cuda:0', requires_grad=True)
loss training: 0.036373
accuracy train: 1.000000 test: 0.700000

Parameter containing:
tensor([0., 0., 0.], device='cuda:0', requires_grad=True)
loss training: 0.037193
accuracy train: 1.000000 test: 0.700000

Parameter containing:
tensor([0., 0., 0.], device='cuda:0', requires_grad=True)
loss training: 0.033404
accuracy train: 1.000000 test: 0.700000

Parameter containing:
tensor([0., 0., 0.], device='cuda:0', requires_grad=True)
loss training: 0.035580
accuracy train: 1.000000 test: 0.700000

Parameter containing:
tensor([0., 0., 0.], device='cuda:0', requires_grad=True)
loss training: 0.041758
accuracy train: 1.000000 test: 0.700000

Parameter containing:
tensor([0., 0., 0.], device='cuda:0', requires_grad=True)
loss training: 0.032097
accuracy train: 1.000000 test: 0.700000

Parameter containing:
tensor([0., 0., 0.], device='cuda:0', requires_grad=True)
loss training: 0.031389
accuracy train: 1.000000 test: 0.700000

Parameter containing:
tensor([0., 0., 0.], device='cuda:0', requires_grad=True)
loss training: 0.032427
accuracy train: 1.000000 test: 0.700000

Parameter containing:
tensor([0., 0., 0.], device='cuda:0', requires_grad=True)
loss training: 0.031634
accuracy train: 1.000000 test: 0.700000

Parameter containing:
tensor([0., 0., 0.], device='cuda:0', requires_grad=True)
loss training: 0.032089
accuracy train: 1.000000 test: 0.700000

Parameter containing:
tensor([0., 0., 0.], device='cuda:0', requires_grad=True)
loss training: 0.030720
accuracy train: 1.000000 test: 0.700000

Parameter containing:
tensor([0., 0., 0.], device='cuda:0', requires_grad=True)
loss training: 0.028535
accuracy train: 1.000000 test: 0.700000

Parameter containing:
tensor([0., 0., 0.], device='cuda:0', requires_grad=True)
loss training: 0.030386
accuracy train: 1.000000 test: 0.700000

Parameter containing:
tensor([0., 0., 0.], device='cuda:0', requires_grad=True)
loss training: 0.032247
accuracy train: 1.000000 test: 0.700000

Parameter containing:
tensor([0., 0., 0.], device='cuda:0', requires_grad=True)
loss training: 0.030464
accuracy train: 1.000000 test: 0.700000

Parameter containing:
tensor([0., 0., 0.], device='cuda:0', requires_grad=True)
loss training: 0.030809
accuracy train: 1.000000 test: 0.700000

Parameter containing:
tensor([0., 0., 0.], device='cuda:0', requires_grad=True)
loss training: 0.029612
accuracy train: 1.000000 test: 0.700000

Parameter containing:
tensor([0., 0., 0.], device='cuda:0', requires_grad=True)
loss training: 0.031825
accuracy train: 1.000000 test: 0.700000

Parameter containing:
tensor([0., 0., 0.], device='cuda:0', requires_grad=True)
loss training: 0.029618
accuracy train: 1.000000 test: 0.700000

Parameter containing:
tensor([0., 0., 0.], device='cuda:0', requires_grad=True)
loss training: 0.027958
accuracy train: 1.000000 test: 0.700000

Parameter containing:
tensor([0., 0., 0.], device='cuda:0', requires_grad=True)
loss training: 0.032223
accuracy train: 1.000000 test: 0.700000

Parameter containing:
tensor([0., 0., 0.], device='cuda:0', requires_grad=True)
loss training: 0.029663
accuracy train: 1.000000 test: 0.700000

Parameter containing:
tensor([0., 0., 0.], device='cuda:0', requires_grad=True)
loss training: 0.033315
accuracy train: 1.000000 test: 0.700000

Parameter containing:
tensor([0., 0., 0.], device='cuda:0', requires_grad=True)
loss training: 0.028914
accuracy train: 1.000000 test: 0.700000

Parameter containing:
tensor([0., 0., 0.], device='cuda:0', requires_grad=True)
loss training: 0.029791
accuracy train: 1.000000 test: 0.700000

Parameter containing:
tensor([0., 0., 0.], device='cuda:0', requires_grad=True)
loss training: 0.026775
accuracy train: 1.000000 test: 0.700000

Parameter containing:
tensor([0., 0., 0.], device='cuda:0', requires_grad=True)
loss training: 0.032266
accuracy train: 1.000000 test: 0.700000

Parameter containing:
tensor([0., 0., 0.], device='cuda:0', requires_grad=True)
loss training: 0.032272
accuracy train: 1.000000 test: 0.700000

Parameter containing:
tensor([0., 0., 0.], device='cuda:0', requires_grad=True)
loss training: 0.030147
accuracy train: 1.000000 test: 0.700000

Parameter containing:
tensor([0., 0., 0.], device='cuda:0', requires_grad=True)
loss training: 0.028719
accuracy train: 1.000000 test: 0.700000

Parameter containing:
tensor([0., 0., 0.], device='cuda:0', requires_grad=True)
loss training: 0.031548
accuracy train: 1.000000 test: 0.700000

Parameter containing:
tensor([0., 0., 0.], device='cuda:0', requires_grad=True)
loss training: 0.028238
accuracy train: 1.000000 test: 0.700000

Parameter containing:
tensor([0., 0., 0.], device='cuda:0', requires_grad=True)
loss training: 0.030073
accuracy train: 1.000000 test: 0.700000

Parameter containing:
tensor([0., 0., 0.], device='cuda:0', requires_grad=True)
loss training: 0.027907
accuracy train: 1.000000 test: 0.700000

Parameter containing:
tensor([0., 0., 0.], device='cuda:0', requires_grad=True)
loss training: 0.026744
accuracy train: 1.000000 test: 0.700000

Parameter containing:
tensor([0., 0., 0.], device='cuda:0', requires_grad=True)
loss training: 0.031522
accuracy train: 1.000000 test: 0.700000

Parameter containing:
tensor([0., 0., 0.], device='cuda:0', requires_grad=True)
loss training: 0.028914
accuracy train: 1.000000 test: 0.700000

Parameter containing:
tensor([0., 0., 0.], device='cuda:0', requires_grad=True)
loss training: 0.029784
accuracy train: 1.000000 test: 0.700000

Parameter containing:
tensor([0., 0., 0.], device='cuda:0', requires_grad=True)
loss training: 0.029861
accuracy train: 1.000000 test: 0.700000

Parameter containing:
tensor([0., 0., 0.], device='cuda:0', requires_grad=True)
loss training: 0.030461
accuracy train: 1.000000 test: 0.700000

Parameter containing:
tensor([0., 0., 0.], device='cuda:0', requires_grad=True)
loss training: 0.030263
accuracy train: 1.000000 test: 0.700000

Parameter containing:
tensor([0., 0., 0.], device='cuda:0', requires_grad=True)
loss training: 0.029613
accuracy train: 1.000000 test: 0.750000

Parameter containing:
tensor([0., 0., 0.], device='cuda:0', requires_grad=True)
loss training: 0.029287
accuracy train: 1.000000 test: 0.700000

Parameter containing:
tensor([0., 0., 0.], device='cuda:0', requires_grad=True)
loss training: 0.032662
accuracy train: 1.000000 test: 0.700000

Parameter containing:
tensor([0., 0., 0.], device='cuda:0', requires_grad=True)
loss training: 0.026556
accuracy train: 1.000000 test: 0.700000

Parameter containing:
tensor([0., 0., 0.], device='cuda:0', requires_grad=True)
loss training: 0.029853
accuracy train: 1.000000 test: 0.700000

Parameter containing:
tensor([0., 0., 0.], device='cuda:0', requires_grad=True)
loss training: 0.029881
accuracy train: 1.000000 test: 0.700000

Parameter containing:
tensor([0., 0., 0.], device='cuda:0', requires_grad=True)
loss training: 0.033315
accuracy train: 1.000000 test: 0.700000

Parameter containing:
tensor([0., 0., 0.], device='cuda:0', requires_grad=True)
loss training: 0.027533
accuracy train: 1.000000 test: 0.750000

Parameter containing:
tensor([0., 0., 0.], device='cuda:0', requires_grad=True)
loss training: 0.028575
accuracy train: 1.000000 test: 0.700000

Parameter containing:
tensor([0., 0., 0.], device='cuda:0', requires_grad=True)
loss training: 0.030471
accuracy train: 1.000000 test: 0.700000

Parameter containing:
tensor([0., 0., 0.], device='cuda:0', requires_grad=True)
loss training: 0.049422
accuracy train: 1.000000 test: 0.750000

Parameter containing:
tensor([0., 0., 0.], device='cuda:0', requires_grad=True)
loss training: 0.037598
accuracy train: 0.988095 test: 0.750000

Parameter containing:
tensor([0., 0., 0.], device='cuda:0', requires_grad=True)
loss training: 0.033151
accuracy train: 1.000000 test: 0.700000

Parameter containing:
tensor([0., 0., 0.], device='cuda:0', requires_grad=True)
loss training: 0.032466
accuracy train: 1.000000 test: 0.700000

Parameter containing:
tensor([0., 0., 0.], device='cuda:0', requires_grad=True)
loss training: 0.027849
accuracy train: 1.000000 test: 0.700000

Parameter containing:
tensor([0., 0., 0.], device='cuda:0', requires_grad=True)
loss training: 0.028480
accuracy train: 1.000000 test: 0.700000

Parameter containing:
tensor([0., 0., 0.], device='cuda:0', requires_grad=True)
loss training: 0.028386
accuracy train: 1.000000 test: 0.700000

Parameter containing:
tensor([0., 0., 0.], device='cuda:0', requires_grad=True)
loss training: 0.034074
accuracy train: 1.000000 test: 0.700000

Parameter containing:
tensor([0., 0., 0.], device='cuda:0', requires_grad=True)
loss training: 0.027459
accuracy train: 1.000000 test: 0.700000

Parameter containing:
tensor([0., 0., 0.], device='cuda:0', requires_grad=True)
loss training: 0.028643
accuracy train: 1.000000 test: 0.700000

Parameter containing:
tensor([0., 0., 0.], device='cuda:0', requires_grad=True)
loss training: 0.030786
accuracy train: 1.000000 test: 0.700000

Parameter containing:
tensor([0., 0., 0.], device='cuda:0', requires_grad=True)
loss training: 0.032159
accuracy train: 1.000000 test: 0.700000

Parameter containing:
tensor([0., 0., 0.], device='cuda:0', requires_grad=True)
loss training: 0.030017
accuracy train: 1.000000 test: 0.700000

Parameter containing:
tensor([0., 0., 0.], device='cuda:0', requires_grad=True)
loss training: 0.024769
accuracy train: 1.000000 test: 0.700000

Parameter containing:
tensor([0., 0., 0.], device='cuda:0', requires_grad=True)
loss training: 0.027531
accuracy train: 1.000000 test: 0.700000

Parameter containing:
tensor([0., 0., 0.], device='cuda:0', requires_grad=True)
loss training: 0.026127
accuracy train: 1.000000 test: 0.700000

Parameter containing:
tensor([0., 0., 0.], device='cuda:0', requires_grad=True)
loss training: 0.027649
accuracy train: 1.000000 test: 0.700000

Parameter containing:
tensor([0., 0., 0.], device='cuda:0', requires_grad=True)
loss training: 0.026056
accuracy train: 1.000000 test: 0.700000

Parameter containing:
tensor([0., 0., 0.], device='cuda:0', requires_grad=True)
loss training: 0.026226
accuracy train: 1.000000 test: 0.700000

Parameter containing:
tensor([0., 0., 0.], device='cuda:0', requires_grad=True)
loss training: 0.028042
accuracy train: 1.000000 test: 0.700000

Parameter containing:
tensor([0., 0., 0.], device='cuda:0', requires_grad=True)
loss training: 0.029051
accuracy train: 1.000000 test: 0.700000

Parameter containing:
tensor([0., 0., 0.], device='cuda:0', requires_grad=True)
loss training: 0.033517
accuracy train: 1.000000 test: 0.700000

Parameter containing:
tensor([0., 0., 0.], device='cuda:0', requires_grad=True)
loss training: 0.029335
accuracy train: 1.000000 test: 0.700000

Parameter containing:
tensor([0., 0., 0.], device='cuda:0', requires_grad=True)
loss training: 0.031896
accuracy train: 1.000000 test: 0.700000

Parameter containing:
tensor([0., 0., 0.], device='cuda:0', requires_grad=True)
loss training: 0.028504
accuracy train: 1.000000 test: 0.700000

Parameter containing:
tensor([0., 0., 0.], device='cuda:0', requires_grad=True)
loss training: 0.030805
accuracy train: 1.000000 test: 0.700000

Parameter containing:
tensor([0., 0., 0.], device='cuda:0', requires_grad=True)
loss training: 0.025699
accuracy train: 1.000000 test: 0.700000

Parameter containing:
tensor([0., 0., 0.], device='cuda:0', requires_grad=True)
loss training: 0.028883
accuracy train: 1.000000 test: 0.700000

Parameter containing:
tensor([0., 0., 0.], device='cuda:0', requires_grad=True)
loss training: 0.028556
accuracy train: 1.000000 test: 0.700000

Parameter containing:
tensor([0., 0., 0.], device='cuda:0', requires_grad=True)
loss training: 0.027383
accuracy train: 1.000000 test: 0.700000

Parameter containing:
tensor([0., 0., 0.], device='cuda:0', requires_grad=True)
loss training: 0.026285
accuracy train: 1.000000 test: 0.700000

Parameter containing:
tensor([0., 0., 0.], device='cuda:0', requires_grad=True)
loss training: 0.035955
accuracy train: 1.000000 test: 0.700000

Parameter containing:
tensor([0., 0., 0.], device='cuda:0', requires_grad=True)
loss training: 0.027529
accuracy train: 1.000000 test: 0.700000

Parameter containing:
tensor([0., 0., 0.], device='cuda:0', requires_grad=True)
loss training: 0.023608
accuracy train: 1.000000 test: 0.700000

Parameter containing:
tensor([0., 0., 0.], device='cuda:0', requires_grad=True)
loss training: 0.027999
accuracy train: 1.000000 test: 0.700000

Parameter containing:
tensor([0., 0., 0.], device='cuda:0', requires_grad=True)
loss training: 0.028188
accuracy train: 1.000000 test: 0.700000

Parameter containing:
tensor([0., 0., 0.], device='cuda:0', requires_grad=True)
loss training: 0.029195
accuracy train: 1.000000 test: 0.700000

Parameter containing:
tensor([0., 0., 0.], device='cuda:0', requires_grad=True)
loss training: 0.029995
accuracy train: 1.000000 test: 0.700000

Parameter containing:
tensor([0., 0., 0.], device='cuda:0', requires_grad=True)
loss training: 0.028615
accuracy train: 1.000000 test: 0.700000

Parameter containing:
tensor([0., 0., 0.], device='cuda:0', requires_grad=True)
loss training: 0.024491
accuracy train: 1.000000 test: 0.700000

Parameter containing:
tensor([0., 0., 0.], device='cuda:0', requires_grad=True)
loss training: 0.027544
accuracy train: 1.000000 test: 0.700000

Parameter containing:
tensor([0., 0., 0.], device='cuda:0', requires_grad=True)
loss training: 0.028653
accuracy train: 1.000000 test: 0.700000

Parameter containing:
tensor([0., 0., 0.], device='cuda:0', requires_grad=True)
loss training: 0.032632
accuracy train: 1.000000 test: 0.700000

Parameter containing:
tensor([0., 0., 0.], device='cuda:0', requires_grad=True)
loss training: 0.030324
accuracy train: 1.000000 test: 0.700000

Parameter containing:
tensor([0., 0., 0.], device='cuda:0', requires_grad=True)
loss training: 0.027372
accuracy train: 1.000000 test: 0.700000

Parameter containing:
tensor([0., 0., 0.], device='cuda:0', requires_grad=True)
loss training: 0.028770
accuracy train: 1.000000 test: 0.700000

Parameter containing:
tensor([0., 0., 0.], device='cuda:0', requires_grad=True)
loss training: 0.027679
accuracy train: 1.000000 test: 0.700000

Parameter containing:
tensor([0., 0., 0.], device='cuda:0', requires_grad=True)
loss training: 0.026521
accuracy train: 1.000000 test: 0.700000

Parameter containing:
tensor([0., 0., 0.], device='cuda:0', requires_grad=True)
loss training: 0.030082
accuracy train: 1.000000 test: 0.700000

Parameter containing:
tensor([0., 0., 0.], device='cuda:0', requires_grad=True)
loss training: 0.029032
accuracy train: 1.000000 test: 0.700000

Parameter containing:
tensor([0., 0., 0.], device='cuda:0', requires_grad=True)
loss training: 0.029991
accuracy train: 1.000000 test: 0.700000

Parameter containing:
tensor([0., 0., 0.], device='cuda:0', requires_grad=True)
loss training: 0.029947
accuracy train: 1.000000 test: 0.700000

Parameter containing:
tensor([0., 0., 0.], device='cuda:0', requires_grad=True)
loss training: 0.028084
accuracy train: 1.000000 test: 0.700000

Parameter containing:
tensor([0., 0., 0.], device='cuda:0', requires_grad=True)
loss training: 0.025132
accuracy train: 1.000000 test: 0.700000

Parameter containing:
tensor([0., 0., 0.], device='cuda:0', requires_grad=True)
loss training: 0.029294
accuracy train: 1.000000 test: 0.700000

Parameter containing:
tensor([0., 0., 0.], device='cuda:0', requires_grad=True)
loss training: 0.028632
accuracy train: 1.000000 test: 0.700000

Parameter containing:
tensor([0., 0., 0.], device='cuda:0', requires_grad=True)
loss training: 0.026451
accuracy train: 1.000000 test: 0.700000

Parameter containing:
tensor([0., 0., 0.], device='cuda:0', requires_grad=True)
loss training: 0.024270
accuracy train: 1.000000 test: 0.700000

Parameter containing:
tensor([0., 0., 0.], device='cuda:0', requires_grad=True)
loss training: 0.030922
accuracy train: 1.000000 test: 0.700000

Parameter containing:
tensor([0., 0., 0.], device='cuda:0', requires_grad=True)
loss training: 0.025863
accuracy train: 1.000000 test: 0.700000

Parameter containing:
tensor([0., 0., 0.], device='cuda:0', requires_grad=True)
loss training: 0.029612
accuracy train: 1.000000 test: 0.700000

Parameter containing:
tensor([0., 0., 0.], device='cuda:0', requires_grad=True)
loss training: 0.025755
accuracy train: 1.000000 test: 0.700000

Parameter containing:
tensor([0., 0., 0.], device='cuda:0', requires_grad=True)
loss training: 0.025301
accuracy train: 1.000000 test: 0.700000

Parameter containing:
tensor([0., 0., 0.], device='cuda:0', requires_grad=True)
loss training: 0.031732
accuracy train: 1.000000 test: 0.700000

Parameter containing:
tensor([0., 0., 0.], device='cuda:0', requires_grad=True)
loss training: 0.024074
accuracy train: 1.000000 test: 0.700000

Parameter containing:
tensor([0., 0., 0.], device='cuda:0', requires_grad=True)
loss training: 0.028470
accuracy train: 1.000000 test: 0.700000

Parameter containing:
tensor([0., 0., 0.], device='cuda:0', requires_grad=True)
loss training: 0.022339
accuracy train: 1.000000 test: 0.700000

Parameter containing:
tensor([0., 0., 0.], device='cuda:0', requires_grad=True)
loss training: 0.027381
accuracy train: 1.000000 test: 0.700000

Parameter containing:
tensor([0., 0., 0.], device='cuda:0', requires_grad=True)
loss training: 0.027651
accuracy train: 1.000000 test: 0.700000

Parameter containing:
tensor([0., 0., 0.], device='cuda:0', requires_grad=True)
loss training: 0.026274
accuracy train: 1.000000 test: 0.700000

Parameter containing:
tensor([0., 0., 0.], device='cuda:0', requires_grad=True)
loss training: 0.028729
accuracy train: 1.000000 test: 0.700000

Parameter containing:
tensor([0., 0., 0.], device='cuda:0', requires_grad=True)
loss training: 0.024825
accuracy train: 1.000000 test: 0.700000

Parameter containing:
tensor([0., 0., 0.], device='cuda:0', requires_grad=True)
loss training: 0.028084
accuracy train: 1.000000 test: 0.700000

Parameter containing:
tensor([0., 0., 0.], device='cuda:0', requires_grad=True)
loss training: 0.028860
accuracy train: 1.000000 test: 0.700000

Parameter containing:
tensor([0., 0., 0.], device='cuda:0', requires_grad=True)
loss training: 0.025694
accuracy train: 1.000000 test: 0.700000

Parameter containing:
tensor([0., 0., 0.], device='cuda:0', requires_grad=True)
loss training: 0.029120
accuracy train: 1.000000 test: 0.700000

Parameter containing:
tensor([0., 0., 0.], device='cuda:0', requires_grad=True)
loss training: 0.024355
accuracy train: 1.000000 test: 0.700000

Parameter containing:
tensor([0., 0., 0.], device='cuda:0', requires_grad=True)
loss training: 0.026998
accuracy train: 1.000000 test: 0.700000

Parameter containing:
tensor([0., 0., 0.], device='cuda:0', requires_grad=True)
loss training: 0.028764
accuracy train: 1.000000 test: 0.700000

Parameter containing:
tensor([0., 0., 0.], device='cuda:0', requires_grad=True)
loss training: 0.028877
accuracy train: 1.000000 test: 0.700000

Parameter containing:
tensor([0., 0., 0.], device='cuda:0', requires_grad=True)
loss training: 0.030649
accuracy train: 1.000000 test: 0.700000

Parameter containing:
tensor([0., 0., 0.], device='cuda:0', requires_grad=True)
loss training: 0.029209
accuracy train: 1.000000 test: 0.700000

Parameter containing:
tensor([0., 0., 0.], device='cuda:0', requires_grad=True)
loss training: 0.029647
accuracy train: 1.000000 test: 0.700000

Parameter containing:
tensor([0., 0., 0.], device='cuda:0', requires_grad=True)
loss training: 0.026224
accuracy train: 1.000000 test: 0.700000

Parameter containing:
tensor([0., 0., 0.], device='cuda:0', requires_grad=True)
loss training: 0.028007
accuracy train: 1.000000 test: 0.700000

Parameter containing:
tensor([0., 0., 0.], device='cuda:0', requires_grad=True)
loss training: 0.029074
accuracy train: 1.000000 test: 0.700000

Parameter containing:
tensor([0., 0., 0.], device='cuda:0', requires_grad=True)
loss training: 0.028554
accuracy train: 1.000000 test: 0.700000

Parameter containing:
tensor([0., 0., 0.], device='cuda:0', requires_grad=True)
loss training: 0.025428
accuracy train: 1.000000 test: 0.700000

Parameter containing:
tensor([0., 0., 0.], device='cuda:0', requires_grad=True)
loss training: 0.028773
accuracy train: 1.000000 test: 0.700000

Parameter containing:
tensor([0., 0., 0.], device='cuda:0', requires_grad=True)
loss training: 0.030460
accuracy train: 1.000000 test: 0.700000

Parameter containing:
tensor([0., 0., 0.], device='cuda:0', requires_grad=True)
loss training: 0.025327
accuracy train: 1.000000 test: 0.700000

Parameter containing:
tensor([0., 0., 0.], device='cuda:0', requires_grad=True)
loss training: 0.031171
accuracy train: 1.000000 test: 0.700000

Parameter containing:
tensor([0., 0., 0.], device='cuda:0', requires_grad=True)
loss training: 0.027905
accuracy train: 1.000000 test: 0.700000

Parameter containing:
tensor([0., 0., 0.], device='cuda:0', requires_grad=True)
loss training: 0.027208
accuracy train: 1.000000 test: 0.700000

Parameter containing:
tensor([0., 0., 0.], device='cuda:0', requires_grad=True)
loss training: 0.027069
accuracy train: 1.000000 test: 0.700000

Parameter containing:
tensor([0., 0., 0.], device='cuda:0', requires_grad=True)
loss training: 0.026228
accuracy train: 1.000000 test: 0.700000

Parameter containing:
tensor([0., 0., 0.], device='cuda:0', requires_grad=True)
loss training: 0.026214
accuracy train: 1.000000 test: 0.700000

Parameter containing:
tensor([0., 0., 0.], device='cuda:0', requires_grad=True)
loss training: 0.028450
accuracy train: 1.000000 test: 0.700000

Parameter containing:
tensor([0., 0., 0.], device='cuda:0', requires_grad=True)
loss training: 0.025001
accuracy train: 1.000000 test: 0.700000

Parameter containing:
tensor([0., 0., 0.], device='cuda:0', requires_grad=True)
loss training: 0.027101
accuracy train: 1.000000 test: 0.700000

Parameter containing:
tensor([0., 0., 0.], device='cuda:0', requires_grad=True)
loss training: 0.024785
accuracy train: 1.000000 test: 0.700000

Parameter containing:
tensor([0., 0., 0.], device='cuda:0', requires_grad=True)
loss training: 0.027843
accuracy train: 1.000000 test: 0.700000

Parameter containing:
tensor([0., 0., 0.], device='cuda:0', requires_grad=True)
loss training: 0.027563
accuracy train: 1.000000 test: 0.700000

Parameter containing:
tensor([0., 0., 0.], device='cuda:0', requires_grad=True)
loss training: 0.030562
accuracy train: 1.000000 test: 0.700000

Parameter containing:
tensor([0., 0., 0.], device='cuda:0', requires_grad=True)
loss training: 0.025648
accuracy train: 1.000000 test: 0.700000

Parameter containing:
tensor([0., 0., 0.], device='cuda:0', requires_grad=True)
loss training: 0.030668
accuracy train: 1.000000 test: 0.700000

Parameter containing:
tensor([0., 0., 0.], device='cuda:0', requires_grad=True)
loss training: 0.027399
accuracy train: 1.000000 test: 0.700000

Parameter containing:
tensor([0., 0., 0.], device='cuda:0', requires_grad=True)
loss training: 0.028356
accuracy train: 1.000000 test: 0.700000

Parameter containing:
tensor([0., 0., 0.], device='cuda:0', requires_grad=True)
loss training: 0.026676
accuracy train: 1.000000 test: 0.700000

Parameter containing:
tensor([0., 0., 0.], device='cuda:0', requires_grad=True)
loss training: 0.026188
accuracy train: 1.000000 test: 0.700000

Parameter containing:
tensor([0., 0., 0.], device='cuda:0', requires_grad=True)
loss training: 0.028124
accuracy train: 1.000000 test: 0.700000

Parameter containing:
tensor([0., 0., 0.], device='cuda:0', requires_grad=True)
loss training: 0.024706
accuracy train: 1.000000 test: 0.700000

Parameter containing:
tensor([0., 0., 0.], device='cuda:0', requires_grad=True)
loss training: 0.030411
accuracy train: 1.000000 test: 0.700000

Parameter containing:
tensor([0., 0., 0.], device='cuda:0', requires_grad=True)
loss training: 0.027541
accuracy train: 1.000000 test: 0.700000

Parameter containing:
tensor([0., 0., 0.], device='cuda:0', requires_grad=True)
loss training: 0.027687
accuracy train: 1.000000 test: 0.700000

Parameter containing:
tensor([0., 0., 0.], device='cuda:0', requires_grad=True)
loss training: 0.030054
accuracy train: 1.000000 test: 0.700000

Parameter containing:
tensor([0., 0., 0.], device='cuda:0', requires_grad=True)
loss training: 0.025430
accuracy train: 1.000000 test: 0.700000

Parameter containing:
tensor([0., 0., 0.], device='cuda:0', requires_grad=True)
loss training: 0.027474
accuracy train: 1.000000 test: 0.700000

Parameter containing:
tensor([0., 0., 0.], device='cuda:0', requires_grad=True)
loss training: 0.024330
accuracy train: 1.000000 test: 0.700000

Parameter containing:
tensor([0., 0., 0.], device='cuda:0', requires_grad=True)
loss training: 0.022699
accuracy train: 1.000000 test: 0.700000

Parameter containing:
tensor([0., 0., 0.], device='cuda:0', requires_grad=True)
loss training: 0.027558
accuracy train: 1.000000 test: 0.700000

Parameter containing:
tensor([0., 0., 0.], device='cuda:0', requires_grad=True)
loss training: 0.028171
accuracy train: 1.000000 test: 0.700000

Parameter containing:
tensor([0., 0., 0.], device='cuda:0', requires_grad=True)
loss training: 0.029043
accuracy train: 1.000000 test: 0.700000

Parameter containing:
tensor([0., 0., 0.], device='cuda:0', requires_grad=True)
loss training: 0.024369
accuracy train: 1.000000 test: 0.700000

Parameter containing:
tensor([0., 0., 0.], device='cuda:0', requires_grad=True)
loss training: 0.027375
accuracy train: 1.000000 test: 0.700000

Parameter containing:
tensor([0., 0., 0.], device='cuda:0', requires_grad=True)
loss training: 0.029734
accuracy train: 1.000000 test: 0.700000

Parameter containing:
tensor([0., 0., 0.], device='cuda:0', requires_grad=True)
loss training: 0.026652
accuracy train: 1.000000 test: 0.700000

Parameter containing:
tensor([0., 0., 0.], device='cuda:0', requires_grad=True)
loss training: 0.029059
accuracy train: 1.000000 test: 0.700000

Parameter containing:
tensor([0., 0., 0.], device='cuda:0', requires_grad=True)
loss training: 0.027830
accuracy train: 1.000000 test: 0.700000

Parameter containing:
tensor([0., 0., 0.], device='cuda:0', requires_grad=True)
loss training: 0.025326
accuracy train: 1.000000 test: 0.700000

Parameter containing:
tensor([0., 0., 0.], device='cuda:0', requires_grad=True)
loss training: 0.025528
accuracy train: 1.000000 test: 0.700000

Parameter containing:
tensor([0., 0., 0.], device='cuda:0', requires_grad=True)
loss training: 0.027265
accuracy train: 1.000000 test: 0.700000

Parameter containing:
tensor([0., 0., 0.], device='cuda:0', requires_grad=True)
loss training: 0.027867
accuracy train: 1.000000 test: 0.700000

Parameter containing:
tensor([0., 0., 0.], device='cuda:0', requires_grad=True)
loss training: 0.024310
accuracy train: 1.000000 test: 0.700000

Parameter containing:
tensor([0., 0., 0.], device='cuda:0', requires_grad=True)
loss training: 0.027935
accuracy train: 1.000000 test: 0.700000

Parameter containing:
tensor([0., 0., 0.], device='cuda:0', requires_grad=True)
loss training: 0.030086
accuracy train: 1.000000 test: 0.700000

Parameter containing:
tensor([0., 0., 0.], device='cuda:0', requires_grad=True)
loss training: 0.029825
accuracy train: 1.000000 test: 0.700000

Parameter containing:
tensor([0., 0., 0.], device='cuda:0', requires_grad=True)
loss training: 0.024992
accuracy train: 1.000000 test: 0.700000

Parameter containing:
tensor([0., 0., 0.], device='cuda:0', requires_grad=True)
loss training: 0.025033
accuracy train: 1.000000 test: 0.700000

Parameter containing:
tensor([0., 0., 0.], device='cuda:0', requires_grad=True)
loss training: 0.024850
accuracy train: 1.000000 test: 0.700000

Parameter containing:
tensor([0., 0., 0.], device='cuda:0', requires_grad=True)
loss training: 0.026977
accuracy train: 1.000000 test: 0.700000

Parameter containing:
tensor([0., 0., 0.], device='cuda:0', requires_grad=True)
loss training: 0.026011
accuracy train: 1.000000 test: 0.700000

Parameter containing:
tensor([0., 0., 0.], device='cuda:0', requires_grad=True)
loss training: 0.025342
accuracy train: 1.000000 test: 0.700000

Parameter containing:
tensor([0., 0., 0.], device='cuda:0', requires_grad=True)
loss training: 0.024253
accuracy train: 1.000000 test: 0.700000

Parameter containing:
tensor([0., 0., 0.], device='cuda:0', requires_grad=True)
loss training: 0.026539
accuracy train: 1.000000 test: 0.700000

Parameter containing:
tensor([0., 0., 0.], device='cuda:0', requires_grad=True)
loss training: 0.023935
accuracy train: 1.000000 test: 0.700000

Parameter containing:
tensor([0., 0., 0.], device='cuda:0', requires_grad=True)
loss training: 0.025386
accuracy train: 1.000000 test: 0.700000

Parameter containing:
tensor([0., 0., 0.], device='cuda:0', requires_grad=True)
loss training: 0.030710
accuracy train: 1.000000 test: 0.700000

Parameter containing:
tensor([0., 0., 0.], device='cuda:0', requires_grad=True)
loss training: 0.027810
accuracy train: 1.000000 test: 0.700000

Parameter containing:
tensor([0., 0., 0.], device='cuda:0', requires_grad=True)
loss training: 0.026202
accuracy train: 1.000000 test: 0.700000

Parameter containing:
tensor([0., 0., 0.], device='cuda:0', requires_grad=True)
loss training: 0.027891
accuracy train: 1.000000 test: 0.700000

Parameter containing:
tensor([0., 0., 0.], device='cuda:0', requires_grad=True)
loss training: 0.025801
accuracy train: 1.000000 test: 0.700000

Parameter containing:
tensor([0., 0., 0.], device='cuda:0', requires_grad=True)
loss training: 0.026157
accuracy train: 1.000000 test: 0.700000

Parameter containing:
tensor([0., 0., 0.], device='cuda:0', requires_grad=True)
loss training: 0.029052
accuracy train: 1.000000 test: 0.700000

Parameter containing:
tensor([0., 0., 0.], device='cuda:0', requires_grad=True)
loss training: 0.026527
accuracy train: 1.000000 test: 0.700000

Parameter containing:
tensor([0., 0., 0.], device='cuda:0', requires_grad=True)
loss training: 0.027834
accuracy train: 1.000000 test: 0.700000

Parameter containing:
tensor([0., 0., 0.], device='cuda:0', requires_grad=True)
loss training: 0.026323
accuracy train: 1.000000 test: 0.700000

Parameter containing:
tensor([0., 0., 0.], device='cuda:0', requires_grad=True)
loss training: 0.025980
accuracy train: 1.000000 test: 0.700000

Parameter containing:
tensor([0., 0., 0.], device='cuda:0', requires_grad=True)
loss training: 0.030226
accuracy train: 1.000000 test: 0.700000

Parameter containing:
tensor([0., 0., 0.], device='cuda:0', requires_grad=True)
loss training: 0.022959
accuracy train: 1.000000 test: 0.700000

Parameter containing:
tensor([0., 0., 0.], device='cuda:0', requires_grad=True)
loss training: 0.023403
accuracy train: 1.000000 test: 0.700000

Parameter containing:
tensor([0., 0., 0.], device='cuda:0', requires_grad=True)
loss training: 0.026394
accuracy train: 1.000000 test: 0.700000

Parameter containing:
tensor([0., 0., 0.], device='cuda:0', requires_grad=True)
loss training: 0.024743
accuracy train: 1.000000 test: 0.700000

Parameter containing:
tensor([0., 0., 0.], device='cuda:0', requires_grad=True)
loss training: 0.026999
accuracy train: 1.000000 test: 0.700000

Parameter containing:
tensor([0., 0., 0.], device='cuda:0', requires_grad=True)
loss training: 0.026871
accuracy train: 1.000000 test: 0.700000

Parameter containing:
tensor([0., 0., 0.], device='cuda:0', requires_grad=True)
loss training: 0.031097
accuracy train: 1.000000 test: 0.700000

Parameter containing:
tensor([0., 0., 0.], device='cuda:0', requires_grad=True)
loss training: 0.024449
accuracy train: 1.000000 test: 0.700000

Parameter containing:
tensor([0., 0., 0.], device='cuda:0', requires_grad=True)
loss training: 0.032544
accuracy train: 1.000000 test: 0.700000

Parameter containing:
tensor([0., 0., 0.], device='cuda:0', requires_grad=True)
loss training: 0.029372
accuracy train: 1.000000 test: 0.700000

Parameter containing:
tensor([0., 0., 0.], device='cuda:0', requires_grad=True)
loss training: 0.025658
accuracy train: 1.000000 test: 0.700000

Parameter containing:
tensor([0., 0., 0.], device='cuda:0', requires_grad=True)
loss training: 0.030217
accuracy train: 1.000000 test: 0.700000

Parameter containing:
tensor([0., 0., 0.], device='cuda:0', requires_grad=True)
loss training: 0.026173
accuracy train: 1.000000 test: 0.700000

Parameter containing:
tensor([0., 0., 0.], device='cuda:0', requires_grad=True)
loss training: 0.025632
accuracy train: 1.000000 test: 0.700000

Parameter containing:
tensor([0., 0., 0.], device='cuda:0', requires_grad=True)
loss training: 0.026587
accuracy train: 1.000000 test: 0.700000

Parameter containing:
tensor([0., 0., 0.], device='cuda:0', requires_grad=True)
loss training: 0.025860
accuracy train: 1.000000 test: 0.700000

Parameter containing:
tensor([0., 0., 0.], device='cuda:0', requires_grad=True)
loss training: 0.029197
accuracy train: 1.000000 test: 0.700000

Parameter containing:
tensor([0., 0., 0.], device='cuda:0', requires_grad=True)
loss training: 0.030052
accuracy train: 1.000000 test: 0.700000

Parameter containing:
tensor([0., 0., 0.], device='cuda:0', requires_grad=True)
loss training: 0.026540
accuracy train: 1.000000 test: 0.700000

Parameter containing:
tensor([0., 0., 0.], device='cuda:0', requires_grad=True)
loss training: 0.026459
accuracy train: 1.000000 test: 0.700000

Parameter containing:
tensor([0., 0., 0.], device='cuda:0', requires_grad=True)
loss training: 0.026703
accuracy train: 1.000000 test: 0.700000

Parameter containing:
tensor([0., 0., 0.], device='cuda:0', requires_grad=True)
loss training: 0.025135
accuracy train: 1.000000 test: 0.700000

Parameter containing:
tensor([0., 0., 0.], device='cuda:0', requires_grad=True)
loss training: 0.025696
accuracy train: 1.000000 test: 0.700000

Parameter containing:
tensor([0., 0., 0.], device='cuda:0', requires_grad=True)
loss training: 0.027569
accuracy train: 1.000000 test: 0.700000

Parameter containing:
tensor([0., 0., 0.], device='cuda:0', requires_grad=True)
loss training: 0.027188
accuracy train: 1.000000 test: 0.700000

Parameter containing:
tensor([0., 0., 0.], device='cuda:0', requires_grad=True)
loss training: 0.028597
accuracy train: 1.000000 test: 0.700000

Parameter containing:
tensor([0., 0., 0.], device='cuda:0', requires_grad=True)
loss training: 0.024767
accuracy train: 1.000000 test: 0.700000

Parameter containing:
tensor([0., 0., 0.], device='cuda:0', requires_grad=True)
loss training: 0.026669
accuracy train: 1.000000 test: 0.700000

Parameter containing:
tensor([0., 0., 0.], device='cuda:0', requires_grad=True)
loss training: 0.024446
accuracy train: 1.000000 test: 0.700000

Parameter containing:
tensor([0., 0., 0.], device='cuda:0', requires_grad=True)
loss training: 0.030075
accuracy train: 1.000000 test: 0.700000

Parameter containing:
tensor([0., 0., 0.], device='cuda:0', requires_grad=True)
loss training: 0.028293
accuracy train: 1.000000 test: 0.700000

Parameter containing:
tensor([0., 0., 0.], device='cuda:0', requires_grad=True)
loss training: 0.026315
accuracy train: 1.000000 test: 0.700000

Parameter containing:
tensor([0., 0., 0.], device='cuda:0', requires_grad=True)
loss training: 0.029299
accuracy train: 1.000000 test: 0.700000

Parameter containing:
tensor([0., 0., 0.], device='cuda:0', requires_grad=True)
loss training: 0.026147
accuracy train: 1.000000 test: 0.700000

Parameter containing:
tensor([0., 0., 0.], device='cuda:0', requires_grad=True)
loss training: 0.025793
accuracy train: 1.000000 test: 0.700000

Parameter containing:
tensor([0., 0., 0.], device='cuda:0', requires_grad=True)
loss training: 0.027140
accuracy train: 1.000000 test: 0.700000

Parameter containing:
tensor([0., 0., 0.], device='cuda:0', requires_grad=True)
loss training: 0.026944
accuracy train: 1.000000 test: 0.700000

Parameter containing:
tensor([0., 0., 0.], device='cuda:0', requires_grad=True)
loss training: 0.023657
accuracy train: 1.000000 test: 0.700000

Parameter containing:
tensor([0., 0., 0.], device='cuda:0', requires_grad=True)
loss training: 0.028756
accuracy train: 1.000000 test: 0.700000

Parameter containing:
tensor([0., 0., 0.], device='cuda:0', requires_grad=True)
loss training: 0.025383
accuracy train: 1.000000 test: 0.700000

Parameter containing:
tensor([0., 0., 0.], device='cuda:0', requires_grad=True)
loss training: 0.029089
accuracy train: 1.000000 test: 0.700000

Parameter containing:
tensor([0., 0., 0.], device='cuda:0', requires_grad=True)
loss training: 0.028302
accuracy train: 1.000000 test: 0.700000

Parameter containing:
tensor([0., 0., 0.], device='cuda:0', requires_grad=True)
loss training: 0.025600
accuracy train: 1.000000 test: 0.700000

Parameter containing:
tensor([0., 0., 0.], device='cuda:0', requires_grad=True)
loss training: 0.025087
accuracy train: 1.000000 test: 0.700000

Parameter containing:
tensor([0., 0., 0.], device='cuda:0', requires_grad=True)
loss training: 0.025425
accuracy train: 1.000000 test: 0.700000

Parameter containing:
tensor([0., 0., 0.], device='cuda:0', requires_grad=True)
loss training: 0.027994
accuracy train: 1.000000 test: 0.700000

Parameter containing:
tensor([0., 0., 0.], device='cuda:0', requires_grad=True)
