loading data
# classes: 2
# maximum node tag: 7
# data: 188
loss training: 0.669788
accuracy train: 0.922619 test: 0.700000

Parameter containing:
tensor([0., 0., 0., 0.], device='cuda:0', requires_grad=True)
loss training: 0.167059
accuracy train: 0.946429 test: 0.750000

Parameter containing:
tensor([0., 0., 0., 0.], device='cuda:0', requires_grad=True)
loss training: 0.105170
accuracy train: 0.964286 test: 0.700000

Parameter containing:
tensor([0., 0., 0., 0.], device='cuda:0', requires_grad=True)
loss training: 0.108428
accuracy train: 0.970238 test: 0.650000

Parameter containing:
tensor([0., 0., 0., 0.], device='cuda:0', requires_grad=True)
loss training: 0.082043
accuracy train: 0.988095 test: 0.800000

Parameter containing:
tensor([0., 0., 0., 0.], device='cuda:0', requires_grad=True)
loss training: 0.104323
accuracy train: 0.928571 test: 0.750000

Parameter containing:
tensor([0., 0., 0., 0.], device='cuda:0', requires_grad=True)
loss training: 0.050154
accuracy train: 0.988095 test: 0.650000

Parameter containing:
tensor([0., 0., 0., 0.], device='cuda:0', requires_grad=True)
loss training: 0.048311
accuracy train: 0.964286 test: 0.750000

Parameter containing:
tensor([0., 0., 0., 0.], device='cuda:0', requires_grad=True)
loss training: 0.065542
accuracy train: 0.815476 test: 0.700000

Parameter containing:
tensor([0., 0., 0., 0.], device='cuda:0', requires_grad=True)
loss training: 0.059872
accuracy train: 0.982143 test: 0.800000

Parameter containing:
tensor([0., 0., 0., 0.], device='cuda:0', requires_grad=True)
loss training: 0.032123
accuracy train: 1.000000 test: 0.750000

Parameter containing:
tensor([0., 0., 0., 0.], device='cuda:0', requires_grad=True)
loss training: 0.021149
accuracy train: 1.000000 test: 0.750000

Parameter containing:
tensor([0., 0., 0., 0.], device='cuda:0', requires_grad=True)
loss training: 0.018603
accuracy train: 1.000000 test: 0.750000

Parameter containing:
tensor([0., 0., 0., 0.], device='cuda:0', requires_grad=True)
loss training: 0.027478
accuracy train: 1.000000 test: 0.750000

Parameter containing:
tensor([0., 0., 0., 0.], device='cuda:0', requires_grad=True)
loss training: 0.029524
accuracy train: 0.982143 test: 0.700000

Parameter containing:
tensor([0., 0., 0., 0.], device='cuda:0', requires_grad=True)
loss training: 0.045155
accuracy train: 0.755952 test: 0.550000

Parameter containing:
tensor([0., 0., 0., 0.], device='cuda:0', requires_grad=True)
loss training: 0.040749
accuracy train: 0.964286 test: 0.800000

Parameter containing:
tensor([0., 0., 0., 0.], device='cuda:0', requires_grad=True)
loss training: 0.054809
accuracy train: 0.988095 test: 0.750000

Parameter containing:
tensor([0., 0., 0., 0.], device='cuda:0', requires_grad=True)
loss training: 0.020163
accuracy train: 1.000000 test: 0.750000

Parameter containing:
tensor([0., 0., 0., 0.], device='cuda:0', requires_grad=True)
loss training: 0.018078
accuracy train: 1.000000 test: 0.750000

Parameter containing:
tensor([0., 0., 0., 0.], device='cuda:0', requires_grad=True)
loss training: 0.017568
accuracy train: 1.000000 test: 0.750000

Parameter containing:
tensor([0., 0., 0., 0.], device='cuda:0', requires_grad=True)
loss training: 0.021090
accuracy train: 1.000000 test: 0.750000

Parameter containing:
tensor([0., 0., 0., 0.], device='cuda:0', requires_grad=True)
loss training: 0.011011
accuracy train: 1.000000 test: 0.750000

Parameter containing:
tensor([0., 0., 0., 0.], device='cuda:0', requires_grad=True)
loss training: 0.017409
accuracy train: 1.000000 test: 0.750000

Parameter containing:
tensor([0., 0., 0., 0.], device='cuda:0', requires_grad=True)
loss training: 0.027221
accuracy train: 1.000000 test: 0.800000

Parameter containing:
tensor([0., 0., 0., 0.], device='cuda:0', requires_grad=True)
loss training: 0.058703
accuracy train: 0.988095 test: 0.800000

Parameter containing:
tensor([0., 0., 0., 0.], device='cuda:0', requires_grad=True)
loss training: 0.126600
accuracy train: 0.827381 test: 0.800000

Parameter containing:
tensor([0., 0., 0., 0.], device='cuda:0', requires_grad=True)
loss training: 0.042117
accuracy train: 1.000000 test: 0.700000

Parameter containing:
tensor([0., 0., 0., 0.], device='cuda:0', requires_grad=True)
loss training: 0.018909
accuracy train: 1.000000 test: 0.700000

Parameter containing:
tensor([0., 0., 0., 0.], device='cuda:0', requires_grad=True)
loss training: 0.016865
accuracy train: 1.000000 test: 0.750000

Parameter containing:
tensor([0., 0., 0., 0.], device='cuda:0', requires_grad=True)
loss training: 0.012698
accuracy train: 1.000000 test: 0.750000

Parameter containing:
tensor([0., 0., 0., 0.], device='cuda:0', requires_grad=True)
loss training: 0.016285
accuracy train: 1.000000 test: 0.750000

Parameter containing:
tensor([0., 0., 0., 0.], device='cuda:0', requires_grad=True)
loss training: 0.016476
accuracy train: 0.982143 test: 0.750000

Parameter containing:
tensor([0., 0., 0., 0.], device='cuda:0', requires_grad=True)
loss training: 0.053583
accuracy train: 0.940476 test: 0.750000

Parameter containing:
tensor([0., 0., 0., 0.], device='cuda:0', requires_grad=True)
loss training: 0.027462
accuracy train: 1.000000 test: 0.700000

Parameter containing:
tensor([0., 0., 0., 0.], device='cuda:0', requires_grad=True)
loss training: 0.016984
accuracy train: 1.000000 test: 0.700000

Parameter containing:
tensor([0., 0., 0., 0.], device='cuda:0', requires_grad=True)
loss training: 0.015368
accuracy train: 1.000000 test: 0.700000

Parameter containing:
tensor([0., 0., 0., 0.], device='cuda:0', requires_grad=True)
loss training: 0.012457
accuracy train: 1.000000 test: 0.700000

Parameter containing:
tensor([0., 0., 0., 0.], device='cuda:0', requires_grad=True)
loss training: 0.015060
accuracy train: 1.000000 test: 0.700000

Parameter containing:
tensor([0., 0., 0., 0.], device='cuda:0', requires_grad=True)
loss training: 0.015715
accuracy train: 1.000000 test: 0.750000

Parameter containing:
tensor([0., 0., 0., 0.], device='cuda:0', requires_grad=True)
loss training: 0.013015
accuracy train: 1.000000 test: 0.700000

Parameter containing:
tensor([0., 0., 0., 0.], device='cuda:0', requires_grad=True)
loss training: 0.012513
accuracy train: 1.000000 test: 0.700000

Parameter containing:
tensor([0., 0., 0., 0.], device='cuda:0', requires_grad=True)
loss training: 0.013237
accuracy train: 1.000000 test: 0.700000

Parameter containing:
tensor([0., 0., 0., 0.], device='cuda:0', requires_grad=True)
loss training: 0.015605
accuracy train: 1.000000 test: 0.750000

Parameter containing:
tensor([0., 0., 0., 0.], device='cuda:0', requires_grad=True)
loss training: 0.032857
accuracy train: 0.994048 test: 0.700000

Parameter containing:
tensor([0., 0., 0., 0.], device='cuda:0', requires_grad=True)
loss training: 0.091340
accuracy train: 1.000000 test: 0.750000

Parameter containing:
tensor([0., 0., 0., 0.], device='cuda:0', requires_grad=True)
loss training: 0.056584
accuracy train: 1.000000 test: 0.650000

Parameter containing:
tensor([0., 0., 0., 0.], device='cuda:0', requires_grad=True)
loss training: 0.016969
accuracy train: 1.000000 test: 0.800000

Parameter containing:
tensor([0., 0., 0., 0.], device='cuda:0', requires_grad=True)
loss training: 0.015381
accuracy train: 1.000000 test: 0.750000

Parameter containing:
tensor([0., 0., 0., 0.], device='cuda:0', requires_grad=True)
loss training: 0.015550
accuracy train: 1.000000 test: 0.700000

Parameter containing:
tensor([0., 0., 0., 0.], device='cuda:0', requires_grad=True)
loss training: 0.017031
accuracy train: 1.000000 test: 0.700000

Parameter containing:
tensor([0., 0., 0., 0.], device='cuda:0', requires_grad=True)
loss training: 0.010654
accuracy train: 1.000000 test: 0.700000

Parameter containing:
tensor([0., 0., 0., 0.], device='cuda:0', requires_grad=True)
loss training: 0.012227
accuracy train: 1.000000 test: 0.700000

Parameter containing:
tensor([0., 0., 0., 0.], device='cuda:0', requires_grad=True)
loss training: 0.011454
accuracy train: 1.000000 test: 0.700000

Parameter containing:
tensor([0., 0., 0., 0.], device='cuda:0', requires_grad=True)
loss training: 0.009724
accuracy train: 1.000000 test: 0.700000

Parameter containing:
tensor([0., 0., 0., 0.], device='cuda:0', requires_grad=True)
loss training: 0.010014
accuracy train: 1.000000 test: 0.700000

Parameter containing:
tensor([0., 0., 0., 0.], device='cuda:0', requires_grad=True)
loss training: 0.011633
accuracy train: 1.000000 test: 0.700000

Parameter containing:
tensor([0., 0., 0., 0.], device='cuda:0', requires_grad=True)
loss training: 0.013669
accuracy train: 1.000000 test: 0.700000

Parameter containing:
tensor([0., 0., 0., 0.], device='cuda:0', requires_grad=True)
loss training: 0.010764
accuracy train: 1.000000 test: 0.700000

Parameter containing:
tensor([0., 0., 0., 0.], device='cuda:0', requires_grad=True)
loss training: 0.014547
accuracy train: 1.000000 test: 0.700000

Parameter containing:
tensor([0., 0., 0., 0.], device='cuda:0', requires_grad=True)
loss training: 0.012721
accuracy train: 1.000000 test: 0.750000

Parameter containing:
tensor([0., 0., 0., 0.], device='cuda:0', requires_grad=True)
loss training: 0.013036
accuracy train: 1.000000 test: 0.750000

Parameter containing:
tensor([0., 0., 0., 0.], device='cuda:0', requires_grad=True)
loss training: 0.010870
accuracy train: 1.000000 test: 0.750000

Parameter containing:
tensor([0., 0., 0., 0.], device='cuda:0', requires_grad=True)
loss training: 0.010647
accuracy train: 1.000000 test: 0.750000

Parameter containing:
tensor([0., 0., 0., 0.], device='cuda:0', requires_grad=True)
loss training: 0.008763
accuracy train: 1.000000 test: 0.750000

Parameter containing:
tensor([0., 0., 0., 0.], device='cuda:0', requires_grad=True)
loss training: 0.013330
accuracy train: 1.000000 test: 0.750000

Parameter containing:
tensor([0., 0., 0., 0.], device='cuda:0', requires_grad=True)
loss training: 0.011414
accuracy train: 1.000000 test: 0.750000

Parameter containing:
tensor([0., 0., 0., 0.], device='cuda:0', requires_grad=True)
loss training: 0.009895
accuracy train: 1.000000 test: 0.750000

Parameter containing:
tensor([0., 0., 0., 0.], device='cuda:0', requires_grad=True)
loss training: 0.010922
accuracy train: 1.000000 test: 0.750000

Parameter containing:
tensor([0., 0., 0., 0.], device='cuda:0', requires_grad=True)
loss training: 0.012685
accuracy train: 1.000000 test: 0.700000

Parameter containing:
tensor([0., 0., 0., 0.], device='cuda:0', requires_grad=True)
loss training: 0.009688
accuracy train: 1.000000 test: 0.700000

Parameter containing:
tensor([0., 0., 0., 0.], device='cuda:0', requires_grad=True)
loss training: 0.011582
accuracy train: 1.000000 test: 0.750000

Parameter containing:
tensor([0., 0., 0., 0.], device='cuda:0', requires_grad=True)
loss training: 0.013401
accuracy train: 1.000000 test: 0.750000

Parameter containing:
tensor([0., 0., 0., 0.], device='cuda:0', requires_grad=True)
loss training: 0.010593
accuracy train: 1.000000 test: 0.750000

Parameter containing:
tensor([0., 0., 0., 0.], device='cuda:0', requires_grad=True)
loss training: 0.012226
accuracy train: 1.000000 test: 0.750000

Parameter containing:
tensor([0., 0., 0., 0.], device='cuda:0', requires_grad=True)
loss training: 0.012229
accuracy train: 1.000000 test: 0.750000

Parameter containing:
tensor([0., 0., 0., 0.], device='cuda:0', requires_grad=True)
loss training: 0.012220
accuracy train: 1.000000 test: 0.750000

Parameter containing:
tensor([0., 0., 0., 0.], device='cuda:0', requires_grad=True)
loss training: 0.012105
accuracy train: 1.000000 test: 0.750000

Parameter containing:
tensor([0., 0., 0., 0.], device='cuda:0', requires_grad=True)
loss training: 0.010671
accuracy train: 1.000000 test: 0.750000

Parameter containing:
tensor([0., 0., 0., 0.], device='cuda:0', requires_grad=True)
loss training: 0.015197
accuracy train: 1.000000 test: 0.750000

Parameter containing:
tensor([0., 0., 0., 0.], device='cuda:0', requires_grad=True)
loss training: 0.012317
accuracy train: 1.000000 test: 0.750000

Parameter containing:
tensor([0., 0., 0., 0.], device='cuda:0', requires_grad=True)
loss training: 0.011402
accuracy train: 1.000000 test: 0.750000

Parameter containing:
tensor([0., 0., 0., 0.], device='cuda:0', requires_grad=True)
loss training: 0.010287
accuracy train: 1.000000 test: 0.750000

Parameter containing:
tensor([0., 0., 0., 0.], device='cuda:0', requires_grad=True)
loss training: 0.012772
accuracy train: 1.000000 test: 0.750000

Parameter containing:
tensor([0., 0., 0., 0.], device='cuda:0', requires_grad=True)
loss training: 0.010749
accuracy train: 1.000000 test: 0.750000

Parameter containing:
tensor([0., 0., 0., 0.], device='cuda:0', requires_grad=True)
loss training: 0.012173
accuracy train: 1.000000 test: 0.750000

Parameter containing:
tensor([0., 0., 0., 0.], device='cuda:0', requires_grad=True)
loss training: 0.012089
accuracy train: 1.000000 test: 0.750000

Parameter containing:
tensor([0., 0., 0., 0.], device='cuda:0', requires_grad=True)
loss training: 0.011988
accuracy train: 1.000000 test: 0.750000

Parameter containing:
tensor([0., 0., 0., 0.], device='cuda:0', requires_grad=True)
loss training: 0.011765
accuracy train: 1.000000 test: 0.750000

Parameter containing:
tensor([0., 0., 0., 0.], device='cuda:0', requires_grad=True)
loss training: 0.017922
accuracy train: 1.000000 test: 0.750000

Parameter containing:
tensor([0., 0., 0., 0.], device='cuda:0', requires_grad=True)
loss training: 0.078573
accuracy train: 0.940476 test: 0.900000 -- # Custom note: Best 91th epoch.

Parameter containing:
tensor([0., 0., 0., 0.], device='cuda:0', requires_grad=True)
loss training: 0.035798
accuracy train: 0.994048 test: 0.800000

Parameter containing:
tensor([0., 0., 0., 0.], device='cuda:0', requires_grad=True)
loss training: 0.022324
accuracy train: 1.000000 test: 0.750000

Parameter containing:
tensor([0., 0., 0., 0.], device='cuda:0', requires_grad=True)
loss training: 0.013833
accuracy train: 1.000000 test: 0.750000

Parameter containing:
tensor([0., 0., 0., 0.], device='cuda:0', requires_grad=True)
loss training: 0.012501
accuracy train: 1.000000 test: 0.750000

Parameter containing:
tensor([0., 0., 0., 0.], device='cuda:0', requires_grad=True)
loss training: 0.012083
accuracy train: 1.000000 test: 0.750000

Parameter containing:
tensor([0., 0., 0., 0.], device='cuda:0', requires_grad=True)
loss training: 0.012717
accuracy train: 1.000000 test: 0.750000

Parameter containing:
tensor([0., 0., 0., 0.], device='cuda:0', requires_grad=True)
loss training: 0.011014
accuracy train: 1.000000 test: 0.750000

Parameter containing:
tensor([0., 0., 0., 0.], device='cuda:0', requires_grad=True)
loss training: 0.019437
accuracy train: 0.994048 test: 0.750000

Parameter containing:
tensor([0., 0., 0., 0.], device='cuda:0', requires_grad=True)
loss training: 0.022401
accuracy train: 1.000000 test: 0.700000

Parameter containing:
tensor([0., 0., 0., 0.], device='cuda:0', requires_grad=True)
loss training: 0.013085
accuracy train: 1.000000 test: 0.700000

Parameter containing:
tensor([0., 0., 0., 0.], device='cuda:0', requires_grad=True)
loss training: 0.011236
accuracy train: 1.000000 test: 0.700000

Parameter containing:
tensor([0., 0., 0., 0.], device='cuda:0', requires_grad=True)
loss training: 0.011582
accuracy train: 1.000000 test: 0.750000

Parameter containing:
tensor([0., 0., 0., 0.], device='cuda:0', requires_grad=True)
loss training: 0.010498
accuracy train: 1.000000 test: 0.750000

Parameter containing:
tensor([0., 0., 0., 0.], device='cuda:0', requires_grad=True)
loss training: 0.009760
accuracy train: 1.000000 test: 0.750000

Parameter containing:
tensor([0., 0., 0., 0.], device='cuda:0', requires_grad=True)
loss training: 0.009776
accuracy train: 1.000000 test: 0.750000

Parameter containing:
tensor([0., 0., 0., 0.], device='cuda:0', requires_grad=True)
loss training: 0.011498
accuracy train: 1.000000 test: 0.700000

Parameter containing:
tensor([0., 0., 0., 0.], device='cuda:0', requires_grad=True)
loss training: 0.009396
accuracy train: 1.000000 test: 0.700000

Parameter containing:
tensor([0., 0., 0., 0.], device='cuda:0', requires_grad=True)
loss training: 0.008657
accuracy train: 1.000000 test: 0.700000

Parameter containing:
tensor([0., 0., 0., 0.], device='cuda:0', requires_grad=True)
loss training: 0.008975
accuracy train: 1.000000 test: 0.700000

Parameter containing:
tensor([0., 0., 0., 0.], device='cuda:0', requires_grad=True)
loss training: 0.011432
accuracy train: 1.000000 test: 0.700000

Parameter containing:
tensor([0., 0., 0., 0.], device='cuda:0', requires_grad=True)
loss training: 0.010624
accuracy train: 1.000000 test: 0.700000

Parameter containing:
tensor([0., 0., 0., 0.], device='cuda:0', requires_grad=True)
loss training: 0.010397
accuracy train: 1.000000 test: 0.700000

Parameter containing:
tensor([0., 0., 0., 0.], device='cuda:0', requires_grad=True)
loss training: 0.009374
accuracy train: 1.000000 test: 0.700000

Parameter containing:
tensor([0., 0., 0., 0.], device='cuda:0', requires_grad=True)
loss training: 0.008799
accuracy train: 1.000000 test: 0.700000

Parameter containing:
tensor([0., 0., 0., 0.], device='cuda:0', requires_grad=True)
loss training: 0.009305
accuracy train: 1.000000 test: 0.750000

Parameter containing:
tensor([0., 0., 0., 0.], device='cuda:0', requires_grad=True)
loss training: 0.013120
accuracy train: 1.000000 test: 0.750000

Parameter containing:
tensor([0., 0., 0., 0.], device='cuda:0', requires_grad=True)
loss training: 0.009502
accuracy train: 1.000000 test: 0.700000

Parameter containing:
tensor([0., 0., 0., 0.], device='cuda:0', requires_grad=True)
loss training: 0.007643
accuracy train: 1.000000 test: 0.700000

Parameter containing:
tensor([0., 0., 0., 0.], device='cuda:0', requires_grad=True)
loss training: 0.010122
accuracy train: 1.000000 test: 0.700000

Parameter containing:
tensor([0., 0., 0., 0.], device='cuda:0', requires_grad=True)
loss training: 0.009739
accuracy train: 1.000000 test: 0.750000

Parameter containing:
tensor([0., 0., 0., 0.], device='cuda:0', requires_grad=True)
loss training: 0.010336
accuracy train: 1.000000 test: 0.750000

Parameter containing:
tensor([0., 0., 0., 0.], device='cuda:0', requires_grad=True)
loss training: 0.010284
accuracy train: 1.000000 test: 0.750000

Parameter containing:
tensor([0., 0., 0., 0.], device='cuda:0', requires_grad=True)
loss training: 0.010978
accuracy train: 1.000000 test: 0.750000

Parameter containing:
tensor([0., 0., 0., 0.], device='cuda:0', requires_grad=True)
loss training: 0.008638
accuracy train: 1.000000 test: 0.700000

Parameter containing:
tensor([0., 0., 0., 0.], device='cuda:0', requires_grad=True)
loss training: 0.011708
accuracy train: 1.000000 test: 0.700000

Parameter containing:
tensor([0., 0., 0., 0.], device='cuda:0', requires_grad=True)
loss training: 0.009816
accuracy train: 1.000000 test: 0.750000

Parameter containing:
tensor([0., 0., 0., 0.], device='cuda:0', requires_grad=True)
loss training: 0.009418
accuracy train: 1.000000 test: 0.750000

Parameter containing:
tensor([0., 0., 0., 0.], device='cuda:0', requires_grad=True)
loss training: 0.010783
accuracy train: 1.000000 test: 0.700000

Parameter containing:
tensor([0., 0., 0., 0.], device='cuda:0', requires_grad=True)
loss training: 0.010163
accuracy train: 1.000000 test: 0.700000

Parameter containing:
tensor([0., 0., 0., 0.], device='cuda:0', requires_grad=True)
loss training: 0.011114
accuracy train: 1.000000 test: 0.750000

Parameter containing:
tensor([0., 0., 0., 0.], device='cuda:0', requires_grad=True)
loss training: 0.008593
accuracy train: 1.000000 test: 0.750000

Parameter containing:
tensor([0., 0., 0., 0.], device='cuda:0', requires_grad=True)
loss training: 0.009239
accuracy train: 1.000000 test: 0.750000

Parameter containing:
tensor([0., 0., 0., 0.], device='cuda:0', requires_grad=True)
loss training: 0.012395
accuracy train: 1.000000 test: 0.750000

Parameter containing:
tensor([0., 0., 0., 0.], device='cuda:0', requires_grad=True)
loss training: 0.011548
accuracy train: 1.000000 test: 0.750000

Parameter containing:
tensor([0., 0., 0., 0.], device='cuda:0', requires_grad=True)
loss training: 0.007970
accuracy train: 1.000000 test: 0.750000

Parameter containing:
tensor([0., 0., 0., 0.], device='cuda:0', requires_grad=True)
loss training: 0.010030
accuracy train: 1.000000 test: 0.750000

Parameter containing:
tensor([0., 0., 0., 0.], device='cuda:0', requires_grad=True)
loss training: 0.010802
accuracy train: 1.000000 test: 0.750000

Parameter containing:
tensor([0., 0., 0., 0.], device='cuda:0', requires_grad=True)
loss training: 0.009262
accuracy train: 1.000000 test: 0.750000

Parameter containing:
tensor([0., 0., 0., 0.], device='cuda:0', requires_grad=True)
loss training: 0.011712
accuracy train: 1.000000 test: 0.750000

Parameter containing:
tensor([0., 0., 0., 0.], device='cuda:0', requires_grad=True)
loss training: 0.010236
accuracy train: 1.000000 test: 0.750000

Parameter containing:
tensor([0., 0., 0., 0.], device='cuda:0', requires_grad=True)
loss training: 0.011218
accuracy train: 1.000000 test: 0.750000

Parameter containing:
tensor([0., 0., 0., 0.], device='cuda:0', requires_grad=True)
loss training: 0.012899
accuracy train: 1.000000 test: 0.750000

Parameter containing:
tensor([0., 0., 0., 0.], device='cuda:0', requires_grad=True)
loss training: 0.010271
accuracy train: 1.000000 test: 0.750000

Parameter containing:
tensor([0., 0., 0., 0.], device='cuda:0', requires_grad=True)
loss training: 0.010855
accuracy train: 1.000000 test: 0.750000

Parameter containing:
tensor([0., 0., 0., 0.], device='cuda:0', requires_grad=True)
loss training: 0.008866
accuracy train: 1.000000 test: 0.750000

Parameter containing:
tensor([0., 0., 0., 0.], device='cuda:0', requires_grad=True)
loss training: 0.012733
accuracy train: 1.000000 test: 0.750000

Parameter containing:
tensor([0., 0., 0., 0.], device='cuda:0', requires_grad=True)
loss training: 0.010831
accuracy train: 1.000000 test: 0.750000

Parameter containing:
tensor([0., 0., 0., 0.], device='cuda:0', requires_grad=True)
loss training: 0.010034
accuracy train: 1.000000 test: 0.750000

Parameter containing:
tensor([0., 0., 0., 0.], device='cuda:0', requires_grad=True)
loss training: 0.009156
accuracy train: 1.000000 test: 0.750000

Parameter containing:
tensor([0., 0., 0., 0.], device='cuda:0', requires_grad=True)
loss training: 0.010870
accuracy train: 1.000000 test: 0.750000

Parameter containing:
tensor([0., 0., 0., 0.], device='cuda:0', requires_grad=True)
loss training: 0.009715
accuracy train: 1.000000 test: 0.750000

Parameter containing:
tensor([0., 0., 0., 0.], device='cuda:0', requires_grad=True)
loss training: 0.007708
accuracy train: 1.000000 test: 0.750000

Parameter containing:
tensor([0., 0., 0., 0.], device='cuda:0', requires_grad=True)
loss training: 0.007997
accuracy train: 1.000000 test: 0.750000

Parameter containing:
tensor([0., 0., 0., 0.], device='cuda:0', requires_grad=True)
loss training: 0.009214
accuracy train: 1.000000 test: 0.750000

Parameter containing:
tensor([0., 0., 0., 0.], device='cuda:0', requires_grad=True)
loss training: 0.008144
accuracy train: 1.000000 test: 0.750000

Parameter containing:
tensor([0., 0., 0., 0.], device='cuda:0', requires_grad=True)
loss training: 0.010732
accuracy train: 1.000000 test: 0.750000

Parameter containing:
tensor([0., 0., 0., 0.], device='cuda:0', requires_grad=True)
loss training: 0.012970
accuracy train: 1.000000 test: 0.750000

Parameter containing:
tensor([0., 0., 0., 0.], device='cuda:0', requires_grad=True)
loss training: 0.007297
accuracy train: 1.000000 test: 0.750000

Parameter containing:
tensor([0., 0., 0., 0.], device='cuda:0', requires_grad=True)
loss training: 0.011345
accuracy train: 1.000000 test: 0.750000

Parameter containing:
tensor([0., 0., 0., 0.], device='cuda:0', requires_grad=True)
loss training: 0.010243
accuracy train: 1.000000 test: 0.750000

Parameter containing:
tensor([0., 0., 0., 0.], device='cuda:0', requires_grad=True)
loss training: 0.007552
accuracy train: 1.000000 test: 0.750000

Parameter containing:
tensor([0., 0., 0., 0.], device='cuda:0', requires_grad=True)
loss training: 0.007451
accuracy train: 1.000000 test: 0.750000

Parameter containing:
tensor([0., 0., 0., 0.], device='cuda:0', requires_grad=True)
loss training: 0.007367
accuracy train: 1.000000 test: 0.750000

Parameter containing:
tensor([0., 0., 0., 0.], device='cuda:0', requires_grad=True)
loss training: 0.011123
accuracy train: 1.000000 test: 0.750000

Parameter containing:
tensor([0., 0., 0., 0.], device='cuda:0', requires_grad=True)
loss training: 0.008673
accuracy train: 1.000000 test: 0.750000

Parameter containing:
tensor([0., 0., 0., 0.], device='cuda:0', requires_grad=True)
loss training: 0.008387
accuracy train: 1.000000 test: 0.750000

Parameter containing:
tensor([0., 0., 0., 0.], device='cuda:0', requires_grad=True)
loss training: 0.009010
accuracy train: 1.000000 test: 0.750000

Parameter containing:
tensor([0., 0., 0., 0.], device='cuda:0', requires_grad=True)
loss training: 0.009858
accuracy train: 1.000000 test: 0.750000

Parameter containing:
tensor([0., 0., 0., 0.], device='cuda:0', requires_grad=True)
loss training: 0.009438
accuracy train: 1.000000 test: 0.750000

Parameter containing:
tensor([0., 0., 0., 0.], device='cuda:0', requires_grad=True)
loss training: 0.006889
accuracy train: 1.000000 test: 0.750000

Parameter containing:
tensor([0., 0., 0., 0.], device='cuda:0', requires_grad=True)
loss training: 0.009582
accuracy train: 1.000000 test: 0.750000

Parameter containing:
tensor([0., 0., 0., 0.], device='cuda:0', requires_grad=True)
loss training: 0.007159
accuracy train: 1.000000 test: 0.750000

Parameter containing:
tensor([0., 0., 0., 0.], device='cuda:0', requires_grad=True)
loss training: 0.009349
accuracy train: 1.000000 test: 0.750000

Parameter containing:
tensor([0., 0., 0., 0.], device='cuda:0', requires_grad=True)
loss training: 0.005578
accuracy train: 1.000000 test: 0.750000

Parameter containing:
tensor([0., 0., 0., 0.], device='cuda:0', requires_grad=True)
loss training: 0.010447
accuracy train: 1.000000 test: 0.750000

Parameter containing:
tensor([0., 0., 0., 0.], device='cuda:0', requires_grad=True)
loss training: 0.009301
accuracy train: 1.000000 test: 0.750000

Parameter containing:
tensor([0., 0., 0., 0.], device='cuda:0', requires_grad=True)
loss training: 0.007570
accuracy train: 1.000000 test: 0.750000

Parameter containing:
tensor([0., 0., 0., 0.], device='cuda:0', requires_grad=True)
loss training: 0.007948
accuracy train: 1.000000 test: 0.750000

Parameter containing:
tensor([0., 0., 0., 0.], device='cuda:0', requires_grad=True)
loss training: 0.011011
accuracy train: 1.000000 test: 0.750000

Parameter containing:
tensor([0., 0., 0., 0.], device='cuda:0', requires_grad=True)
loss training: 0.008600
accuracy train: 1.000000 test: 0.750000

Parameter containing:
tensor([0., 0., 0., 0.], device='cuda:0', requires_grad=True)
loss training: 0.012163
accuracy train: 1.000000 test: 0.750000

Parameter containing:
tensor([0., 0., 0., 0.], device='cuda:0', requires_grad=True)
loss training: 0.009048
accuracy train: 1.000000 test: 0.750000

Parameter containing:
tensor([0., 0., 0., 0.], device='cuda:0', requires_grad=True)
loss training: 0.010756
accuracy train: 1.000000 test: 0.750000

Parameter containing:
tensor([0., 0., 0., 0.], device='cuda:0', requires_grad=True)
loss training: 0.007220
accuracy train: 1.000000 test: 0.750000

Parameter containing:
tensor([0., 0., 0., 0.], device='cuda:0', requires_grad=True)
loss training: 0.009668
accuracy train: 1.000000 test: 0.750000

Parameter containing:
tensor([0., 0., 0., 0.], device='cuda:0', requires_grad=True)
loss training: 0.007200
accuracy train: 1.000000 test: 0.750000

Parameter containing:
tensor([0., 0., 0., 0.], device='cuda:0', requires_grad=True)
loss training: 0.007653
accuracy train: 1.000000 test: 0.750000

Parameter containing:
tensor([0., 0., 0., 0.], device='cuda:0', requires_grad=True)
loss training: 0.010691
accuracy train: 1.000000 test: 0.750000

Parameter containing:
tensor([0., 0., 0., 0.], device='cuda:0', requires_grad=True)
loss training: 0.007964
accuracy train: 1.000000 test: 0.750000

Parameter containing:
tensor([0., 0., 0., 0.], device='cuda:0', requires_grad=True)
loss training: 0.009552
accuracy train: 1.000000 test: 0.750000

Parameter containing:
tensor([0., 0., 0., 0.], device='cuda:0', requires_grad=True)
loss training: 0.007247
accuracy train: 1.000000 test: 0.750000

Parameter containing:
tensor([0., 0., 0., 0.], device='cuda:0', requires_grad=True)
loss training: 0.008982
accuracy train: 1.000000 test: 0.750000

Parameter containing:
tensor([0., 0., 0., 0.], device='cuda:0', requires_grad=True)
loss training: 0.008906
accuracy train: 1.000000 test: 0.750000

Parameter containing:
tensor([0., 0., 0., 0.], device='cuda:0', requires_grad=True)
loss training: 0.009865
accuracy train: 1.000000 test: 0.750000

Parameter containing:
tensor([0., 0., 0., 0.], device='cuda:0', requires_grad=True)
loss training: 0.009535
accuracy train: 1.000000 test: 0.750000

Parameter containing:
tensor([0., 0., 0., 0.], device='cuda:0', requires_grad=True)
loss training: 0.008707
accuracy train: 1.000000 test: 0.750000

Parameter containing:
tensor([0., 0., 0., 0.], device='cuda:0', requires_grad=True)
loss training: 0.008670
accuracy train: 1.000000 test: 0.750000

Parameter containing:
tensor([0., 0., 0., 0.], device='cuda:0', requires_grad=True)
loss training: 0.010008
accuracy train: 1.000000 test: 0.750000

Parameter containing:
tensor([0., 0., 0., 0.], device='cuda:0', requires_grad=True)
loss training: 0.008321
accuracy train: 1.000000 test: 0.750000

Parameter containing:
tensor([0., 0., 0., 0.], device='cuda:0', requires_grad=True)
loss training: 0.007750
accuracy train: 1.000000 test: 0.750000

Parameter containing:
tensor([0., 0., 0., 0.], device='cuda:0', requires_grad=True)
loss training: 0.010240
accuracy train: 1.000000 test: 0.750000

Parameter containing:
tensor([0., 0., 0., 0.], device='cuda:0', requires_grad=True)
loss training: 0.007694
accuracy train: 1.000000 test: 0.750000

Parameter containing:
tensor([0., 0., 0., 0.], device='cuda:0', requires_grad=True)
loss training: 0.006748
accuracy train: 1.000000 test: 0.750000

Parameter containing:
tensor([0., 0., 0., 0.], device='cuda:0', requires_grad=True)
loss training: 0.009968
accuracy train: 1.000000 test: 0.750000

Parameter containing:
tensor([0., 0., 0., 0.], device='cuda:0', requires_grad=True)
loss training: 0.007920
accuracy train: 1.000000 test: 0.750000

Parameter containing:
tensor([0., 0., 0., 0.], device='cuda:0', requires_grad=True)
loss training: 0.008042
accuracy train: 1.000000 test: 0.750000

Parameter containing:
tensor([0., 0., 0., 0.], device='cuda:0', requires_grad=True)
loss training: 0.009003
accuracy train: 1.000000 test: 0.750000

Parameter containing:
tensor([0., 0., 0., 0.], device='cuda:0', requires_grad=True)
loss training: 0.010213
accuracy train: 1.000000 test: 0.750000

Parameter containing:
tensor([0., 0., 0., 0.], device='cuda:0', requires_grad=True)
loss training: 0.009979
accuracy train: 1.000000 test: 0.750000

Parameter containing:
tensor([0., 0., 0., 0.], device='cuda:0', requires_grad=True)
loss training: 0.009237
accuracy train: 1.000000 test: 0.750000

Parameter containing:
tensor([0., 0., 0., 0.], device='cuda:0', requires_grad=True)
loss training: 0.008124
accuracy train: 1.000000 test: 0.750000

Parameter containing:
tensor([0., 0., 0., 0.], device='cuda:0', requires_grad=True)
loss training: 0.007754
accuracy train: 1.000000 test: 0.750000

Parameter containing:
tensor([0., 0., 0., 0.], device='cuda:0', requires_grad=True)
loss training: 0.007091
accuracy train: 1.000000 test: 0.750000

Parameter containing:
tensor([0., 0., 0., 0.], device='cuda:0', requires_grad=True)
loss training: 0.007018
accuracy train: 1.000000 test: 0.750000

Parameter containing:
tensor([0., 0., 0., 0.], device='cuda:0', requires_grad=True)
loss training: 0.007134
accuracy train: 1.000000 test: 0.750000

Parameter containing:
tensor([0., 0., 0., 0.], device='cuda:0', requires_grad=True)
loss training: 0.009492
accuracy train: 1.000000 test: 0.750000

Parameter containing:
tensor([0., 0., 0., 0.], device='cuda:0', requires_grad=True)
loss training: 0.007524
accuracy train: 1.000000 test: 0.750000

Parameter containing:
tensor([0., 0., 0., 0.], device='cuda:0', requires_grad=True)
loss training: 0.009798
accuracy train: 1.000000 test: 0.750000

Parameter containing:
tensor([0., 0., 0., 0.], device='cuda:0', requires_grad=True)
loss training: 0.007475
accuracy train: 1.000000 test: 0.750000

Parameter containing:
tensor([0., 0., 0., 0.], device='cuda:0', requires_grad=True)
loss training: 0.009369
accuracy train: 1.000000 test: 0.750000

Parameter containing:
tensor([0., 0., 0., 0.], device='cuda:0', requires_grad=True)
loss training: 0.009601
accuracy train: 1.000000 test: 0.750000

Parameter containing:
tensor([0., 0., 0., 0.], device='cuda:0', requires_grad=True)
loss training: 0.006875
accuracy train: 1.000000 test: 0.750000

Parameter containing:
tensor([0., 0., 0., 0.], device='cuda:0', requires_grad=True)
loss training: 0.007286
accuracy train: 1.000000 test: 0.750000

Parameter containing:
tensor([0., 0., 0., 0.], device='cuda:0', requires_grad=True)
loss training: 0.008025
accuracy train: 1.000000 test: 0.750000

Parameter containing:
tensor([0., 0., 0., 0.], device='cuda:0', requires_grad=True)
loss training: 0.008909
accuracy train: 1.000000 test: 0.750000

Parameter containing:
tensor([0., 0., 0., 0.], device='cuda:0', requires_grad=True)
loss training: 0.009845
accuracy train: 1.000000 test: 0.750000

Parameter containing:
tensor([0., 0., 0., 0.], device='cuda:0', requires_grad=True)
loss training: 0.008986
accuracy train: 1.000000 test: 0.750000

Parameter containing:
tensor([0., 0., 0., 0.], device='cuda:0', requires_grad=True)
loss training: 0.007534
accuracy train: 1.000000 test: 0.750000

Parameter containing:
tensor([0., 0., 0., 0.], device='cuda:0', requires_grad=True)
loss training: 0.007979
accuracy train: 1.000000 test: 0.750000

Parameter containing:
tensor([0., 0., 0., 0.], device='cuda:0', requires_grad=True)
loss training: 0.008174
accuracy train: 1.000000 test: 0.750000

Parameter containing:
tensor([0., 0., 0., 0.], device='cuda:0', requires_grad=True)
loss training: 0.006976
accuracy train: 1.000000 test: 0.750000

Parameter containing:
tensor([0., 0., 0., 0.], device='cuda:0', requires_grad=True)
loss training: 0.007544
accuracy train: 1.000000 test: 0.750000

Parameter containing:
tensor([0., 0., 0., 0.], device='cuda:0', requires_grad=True)
loss training: 0.006791
accuracy train: 1.000000 test: 0.750000

Parameter containing:
tensor([0., 0., 0., 0.], device='cuda:0', requires_grad=True)
loss training: 0.007323
accuracy train: 1.000000 test: 0.750000

Parameter containing:
tensor([0., 0., 0., 0.], device='cuda:0', requires_grad=True)
loss training: 0.007477
accuracy train: 1.000000 test: 0.750000

Parameter containing:
tensor([0., 0., 0., 0.], device='cuda:0', requires_grad=True)
loss training: 0.006424
accuracy train: 1.000000 test: 0.750000

Parameter containing:
tensor([0., 0., 0., 0.], device='cuda:0', requires_grad=True)
loss training: 0.007368
accuracy train: 1.000000 test: 0.750000

Parameter containing:
tensor([0., 0., 0., 0.], device='cuda:0', requires_grad=True)
loss training: 0.009493
accuracy train: 1.000000 test: 0.750000

Parameter containing:
tensor([0., 0., 0., 0.], device='cuda:0', requires_grad=True)
loss training: 0.009466
accuracy train: 1.000000 test: 0.750000

Parameter containing:
tensor([0., 0., 0., 0.], device='cuda:0', requires_grad=True)
loss training: 0.008966
accuracy train: 1.000000 test: 0.750000

Parameter containing:
tensor([0., 0., 0., 0.], device='cuda:0', requires_grad=True)
loss training: 0.006957
accuracy train: 1.000000 test: 0.750000

Parameter containing:
tensor([0., 0., 0., 0.], device='cuda:0', requires_grad=True)
loss training: 0.010047
accuracy train: 1.000000 test: 0.750000

Parameter containing:
tensor([0., 0., 0., 0.], device='cuda:0', requires_grad=True)
loss training: 0.008316
accuracy train: 1.000000 test: 0.750000

Parameter containing:
tensor([0., 0., 0., 0.], device='cuda:0', requires_grad=True)
loss training: 0.004829
accuracy train: 1.000000 test: 0.750000

Parameter containing:
tensor([0., 0., 0., 0.], device='cuda:0', requires_grad=True)
loss training: 0.008822
accuracy train: 1.000000 test: 0.750000

Parameter containing:
tensor([0., 0., 0., 0.], device='cuda:0', requires_grad=True)
loss training: 0.006660
accuracy train: 1.000000 test: 0.750000

Parameter containing:
tensor([0., 0., 0., 0.], device='cuda:0', requires_grad=True)
loss training: 0.007886
accuracy train: 1.000000 test: 0.750000

Parameter containing:
tensor([0., 0., 0., 0.], device='cuda:0', requires_grad=True)
loss training: 0.009777
accuracy train: 1.000000 test: 0.750000

Parameter containing:
tensor([0., 0., 0., 0.], device='cuda:0', requires_grad=True)
loss training: 0.007281
accuracy train: 1.000000 test: 0.750000

Parameter containing:
tensor([0., 0., 0., 0.], device='cuda:0', requires_grad=True)
loss training: 0.008528
accuracy train: 1.000000 test: 0.750000

Parameter containing:
tensor([0., 0., 0., 0.], device='cuda:0', requires_grad=True)
loss training: 0.008179
accuracy train: 1.000000 test: 0.750000

Parameter containing:
tensor([0., 0., 0., 0.], device='cuda:0', requires_grad=True)
loss training: 0.008577
accuracy train: 1.000000 test: 0.750000

Parameter containing:
tensor([0., 0., 0., 0.], device='cuda:0', requires_grad=True)
loss training: 0.005870
accuracy train: 1.000000 test: 0.750000

Parameter containing:
tensor([0., 0., 0., 0.], device='cuda:0', requires_grad=True)
loss training: 0.008102
accuracy train: 1.000000 test: 0.750000

Parameter containing:
tensor([0., 0., 0., 0.], device='cuda:0', requires_grad=True)
loss training: 0.008339
accuracy train: 1.000000 test: 0.750000

Parameter containing:
tensor([0., 0., 0., 0.], device='cuda:0', requires_grad=True)
loss training: 0.006660
accuracy train: 1.000000 test: 0.750000

Parameter containing:
tensor([0., 0., 0., 0.], device='cuda:0', requires_grad=True)
loss training: 0.009216
accuracy train: 1.000000 test: 0.750000

Parameter containing:
tensor([0., 0., 0., 0.], device='cuda:0', requires_grad=True)
loss training: 0.006490
accuracy train: 1.000000 test: 0.750000

Parameter containing:
tensor([0., 0., 0., 0.], device='cuda:0', requires_grad=True)
loss training: 0.008346
accuracy train: 1.000000 test: 0.750000

Parameter containing:
tensor([0., 0., 0., 0.], device='cuda:0', requires_grad=True)
loss training: 0.008193
accuracy train: 1.000000 test: 0.750000

Parameter containing:
tensor([0., 0., 0., 0.], device='cuda:0', requires_grad=True)
loss training: 0.008190
accuracy train: 1.000000 test: 0.750000

Parameter containing:
tensor([0., 0., 0., 0.], device='cuda:0', requires_grad=True)
loss training: 0.005360
accuracy train: 1.000000 test: 0.750000

Parameter containing:
tensor([0., 0., 0., 0.], device='cuda:0', requires_grad=True)
loss training: 0.006938
accuracy train: 1.000000 test: 0.750000

Parameter containing:
tensor([0., 0., 0., 0.], device='cuda:0', requires_grad=True)
loss training: 0.006530
accuracy train: 1.000000 test: 0.750000

Parameter containing:
tensor([0., 0., 0., 0.], device='cuda:0', requires_grad=True)
loss training: 0.007389
accuracy train: 1.000000 test: 0.750000

Parameter containing:
tensor([0., 0., 0., 0.], device='cuda:0', requires_grad=True)
loss training: 0.007409
accuracy train: 1.000000 test: 0.750000

Parameter containing:
tensor([0., 0., 0., 0.], device='cuda:0', requires_grad=True)
loss training: 0.006592
accuracy train: 1.000000 test: 0.750000

Parameter containing:
tensor([0., 0., 0., 0.], device='cuda:0', requires_grad=True)
loss training: 0.006675
accuracy train: 1.000000 test: 0.750000

Parameter containing:
tensor([0., 0., 0., 0.], device='cuda:0', requires_grad=True)
loss training: 0.007132
accuracy train: 1.000000 test: 0.750000

Parameter containing:
tensor([0., 0., 0., 0.], device='cuda:0', requires_grad=True)
loss training: 0.008201
accuracy train: 1.000000 test: 0.750000

Parameter containing:
tensor([0., 0., 0., 0.], device='cuda:0', requires_grad=True)
loss training: 0.006885
accuracy train: 1.000000 test: 0.750000

Parameter containing:
tensor([0., 0., 0., 0.], device='cuda:0', requires_grad=True)
loss training: 0.006543
accuracy train: 1.000000 test: 0.750000

Parameter containing:
tensor([0., 0., 0., 0.], device='cuda:0', requires_grad=True)
loss training: 0.007730
accuracy train: 1.000000 test: 0.750000

Parameter containing:
tensor([0., 0., 0., 0.], device='cuda:0', requires_grad=True)
loss training: 0.008405
accuracy train: 1.000000 test: 0.750000

Parameter containing:
tensor([0., 0., 0., 0.], device='cuda:0', requires_grad=True)
loss training: 0.008302
accuracy train: 1.000000 test: 0.750000

Parameter containing:
tensor([0., 0., 0., 0.], device='cuda:0', requires_grad=True)
loss training: 0.007560
accuracy train: 1.000000 test: 0.750000

Parameter containing:
tensor([0., 0., 0., 0.], device='cuda:0', requires_grad=True)
loss training: 0.006998
accuracy train: 1.000000 test: 0.750000

Parameter containing:
tensor([0., 0., 0., 0.], device='cuda:0', requires_grad=True)
loss training: 0.008520
accuracy train: 1.000000 test: 0.750000

Parameter containing:
tensor([0., 0., 0., 0.], device='cuda:0', requires_grad=True)
loss training: 0.006676
accuracy train: 1.000000 test: 0.750000

Parameter containing:
tensor([0., 0., 0., 0.], device='cuda:0', requires_grad=True)
loss training: 0.006670
accuracy train: 1.000000 test: 0.750000

Parameter containing:
tensor([0., 0., 0., 0.], device='cuda:0', requires_grad=True)
loss training: 0.006801
accuracy train: 1.000000 test: 0.750000

Parameter containing:
tensor([0., 0., 0., 0.], device='cuda:0', requires_grad=True)
loss training: 0.006481
accuracy train: 1.000000 test: 0.750000

Parameter containing:
tensor([0., 0., 0., 0.], device='cuda:0', requires_grad=True)
loss training: 0.007784
accuracy train: 1.000000 test: 0.750000

Parameter containing:
tensor([0., 0., 0., 0.], device='cuda:0', requires_grad=True)
loss training: 0.007159
accuracy train: 1.000000 test: 0.750000

Parameter containing:
tensor([0., 0., 0., 0.], device='cuda:0', requires_grad=True)
loss training: 0.010266
accuracy train: 1.000000 test: 0.750000

Parameter containing:
tensor([0., 0., 0., 0.], device='cuda:0', requires_grad=True)
loss training: 0.007301
accuracy train: 1.000000 test: 0.750000

Parameter containing:
tensor([0., 0., 0., 0.], device='cuda:0', requires_grad=True)
loss training: 0.007605
accuracy train: 1.000000 test: 0.750000

Parameter containing:
tensor([0., 0., 0., 0.], device='cuda:0', requires_grad=True)
loss training: 0.007786
accuracy train: 1.000000 test: 0.750000

Parameter containing:
tensor([0., 0., 0., 0.], device='cuda:0', requires_grad=True)
loss training: 0.006913
accuracy train: 1.000000 test: 0.750000

Parameter containing:
tensor([0., 0., 0., 0.], device='cuda:0', requires_grad=True)
loss training: 0.006919
accuracy train: 1.000000 test: 0.750000

Parameter containing:
tensor([0., 0., 0., 0.], device='cuda:0', requires_grad=True)
loss training: 0.008142
accuracy train: 1.000000 test: 0.750000

Parameter containing:
tensor([0., 0., 0., 0.], device='cuda:0', requires_grad=True)
loss training: 0.006945
accuracy train: 1.000000 test: 0.750000

Parameter containing:
tensor([0., 0., 0., 0.], device='cuda:0', requires_grad=True)
loss training: 0.007778
accuracy train: 1.000000 test: 0.750000

Parameter containing:
tensor([0., 0., 0., 0.], device='cuda:0', requires_grad=True)
loss training: 0.008175
accuracy train: 1.000000 test: 0.750000

Parameter containing:
tensor([0., 0., 0., 0.], device='cuda:0', requires_grad=True)
loss training: 0.008328
accuracy train: 1.000000 test: 0.750000

Parameter containing:
tensor([0., 0., 0., 0.], device='cuda:0', requires_grad=True)
loss training: 0.008849
accuracy train: 1.000000 test: 0.750000

Parameter containing:
tensor([0., 0., 0., 0.], device='cuda:0', requires_grad=True)
loss training: 0.007091
accuracy train: 1.000000 test: 0.750000

Parameter containing:
tensor([0., 0., 0., 0.], device='cuda:0', requires_grad=True)
loss training: 0.006764
accuracy train: 1.000000 test: 0.750000

Parameter containing:
tensor([0., 0., 0., 0.], device='cuda:0', requires_grad=True)
loss training: 0.009048
accuracy train: 1.000000 test: 0.750000

Parameter containing:
tensor([0., 0., 0., 0.], device='cuda:0', requires_grad=True)
loss training: 0.008852
accuracy train: 1.000000 test: 0.750000

Parameter containing:
tensor([0., 0., 0., 0.], device='cuda:0', requires_grad=True)
loss training: 0.006612
accuracy train: 1.000000 test: 0.750000

Parameter containing:
tensor([0., 0., 0., 0.], device='cuda:0', requires_grad=True)
loss training: 0.008391
accuracy train: 1.000000 test: 0.750000

Parameter containing:
tensor([0., 0., 0., 0.], device='cuda:0', requires_grad=True)
loss training: 0.007016
accuracy train: 1.000000 test: 0.750000

Parameter containing:
tensor([0., 0., 0., 0.], device='cuda:0', requires_grad=True)
loss training: 0.006819
accuracy train: 1.000000 test: 0.750000

Parameter containing:
tensor([0., 0., 0., 0.], device='cuda:0', requires_grad=True)
loss training: 0.006948
accuracy train: 1.000000 test: 0.750000

Parameter containing:
tensor([0., 0., 0., 0.], device='cuda:0', requires_grad=True)
loss training: 0.006342
accuracy train: 1.000000 test: 0.750000

Parameter containing:
tensor([0., 0., 0., 0.], device='cuda:0', requires_grad=True)
loss training: 0.008303
accuracy train: 1.000000 test: 0.750000

Parameter containing:
tensor([0., 0., 0., 0.], device='cuda:0', requires_grad=True)
loss training: 0.007539
accuracy train: 1.000000 test: 0.750000

Parameter containing:
tensor([0., 0., 0., 0.], device='cuda:0', requires_grad=True)
loss training: 0.005777
accuracy train: 1.000000 test: 0.750000

Parameter containing:
tensor([0., 0., 0., 0.], device='cuda:0', requires_grad=True)
loss training: 0.008091
accuracy train: 1.000000 test: 0.750000

Parameter containing:
tensor([0., 0., 0., 0.], device='cuda:0', requires_grad=True)
loss training: 0.007918
accuracy train: 1.000000 test: 0.750000

Parameter containing:
tensor([0., 0., 0., 0.], device='cuda:0', requires_grad=True)
loss training: 0.008016
accuracy train: 1.000000 test: 0.750000

Parameter containing:
tensor([0., 0., 0., 0.], device='cuda:0', requires_grad=True)
loss training: 0.005318
accuracy train: 1.000000 test: 0.750000

Parameter containing:
tensor([0., 0., 0., 0.], device='cuda:0', requires_grad=True)
loss training: 0.007121
accuracy train: 1.000000 test: 0.750000

Parameter containing:
tensor([0., 0., 0., 0.], device='cuda:0', requires_grad=True)
loss training: 0.006152
accuracy train: 1.000000 test: 0.750000

Parameter containing:
tensor([0., 0., 0., 0.], device='cuda:0', requires_grad=True)
loss training: 0.005642
accuracy train: 1.000000 test: 0.750000

Parameter containing:
tensor([0., 0., 0., 0.], device='cuda:0', requires_grad=True)
loss training: 0.007345
accuracy train: 1.000000 test: 0.750000

Parameter containing:
tensor([0., 0., 0., 0.], device='cuda:0', requires_grad=True)
loss training: 0.008192
accuracy train: 1.000000 test: 0.750000

Parameter containing:
tensor([0., 0., 0., 0.], device='cuda:0', requires_grad=True)
loss training: 0.009749
accuracy train: 1.000000 test: 0.750000

Parameter containing:
tensor([0., 0., 0., 0.], device='cuda:0', requires_grad=True)
loss training: 0.009021
accuracy train: 1.000000 test: 0.750000

Parameter containing:
tensor([0., 0., 0., 0.], device='cuda:0', requires_grad=True)
loss training: 0.006527
accuracy train: 1.000000 test: 0.750000

Parameter containing:
tensor([0., 0., 0., 0.], device='cuda:0', requires_grad=True)
loss training: 0.007979
accuracy train: 1.000000 test: 0.750000

Parameter containing:
tensor([0., 0., 0., 0.], device='cuda:0', requires_grad=True)
loss training: 0.007443
accuracy train: 1.000000 test: 0.750000

Parameter containing:
tensor([0., 0., 0., 0.], device='cuda:0', requires_grad=True)
loss training: 0.008063
accuracy train: 1.000000 test: 0.750000

Parameter containing:
tensor([0., 0., 0., 0.], device='cuda:0', requires_grad=True)
loss training: 0.006321
accuracy train: 1.000000 test: 0.750000

Parameter containing:
tensor([0., 0., 0., 0.], device='cuda:0', requires_grad=True)
loss training: 0.008831
accuracy train: 1.000000 test: 0.750000

Parameter containing:
tensor([0., 0., 0., 0.], device='cuda:0', requires_grad=True)
loss training: 0.008852
accuracy train: 1.000000 test: 0.750000

Parameter containing:
tensor([0., 0., 0., 0.], device='cuda:0', requires_grad=True)
loss training: 0.007519
accuracy train: 1.000000 test: 0.750000

Parameter containing:
tensor([0., 0., 0., 0.], device='cuda:0', requires_grad=True)
loss training: 0.009074
accuracy train: 1.000000 test: 0.750000

Parameter containing:
tensor([0., 0., 0., 0.], device='cuda:0', requires_grad=True)
loss training: 0.008016
accuracy train: 1.000000 test: 0.750000

Parameter containing:
tensor([0., 0., 0., 0.], device='cuda:0', requires_grad=True)
loss training: 0.008705
accuracy train: 1.000000 test: 0.750000

Parameter containing:
tensor([0., 0., 0., 0.], device='cuda:0', requires_grad=True)
loss training: 0.007889
accuracy train: 1.000000 test: 0.750000

Parameter containing:
tensor([0., 0., 0., 0.], device='cuda:0', requires_grad=True)
loss training: 0.005845
accuracy train: 1.000000 test: 0.750000

Parameter containing:
tensor([0., 0., 0., 0.], device='cuda:0', requires_grad=True)
loss training: 0.008146
accuracy train: 1.000000 test: 0.750000

Parameter containing:
tensor([0., 0., 0., 0.], device='cuda:0', requires_grad=True)
loss training: 0.008427
accuracy train: 1.000000 test: 0.750000

Parameter containing:
tensor([0., 0., 0., 0.], device='cuda:0', requires_grad=True)
loss training: 0.005975
accuracy train: 1.000000 test: 0.750000

Parameter containing:
tensor([0., 0., 0., 0.], device='cuda:0', requires_grad=True)
loss training: 0.008282
accuracy train: 1.000000 test: 0.750000

Parameter containing:
tensor([0., 0., 0., 0.], device='cuda:0', requires_grad=True)
loss training: 0.009301
accuracy train: 1.000000 test: 0.750000

Parameter containing:
tensor([0., 0., 0., 0.], device='cuda:0', requires_grad=True)
loss training: 0.006719
accuracy train: 1.000000 test: 0.750000

Parameter containing:
tensor([0., 0., 0., 0.], device='cuda:0', requires_grad=True)
loss training: 0.007224
accuracy train: 1.000000 test: 0.750000

Parameter containing:
tensor([0., 0., 0., 0.], device='cuda:0', requires_grad=True)
loss training: 0.007243
accuracy train: 1.000000 test: 0.750000

Parameter containing:
tensor([0., 0., 0., 0.], device='cuda:0', requires_grad=True)
loss training: 0.008057
accuracy train: 1.000000 test: 0.750000

Parameter containing:
tensor([0., 0., 0., 0.], device='cuda:0', requires_grad=True)
loss training: 0.006251
accuracy train: 1.000000 test: 0.750000

Parameter containing:
tensor([0., 0., 0., 0.], device='cuda:0', requires_grad=True)
loss training: 0.005823
accuracy train: 1.000000 test: 0.750000

Parameter containing:
tensor([0., 0., 0., 0.], device='cuda:0', requires_grad=True)
loss training: 0.007216
accuracy train: 1.000000 test: 0.750000

Parameter containing:
tensor([0., 0., 0., 0.], device='cuda:0', requires_grad=True)
loss training: 0.007995
accuracy train: 1.000000 test: 0.750000

Parameter containing:
tensor([0., 0., 0., 0.], device='cuda:0', requires_grad=True)
loss training: 0.007820
accuracy train: 1.000000 test: 0.750000

Parameter containing:
tensor([0., 0., 0., 0.], device='cuda:0', requires_grad=True)
loss training: 0.005495
accuracy train: 1.000000 test: 0.750000

Parameter containing:
tensor([0., 0., 0., 0.], device='cuda:0', requires_grad=True)
loss training: 0.008753
accuracy train: 1.000000 test: 0.750000

Parameter containing:
tensor([0., 0., 0., 0.], device='cuda:0', requires_grad=True)
