loading data
# classes: 2
# maximum node tag: 7
# data: 188
loss training: 0.604289
accuracy train: 0.952381 test: 0.800000

Parameter containing:
tensor([0., 0., 0., 0.], device='cuda:0', requires_grad=True)
loss training: 0.110474
accuracy train: 0.946429 test: 0.800000

Parameter containing:
tensor([0., 0., 0., 0.], device='cuda:0', requires_grad=True)
loss training: 0.060508
accuracy train: 0.982143 test: 0.800000

Parameter containing:
tensor([0., 0., 0., 0.], device='cuda:0', requires_grad=True)
loss training: 0.075540
accuracy train: 0.958333 test: 0.700000

Parameter containing:
tensor([0., 0., 0., 0.], device='cuda:0', requires_grad=True)
loss training: 0.037756
accuracy train: 0.958333 test: 0.750000

Parameter containing:
tensor([0., 0., 0., 0.], device='cuda:0', requires_grad=True)
loss training: 0.022642
accuracy train: 1.000000 test: 0.700000

Parameter containing:
tensor([0., 0., 0., 0.], device='cuda:0', requires_grad=True)
loss training: 0.023868
accuracy train: 0.994048 test: 0.700000

Parameter containing:
tensor([0., 0., 0., 0.], device='cuda:0', requires_grad=True)
loss training: 0.018762
accuracy train: 1.000000 test: 0.700000

Parameter containing:
tensor([0., 0., 0., 0.], device='cuda:0', requires_grad=True)
loss training: 0.102159
accuracy train: 0.892857 test: 0.750000

Parameter containing:
tensor([0., 0., 0., 0.], device='cuda:0', requires_grad=True)
loss training: 0.055792
accuracy train: 1.000000 test: 0.700000

Parameter containing:
tensor([0., 0., 0., 0.], device='cuda:0', requires_grad=True)
loss training: 0.020077
accuracy train: 1.000000 test: 0.700000

Parameter containing:
tensor([0., 0., 0., 0.], device='cuda:0', requires_grad=True)
loss training: 0.017596
accuracy train: 1.000000 test: 0.750000

Parameter containing:
tensor([0., 0., 0., 0.], device='cuda:0', requires_grad=True)
loss training: 0.018056
accuracy train: 1.000000 test: 0.700000

Parameter containing:
tensor([0., 0., 0., 0.], device='cuda:0', requires_grad=True)
loss training: 0.023588
accuracy train: 0.988095 test: 0.650000

Parameter containing:
tensor([0., 0., 0., 0.], device='cuda:0', requires_grad=True)
loss training: 0.020147
accuracy train: 1.000000 test: 0.700000

Parameter containing:
tensor([0., 0., 0., 0.], device='cuda:0', requires_grad=True)
loss training: 0.015794
accuracy train: 1.000000 test: 0.700000

Parameter containing:
tensor([0., 0., 0., 0.], device='cuda:0', requires_grad=True)
loss training: 0.020759
accuracy train: 1.000000 test: 0.700000

Parameter containing:
tensor([0., 0., 0., 0.], device='cuda:0', requires_grad=True)
loss training: 0.017162
accuracy train: 1.000000 test: 0.700000

Parameter containing:
tensor([0., 0., 0., 0.], device='cuda:0', requires_grad=True)
loss training: 0.014915
accuracy train: 1.000000 test: 0.750000

Parameter containing:
tensor([0., 0., 0., 0.], device='cuda:0', requires_grad=True)
loss training: 0.026331
accuracy train: 0.958333 test: 0.750000

Parameter containing:
tensor([0., 0., 0., 0.], device='cuda:0', requires_grad=True)
loss training: 0.172941
accuracy train: 0.976190 test: 0.750000

Parameter containing:
tensor([0., 0., 0., 0.], device='cuda:0', requires_grad=True)
loss training: 0.043782
accuracy train: 1.000000 test: 0.650000

Parameter containing:
tensor([0., 0., 0., 0.], device='cuda:0', requires_grad=True)
loss training: 0.015997
accuracy train: 1.000000 test: 0.650000

Parameter containing:
tensor([0., 0., 0., 0.], device='cuda:0', requires_grad=True)
loss training: 0.016148
accuracy train: 1.000000 test: 0.700000

Parameter containing:
tensor([0., 0., 0., 0.], device='cuda:0', requires_grad=True)
loss training: 0.014626
accuracy train: 1.000000 test: 0.700000

Parameter containing:
tensor([0., 0., 0., 0.], device='cuda:0', requires_grad=True)
loss training: 0.014344
accuracy train: 1.000000 test: 0.700000

Parameter containing:
tensor([0., 0., 0., 0.], device='cuda:0', requires_grad=True)
loss training: 0.014857
accuracy train: 1.000000 test: 0.650000

Parameter containing:
tensor([0., 0., 0., 0.], device='cuda:0', requires_grad=True)
loss training: 0.012417
accuracy train: 1.000000 test: 0.700000

Parameter containing:
tensor([0., 0., 0., 0.], device='cuda:0', requires_grad=True)
loss training: 0.013373
accuracy train: 1.000000 test: 0.650000

Parameter containing:
tensor([0., 0., 0., 0.], device='cuda:0', requires_grad=True)
loss training: 0.010728
accuracy train: 1.000000 test: 0.700000

Parameter containing:
tensor([0., 0., 0., 0.], device='cuda:0', requires_grad=True)
loss training: 0.014936
accuracy train: 1.000000 test: 0.650000

Parameter containing:
tensor([0., 0., 0., 0.], device='cuda:0', requires_grad=True)
loss training: 0.015007
accuracy train: 1.000000 test: 0.700000

Parameter containing:
tensor([0., 0., 0., 0.], device='cuda:0', requires_grad=True)
loss training: 0.010928
accuracy train: 1.000000 test: 0.700000

Parameter containing:
tensor([0., 0., 0., 0.], device='cuda:0', requires_grad=True)
loss training: 0.013750
accuracy train: 1.000000 test: 0.700000

Parameter containing:
tensor([0., 0., 0., 0.], device='cuda:0', requires_grad=True)
loss training: 0.012875
accuracy train: 1.000000 test: 0.700000

Parameter containing:
tensor([0., 0., 0., 0.], device='cuda:0', requires_grad=True)
loss training: 0.013912
accuracy train: 1.000000 test: 0.700000

Parameter containing:
tensor([0., 0., 0., 0.], device='cuda:0', requires_grad=True)
loss training: 0.011265
accuracy train: 1.000000 test: 0.650000

Parameter containing:
tensor([0., 0., 0., 0.], device='cuda:0', requires_grad=True)
loss training: 0.012230
accuracy train: 1.000000 test: 0.650000

Parameter containing:
tensor([0., 0., 0., 0.], device='cuda:0', requires_grad=True)
loss training: 0.014984
accuracy train: 1.000000 test: 0.700000

Parameter containing:
tensor([0., 0., 0., 0.], device='cuda:0', requires_grad=True)
loss training: 0.012157
accuracy train: 1.000000 test: 0.700000

Parameter containing:
tensor([0., 0., 0., 0.], device='cuda:0', requires_grad=True)
loss training: 0.144055
accuracy train: 0.839286 test: 0.700000

Parameter containing:
tensor([0., 0., 0., 0.], device='cuda:0', requires_grad=True)
loss training: 0.059431
accuracy train: 1.000000 test: 0.700000

Parameter containing:
tensor([0., 0., 0., 0.], device='cuda:0', requires_grad=True)
loss training: 0.018010
accuracy train: 1.000000 test: 0.750000

Parameter containing:
tensor([0., 0., 0., 0.], device='cuda:0', requires_grad=True)
loss training: 0.018588
accuracy train: 1.000000 test: 0.750000

Parameter containing:
tensor([0., 0., 0., 0.], device='cuda:0', requires_grad=True)
loss training: 0.018121
accuracy train: 1.000000 test: 0.700000

Parameter containing:
tensor([0., 0., 0., 0.], device='cuda:0', requires_grad=True)
loss training: 0.013668
accuracy train: 1.000000 test: 0.750000

Parameter containing:
tensor([0., 0., 0., 0.], device='cuda:0', requires_grad=True)
loss training: 0.015636
accuracy train: 1.000000 test: 0.750000

Parameter containing:
tensor([0., 0., 0., 0.], device='cuda:0', requires_grad=True)
loss training: 0.012996
accuracy train: 1.000000 test: 0.750000

Parameter containing:
tensor([0., 0., 0., 0.], device='cuda:0', requires_grad=True)
loss training: 0.015154
accuracy train: 1.000000 test: 0.750000

Parameter containing:
tensor([0., 0., 0., 0.], device='cuda:0', requires_grad=True)
loss training: 0.017514
accuracy train: 1.000000 test: 0.750000

Parameter containing:
tensor([0., 0., 0., 0.], device='cuda:0', requires_grad=True)
loss training: 0.014353
accuracy train: 1.000000 test: 0.750000

Parameter containing:
tensor([0., 0., 0., 0.], device='cuda:0', requires_grad=True)
loss training: 0.010634
accuracy train: 1.000000 test: 0.750000

Parameter containing:
tensor([0., 0., 0., 0.], device='cuda:0', requires_grad=True)
loss training: 0.010141
accuracy train: 1.000000 test: 0.750000

Parameter containing:
tensor([0., 0., 0., 0.], device='cuda:0', requires_grad=True)
loss training: 0.010745
accuracy train: 1.000000 test: 0.750000

Parameter containing:
tensor([0., 0., 0., 0.], device='cuda:0', requires_grad=True)
loss training: 0.009714
accuracy train: 1.000000 test: 0.750000

Parameter containing:
tensor([0., 0., 0., 0.], device='cuda:0', requires_grad=True)
loss training: 0.011186
accuracy train: 1.000000 test: 0.750000

Parameter containing:
tensor([0., 0., 0., 0.], device='cuda:0', requires_grad=True)
loss training: 0.011231
accuracy train: 1.000000 test: 0.750000

Parameter containing:
tensor([0., 0., 0., 0.], device='cuda:0', requires_grad=True)
loss training: 0.013546
accuracy train: 1.000000 test: 0.750000

Parameter containing:
tensor([0., 0., 0., 0.], device='cuda:0', requires_grad=True)
loss training: 0.010090
accuracy train: 1.000000 test: 0.750000

Parameter containing:
tensor([0., 0., 0., 0.], device='cuda:0', requires_grad=True)
loss training: 0.012908
accuracy train: 1.000000 test: 0.750000

Parameter containing:
tensor([0., 0., 0., 0.], device='cuda:0', requires_grad=True)
loss training: 0.013113
accuracy train: 1.000000 test: 0.750000

Parameter containing:
tensor([0., 0., 0., 0.], device='cuda:0', requires_grad=True)
loss training: 0.013804
accuracy train: 1.000000 test: 0.750000

Parameter containing:
tensor([0., 0., 0., 0.], device='cuda:0', requires_grad=True)
loss training: 0.010774
accuracy train: 1.000000 test: 0.750000

Parameter containing:
tensor([0., 0., 0., 0.], device='cuda:0', requires_grad=True)
loss training: 0.009825
accuracy train: 1.000000 test: 0.750000

Parameter containing:
tensor([0., 0., 0., 0.], device='cuda:0', requires_grad=True)
loss training: 0.009562
accuracy train: 1.000000 test: 0.750000

Parameter containing:
tensor([0., 0., 0., 0.], device='cuda:0', requires_grad=True)
loss training: 0.013744
accuracy train: 1.000000 test: 0.750000

Parameter containing:
tensor([0., 0., 0., 0.], device='cuda:0', requires_grad=True)
loss training: 0.011463
accuracy train: 1.000000 test: 0.750000

Parameter containing:
tensor([0., 0., 0., 0.], device='cuda:0', requires_grad=True)
loss training: 0.011994
accuracy train: 1.000000 test: 0.750000

Parameter containing:
tensor([0., 0., 0., 0.], device='cuda:0', requires_grad=True)
loss training: 0.012034
accuracy train: 1.000000 test: 0.750000

Parameter containing:
tensor([0., 0., 0., 0.], device='cuda:0', requires_grad=True)
loss training: 0.013240
accuracy train: 1.000000 test: 0.750000

Parameter containing:
tensor([0., 0., 0., 0.], device='cuda:0', requires_grad=True)
loss training: 0.009165
accuracy train: 1.000000 test: 0.750000

Parameter containing:
tensor([0., 0., 0., 0.], device='cuda:0', requires_grad=True)
loss training: 0.009890
accuracy train: 1.000000 test: 0.750000

Parameter containing:
tensor([0., 0., 0., 0.], device='cuda:0', requires_grad=True)
loss training: 0.018023
accuracy train: 1.000000 test: 0.750000

Parameter containing:
tensor([0., 0., 0., 0.], device='cuda:0', requires_grad=True)
loss training: 0.020992
accuracy train: 0.958333 test: 0.800000

Parameter containing:
tensor([0., 0., 0., 0.], device='cuda:0', requires_grad=True)
loss training: 0.017939
accuracy train: 1.000000 test: 0.650000

Parameter containing:
tensor([0., 0., 0., 0.], device='cuda:0', requires_grad=True)
loss training: 0.014497
accuracy train: 1.000000 test: 0.700000

Parameter containing:
tensor([0., 0., 0., 0.], device='cuda:0', requires_grad=True)
loss training: 0.012975
accuracy train: 1.000000 test: 0.700000

Parameter containing:
tensor([0., 0., 0., 0.], device='cuda:0', requires_grad=True)
loss training: 0.012245
accuracy train: 1.000000 test: 0.700000

Parameter containing:
tensor([0., 0., 0., 0.], device='cuda:0', requires_grad=True)
loss training: 0.012593
accuracy train: 1.000000 test: 0.700000

Parameter containing:
tensor([0., 0., 0., 0.], device='cuda:0', requires_grad=True)
loss training: 0.012908
accuracy train: 1.000000 test: 0.750000

Parameter containing:
tensor([0., 0., 0., 0.], device='cuda:0', requires_grad=True)
loss training: 0.012148
accuracy train: 1.000000 test: 0.700000

Parameter containing:
tensor([0., 0., 0., 0.], device='cuda:0', requires_grad=True)
loss training: 0.011999
accuracy train: 1.000000 test: 0.700000

Parameter containing:
tensor([0., 0., 0., 0.], device='cuda:0', requires_grad=True)
loss training: 0.013247
accuracy train: 1.000000 test: 0.750000

Parameter containing:
tensor([0., 0., 0., 0.], device='cuda:0', requires_grad=True)
loss training: 0.012159
accuracy train: 1.000000 test: 0.750000

Parameter containing:
tensor([0., 0., 0., 0.], device='cuda:0', requires_grad=True)
loss training: 0.009940
accuracy train: 1.000000 test: 0.700000

Parameter containing:
tensor([0., 0., 0., 0.], device='cuda:0', requires_grad=True)
loss training: 0.011070
accuracy train: 1.000000 test: 0.700000

Parameter containing:
tensor([0., 0., 0., 0.], device='cuda:0', requires_grad=True)
loss training: 0.010874
accuracy train: 1.000000 test: 0.750000

Parameter containing:
tensor([0., 0., 0., 0.], device='cuda:0', requires_grad=True)
loss training: 0.012033
accuracy train: 1.000000 test: 0.700000

Parameter containing:
tensor([0., 0., 0., 0.], device='cuda:0', requires_grad=True)
loss training: 0.011255
accuracy train: 1.000000 test: 0.700000

Parameter containing:
tensor([0., 0., 0., 0.], device='cuda:0', requires_grad=True)
loss training: 0.012725
accuracy train: 1.000000 test: 0.700000

Parameter containing:
tensor([0., 0., 0., 0.], device='cuda:0', requires_grad=True)
loss training: 0.008846
accuracy train: 1.000000 test: 0.700000

Parameter containing:
tensor([0., 0., 0., 0.], device='cuda:0', requires_grad=True)
loss training: 0.011625
accuracy train: 1.000000 test: 0.700000

Parameter containing:
tensor([0., 0., 0., 0.], device='cuda:0', requires_grad=True)
loss training: 0.016615
accuracy train: 1.000000 test: 0.700000

Parameter containing:
tensor([0., 0., 0., 0.], device='cuda:0', requires_grad=True)
loss training: 0.010731
accuracy train: 1.000000 test: 0.700000

Parameter containing:
tensor([0., 0., 0., 0.], device='cuda:0', requires_grad=True)
loss training: 0.011986
accuracy train: 1.000000 test: 0.700000

Parameter containing:
tensor([0., 0., 0., 0.], device='cuda:0', requires_grad=True)
loss training: 0.011004
accuracy train: 1.000000 test: 0.700000

Parameter containing:
tensor([0., 0., 0., 0.], device='cuda:0', requires_grad=True)
loss training: 0.010892
accuracy train: 1.000000 test: 0.700000

Parameter containing:
tensor([0., 0., 0., 0.], device='cuda:0', requires_grad=True)
loss training: 0.009506
accuracy train: 0.988095 test: 0.750000

Parameter containing:
tensor([0., 0., 0., 0.], device='cuda:0', requires_grad=True)
loss training: 0.024315
accuracy train: 0.994048 test: 0.750000

Parameter containing:
tensor([0., 0., 0., 0.], device='cuda:0', requires_grad=True)
loss training: 0.014751
accuracy train: 0.988095 test: 0.700000

Parameter containing:
tensor([0., 0., 0., 0.], device='cuda:0', requires_grad=True)
loss training: 0.011575
accuracy train: 1.000000 test: 0.750000

Parameter containing:
tensor([0., 0., 0., 0.], device='cuda:0', requires_grad=True)
loss training: 0.010200
accuracy train: 1.000000 test: 0.750000

Parameter containing:
tensor([0., 0., 0., 0.], device='cuda:0', requires_grad=True)
loss training: 0.009717
accuracy train: 1.000000 test: 0.750000

Parameter containing:
tensor([0., 0., 0., 0.], device='cuda:0', requires_grad=True)
loss training: 0.009053
accuracy train: 1.000000 test: 0.750000

Parameter containing:
tensor([0., 0., 0., 0.], device='cuda:0', requires_grad=True)
loss training: 0.009523
accuracy train: 1.000000 test: 0.750000

Parameter containing:
tensor([0., 0., 0., 0.], device='cuda:0', requires_grad=True)
loss training: 0.010183
accuracy train: 1.000000 test: 0.750000

Parameter containing:
tensor([0., 0., 0., 0.], device='cuda:0', requires_grad=True)
loss training: 0.010005
accuracy train: 1.000000 test: 0.750000

Parameter containing:
tensor([0., 0., 0., 0.], device='cuda:0', requires_grad=True)
loss training: 0.008421
accuracy train: 1.000000 test: 0.750000

Parameter containing:
tensor([0., 0., 0., 0.], device='cuda:0', requires_grad=True)
loss training: 0.008993
accuracy train: 1.000000 test: 0.750000

Parameter containing:
tensor([0., 0., 0., 0.], device='cuda:0', requires_grad=True)
loss training: 0.009033
accuracy train: 1.000000 test: 0.750000

Parameter containing:
tensor([0., 0., 0., 0.], device='cuda:0', requires_grad=True)
loss training: 0.010321
accuracy train: 1.000000 test: 0.750000

Parameter containing:
tensor([0., 0., 0., 0.], device='cuda:0', requires_grad=True)
loss training: 0.009813
accuracy train: 1.000000 test: 0.750000

Parameter containing:
tensor([0., 0., 0., 0.], device='cuda:0', requires_grad=True)
loss training: 0.008633
accuracy train: 1.000000 test: 0.750000

Parameter containing:
tensor([0., 0., 0., 0.], device='cuda:0', requires_grad=True)
loss training: 0.008201
accuracy train: 1.000000 test: 0.750000

Parameter containing:
tensor([0., 0., 0., 0.], device='cuda:0', requires_grad=True)
loss training: 0.008814
accuracy train: 1.000000 test: 0.750000

Parameter containing:
tensor([0., 0., 0., 0.], device='cuda:0', requires_grad=True)
loss training: 0.007773
accuracy train: 1.000000 test: 0.750000

Parameter containing:
tensor([0., 0., 0., 0.], device='cuda:0', requires_grad=True)
loss training: 0.010508
accuracy train: 1.000000 test: 0.750000

Parameter containing:
tensor([0., 0., 0., 0.], device='cuda:0', requires_grad=True)
loss training: 0.008390
accuracy train: 1.000000 test: 0.750000

Parameter containing:
tensor([0., 0., 0., 0.], device='cuda:0', requires_grad=True)
loss training: 0.006852
accuracy train: 1.000000 test: 0.750000

Parameter containing:
tensor([0., 0., 0., 0.], device='cuda:0', requires_grad=True)
loss training: 0.009953
accuracy train: 1.000000 test: 0.750000

Parameter containing:
tensor([0., 0., 0., 0.], device='cuda:0', requires_grad=True)
loss training: 0.008884
accuracy train: 1.000000 test: 0.750000

Parameter containing:
tensor([0., 0., 0., 0.], device='cuda:0', requires_grad=True)
loss training: 0.009650
accuracy train: 1.000000 test: 0.750000

Parameter containing:
tensor([0., 0., 0., 0.], device='cuda:0', requires_grad=True)
loss training: 0.008826
accuracy train: 1.000000 test: 0.750000

Parameter containing:
tensor([0., 0., 0., 0.], device='cuda:0', requires_grad=True)
loss training: 0.010832
accuracy train: 1.000000 test: 0.700000

Parameter containing:
tensor([0., 0., 0., 0.], device='cuda:0', requires_grad=True)
loss training: 0.007304
accuracy train: 1.000000 test: 0.750000

Parameter containing:
tensor([0., 0., 0., 0.], device='cuda:0', requires_grad=True)
loss training: 0.010657
accuracy train: 1.000000 test: 0.750000

Parameter containing:
tensor([0., 0., 0., 0.], device='cuda:0', requires_grad=True)
loss training: 0.009442
accuracy train: 1.000000 test: 0.750000

Parameter containing:
tensor([0., 0., 0., 0.], device='cuda:0', requires_grad=True)
loss training: 0.009442
accuracy train: 1.000000 test: 0.700000

Parameter containing:
tensor([0., 0., 0., 0.], device='cuda:0', requires_grad=True)
loss training: 0.009557
accuracy train: 1.000000 test: 0.750000

Parameter containing:
tensor([0., 0., 0., 0.], device='cuda:0', requires_grad=True)
loss training: 0.010058
accuracy train: 1.000000 test: 0.700000

Parameter containing:
tensor([0., 0., 0., 0.], device='cuda:0', requires_grad=True)
loss training: 0.010108
accuracy train: 1.000000 test: 0.750000

Parameter containing:
tensor([0., 0., 0., 0.], device='cuda:0', requires_grad=True)
loss training: 0.009764
accuracy train: 1.000000 test: 0.750000

Parameter containing:
tensor([0., 0., 0., 0.], device='cuda:0', requires_grad=True)
loss training: 0.009292
accuracy train: 1.000000 test: 0.750000

Parameter containing:
tensor([0., 0., 0., 0.], device='cuda:0', requires_grad=True)
loss training: 0.011053
accuracy train: 1.000000 test: 0.700000

Parameter containing:
tensor([0., 0., 0., 0.], device='cuda:0', requires_grad=True)
loss training: 0.010048
accuracy train: 1.000000 test: 0.700000

Parameter containing:
tensor([0., 0., 0., 0.], device='cuda:0', requires_grad=True)
loss training: 0.008181
accuracy train: 1.000000 test: 0.700000

Parameter containing:
tensor([0., 0., 0., 0.], device='cuda:0', requires_grad=True)
loss training: 0.010298
accuracy train: 1.000000 test: 0.750000

Parameter containing:
tensor([0., 0., 0., 0.], device='cuda:0', requires_grad=True)
loss training: 0.010127
accuracy train: 1.000000 test: 0.750000

Parameter containing:
tensor([0., 0., 0., 0.], device='cuda:0', requires_grad=True)
loss training: 0.009757
accuracy train: 1.000000 test: 0.700000

Parameter containing:
tensor([0., 0., 0., 0.], device='cuda:0', requires_grad=True)
loss training: 0.009448
accuracy train: 1.000000 test: 0.700000

Parameter containing:
tensor([0., 0., 0., 0.], device='cuda:0', requires_grad=True)
loss training: 0.008136
accuracy train: 1.000000 test: 0.750000

Parameter containing:
tensor([0., 0., 0., 0.], device='cuda:0', requires_grad=True)
loss training: 0.009680
accuracy train: 1.000000 test: 0.750000

Parameter containing:
tensor([0., 0., 0., 0.], device='cuda:0', requires_grad=True)
loss training: 0.010860
accuracy train: 1.000000 test: 0.700000

Parameter containing:
tensor([0., 0., 0., 0.], device='cuda:0', requires_grad=True)
loss training: 0.009948
accuracy train: 0.994048 test: 0.750000

Parameter containing:
tensor([0., 0., 0., 0.], device='cuda:0', requires_grad=True)
loss training: 0.009506
accuracy train: 1.000000 test: 0.700000

Parameter containing:
tensor([0., 0., 0., 0.], device='cuda:0', requires_grad=True)
loss training: 0.008943
accuracy train: 1.000000 test: 0.700000

Parameter containing:
tensor([0., 0., 0., 0.], device='cuda:0', requires_grad=True)
loss training: 0.009278
accuracy train: 1.000000 test: 0.700000

Parameter containing:
tensor([0., 0., 0., 0.], device='cuda:0', requires_grad=True)
loss training: 0.010327
accuracy train: 1.000000 test: 0.700000

Parameter containing:
tensor([0., 0., 0., 0.], device='cuda:0', requires_grad=True)
loss training: 0.008306
accuracy train: 1.000000 test: 0.700000

Parameter containing:
tensor([0., 0., 0., 0.], device='cuda:0', requires_grad=True)
loss training: 0.008019
accuracy train: 1.000000 test: 0.700000

Parameter containing:
tensor([0., 0., 0., 0.], device='cuda:0', requires_grad=True)
loss training: 0.009774
accuracy train: 1.000000 test: 0.750000

Parameter containing:
tensor([0., 0., 0., 0.], device='cuda:0', requires_grad=True)
loss training: 0.009192
accuracy train: 1.000000 test: 0.750000

Parameter containing:
tensor([0., 0., 0., 0.], device='cuda:0', requires_grad=True)
loss training: 0.007284
accuracy train: 1.000000 test: 0.750000

Parameter containing:
tensor([0., 0., 0., 0.], device='cuda:0', requires_grad=True)
loss training: 0.007914
accuracy train: 1.000000 test: 0.700000

Parameter containing:
tensor([0., 0., 0., 0.], device='cuda:0', requires_grad=True)
loss training: 0.008309
accuracy train: 1.000000 test: 0.700000

Parameter containing:
tensor([0., 0., 0., 0.], device='cuda:0', requires_grad=True)
loss training: 0.007781
accuracy train: 1.000000 test: 0.700000

Parameter containing:
tensor([0., 0., 0., 0.], device='cuda:0', requires_grad=True)
loss training: 0.009480
accuracy train: 1.000000 test: 0.700000

Parameter containing:
tensor([0., 0., 0., 0.], device='cuda:0', requires_grad=True)
loss training: 0.012756
accuracy train: 1.000000 test: 0.700000

Parameter containing:
tensor([0., 0., 0., 0.], device='cuda:0', requires_grad=True)
loss training: 0.007362
accuracy train: 1.000000 test: 0.700000

Parameter containing:
tensor([0., 0., 0., 0.], device='cuda:0', requires_grad=True)
loss training: 0.009640
accuracy train: 1.000000 test: 0.700000

Parameter containing:
tensor([0., 0., 0., 0.], device='cuda:0', requires_grad=True)
loss training: 0.008798
accuracy train: 1.000000 test: 0.700000

Parameter containing:
tensor([0., 0., 0., 0.], device='cuda:0', requires_grad=True)
loss training: 0.007055
accuracy train: 1.000000 test: 0.700000

Parameter containing:
tensor([0., 0., 0., 0.], device='cuda:0', requires_grad=True)
loss training: 0.007389
accuracy train: 1.000000 test: 0.700000

Parameter containing:
tensor([0., 0., 0., 0.], device='cuda:0', requires_grad=True)
loss training: 0.006682
accuracy train: 1.000000 test: 0.700000

Parameter containing:
tensor([0., 0., 0., 0.], device='cuda:0', requires_grad=True)
loss training: 0.009807
accuracy train: 1.000000 test: 0.700000

Parameter containing:
tensor([0., 0., 0., 0.], device='cuda:0', requires_grad=True)
loss training: 0.007330
accuracy train: 1.000000 test: 0.700000

Parameter containing:
tensor([0., 0., 0., 0.], device='cuda:0', requires_grad=True)
loss training: 0.007737
accuracy train: 1.000000 test: 0.700000

Parameter containing:
tensor([0., 0., 0., 0.], device='cuda:0', requires_grad=True)
loss training: 0.008437
accuracy train: 1.000000 test: 0.700000

Parameter containing:
tensor([0., 0., 0., 0.], device='cuda:0', requires_grad=True)
loss training: 0.008853
accuracy train: 1.000000 test: 0.700000

Parameter containing:
tensor([0., 0., 0., 0.], device='cuda:0', requires_grad=True)
loss training: 0.009015
accuracy train: 1.000000 test: 0.700000

Parameter containing:
tensor([0., 0., 0., 0.], device='cuda:0', requires_grad=True)
loss training: 0.006601
accuracy train: 1.000000 test: 0.700000

Parameter containing:
tensor([0., 0., 0., 0.], device='cuda:0', requires_grad=True)
loss training: 0.008062
accuracy train: 1.000000 test: 0.700000

Parameter containing:
tensor([0., 0., 0., 0.], device='cuda:0', requires_grad=True)
loss training: 0.006740
accuracy train: 1.000000 test: 0.700000

Parameter containing:
tensor([0., 0., 0., 0.], device='cuda:0', requires_grad=True)
loss training: 0.008372
accuracy train: 1.000000 test: 0.700000

Parameter containing:
tensor([0., 0., 0., 0.], device='cuda:0', requires_grad=True)
loss training: 0.006093
accuracy train: 1.000000 test: 0.700000

Parameter containing:
tensor([0., 0., 0., 0.], device='cuda:0', requires_grad=True)
loss training: 0.010616
accuracy train: 1.000000 test: 0.700000

Parameter containing:
tensor([0., 0., 0., 0.], device='cuda:0', requires_grad=True)
loss training: 0.008627
accuracy train: 1.000000 test: 0.700000

Parameter containing:
tensor([0., 0., 0., 0.], device='cuda:0', requires_grad=True)
loss training: 0.008234
accuracy train: 1.000000 test: 0.700000

Parameter containing:
tensor([0., 0., 0., 0.], device='cuda:0', requires_grad=True)
loss training: 0.007983
accuracy train: 1.000000 test: 0.700000

Parameter containing:
tensor([0., 0., 0., 0.], device='cuda:0', requires_grad=True)
loss training: 0.008127
accuracy train: 1.000000 test: 0.700000

Parameter containing:
tensor([0., 0., 0., 0.], device='cuda:0', requires_grad=True)
loss training: 0.006733
accuracy train: 1.000000 test: 0.700000

Parameter containing:
tensor([0., 0., 0., 0.], device='cuda:0', requires_grad=True)
loss training: 0.010018
accuracy train: 1.000000 test: 0.700000

Parameter containing:
tensor([0., 0., 0., 0.], device='cuda:0', requires_grad=True)
loss training: 0.007889
accuracy train: 1.000000 test: 0.700000

Parameter containing:
tensor([0., 0., 0., 0.], device='cuda:0', requires_grad=True)
loss training: 0.009918
accuracy train: 1.000000 test: 0.700000

Parameter containing:
tensor([0., 0., 0., 0.], device='cuda:0', requires_grad=True)
loss training: 0.006604
accuracy train: 1.000000 test: 0.700000

Parameter containing:
tensor([0., 0., 0., 0.], device='cuda:0', requires_grad=True)
loss training: 0.008536
accuracy train: 1.000000 test: 0.700000

Parameter containing:
tensor([0., 0., 0., 0.], device='cuda:0', requires_grad=True)
loss training: 0.006482
accuracy train: 1.000000 test: 0.700000

Parameter containing:
tensor([0., 0., 0., 0.], device='cuda:0', requires_grad=True)
loss training: 0.007051
accuracy train: 1.000000 test: 0.700000

Parameter containing:
tensor([0., 0., 0., 0.], device='cuda:0', requires_grad=True)
loss training: 0.009833
accuracy train: 1.000000 test: 0.700000

Parameter containing:
tensor([0., 0., 0., 0.], device='cuda:0', requires_grad=True)
loss training: 0.007626
accuracy train: 1.000000 test: 0.700000

Parameter containing:
tensor([0., 0., 0., 0.], device='cuda:0', requires_grad=True)
loss training: 0.007933
accuracy train: 1.000000 test: 0.700000

Parameter containing:
tensor([0., 0., 0., 0.], device='cuda:0', requires_grad=True)
loss training: 0.008027
accuracy train: 1.000000 test: 0.700000

Parameter containing:
tensor([0., 0., 0., 0.], device='cuda:0', requires_grad=True)
loss training: 0.007985
accuracy train: 1.000000 test: 0.700000

Parameter containing:
tensor([0., 0., 0., 0.], device='cuda:0', requires_grad=True)
loss training: 0.008535
accuracy train: 1.000000 test: 0.700000

Parameter containing:
tensor([0., 0., 0., 0.], device='cuda:0', requires_grad=True)
loss training: 0.009299
accuracy train: 0.994048 test: 0.700000

Parameter containing:
tensor([0., 0., 0., 0.], device='cuda:0', requires_grad=True)
loss training: 0.009143
accuracy train: 1.000000 test: 0.700000

Parameter containing:
tensor([0., 0., 0., 0.], device='cuda:0', requires_grad=True)
loss training: 0.008265
accuracy train: 1.000000 test: 0.700000

Parameter containing:
tensor([0., 0., 0., 0.], device='cuda:0', requires_grad=True)
loss training: 0.007805
accuracy train: 1.000000 test: 0.700000

Parameter containing:
tensor([0., 0., 0., 0.], device='cuda:0', requires_grad=True)
loss training: 0.013987
accuracy train: 0.994048 test: 0.700000

Parameter containing:
tensor([0., 0., 0., 0.], device='cuda:0', requires_grad=True)
loss training: 0.009710
accuracy train: 1.000000 test: 0.700000

Parameter containing:
tensor([0., 0., 0., 0.], device='cuda:0', requires_grad=True)
loss training: 0.008019
accuracy train: 1.000000 test: 0.700000

Parameter containing:
tensor([0., 0., 0., 0.], device='cuda:0', requires_grad=True)
loss training: 0.009282
accuracy train: 1.000000 test: 0.700000

Parameter containing:
tensor([0., 0., 0., 0.], device='cuda:0', requires_grad=True)
loss training: 0.007594
accuracy train: 1.000000 test: 0.700000

Parameter containing:
tensor([0., 0., 0., 0.], device='cuda:0', requires_grad=True)
loss training: 0.006190
accuracy train: 1.000000 test: 0.700000

Parameter containing:
tensor([0., 0., 0., 0.], device='cuda:0', requires_grad=True)
loss training: 0.010150
accuracy train: 1.000000 test: 0.700000

Parameter containing:
tensor([0., 0., 0., 0.], device='cuda:0', requires_grad=True)
loss training: 0.007174
accuracy train: 1.000000 test: 0.700000

Parameter containing:
tensor([0., 0., 0., 0.], device='cuda:0', requires_grad=True)
loss training: 0.007962
accuracy train: 1.000000 test: 0.700000

Parameter containing:
tensor([0., 0., 0., 0.], device='cuda:0', requires_grad=True)
loss training: 0.009137
accuracy train: 1.000000 test: 0.700000

Parameter containing:
tensor([0., 0., 0., 0.], device='cuda:0', requires_grad=True)
loss training: 0.009587
accuracy train: 1.000000 test: 0.700000

Parameter containing:
tensor([0., 0., 0., 0.], device='cuda:0', requires_grad=True)
loss training: 0.009283
accuracy train: 1.000000 test: 0.700000

Parameter containing:
tensor([0., 0., 0., 0.], device='cuda:0', requires_grad=True)
loss training: 0.009510
accuracy train: 1.000000 test: 0.700000

Parameter containing:
tensor([0., 0., 0., 0.], device='cuda:0', requires_grad=True)
loss training: 0.008082
accuracy train: 1.000000 test: 0.700000

Parameter containing:
tensor([0., 0., 0., 0.], device='cuda:0', requires_grad=True)
loss training: 0.006966
accuracy train: 1.000000 test: 0.700000

Parameter containing:
tensor([0., 0., 0., 0.], device='cuda:0', requires_grad=True)
loss training: 0.006553
accuracy train: 1.000000 test: 0.700000

Parameter containing:
tensor([0., 0., 0., 0.], device='cuda:0', requires_grad=True)
loss training: 0.007697
accuracy train: 1.000000 test: 0.700000

Parameter containing:
tensor([0., 0., 0., 0.], device='cuda:0', requires_grad=True)
loss training: 0.007158
accuracy train: 1.000000 test: 0.700000

Parameter containing:
tensor([0., 0., 0., 0.], device='cuda:0', requires_grad=True)
loss training: 0.009469
accuracy train: 1.000000 test: 0.700000

Parameter containing:
tensor([0., 0., 0., 0.], device='cuda:0', requires_grad=True)
loss training: 0.006944
accuracy train: 1.000000 test: 0.700000

Parameter containing:
tensor([0., 0., 0., 0.], device='cuda:0', requires_grad=True)
loss training: 0.008908
accuracy train: 1.000000 test: 0.700000

Parameter containing:
tensor([0., 0., 0., 0.], device='cuda:0', requires_grad=True)
loss training: 0.007034
accuracy train: 1.000000 test: 0.700000

Parameter containing:
tensor([0., 0., 0., 0.], device='cuda:0', requires_grad=True)
loss training: 0.009304
accuracy train: 1.000000 test: 0.700000

Parameter containing:
tensor([0., 0., 0., 0.], device='cuda:0', requires_grad=True)
loss training: 0.008296
accuracy train: 1.000000 test: 0.700000

Parameter containing:
tensor([0., 0., 0., 0.], device='cuda:0', requires_grad=True)
loss training: 0.005908
accuracy train: 1.000000 test: 0.700000

Parameter containing:
tensor([0., 0., 0., 0.], device='cuda:0', requires_grad=True)
loss training: 0.008058
accuracy train: 1.000000 test: 0.700000

Parameter containing:
tensor([0., 0., 0., 0.], device='cuda:0', requires_grad=True)
loss training: 0.007413
accuracy train: 1.000000 test: 0.700000

Parameter containing:
tensor([0., 0., 0., 0.], device='cuda:0', requires_grad=True)
loss training: 0.007665
accuracy train: 1.000000 test: 0.700000

Parameter containing:
tensor([0., 0., 0., 0.], device='cuda:0', requires_grad=True)
loss training: 0.009409
accuracy train: 1.000000 test: 0.700000

Parameter containing:
tensor([0., 0., 0., 0.], device='cuda:0', requires_grad=True)
loss training: 0.008386
accuracy train: 1.000000 test: 0.700000

Parameter containing:
tensor([0., 0., 0., 0.], device='cuda:0', requires_grad=True)
loss training: 0.007049
accuracy train: 1.000000 test: 0.700000

Parameter containing:
tensor([0., 0., 0., 0.], device='cuda:0', requires_grad=True)
loss training: 0.007839
accuracy train: 1.000000 test: 0.700000

Parameter containing:
tensor([0., 0., 0., 0.], device='cuda:0', requires_grad=True)
loss training: 0.007762
accuracy train: 1.000000 test: 0.700000

Parameter containing:
tensor([0., 0., 0., 0.], device='cuda:0', requires_grad=True)
loss training: 0.006877
accuracy train: 1.000000 test: 0.700000

Parameter containing:
tensor([0., 0., 0., 0.], device='cuda:0', requires_grad=True)
loss training: 0.007194
accuracy train: 1.000000 test: 0.700000

Parameter containing:
tensor([0., 0., 0., 0.], device='cuda:0', requires_grad=True)
loss training: 0.006467
accuracy train: 1.000000 test: 0.700000

Parameter containing:
tensor([0., 0., 0., 0.], device='cuda:0', requires_grad=True)
loss training: 0.007651
accuracy train: 1.000000 test: 0.700000

Parameter containing:
tensor([0., 0., 0., 0.], device='cuda:0', requires_grad=True)
loss training: 0.007420
accuracy train: 1.000000 test: 0.700000

Parameter containing:
tensor([0., 0., 0., 0.], device='cuda:0', requires_grad=True)
loss training: 0.007550
accuracy train: 1.000000 test: 0.700000

Parameter containing:
tensor([0., 0., 0., 0.], device='cuda:0', requires_grad=True)
loss training: 0.007011
accuracy train: 1.000000 test: 0.700000

Parameter containing:
tensor([0., 0., 0., 0.], device='cuda:0', requires_grad=True)
loss training: 0.009144
accuracy train: 1.000000 test: 0.700000

Parameter containing:
tensor([0., 0., 0., 0.], device='cuda:0', requires_grad=True)
loss training: 0.007928
accuracy train: 1.000000 test: 0.700000

Parameter containing:
tensor([0., 0., 0., 0.], device='cuda:0', requires_grad=True)
loss training: 0.007481
accuracy train: 1.000000 test: 0.700000

Parameter containing:
tensor([0., 0., 0., 0.], device='cuda:0', requires_grad=True)
loss training: 0.006087
accuracy train: 1.000000 test: 0.700000

Parameter containing:
tensor([0., 0., 0., 0.], device='cuda:0', requires_grad=True)
loss training: 0.009518
accuracy train: 1.000000 test: 0.700000

Parameter containing:
tensor([0., 0., 0., 0.], device='cuda:0', requires_grad=True)
loss training: 0.008069
accuracy train: 1.000000 test: 0.700000

Parameter containing:
tensor([0., 0., 0., 0.], device='cuda:0', requires_grad=True)
loss training: 0.005264
accuracy train: 1.000000 test: 0.700000

Parameter containing:
tensor([0., 0., 0., 0.], device='cuda:0', requires_grad=True)
loss training: 0.007831
accuracy train: 1.000000 test: 0.700000

Parameter containing:
tensor([0., 0., 0., 0.], device='cuda:0', requires_grad=True)
loss training: 0.005994
accuracy train: 1.000000 test: 0.700000

Parameter containing:
tensor([0., 0., 0., 0.], device='cuda:0', requires_grad=True)
loss training: 0.007506
accuracy train: 1.000000 test: 0.700000

Parameter containing:
tensor([0., 0., 0., 0.], device='cuda:0', requires_grad=True)
loss training: 0.008262
accuracy train: 1.000000 test: 0.700000

Parameter containing:
tensor([0., 0., 0., 0.], device='cuda:0', requires_grad=True)
loss training: 0.007149
accuracy train: 1.000000 test: 0.700000

Parameter containing:
tensor([0., 0., 0., 0.], device='cuda:0', requires_grad=True)
loss training: 0.008856
accuracy train: 1.000000 test: 0.700000

Parameter containing:
tensor([0., 0., 0., 0.], device='cuda:0', requires_grad=True)
loss training: 0.007168
accuracy train: 1.000000 test: 0.700000

Parameter containing:
tensor([0., 0., 0., 0.], device='cuda:0', requires_grad=True)
loss training: 0.007516
accuracy train: 1.000000 test: 0.700000

Parameter containing:
tensor([0., 0., 0., 0.], device='cuda:0', requires_grad=True)
loss training: 0.006308
accuracy train: 1.000000 test: 0.700000

Parameter containing:
tensor([0., 0., 0., 0.], device='cuda:0', requires_grad=True)
loss training: 0.007556
accuracy train: 1.000000 test: 0.700000

Parameter containing:
tensor([0., 0., 0., 0.], device='cuda:0', requires_grad=True)
loss training: 0.009202
accuracy train: 1.000000 test: 0.700000

Parameter containing:
tensor([0., 0., 0., 0.], device='cuda:0', requires_grad=True)
loss training: 0.006610
accuracy train: 1.000000 test: 0.700000

Parameter containing:
tensor([0., 0., 0., 0.], device='cuda:0', requires_grad=True)
loss training: 0.009073
accuracy train: 1.000000 test: 0.700000

Parameter containing:
tensor([0., 0., 0., 0.], device='cuda:0', requires_grad=True)
loss training: 0.006413
accuracy train: 1.000000 test: 0.700000

Parameter containing:
tensor([0., 0., 0., 0.], device='cuda:0', requires_grad=True)
loss training: 0.008946
accuracy train: 1.000000 test: 0.700000

Parameter containing:
tensor([0., 0., 0., 0.], device='cuda:0', requires_grad=True)
loss training: 0.007693
accuracy train: 1.000000 test: 0.700000

Parameter containing:
tensor([0., 0., 0., 0.], device='cuda:0', requires_grad=True)
loss training: 0.008888
accuracy train: 1.000000 test: 0.700000

Parameter containing:
tensor([0., 0., 0., 0.], device='cuda:0', requires_grad=True)
loss training: 0.005407
accuracy train: 1.000000 test: 0.700000

Parameter containing:
tensor([0., 0., 0., 0.], device='cuda:0', requires_grad=True)
loss training: 0.006894
accuracy train: 1.000000 test: 0.700000

Parameter containing:
tensor([0., 0., 0., 0.], device='cuda:0', requires_grad=True)
loss training: 0.006394
accuracy train: 1.000000 test: 0.700000

Parameter containing:
tensor([0., 0., 0., 0.], device='cuda:0', requires_grad=True)
loss training: 0.007315
accuracy train: 1.000000 test: 0.700000

Parameter containing:
tensor([0., 0., 0., 0.], device='cuda:0', requires_grad=True)
loss training: 0.007205
accuracy train: 1.000000 test: 0.700000

Parameter containing:
tensor([0., 0., 0., 0.], device='cuda:0', requires_grad=True)
loss training: 0.006328
accuracy train: 1.000000 test: 0.700000

Parameter containing:
tensor([0., 0., 0., 0.], device='cuda:0', requires_grad=True)
loss training: 0.006687
accuracy train: 1.000000 test: 0.700000

Parameter containing:
tensor([0., 0., 0., 0.], device='cuda:0', requires_grad=True)
loss training: 0.007517
accuracy train: 1.000000 test: 0.700000

Parameter containing:
tensor([0., 0., 0., 0.], device='cuda:0', requires_grad=True)
loss training: 0.008418
accuracy train: 1.000000 test: 0.700000

Parameter containing:
tensor([0., 0., 0., 0.], device='cuda:0', requires_grad=True)
loss training: 0.006524
accuracy train: 1.000000 test: 0.700000

Parameter containing:
tensor([0., 0., 0., 0.], device='cuda:0', requires_grad=True)
loss training: 0.005767
accuracy train: 1.000000 test: 0.700000

Parameter containing:
tensor([0., 0., 0., 0.], device='cuda:0', requires_grad=True)
loss training: 0.007546
accuracy train: 1.000000 test: 0.700000

Parameter containing:
tensor([0., 0., 0., 0.], device='cuda:0', requires_grad=True)
loss training: 0.007866
accuracy train: 1.000000 test: 0.700000

Parameter containing:
tensor([0., 0., 0., 0.], device='cuda:0', requires_grad=True)
loss training: 0.007435
accuracy train: 1.000000 test: 0.700000

Parameter containing:
tensor([0., 0., 0., 0.], device='cuda:0', requires_grad=True)
loss training: 0.006760
accuracy train: 1.000000 test: 0.700000

Parameter containing:
tensor([0., 0., 0., 0.], device='cuda:0', requires_grad=True)
loss training: 0.006327
accuracy train: 1.000000 test: 0.700000

Parameter containing:
tensor([0., 0., 0., 0.], device='cuda:0', requires_grad=True)
loss training: 0.007448
accuracy train: 1.000000 test: 0.700000

Parameter containing:
tensor([0., 0., 0., 0.], device='cuda:0', requires_grad=True)
loss training: 0.006789
accuracy train: 1.000000 test: 0.700000

Parameter containing:
tensor([0., 0., 0., 0.], device='cuda:0', requires_grad=True)
loss training: 0.006156
accuracy train: 1.000000 test: 0.700000

Parameter containing:
tensor([0., 0., 0., 0.], device='cuda:0', requires_grad=True)
loss training: 0.006164
accuracy train: 1.000000 test: 0.700000

Parameter containing:
tensor([0., 0., 0., 0.], device='cuda:0', requires_grad=True)
loss training: 0.006815
accuracy train: 1.000000 test: 0.700000

Parameter containing:
tensor([0., 0., 0., 0.], device='cuda:0', requires_grad=True)
loss training: 0.007842
accuracy train: 1.000000 test: 0.700000

Parameter containing:
tensor([0., 0., 0., 0.], device='cuda:0', requires_grad=True)
loss training: 0.006778
accuracy train: 1.000000 test: 0.700000

Parameter containing:
tensor([0., 0., 0., 0.], device='cuda:0', requires_grad=True)
loss training: 0.009348
accuracy train: 1.000000 test: 0.700000

Parameter containing:
tensor([0., 0., 0., 0.], device='cuda:0', requires_grad=True)
loss training: 0.007077
accuracy train: 1.000000 test: 0.700000

Parameter containing:
tensor([0., 0., 0., 0.], device='cuda:0', requires_grad=True)
loss training: 0.006835
accuracy train: 1.000000 test: 0.700000

Parameter containing:
tensor([0., 0., 0., 0.], device='cuda:0', requires_grad=True)
loss training: 0.008906
accuracy train: 1.000000 test: 0.700000

Parameter containing:
tensor([0., 0., 0., 0.], device='cuda:0', requires_grad=True)
loss training: 0.006165
accuracy train: 1.000000 test: 0.700000

Parameter containing:
tensor([0., 0., 0., 0.], device='cuda:0', requires_grad=True)
loss training: 0.006780
accuracy train: 1.000000 test: 0.700000

Parameter containing:
tensor([0., 0., 0., 0.], device='cuda:0', requires_grad=True)
loss training: 0.008293
accuracy train: 1.000000 test: 0.700000

Parameter containing:
tensor([0., 0., 0., 0.], device='cuda:0', requires_grad=True)
loss training: 0.007046
accuracy train: 1.000000 test: 0.700000

Parameter containing:
tensor([0., 0., 0., 0.], device='cuda:0', requires_grad=True)
loss training: 0.006911
accuracy train: 1.000000 test: 0.700000

Parameter containing:
tensor([0., 0., 0., 0.], device='cuda:0', requires_grad=True)
loss training: 0.008237
accuracy train: 1.000000 test: 0.700000

Parameter containing:
tensor([0., 0., 0., 0.], device='cuda:0', requires_grad=True)
loss training: 0.008448
accuracy train: 1.000000 test: 0.700000

Parameter containing:
tensor([0., 0., 0., 0.], device='cuda:0', requires_grad=True)
loss training: 0.007822
accuracy train: 1.000000 test: 0.700000

Parameter containing:
tensor([0., 0., 0., 0.], device='cuda:0', requires_grad=True)
loss training: 0.007145
accuracy train: 1.000000 test: 0.700000

Parameter containing:
tensor([0., 0., 0., 0.], device='cuda:0', requires_grad=True)
loss training: 0.007157
accuracy train: 1.000000 test: 0.700000

Parameter containing:
tensor([0., 0., 0., 0.], device='cuda:0', requires_grad=True)
loss training: 0.008658
accuracy train: 1.000000 test: 0.700000

Parameter containing:
tensor([0., 0., 0., 0.], device='cuda:0', requires_grad=True)
loss training: 0.008025
accuracy train: 1.000000 test: 0.700000

Parameter containing:
tensor([0., 0., 0., 0.], device='cuda:0', requires_grad=True)
loss training: 0.007226
accuracy train: 1.000000 test: 0.700000

Parameter containing:
tensor([0., 0., 0., 0.], device='cuda:0', requires_grad=True)
loss training: 0.007609
accuracy train: 1.000000 test: 0.700000

Parameter containing:
tensor([0., 0., 0., 0.], device='cuda:0', requires_grad=True)
loss training: 0.007165
accuracy train: 1.000000 test: 0.700000

Parameter containing:
tensor([0., 0., 0., 0.], device='cuda:0', requires_grad=True)
loss training: 0.007231
accuracy train: 1.000000 test: 0.700000

Parameter containing:
tensor([0., 0., 0., 0.], device='cuda:0', requires_grad=True)
loss training: 0.007880
accuracy train: 1.000000 test: 0.700000

Parameter containing:
tensor([0., 0., 0., 0.], device='cuda:0', requires_grad=True)
loss training: 0.006931
accuracy train: 1.000000 test: 0.700000

Parameter containing:
tensor([0., 0., 0., 0.], device='cuda:0', requires_grad=True)
loss training: 0.008003
accuracy train: 1.000000 test: 0.700000

Parameter containing:
tensor([0., 0., 0., 0.], device='cuda:0', requires_grad=True)
loss training: 0.007667
accuracy train: 1.000000 test: 0.700000

Parameter containing:
tensor([0., 0., 0., 0.], device='cuda:0', requires_grad=True)
loss training: 0.005444
accuracy train: 1.000000 test: 0.700000

Parameter containing:
tensor([0., 0., 0., 0.], device='cuda:0', requires_grad=True)
loss training: 0.006932
accuracy train: 1.000000 test: 0.700000

Parameter containing:
tensor([0., 0., 0., 0.], device='cuda:0', requires_grad=True)
loss training: 0.006948
accuracy train: 1.000000 test: 0.700000

Parameter containing:
tensor([0., 0., 0., 0.], device='cuda:0', requires_grad=True)
loss training: 0.008240
accuracy train: 1.000000 test: 0.700000

Parameter containing:
tensor([0., 0., 0., 0.], device='cuda:0', requires_grad=True)
loss training: 0.005835
accuracy train: 1.000000 test: 0.700000

Parameter containing:
tensor([0., 0., 0., 0.], device='cuda:0', requires_grad=True)
loss training: 0.007112
accuracy train: 1.000000 test: 0.700000

Parameter containing:
tensor([0., 0., 0., 0.], device='cuda:0', requires_grad=True)
loss training: 0.006898
accuracy train: 1.000000 test: 0.700000

Parameter containing:
tensor([0., 0., 0., 0.], device='cuda:0', requires_grad=True)
loss training: 0.005510
accuracy train: 1.000000 test: 0.700000

Parameter containing:
tensor([0., 0., 0., 0.], device='cuda:0', requires_grad=True)
loss training: 0.006642
accuracy train: 1.000000 test: 0.700000

Parameter containing:
tensor([0., 0., 0., 0.], device='cuda:0', requires_grad=True)
loss training: 0.007750
accuracy train: 1.000000 test: 0.700000

Parameter containing:
tensor([0., 0., 0., 0.], device='cuda:0', requires_grad=True)
loss training: 0.010035
accuracy train: 1.000000 test: 0.700000

Parameter containing:
tensor([0., 0., 0., 0.], device='cuda:0', requires_grad=True)
loss training: 0.008704
accuracy train: 1.000000 test: 0.700000

Parameter containing:
tensor([0., 0., 0., 0.], device='cuda:0', requires_grad=True)
loss training: 0.006111
accuracy train: 1.000000 test: 0.700000

Parameter containing:
tensor([0., 0., 0., 0.], device='cuda:0', requires_grad=True)
loss training: 0.008155
accuracy train: 1.000000 test: 0.700000

Parameter containing:
tensor([0., 0., 0., 0.], device='cuda:0', requires_grad=True)
loss training: 0.006878
accuracy train: 1.000000 test: 0.700000

Parameter containing:
tensor([0., 0., 0., 0.], device='cuda:0', requires_grad=True)
loss training: 0.007977
accuracy train: 1.000000 test: 0.700000

Parameter containing:
tensor([0., 0., 0., 0.], device='cuda:0', requires_grad=True)
loss training: 0.006178
accuracy train: 1.000000 test: 0.700000

Parameter containing:
tensor([0., 0., 0., 0.], device='cuda:0', requires_grad=True)
loss training: 0.007887
accuracy train: 1.000000 test: 0.700000

Parameter containing:
tensor([0., 0., 0., 0.], device='cuda:0', requires_grad=True)
loss training: 0.008111
accuracy train: 1.000000 test: 0.700000

Parameter containing:
tensor([0., 0., 0., 0.], device='cuda:0', requires_grad=True)
loss training: 0.007183
accuracy train: 1.000000 test: 0.700000

Parameter containing:
tensor([0., 0., 0., 0.], device='cuda:0', requires_grad=True)
loss training: 0.008213
accuracy train: 1.000000 test: 0.700000

Parameter containing:
tensor([0., 0., 0., 0.], device='cuda:0', requires_grad=True)
loss training: 0.007462
accuracy train: 1.000000 test: 0.700000

Parameter containing:
tensor([0., 0., 0., 0.], device='cuda:0', requires_grad=True)
loss training: 0.008802
accuracy train: 1.000000 test: 0.700000

Parameter containing:
tensor([0., 0., 0., 0.], device='cuda:0', requires_grad=True)
loss training: 0.007380
accuracy train: 1.000000 test: 0.700000

Parameter containing:
tensor([0., 0., 0., 0.], device='cuda:0', requires_grad=True)
loss training: 0.006574
accuracy train: 1.000000 test: 0.700000

Parameter containing:
tensor([0., 0., 0., 0.], device='cuda:0', requires_grad=True)
loss training: 0.007906
accuracy train: 1.000000 test: 0.700000

Parameter containing:
tensor([0., 0., 0., 0.], device='cuda:0', requires_grad=True)
loss training: 0.007514
accuracy train: 1.000000 test: 0.700000

Parameter containing:
tensor([0., 0., 0., 0.], device='cuda:0', requires_grad=True)
loss training: 0.006088
accuracy train: 1.000000 test: 0.700000

Parameter containing:
tensor([0., 0., 0., 0.], device='cuda:0', requires_grad=True)
loss training: 0.008156
accuracy train: 1.000000 test: 0.700000

Parameter containing:
tensor([0., 0., 0., 0.], device='cuda:0', requires_grad=True)
loss training: 0.008058
accuracy train: 1.000000 test: 0.700000

Parameter containing:
tensor([0., 0., 0., 0.], device='cuda:0', requires_grad=True)
loss training: 0.006192
accuracy train: 1.000000 test: 0.700000

Parameter containing:
tensor([0., 0., 0., 0.], device='cuda:0', requires_grad=True)
loss training: 0.007763
accuracy train: 1.000000 test: 0.700000

Parameter containing:
tensor([0., 0., 0., 0.], device='cuda:0', requires_grad=True)
loss training: 0.006711
accuracy train: 1.000000 test: 0.700000

Parameter containing:
tensor([0., 0., 0., 0.], device='cuda:0', requires_grad=True)
loss training: 0.007659
accuracy train: 1.000000 test: 0.700000

Parameter containing:
tensor([0., 0., 0., 0.], device='cuda:0', requires_grad=True)
loss training: 0.006116
accuracy train: 1.000000 test: 0.700000

Parameter containing:
tensor([0., 0., 0., 0.], device='cuda:0', requires_grad=True)
loss training: 0.005461
accuracy train: 1.000000 test: 0.700000

Parameter containing:
tensor([0., 0., 0., 0.], device='cuda:0', requires_grad=True)
loss training: 0.006304
accuracy train: 1.000000 test: 0.700000

Parameter containing:
tensor([0., 0., 0., 0.], device='cuda:0', requires_grad=True)
loss training: 0.007276
accuracy train: 1.000000 test: 0.700000

Parameter containing:
tensor([0., 0., 0., 0.], device='cuda:0', requires_grad=True)
loss training: 0.007171
accuracy train: 1.000000 test: 0.700000

Parameter containing:
tensor([0., 0., 0., 0.], device='cuda:0', requires_grad=True)
loss training: 0.005235
accuracy train: 1.000000 test: 0.700000

Parameter containing:
tensor([0., 0., 0., 0.], device='cuda:0', requires_grad=True)
loss training: 0.008466
accuracy train: 1.000000 test: 0.700000

Parameter containing:
tensor([0., 0., 0., 0.], device='cuda:0', requires_grad=True)
